ARM GAS  C:\Users\shubhamt\AppData\Local\Temp\ccLvGWs4.s 			page 1


   1              		.syntax unified
   2              		.cpu cortex-m3
   3              		.fpu softvfp
   4              		.eabi_attribute 20, 1
   5              		.eabi_attribute 21, 1
   6              		.eabi_attribute 23, 3
   7              		.eabi_attribute 24, 1
   8              		.eabi_attribute 25, 1
   9              		.eabi_attribute 26, 1
  10              		.eabi_attribute 30, 6
  11              		.eabi_attribute 34, 1
  12              		.eabi_attribute 18, 4
  13              		.thumb
  14              		.file	"ADC_SAR_1_PM.c"
  15              		.text
  16              	.Ltext0:
  17              		.cfi_sections	.debug_frame
  18              		.bss
  19              		.align	2
  20              	ADC_SAR_1_backup:
  21 0000 00       		.space	1
  22 0001 000000   		.section	.text.ADC_SAR_1_SaveConfig,"ax",%progbits
  23              		.align	2
  24              		.global	ADC_SAR_1_SaveConfig
  25              		.thumb
  26              		.thumb_func
  27              		.type	ADC_SAR_1_SaveConfig, %function
  28              	ADC_SAR_1_SaveConfig:
  29              	.LFB0:
  30              		.file 1 ".\\Generated_Source\\PSoC5\\ADC_SAR_1_PM.c"
   1:.\Generated_Source\PSoC5/ADC_SAR_1_PM.c **** /*******************************************************************************
   2:.\Generated_Source\PSoC5/ADC_SAR_1_PM.c **** * File Name: ADC_SAR_1_PM.c
   3:.\Generated_Source\PSoC5/ADC_SAR_1_PM.c **** * Version 3.0
   4:.\Generated_Source\PSoC5/ADC_SAR_1_PM.c **** *
   5:.\Generated_Source\PSoC5/ADC_SAR_1_PM.c **** * Description:
   6:.\Generated_Source\PSoC5/ADC_SAR_1_PM.c **** *  This file provides Sleep/WakeUp APIs functionality.
   7:.\Generated_Source\PSoC5/ADC_SAR_1_PM.c **** *
   8:.\Generated_Source\PSoC5/ADC_SAR_1_PM.c **** * Note:
   9:.\Generated_Source\PSoC5/ADC_SAR_1_PM.c **** *
  10:.\Generated_Source\PSoC5/ADC_SAR_1_PM.c **** ********************************************************************************
  11:.\Generated_Source\PSoC5/ADC_SAR_1_PM.c **** * Copyright 2008-2015, Cypress Semiconductor Corporation.  All rights reserved.
  12:.\Generated_Source\PSoC5/ADC_SAR_1_PM.c **** * You may use this file only in accordance with the license, terms, conditions,
  13:.\Generated_Source\PSoC5/ADC_SAR_1_PM.c **** * disclaimers, and limitations in the end user license agreement accompanying
  14:.\Generated_Source\PSoC5/ADC_SAR_1_PM.c **** * the software package with which this file was provided.
  15:.\Generated_Source\PSoC5/ADC_SAR_1_PM.c **** *******************************************************************************/
  16:.\Generated_Source\PSoC5/ADC_SAR_1_PM.c **** 
  17:.\Generated_Source\PSoC5/ADC_SAR_1_PM.c **** #include "ADC_SAR_1.h"
  18:.\Generated_Source\PSoC5/ADC_SAR_1_PM.c **** 
  19:.\Generated_Source\PSoC5/ADC_SAR_1_PM.c **** 
  20:.\Generated_Source\PSoC5/ADC_SAR_1_PM.c **** /***************************************
  21:.\Generated_Source\PSoC5/ADC_SAR_1_PM.c **** * Local data allocation
  22:.\Generated_Source\PSoC5/ADC_SAR_1_PM.c **** ***************************************/
  23:.\Generated_Source\PSoC5/ADC_SAR_1_PM.c **** 
  24:.\Generated_Source\PSoC5/ADC_SAR_1_PM.c **** static ADC_SAR_1_BACKUP_STRUCT  ADC_SAR_1_backup =
  25:.\Generated_Source\PSoC5/ADC_SAR_1_PM.c **** {
  26:.\Generated_Source\PSoC5/ADC_SAR_1_PM.c ****     ADC_SAR_1_DISABLED
  27:.\Generated_Source\PSoC5/ADC_SAR_1_PM.c **** };
ARM GAS  C:\Users\shubhamt\AppData\Local\Temp\ccLvGWs4.s 			page 2


  28:.\Generated_Source\PSoC5/ADC_SAR_1_PM.c **** 
  29:.\Generated_Source\PSoC5/ADC_SAR_1_PM.c **** 
  30:.\Generated_Source\PSoC5/ADC_SAR_1_PM.c **** /*******************************************************************************
  31:.\Generated_Source\PSoC5/ADC_SAR_1_PM.c **** * Function Name: ADC_SAR_1_SaveConfig
  32:.\Generated_Source\PSoC5/ADC_SAR_1_PM.c **** ********************************************************************************
  33:.\Generated_Source\PSoC5/ADC_SAR_1_PM.c **** *
  34:.\Generated_Source\PSoC5/ADC_SAR_1_PM.c **** * Summary:
  35:.\Generated_Source\PSoC5/ADC_SAR_1_PM.c **** *  Saves the current user configuration.
  36:.\Generated_Source\PSoC5/ADC_SAR_1_PM.c **** *
  37:.\Generated_Source\PSoC5/ADC_SAR_1_PM.c **** * Parameters:
  38:.\Generated_Source\PSoC5/ADC_SAR_1_PM.c **** *  None.
  39:.\Generated_Source\PSoC5/ADC_SAR_1_PM.c **** *
  40:.\Generated_Source\PSoC5/ADC_SAR_1_PM.c **** * Return:
  41:.\Generated_Source\PSoC5/ADC_SAR_1_PM.c **** *  None.
  42:.\Generated_Source\PSoC5/ADC_SAR_1_PM.c **** *
  43:.\Generated_Source\PSoC5/ADC_SAR_1_PM.c **** *******************************************************************************/
  44:.\Generated_Source\PSoC5/ADC_SAR_1_PM.c **** void ADC_SAR_1_SaveConfig(void)
  45:.\Generated_Source\PSoC5/ADC_SAR_1_PM.c **** {
  31              		.loc 1 45 0
  32              		.cfi_startproc
  33              		@ args = 0, pretend = 0, frame = 0
  34              		@ frame_needed = 1, uses_anonymous_args = 0
  35              		@ link register save eliminated.
  36 0000 80B4     		push	{r7}
  37              		.cfi_def_cfa_offset 4
  38              		.cfi_offset 7, -4
  39 0002 00AF     		add	r7, sp, #0
  40              		.cfi_def_cfa_register 7
  46:.\Generated_Source\PSoC5/ADC_SAR_1_PM.c ****     /* All configuration registers are marked as [reset_all_retention] */
  47:.\Generated_Source\PSoC5/ADC_SAR_1_PM.c **** }
  41              		.loc 1 47 0
  42 0004 BD46     		mov	sp, r7
  43              		@ sp needed
  44 0006 5DF8047B 		ldr	r7, [sp], #4
  45 000a 7047     		bx	lr
  46              		.cfi_endproc
  47              	.LFE0:
  48              		.size	ADC_SAR_1_SaveConfig, .-ADC_SAR_1_SaveConfig
  49              		.section	.text.ADC_SAR_1_RestoreConfig,"ax",%progbits
  50              		.align	2
  51              		.global	ADC_SAR_1_RestoreConfig
  52              		.thumb
  53              		.thumb_func
  54              		.type	ADC_SAR_1_RestoreConfig, %function
  55              	ADC_SAR_1_RestoreConfig:
  56              	.LFB1:
  48:.\Generated_Source\PSoC5/ADC_SAR_1_PM.c **** 
  49:.\Generated_Source\PSoC5/ADC_SAR_1_PM.c **** 
  50:.\Generated_Source\PSoC5/ADC_SAR_1_PM.c **** /*******************************************************************************
  51:.\Generated_Source\PSoC5/ADC_SAR_1_PM.c **** * Function Name: ADC_SAR_1_RestoreConfig
  52:.\Generated_Source\PSoC5/ADC_SAR_1_PM.c **** ********************************************************************************
  53:.\Generated_Source\PSoC5/ADC_SAR_1_PM.c **** *
  54:.\Generated_Source\PSoC5/ADC_SAR_1_PM.c **** * Summary:
  55:.\Generated_Source\PSoC5/ADC_SAR_1_PM.c **** *  Restores the current user configuration.
  56:.\Generated_Source\PSoC5/ADC_SAR_1_PM.c **** *
  57:.\Generated_Source\PSoC5/ADC_SAR_1_PM.c **** * Parameters:
  58:.\Generated_Source\PSoC5/ADC_SAR_1_PM.c **** *  None.
ARM GAS  C:\Users\shubhamt\AppData\Local\Temp\ccLvGWs4.s 			page 3


  59:.\Generated_Source\PSoC5/ADC_SAR_1_PM.c **** *
  60:.\Generated_Source\PSoC5/ADC_SAR_1_PM.c **** * Return:
  61:.\Generated_Source\PSoC5/ADC_SAR_1_PM.c **** *  None.
  62:.\Generated_Source\PSoC5/ADC_SAR_1_PM.c **** *
  63:.\Generated_Source\PSoC5/ADC_SAR_1_PM.c **** *******************************************************************************/
  64:.\Generated_Source\PSoC5/ADC_SAR_1_PM.c **** void ADC_SAR_1_RestoreConfig(void)
  65:.\Generated_Source\PSoC5/ADC_SAR_1_PM.c **** {
  57              		.loc 1 65 0
  58              		.cfi_startproc
  59              		@ args = 0, pretend = 0, frame = 0
  60              		@ frame_needed = 1, uses_anonymous_args = 0
  61              		@ link register save eliminated.
  62 0000 80B4     		push	{r7}
  63              		.cfi_def_cfa_offset 4
  64              		.cfi_offset 7, -4
  65 0002 00AF     		add	r7, sp, #0
  66              		.cfi_def_cfa_register 7
  66:.\Generated_Source\PSoC5/ADC_SAR_1_PM.c ****     /* All congiguration registers are marked as [reset_all_retention] */
  67:.\Generated_Source\PSoC5/ADC_SAR_1_PM.c **** }
  67              		.loc 1 67 0
  68 0004 BD46     		mov	sp, r7
  69              		@ sp needed
  70 0006 5DF8047B 		ldr	r7, [sp], #4
  71 000a 7047     		bx	lr
  72              		.cfi_endproc
  73              	.LFE1:
  74              		.size	ADC_SAR_1_RestoreConfig, .-ADC_SAR_1_RestoreConfig
  75              		.section	.text.ADC_SAR_1_Sleep,"ax",%progbits
  76              		.align	2
  77              		.global	ADC_SAR_1_Sleep
  78              		.thumb
  79              		.thumb_func
  80              		.type	ADC_SAR_1_Sleep, %function
  81              	ADC_SAR_1_Sleep:
  82              	.LFB2:
  68:.\Generated_Source\PSoC5/ADC_SAR_1_PM.c **** 
  69:.\Generated_Source\PSoC5/ADC_SAR_1_PM.c **** 
  70:.\Generated_Source\PSoC5/ADC_SAR_1_PM.c **** /*******************************************************************************
  71:.\Generated_Source\PSoC5/ADC_SAR_1_PM.c **** * Function Name: ADC_SAR_1_Sleep
  72:.\Generated_Source\PSoC5/ADC_SAR_1_PM.c **** ********************************************************************************
  73:.\Generated_Source\PSoC5/ADC_SAR_1_PM.c **** *
  74:.\Generated_Source\PSoC5/ADC_SAR_1_PM.c **** * Summary:
  75:.\Generated_Source\PSoC5/ADC_SAR_1_PM.c **** *  This is the preferred routine to prepare the component for sleep.
  76:.\Generated_Source\PSoC5/ADC_SAR_1_PM.c **** *  The ADC_SAR_1_Sleep() routine saves the current component state,
  77:.\Generated_Source\PSoC5/ADC_SAR_1_PM.c **** *  then it calls the ADC_Stop() function.
  78:.\Generated_Source\PSoC5/ADC_SAR_1_PM.c **** *
  79:.\Generated_Source\PSoC5/ADC_SAR_1_PM.c **** * Parameters:
  80:.\Generated_Source\PSoC5/ADC_SAR_1_PM.c **** *  None.
  81:.\Generated_Source\PSoC5/ADC_SAR_1_PM.c **** *
  82:.\Generated_Source\PSoC5/ADC_SAR_1_PM.c **** * Return:
  83:.\Generated_Source\PSoC5/ADC_SAR_1_PM.c **** *  None.
  84:.\Generated_Source\PSoC5/ADC_SAR_1_PM.c **** *
  85:.\Generated_Source\PSoC5/ADC_SAR_1_PM.c **** * Global Variables:
  86:.\Generated_Source\PSoC5/ADC_SAR_1_PM.c **** *  ADC_SAR_1_backup - The structure field 'enableState' is modified
  87:.\Generated_Source\PSoC5/ADC_SAR_1_PM.c **** *  depending on the enable state of the block before entering to sleep mode.
  88:.\Generated_Source\PSoC5/ADC_SAR_1_PM.c **** *
  89:.\Generated_Source\PSoC5/ADC_SAR_1_PM.c **** *******************************************************************************/
ARM GAS  C:\Users\shubhamt\AppData\Local\Temp\ccLvGWs4.s 			page 4


  90:.\Generated_Source\PSoC5/ADC_SAR_1_PM.c **** void ADC_SAR_1_Sleep(void)
  91:.\Generated_Source\PSoC5/ADC_SAR_1_PM.c **** {
  83              		.loc 1 91 0
  84              		.cfi_startproc
  85              		@ args = 0, pretend = 0, frame = 0
  86              		@ frame_needed = 1, uses_anonymous_args = 0
  87 0000 80B5     		push	{r7, lr}
  88              		.cfi_def_cfa_offset 8
  89              		.cfi_offset 7, -8
  90              		.cfi_offset 14, -4
  91 0002 00AF     		add	r7, sp, #0
  92              		.cfi_def_cfa_register 7
  92:.\Generated_Source\PSoC5/ADC_SAR_1_PM.c ****     if((ADC_SAR_1_PWRMGR_SAR_REG  & ADC_SAR_1_ACT_PWR_SAR_EN) != 0u)
  93              		.loc 1 92 0
  94 0004 0D4B     		ldr	r3, .L8
  95 0006 1B78     		ldrb	r3, [r3]
  96 0008 DBB2     		uxtb	r3, r3
  97 000a 03F00203 		and	r3, r3, #2
  98 000e 002B     		cmp	r3, #0
  99 0010 10D0     		beq	.L4
  93:.\Generated_Source\PSoC5/ADC_SAR_1_PM.c ****     {
  94:.\Generated_Source\PSoC5/ADC_SAR_1_PM.c ****         if((ADC_SAR_1_SAR_CSR0_REG & ADC_SAR_1_SAR_SOF_START_CONV) != 0u)
 100              		.loc 1 94 0
 101 0012 0B4B     		ldr	r3, .L8+4
 102 0014 1B78     		ldrb	r3, [r3]
 103 0016 DBB2     		uxtb	r3, r3
 104 0018 03F00103 		and	r3, r3, #1
 105 001c 002B     		cmp	r3, #0
 106 001e 03D0     		beq	.L5
  95:.\Generated_Source\PSoC5/ADC_SAR_1_PM.c ****         {
  96:.\Generated_Source\PSoC5/ADC_SAR_1_PM.c ****             ADC_SAR_1_backup.enableState = ADC_SAR_1_ENABLED | ADC_SAR_1_STARTED;
 107              		.loc 1 96 0
 108 0020 084B     		ldr	r3, .L8+8
 109 0022 0322     		movs	r2, #3
 110 0024 1A70     		strb	r2, [r3]
 111 0026 02E0     		b	.L6
 112              	.L5:
  97:.\Generated_Source\PSoC5/ADC_SAR_1_PM.c ****         }
  98:.\Generated_Source\PSoC5/ADC_SAR_1_PM.c ****         else
  99:.\Generated_Source\PSoC5/ADC_SAR_1_PM.c ****         {
 100:.\Generated_Source\PSoC5/ADC_SAR_1_PM.c ****             ADC_SAR_1_backup.enableState = ADC_SAR_1_ENABLED;
 113              		.loc 1 100 0
 114 0028 064B     		ldr	r3, .L8+8
 115 002a 0122     		movs	r2, #1
 116 002c 1A70     		strb	r2, [r3]
 117              	.L6:
 101:.\Generated_Source\PSoC5/ADC_SAR_1_PM.c ****         }
 102:.\Generated_Source\PSoC5/ADC_SAR_1_PM.c ****         ADC_SAR_1_Stop();
 118              		.loc 1 102 0 discriminator 1
 119 002e FFF7FEFF 		bl	ADC_SAR_1_Stop
 120 0032 02E0     		b	.L3
 121              	.L4:
 103:.\Generated_Source\PSoC5/ADC_SAR_1_PM.c ****     }
 104:.\Generated_Source\PSoC5/ADC_SAR_1_PM.c ****     else
 105:.\Generated_Source\PSoC5/ADC_SAR_1_PM.c ****     {
 106:.\Generated_Source\PSoC5/ADC_SAR_1_PM.c ****         ADC_SAR_1_backup.enableState = ADC_SAR_1_DISABLED;
 122              		.loc 1 106 0
ARM GAS  C:\Users\shubhamt\AppData\Local\Temp\ccLvGWs4.s 			page 5


 123 0034 034B     		ldr	r3, .L8+8
 124 0036 0022     		movs	r2, #0
 125 0038 1A70     		strb	r2, [r3]
 126              	.L3:
 107:.\Generated_Source\PSoC5/ADC_SAR_1_PM.c ****     }
 108:.\Generated_Source\PSoC5/ADC_SAR_1_PM.c **** }
 127              		.loc 1 108 0
 128 003a 80BD     		pop	{r7, pc}
 129              	.L9:
 130              		.align	2
 131              	.L8:
 132 003c AB430040 		.word	1073759147
 133 0040 08590040 		.word	1073764616
 134 0044 00000000 		.word	ADC_SAR_1_backup
 135              		.cfi_endproc
 136              	.LFE2:
 137              		.size	ADC_SAR_1_Sleep, .-ADC_SAR_1_Sleep
 138              		.section	.text.ADC_SAR_1_Wakeup,"ax",%progbits
 139              		.align	2
 140              		.global	ADC_SAR_1_Wakeup
 141              		.thumb
 142              		.thumb_func
 143              		.type	ADC_SAR_1_Wakeup, %function
 144              	ADC_SAR_1_Wakeup:
 145              	.LFB3:
 109:.\Generated_Source\PSoC5/ADC_SAR_1_PM.c **** 
 110:.\Generated_Source\PSoC5/ADC_SAR_1_PM.c **** 
 111:.\Generated_Source\PSoC5/ADC_SAR_1_PM.c **** /*******************************************************************************
 112:.\Generated_Source\PSoC5/ADC_SAR_1_PM.c **** * Function Name: ADC_SAR_1_Wakeup
 113:.\Generated_Source\PSoC5/ADC_SAR_1_PM.c **** ********************************************************************************
 114:.\Generated_Source\PSoC5/ADC_SAR_1_PM.c **** *
 115:.\Generated_Source\PSoC5/ADC_SAR_1_PM.c **** * Summary:
 116:.\Generated_Source\PSoC5/ADC_SAR_1_PM.c **** *  This is the preferred routine to restore the component to the state when
 117:.\Generated_Source\PSoC5/ADC_SAR_1_PM.c **** *  ADC_SAR_1_Sleep() was called. If the component was enabled before the
 118:.\Generated_Source\PSoC5/ADC_SAR_1_PM.c **** *  ADC_SAR_1_Sleep() function was called, the
 119:.\Generated_Source\PSoC5/ADC_SAR_1_PM.c **** *  ADC_SAR_1_Wakeup() function also re-enables the component.
 120:.\Generated_Source\PSoC5/ADC_SAR_1_PM.c **** *
 121:.\Generated_Source\PSoC5/ADC_SAR_1_PM.c **** * Parameters:
 122:.\Generated_Source\PSoC5/ADC_SAR_1_PM.c **** *  None.
 123:.\Generated_Source\PSoC5/ADC_SAR_1_PM.c **** *
 124:.\Generated_Source\PSoC5/ADC_SAR_1_PM.c **** * Return:
 125:.\Generated_Source\PSoC5/ADC_SAR_1_PM.c **** *  None.
 126:.\Generated_Source\PSoC5/ADC_SAR_1_PM.c **** *
 127:.\Generated_Source\PSoC5/ADC_SAR_1_PM.c **** * Global Variables:
 128:.\Generated_Source\PSoC5/ADC_SAR_1_PM.c **** *  ADC_SAR_1_backup - The structure field 'enableState' is used to
 129:.\Generated_Source\PSoC5/ADC_SAR_1_PM.c **** *  restore the enable state of block after wakeup from sleep mode.
 130:.\Generated_Source\PSoC5/ADC_SAR_1_PM.c **** *
 131:.\Generated_Source\PSoC5/ADC_SAR_1_PM.c **** *******************************************************************************/
 132:.\Generated_Source\PSoC5/ADC_SAR_1_PM.c **** void ADC_SAR_1_Wakeup(void)
 133:.\Generated_Source\PSoC5/ADC_SAR_1_PM.c **** {
 146              		.loc 1 133 0
 147              		.cfi_startproc
 148              		@ args = 0, pretend = 0, frame = 0
 149              		@ frame_needed = 1, uses_anonymous_args = 0
 150 0000 80B5     		push	{r7, lr}
 151              		.cfi_def_cfa_offset 8
 152              		.cfi_offset 7, -8
ARM GAS  C:\Users\shubhamt\AppData\Local\Temp\ccLvGWs4.s 			page 6


 153              		.cfi_offset 14, -4
 154 0002 00AF     		add	r7, sp, #0
 155              		.cfi_def_cfa_register 7
 134:.\Generated_Source\PSoC5/ADC_SAR_1_PM.c ****     if(ADC_SAR_1_backup.enableState != ADC_SAR_1_DISABLED)
 156              		.loc 1 134 0
 157 0004 034B     		ldr	r3, .L12
 158 0006 1B78     		ldrb	r3, [r3]	@ zero_extendqisi2
 159 0008 002B     		cmp	r3, #0
 160 000a 01D0     		beq	.L10
 135:.\Generated_Source\PSoC5/ADC_SAR_1_PM.c ****     {
 136:.\Generated_Source\PSoC5/ADC_SAR_1_PM.c ****         ADC_SAR_1_Enable();
 161              		.loc 1 136 0
 162 000c FFF7FEFF 		bl	ADC_SAR_1_Enable
 163              	.L10:
 137:.\Generated_Source\PSoC5/ADC_SAR_1_PM.c ****         #if(ADC_SAR_1_DEFAULT_CONV_MODE != ADC_SAR_1__HARDWARE_TRIGGER)
 138:.\Generated_Source\PSoC5/ADC_SAR_1_PM.c ****             if((ADC_SAR_1_backup.enableState & ADC_SAR_1_STARTED) != 0u)
 139:.\Generated_Source\PSoC5/ADC_SAR_1_PM.c ****             {
 140:.\Generated_Source\PSoC5/ADC_SAR_1_PM.c ****                 ADC_SAR_1_StartConvert();
 141:.\Generated_Source\PSoC5/ADC_SAR_1_PM.c ****             }
 142:.\Generated_Source\PSoC5/ADC_SAR_1_PM.c ****         #endif /* End ADC_SAR_1_DEFAULT_CONV_MODE != ADC_SAR_1__HARDWARE_TRIGGER */
 143:.\Generated_Source\PSoC5/ADC_SAR_1_PM.c ****     }
 144:.\Generated_Source\PSoC5/ADC_SAR_1_PM.c **** }
 164              		.loc 1 144 0
 165 0010 80BD     		pop	{r7, pc}
 166              	.L13:
 167 0012 00BF     		.align	2
 168              	.L12:
 169 0014 00000000 		.word	ADC_SAR_1_backup
 170              		.cfi_endproc
 171              	.LFE3:
 172              		.size	ADC_SAR_1_Wakeup, .-ADC_SAR_1_Wakeup
 173              		.text
 174              	.Letext0:
 175              		.file 2 ".\\Generated_Source\\PSoC5\\cytypes.h"
 176              		.file 3 ".\\Generated_Source\\PSoC5\\ADC_SAR_1.h"
 177              		.section	.debug_info,"",%progbits
 178              	.Ldebug_info0:
 179 0000 0D010000 		.4byte	0x10d
 180 0004 0400     		.2byte	0x4
 181 0006 00000000 		.4byte	.Ldebug_abbrev0
 182 000a 04       		.byte	0x4
 183 000b 01       		.uleb128 0x1
 184 000c CB000000 		.4byte	.LASF19
 185 0010 01       		.byte	0x1
 186 0011 C6010000 		.4byte	.LASF20
 187 0015 79010000 		.4byte	.LASF21
 188 0019 00000000 		.4byte	.Ldebug_ranges0+0
 189 001d 00000000 		.4byte	0
 190 0021 00000000 		.4byte	.Ldebug_line0
 191 0025 02       		.uleb128 0x2
 192 0026 01       		.byte	0x1
 193 0027 06       		.byte	0x6
 194 0028 09020000 		.4byte	.LASF0
 195 002c 02       		.uleb128 0x2
 196 002d 01       		.byte	0x1
 197 002e 08       		.byte	0x8
 198 002f 2F000000 		.4byte	.LASF1
ARM GAS  C:\Users\shubhamt\AppData\Local\Temp\ccLvGWs4.s 			page 7


 199 0033 02       		.uleb128 0x2
 200 0034 02       		.byte	0x2
 201 0035 05       		.byte	0x5
 202 0036 6F010000 		.4byte	.LASF2
 203 003a 02       		.uleb128 0x2
 204 003b 02       		.byte	0x2
 205 003c 07       		.byte	0x7
 206 003d 6C000000 		.4byte	.LASF3
 207 0041 02       		.uleb128 0x2
 208 0042 04       		.byte	0x4
 209 0043 05       		.byte	0x5
 210 0044 F4010000 		.4byte	.LASF4
 211 0048 02       		.uleb128 0x2
 212 0049 04       		.byte	0x4
 213 004a 07       		.byte	0x7
 214 004b 5A000000 		.4byte	.LASF5
 215 004f 02       		.uleb128 0x2
 216 0050 08       		.byte	0x8
 217 0051 05       		.byte	0x5
 218 0052 47010000 		.4byte	.LASF6
 219 0056 02       		.uleb128 0x2
 220 0057 08       		.byte	0x8
 221 0058 07       		.byte	0x7
 222 0059 A4000000 		.4byte	.LASF7
 223 005d 03       		.uleb128 0x3
 224 005e 04       		.byte	0x4
 225 005f 05       		.byte	0x5
 226 0060 696E7400 		.ascii	"int\000"
 227 0064 02       		.uleb128 0x2
 228 0065 04       		.byte	0x4
 229 0066 07       		.byte	0x7
 230 0067 97000000 		.4byte	.LASF8
 231 006b 04       		.uleb128 0x4
 232 006c EE010000 		.4byte	.LASF12
 233 0070 02       		.byte	0x2
 234 0071 5B       		.byte	0x5b
 235 0072 2C000000 		.4byte	0x2c
 236 0076 02       		.uleb128 0x2
 237 0077 04       		.byte	0x4
 238 0078 04       		.byte	0x4
 239 0079 29000000 		.4byte	.LASF9
 240 007d 02       		.uleb128 0x2
 241 007e 08       		.byte	0x8
 242 007f 04       		.byte	0x4
 243 0080 7F000000 		.4byte	.LASF10
 244 0084 02       		.uleb128 0x2
 245 0085 01       		.byte	0x1
 246 0086 08       		.byte	0x8
 247 0087 55010000 		.4byte	.LASF11
 248 008b 04       		.uleb128 0x4
 249 008c 55000000 		.4byte	.LASF13
 250 0090 02       		.byte	0x2
 251 0091 F0       		.byte	0xf0
 252 0092 96000000 		.4byte	0x96
 253 0096 05       		.uleb128 0x5
 254 0097 6B000000 		.4byte	0x6b
 255 009b 06       		.uleb128 0x6
ARM GAS  C:\Users\shubhamt\AppData\Local\Temp\ccLvGWs4.s 			page 8


 256 009c 01       		.byte	0x1
 257 009d 03       		.byte	0x3
 258 009e 2A       		.byte	0x2a
 259 009f B0000000 		.4byte	0xb0
 260 00a3 07       		.uleb128 0x7
 261 00a4 FD010000 		.4byte	.LASF22
 262 00a8 03       		.byte	0x3
 263 00a9 2C       		.byte	0x2c
 264 00aa 6B000000 		.4byte	0x6b
 265 00ae 00       		.byte	0
 266 00af 00       		.byte	0
 267 00b0 04       		.uleb128 0x4
 268 00b1 00000000 		.4byte	.LASF14
 269 00b5 03       		.byte	0x3
 270 00b6 2D       		.byte	0x2d
 271 00b7 9B000000 		.4byte	0x9b
 272 00bb 08       		.uleb128 0x8
 273 00bc 5A010000 		.4byte	.LASF15
 274 00c0 01       		.byte	0x1
 275 00c1 2C       		.byte	0x2c
 276 00c2 00000000 		.4byte	.LFB0
 277 00c6 0C000000 		.4byte	.LFE0-.LFB0
 278 00ca 01       		.uleb128 0x1
 279 00cb 9C       		.byte	0x9c
 280 00cc 08       		.uleb128 0x8
 281 00cd 3D000000 		.4byte	.LASF16
 282 00d1 01       		.byte	0x1
 283 00d2 40       		.byte	0x40
 284 00d3 00000000 		.4byte	.LFB1
 285 00d7 0C000000 		.4byte	.LFE1-.LFB1
 286 00db 01       		.uleb128 0x1
 287 00dc 9C       		.byte	0x9c
 288 00dd 09       		.uleb128 0x9
 289 00de BB000000 		.4byte	.LASF17
 290 00e2 01       		.byte	0x1
 291 00e3 5A       		.byte	0x5a
 292 00e4 00000000 		.4byte	.LFB2
 293 00e8 48000000 		.4byte	.LFE2-.LFB2
 294 00ec 01       		.uleb128 0x1
 295 00ed 9C       		.byte	0x9c
 296 00ee 09       		.uleb128 0x9
 297 00ef 18000000 		.4byte	.LASF18
 298 00f3 01       		.byte	0x1
 299 00f4 84       		.byte	0x84
 300 00f5 00000000 		.4byte	.LFB3
 301 00f9 18000000 		.4byte	.LFE3-.LFB3
 302 00fd 01       		.uleb128 0x1
 303 00fe 9C       		.byte	0x9c
 304 00ff 0A       		.uleb128 0xa
 305 0100 86000000 		.4byte	.LASF23
 306 0104 01       		.byte	0x1
 307 0105 18       		.byte	0x18
 308 0106 B0000000 		.4byte	0xb0
 309 010a 05       		.uleb128 0x5
 310 010b 03       		.byte	0x3
 311 010c 00000000 		.4byte	ADC_SAR_1_backup
 312 0110 00       		.byte	0
ARM GAS  C:\Users\shubhamt\AppData\Local\Temp\ccLvGWs4.s 			page 9


 313              		.section	.debug_abbrev,"",%progbits
 314              	.Ldebug_abbrev0:
 315 0000 01       		.uleb128 0x1
 316 0001 11       		.uleb128 0x11
 317 0002 01       		.byte	0x1
 318 0003 25       		.uleb128 0x25
 319 0004 0E       		.uleb128 0xe
 320 0005 13       		.uleb128 0x13
 321 0006 0B       		.uleb128 0xb
 322 0007 03       		.uleb128 0x3
 323 0008 0E       		.uleb128 0xe
 324 0009 1B       		.uleb128 0x1b
 325 000a 0E       		.uleb128 0xe
 326 000b 55       		.uleb128 0x55
 327 000c 17       		.uleb128 0x17
 328 000d 11       		.uleb128 0x11
 329 000e 01       		.uleb128 0x1
 330 000f 10       		.uleb128 0x10
 331 0010 17       		.uleb128 0x17
 332 0011 00       		.byte	0
 333 0012 00       		.byte	0
 334 0013 02       		.uleb128 0x2
 335 0014 24       		.uleb128 0x24
 336 0015 00       		.byte	0
 337 0016 0B       		.uleb128 0xb
 338 0017 0B       		.uleb128 0xb
 339 0018 3E       		.uleb128 0x3e
 340 0019 0B       		.uleb128 0xb
 341 001a 03       		.uleb128 0x3
 342 001b 0E       		.uleb128 0xe
 343 001c 00       		.byte	0
 344 001d 00       		.byte	0
 345 001e 03       		.uleb128 0x3
 346 001f 24       		.uleb128 0x24
 347 0020 00       		.byte	0
 348 0021 0B       		.uleb128 0xb
 349 0022 0B       		.uleb128 0xb
 350 0023 3E       		.uleb128 0x3e
 351 0024 0B       		.uleb128 0xb
 352 0025 03       		.uleb128 0x3
 353 0026 08       		.uleb128 0x8
 354 0027 00       		.byte	0
 355 0028 00       		.byte	0
 356 0029 04       		.uleb128 0x4
 357 002a 16       		.uleb128 0x16
 358 002b 00       		.byte	0
 359 002c 03       		.uleb128 0x3
 360 002d 0E       		.uleb128 0xe
 361 002e 3A       		.uleb128 0x3a
 362 002f 0B       		.uleb128 0xb
 363 0030 3B       		.uleb128 0x3b
 364 0031 0B       		.uleb128 0xb
 365 0032 49       		.uleb128 0x49
 366 0033 13       		.uleb128 0x13
 367 0034 00       		.byte	0
 368 0035 00       		.byte	0
 369 0036 05       		.uleb128 0x5
ARM GAS  C:\Users\shubhamt\AppData\Local\Temp\ccLvGWs4.s 			page 10


 370 0037 35       		.uleb128 0x35
 371 0038 00       		.byte	0
 372 0039 49       		.uleb128 0x49
 373 003a 13       		.uleb128 0x13
 374 003b 00       		.byte	0
 375 003c 00       		.byte	0
 376 003d 06       		.uleb128 0x6
 377 003e 13       		.uleb128 0x13
 378 003f 01       		.byte	0x1
 379 0040 0B       		.uleb128 0xb
 380 0041 0B       		.uleb128 0xb
 381 0042 3A       		.uleb128 0x3a
 382 0043 0B       		.uleb128 0xb
 383 0044 3B       		.uleb128 0x3b
 384 0045 0B       		.uleb128 0xb
 385 0046 01       		.uleb128 0x1
 386 0047 13       		.uleb128 0x13
 387 0048 00       		.byte	0
 388 0049 00       		.byte	0
 389 004a 07       		.uleb128 0x7
 390 004b 0D       		.uleb128 0xd
 391 004c 00       		.byte	0
 392 004d 03       		.uleb128 0x3
 393 004e 0E       		.uleb128 0xe
 394 004f 3A       		.uleb128 0x3a
 395 0050 0B       		.uleb128 0xb
 396 0051 3B       		.uleb128 0x3b
 397 0052 0B       		.uleb128 0xb
 398 0053 49       		.uleb128 0x49
 399 0054 13       		.uleb128 0x13
 400 0055 38       		.uleb128 0x38
 401 0056 0B       		.uleb128 0xb
 402 0057 00       		.byte	0
 403 0058 00       		.byte	0
 404 0059 08       		.uleb128 0x8
 405 005a 2E       		.uleb128 0x2e
 406 005b 00       		.byte	0
 407 005c 3F       		.uleb128 0x3f
 408 005d 19       		.uleb128 0x19
 409 005e 03       		.uleb128 0x3
 410 005f 0E       		.uleb128 0xe
 411 0060 3A       		.uleb128 0x3a
 412 0061 0B       		.uleb128 0xb
 413 0062 3B       		.uleb128 0x3b
 414 0063 0B       		.uleb128 0xb
 415 0064 27       		.uleb128 0x27
 416 0065 19       		.uleb128 0x19
 417 0066 11       		.uleb128 0x11
 418 0067 01       		.uleb128 0x1
 419 0068 12       		.uleb128 0x12
 420 0069 06       		.uleb128 0x6
 421 006a 40       		.uleb128 0x40
 422 006b 18       		.uleb128 0x18
 423 006c 9742     		.uleb128 0x2117
 424 006e 19       		.uleb128 0x19
 425 006f 00       		.byte	0
 426 0070 00       		.byte	0
ARM GAS  C:\Users\shubhamt\AppData\Local\Temp\ccLvGWs4.s 			page 11


 427 0071 09       		.uleb128 0x9
 428 0072 2E       		.uleb128 0x2e
 429 0073 00       		.byte	0
 430 0074 3F       		.uleb128 0x3f
 431 0075 19       		.uleb128 0x19
 432 0076 03       		.uleb128 0x3
 433 0077 0E       		.uleb128 0xe
 434 0078 3A       		.uleb128 0x3a
 435 0079 0B       		.uleb128 0xb
 436 007a 3B       		.uleb128 0x3b
 437 007b 0B       		.uleb128 0xb
 438 007c 27       		.uleb128 0x27
 439 007d 19       		.uleb128 0x19
 440 007e 11       		.uleb128 0x11
 441 007f 01       		.uleb128 0x1
 442 0080 12       		.uleb128 0x12
 443 0081 06       		.uleb128 0x6
 444 0082 40       		.uleb128 0x40
 445 0083 18       		.uleb128 0x18
 446 0084 9642     		.uleb128 0x2116
 447 0086 19       		.uleb128 0x19
 448 0087 00       		.byte	0
 449 0088 00       		.byte	0
 450 0089 0A       		.uleb128 0xa
 451 008a 34       		.uleb128 0x34
 452 008b 00       		.byte	0
 453 008c 03       		.uleb128 0x3
 454 008d 0E       		.uleb128 0xe
 455 008e 3A       		.uleb128 0x3a
 456 008f 0B       		.uleb128 0xb
 457 0090 3B       		.uleb128 0x3b
 458 0091 0B       		.uleb128 0xb
 459 0092 49       		.uleb128 0x49
 460 0093 13       		.uleb128 0x13
 461 0094 02       		.uleb128 0x2
 462 0095 18       		.uleb128 0x18
 463 0096 00       		.byte	0
 464 0097 00       		.byte	0
 465 0098 00       		.byte	0
 466              		.section	.debug_aranges,"",%progbits
 467 0000 34000000 		.4byte	0x34
 468 0004 0200     		.2byte	0x2
 469 0006 00000000 		.4byte	.Ldebug_info0
 470 000a 04       		.byte	0x4
 471 000b 00       		.byte	0
 472 000c 0000     		.2byte	0
 473 000e 0000     		.2byte	0
 474 0010 00000000 		.4byte	.LFB0
 475 0014 0C000000 		.4byte	.LFE0-.LFB0
 476 0018 00000000 		.4byte	.LFB1
 477 001c 0C000000 		.4byte	.LFE1-.LFB1
 478 0020 00000000 		.4byte	.LFB2
 479 0024 48000000 		.4byte	.LFE2-.LFB2
 480 0028 00000000 		.4byte	.LFB3
 481 002c 18000000 		.4byte	.LFE3-.LFB3
 482 0030 00000000 		.4byte	0
 483 0034 00000000 		.4byte	0
ARM GAS  C:\Users\shubhamt\AppData\Local\Temp\ccLvGWs4.s 			page 12


 484              		.section	.debug_ranges,"",%progbits
 485              	.Ldebug_ranges0:
 486 0000 00000000 		.4byte	.LFB0
 487 0004 0C000000 		.4byte	.LFE0
 488 0008 00000000 		.4byte	.LFB1
 489 000c 0C000000 		.4byte	.LFE1
 490 0010 00000000 		.4byte	.LFB2
 491 0014 48000000 		.4byte	.LFE2
 492 0018 00000000 		.4byte	.LFB3
 493 001c 18000000 		.4byte	.LFE3
 494 0020 00000000 		.4byte	0
 495 0024 00000000 		.4byte	0
 496              		.section	.debug_line,"",%progbits
 497              	.Ldebug_line0:
 498 0000 AF000000 		.section	.debug_str,"MS",%progbits,1
 498      02005A00 
 498      00000201 
 498      FB0E0D00 
 498      01010101 
 499              	.LASF14:
 500 0000 4144435F 		.ascii	"ADC_SAR_1_BACKUP_STRUCT\000"
 500      5341525F 
 500      315F4241 
 500      434B5550 
 500      5F535452 
 501              	.LASF18:
 502 0018 4144435F 		.ascii	"ADC_SAR_1_Wakeup\000"
 502      5341525F 
 502      315F5761 
 502      6B657570 
 502      00
 503              	.LASF9:
 504 0029 666C6F61 		.ascii	"float\000"
 504      7400
 505              	.LASF1:
 506 002f 756E7369 		.ascii	"unsigned char\000"
 506      676E6564 
 506      20636861 
 506      7200
 507              	.LASF16:
 508 003d 4144435F 		.ascii	"ADC_SAR_1_RestoreConfig\000"
 508      5341525F 
 508      315F5265 
 508      73746F72 
 508      65436F6E 
 509              	.LASF13:
 510 0055 72656738 		.ascii	"reg8\000"
 510      00
 511              	.LASF5:
 512 005a 6C6F6E67 		.ascii	"long unsigned int\000"
 512      20756E73 
 512      69676E65 
 512      6420696E 
 512      7400
 513              	.LASF3:
 514 006c 73686F72 		.ascii	"short unsigned int\000"
 514      7420756E 
ARM GAS  C:\Users\shubhamt\AppData\Local\Temp\ccLvGWs4.s 			page 13


 514      7369676E 
 514      65642069 
 514      6E7400
 515              	.LASF10:
 516 007f 646F7562 		.ascii	"double\000"
 516      6C6500
 517              	.LASF23:
 518 0086 4144435F 		.ascii	"ADC_SAR_1_backup\000"
 518      5341525F 
 518      315F6261 
 518      636B7570 
 518      00
 519              	.LASF8:
 520 0097 756E7369 		.ascii	"unsigned int\000"
 520      676E6564 
 520      20696E74 
 520      00
 521              	.LASF7:
 522 00a4 6C6F6E67 		.ascii	"long long unsigned int\000"
 522      206C6F6E 
 522      6720756E 
 522      7369676E 
 522      65642069 
 523              	.LASF17:
 524 00bb 4144435F 		.ascii	"ADC_SAR_1_Sleep\000"
 524      5341525F 
 524      315F536C 
 524      65657000 
 525              	.LASF19:
 526 00cb 474E5520 		.ascii	"GNU C 4.8.4 20140526 (release) [ARM/embedded-4_8-br"
 526      4320342E 
 526      382E3420 
 526      32303134 
 526      30353236 
 527 00fe 616E6368 		.ascii	"anch revision 211358] -mcpu=cortex-m3 -mthumb -g -O"
 527      20726576 
 527      6973696F 
 527      6E203231 
 527      31333538 
 528 0131 30202D66 		.ascii	"0 -ffunction-sections\000"
 528      66756E63 
 528      74696F6E 
 528      2D736563 
 528      74696F6E 
 529              	.LASF6:
 530 0147 6C6F6E67 		.ascii	"long long int\000"
 530      206C6F6E 
 530      6720696E 
 530      7400
 531              	.LASF11:
 532 0155 63686172 		.ascii	"char\000"
 532      00
 533              	.LASF15:
 534 015a 4144435F 		.ascii	"ADC_SAR_1_SaveConfig\000"
 534      5341525F 
 534      315F5361 
 534      7665436F 
ARM GAS  C:\Users\shubhamt\AppData\Local\Temp\ccLvGWs4.s 			page 14


 534      6E666967 
 535              	.LASF2:
 536 016f 73686F72 		.ascii	"short int\000"
 536      7420696E 
 536      7400
 537              	.LASF21:
 538 0179 433A5C55 		.ascii	"C:\\Users\\shubhamt\\Documents\\PSoC Creator\\WaveG"
 538      73657273 
 538      5C736875 
 538      6268616D 
 538      745C446F 
 539 01a7 656E6572 		.ascii	"enerator1\\WaveGenerator1.cydsn\000"
 539      61746F72 
 539      315C5761 
 539      76654765 
 539      6E657261 
 540              	.LASF20:
 541 01c6 2E5C4765 		.ascii	".\\Generated_Source\\PSoC5\\ADC_SAR_1_PM.c\000"
 541      6E657261 
 541      7465645F 
 541      536F7572 
 541      63655C50 
 542              	.LASF12:
 543 01ee 75696E74 		.ascii	"uint8\000"
 543      3800
 544              	.LASF4:
 545 01f4 6C6F6E67 		.ascii	"long int\000"
 545      20696E74 
 545      00
 546              	.LASF22:
 547 01fd 656E6162 		.ascii	"enableState\000"
 547      6C655374 
 547      61746500 
 548              	.LASF0:
 549 0209 7369676E 		.ascii	"signed char\000"
 549      65642063 
 549      68617200 
 550              		.ident	"GCC: (GNU Tools for ARM Embedded Processors) 4.8.4 20140526 (release) [ARM/embedded-4_8-br
