--------------- Build Started: 06/23/2015 16:10:54 Project: WaveGenerator1, Configuration: ARM GCC 4.8.4 Debug ---------------
The code generation step is up to date.
arm-none-eabi-gcc.exe -mcpu=cortex-m3 -mthumb -Wno-main -I. -IGenerated_Source\PSoC5 -Wa,-alh=.\CortexM3\ARM_GCC_484\Debug/isr.lst -g -D DEBUG -Wall -ffunction-sections -O0 -c .\Generated_Source\PSoC5\isr.c -o .\CortexM3\ARM_GCC_484\Debug\isr.o
.\Generated_Source\PSoC5\isr.c: In function 'isr_Interrupt':
.\Generated_Source\PSoC5\isr.c:178:16: warning: unused variable 'wave_table' [-Wunused-variable]
     extern int wave_table[WAVESIZE];
                ^
.\Generated_Source\PSoC5\isr.c:175:9: warning: unused variable 'value' [-Wunused-variable]
     int value;
         ^
.\Generated_Source\PSoC5\isr.c:174:9: warning: unused variable 'k' [-Wunused-variable]
     int k;
         ^
.\Generated_Source\PSoC5\isr.c:173:9: warning: unused variable 'T' [-Wunused-variable]
     int T       = (1<<20)/20000;          // Samping period, in 1/2^20) seconds //16*1024 (would be nicer)
         ^
.\Generated_Source\PSoC5\isr.c:172:9: warning: unused variable 'ampls' [-Wunused-variable]
     int ampls[] = { 16000 };              // Array of tone amplitudes, C1.0.15, roughly 0.5 for now
         ^
.\Generated_Source\PSoC5\isr.c:171:9: warning: unused variable 'freqs' [-Wunused-variable]
     int freqs[] = { 256 };                // Array of tone frequencies, in Hz
         ^
arm-none-eabi-ar.exe -rs .\CortexM3\ARM_GCC_484\Debug\WaveGenerator1.a .\CortexM3\ARM_GCC_484\Debug\cyfitter_cfg.o .\CortexM3\ARM_GCC_484\Debug\CyBootAsmGnu.o .\CortexM3\ARM_GCC_484\Debug\CyDmac.o .\CortexM3\ARM_GCC_484\Debug\CyFlash.o .\CortexM3\ARM_GCC_484\Debug\CyLib.o .\CortexM3\ARM_GCC_484\Debug\cyPm.o .\CortexM3\ARM_GCC_484\Debug\CySpc.o .\CortexM3\ARM_GCC_484\Debug\cyutils.o .\CortexM3\ARM_GCC_484\Debug\Pin_1.o .\CortexM3\ARM_GCC_484\Debug\isr.o .\CortexM3\ARM_GCC_484\Debug\Clock.o .\CortexM3\ARM_GCC_484\Debug\Pin_2.o .\CortexM3\ARM_GCC_484\Debug\Pin_3.o .\CortexM3\ARM_GCC_484\Debug\ADC_SAR.o .\CortexM3\ARM_GCC_484\Debug\ADC_SAR_INT.o .\CortexM3\ARM_GCC_484\Debug\ADC_SAR_PM.o .\CortexM3\ARM_GCC_484\Debug\ADC_SAR_IRQ.o .\CortexM3\ARM_GCC_484\Debug\ADC_SAR_theACLK.o .\CortexM3\ARM_GCC_484\Debug\ADC_SAR_Bypass.o .\CortexM3\ARM_GCC_484\Debug\Pin_4.o .\CortexM3\ARM_GCC_484\Debug\VDAC8_1_hs.o .\CortexM3\ARM_GCC_484\Debug\VDAC8_1_hs_PM.o .\CortexM3\ARM_GCC_484\Debug\VDAC8_2_ls.o .\CortexM3\ARM_GCC_484\Debug\VDAC8_2_ls_PM.o .\CortexM3\ARM_GCC_484\Debug\Pin_5.o .\CortexM3\ARM_GCC_484\Debug\Pin_6.o
arm-none-eabi-ar.exe: creating .\CortexM3\ARM_GCC_484\Debug\WaveGenerator1.a
arm-none-eabi-gcc.exe -Wl,--start-group -o .\CortexM3\ARM_GCC_484\Debug\WaveGenerator1.elf .\CortexM3\ARM_GCC_484\Debug\main.o .\CortexM3\ARM_GCC_484\Debug\canceller.o .\CortexM3\ARM_GCC_484\Debug\hs_model.o .\CortexM3\ARM_GCC_484\Debug\mic_model.o .\CortexM3\ARM_GCC_484\Debug\cymetadata.o .\CortexM3\ARM_GCC_484\Debug\Cm3Start.o .\CortexM3\ARM_GCC_484\Debug\WaveGenerator1.a "C:\Program Files (x86)\Cypress\PSoC Creator\3.2\PSoC Creator\psoc\content\cycomponentlibrary\CyComponentLibrary.cylib\CortexM3\ARM_GCC_484\Debug\CyComponentLibrary.a" -mcpu=cortex-m3 -mthumb -g -ffunction-sections -O0 -l m -Wl,-Map,.\CortexM3\ARM_GCC_484\Debug/WaveGenerator1.map -T Generated_Source\PSoC5\cm3gcc.ld -specs=nano.specs -Wl,--gc-sections -Wl,--end-group
cyelftool.exe -C "C:\Users\shubhamt\Documents\PSoC Creator\WaveGenerator1\WaveGenerator1.cydsn\CortexM3\ARM_GCC_484\Debug\WaveGenerator1.elf" --flash_row_size 256 --flash_size 262144
cyelftool.exe -S "C:\Users\shubhamt\Documents\PSoC Creator\WaveGenerator1\WaveGenerator1.cydsn\CortexM3\ARM_GCC_484\Debug\WaveGenerator1.elf"
Flash used: 12288 of 262144 bytes (4.7 %).
SRAM used: 21469 of 65536 bytes (32.8 %). Stack: 16384 bytes. Heap: 4096 bytes.
--------------- Build Succeeded: 06/23/2015 16:10:57 ---------------
