ARM GAS  C:\Users\pearlstl\AppData\Local\Temp\ccvjpJt7.s 			page 1


   1              		.syntax unified
   2              		.cpu cortex-m3
   3              		.fpu softvfp
   4              		.eabi_attribute 20, 1
   5              		.eabi_attribute 21, 1
   6              		.eabi_attribute 23, 3
   7              		.eabi_attribute 24, 1
   8              		.eabi_attribute 25, 1
   9              		.eabi_attribute 26, 1
  10              		.eabi_attribute 30, 6
  11              		.eabi_attribute 34, 1
  12              		.eabi_attribute 18, 4
  13              		.thumb
  14              		.file	"canceller.c"
  15              		.text
  16              	.Ltext0:
  17              		.cfi_sections	.debug_frame
  18              		.bss
  19              		.align	2
  20              	recent_samps_in:
  21 0000 00000000 		.space	64
  21      00000000 
  21      00000000 
  21      00000000 
  21      00000000 
  22              		.align	2
  23              	model_coeffs:
  24 0040 00000000 		.space	64
  24      00000000 
  24      00000000 
  24      00000000 
  24      00000000 
  25              		.align	2
  26              	recent_samps_v:
  27 0080 00000000 		.space	64
  27      00000000 
  27      00000000 
  27      00000000 
  27      00000000 
  28              		.align	2
  29              	wptr:
  30 00c0 00000000 		.space	4
  31              		.section	.text.canceller_new,"ax",%progbits
  32              		.align	2
  33              		.global	canceller_new
  34              		.thumb
  35              		.thumb_func
  36              		.type	canceller_new, %function
  37              	canceller_new:
  38              	.LFB0:
  39              		.file 1 ".\\canceller.c"
   1:.\canceller.c **** /* ========================================
   2:.\canceller.c ****  *
   3:.\canceller.c ****  * Copyright YOUR COMPANY, THE YEAR
   4:.\canceller.c ****  * All Rights Reserved
   5:.\canceller.c ****  * UNPUBLISHED, LICENSED SOFTWARE.
   6:.\canceller.c ****  *
ARM GAS  C:\Users\pearlstl\AppData\Local\Temp\ccvjpJt7.s 			page 2


   7:.\canceller.c ****  * CONFIDENTIAL AND PROPRIETARY INFORMATION
   8:.\canceller.c ****  * WHICH IS THE PROPERTY OF your company.
   9:.\canceller.c ****  *
  10:.\canceller.c ****  * ========================================
  11:.\canceller.c **** */
  12:.\canceller.c **** #include "hs_model.h"                       
  13:.\canceller.c **** #include "mic_model.h"
  14:.\canceller.c **** #include "ANC.h"  
  15:.\canceller.c **** #include "canceller.h"
  16:.\canceller.c **** 
  17:.\canceller.c **** #define FILTER_ORDER (16)
  18:.\canceller.c **** #define FO1 (FILTER_ORDER-1) 
  19:.\canceller.c **** #define MU (0.001)
  20:.\canceller.c **** #define MU_Q20_12 ( (int) (MU * (1<<FP_SHIFT) + 0.5) )
  21:.\canceller.c **** 
  22:.\canceller.c **** static int recent_samps_in [FILTER_ORDER];
  23:.\canceller.c **** static int model_coeffs [FILTER_ORDER];
  24:.\canceller.c **** static int recent_samps_v [FILTER_ORDER];
  25:.\canceller.c **** static int wptr;                            //circular buffer write pointer, for recent_samps_in
  26:.\canceller.c **** 
  27:.\canceller.c **** void 
  28:.\canceller.c **** canceller_new(void)
  29:.\canceller.c **** {
  40              		.loc 1 29 0
  41              		.cfi_startproc
  42              		@ args = 0, pretend = 0, frame = 8
  43              		@ frame_needed = 1, uses_anonymous_args = 0
  44              		@ link register save eliminated.
  45 0000 80B4     		push	{r7}
  46              		.cfi_def_cfa_offset 4
  47              		.cfi_offset 7, -4
  48 0002 83B0     		sub	sp, sp, #12
  49              		.cfi_def_cfa_offset 16
  50 0004 00AF     		add	r7, sp, #0
  51              		.cfi_def_cfa_register 7
  30:.\canceller.c ****     int i;
  31:.\canceller.c ****     for (i=0; i<FILTER_ORDER; ++i)
  52              		.loc 1 31 0
  53 0006 0023     		movs	r3, #0
  54 0008 7B60     		str	r3, [r7, #4]
  55 000a 11E0     		b	.L2
  56              	.L3:
  32:.\canceller.c ****     {
  33:.\canceller.c ****         recent_samps_v [i]=0;
  57              		.loc 1 33 0 discriminator 2
  58 000c 0F4B     		ldr	r3, .L4
  59 000e 7A68     		ldr	r2, [r7, #4]
  60 0010 0021     		movs	r1, #0
  61 0012 43F82210 		str	r1, [r3, r2, lsl #2]
  34:.\canceller.c ****         recent_samps_in [i]=0;
  62              		.loc 1 34 0 discriminator 2
  63 0016 0E4B     		ldr	r3, .L4+4
  64 0018 7A68     		ldr	r2, [r7, #4]
  65 001a 0021     		movs	r1, #0
  66 001c 43F82210 		str	r1, [r3, r2, lsl #2]
  35:.\canceller.c ****         model_coeffs[i]=0;    
  67              		.loc 1 35 0 discriminator 2
ARM GAS  C:\Users\pearlstl\AppData\Local\Temp\ccvjpJt7.s 			page 3


  68 0020 0C4B     		ldr	r3, .L4+8
  69 0022 7A68     		ldr	r2, [r7, #4]
  70 0024 0021     		movs	r1, #0
  71 0026 43F82210 		str	r1, [r3, r2, lsl #2]
  31:.\canceller.c ****     for (i=0; i<FILTER_ORDER; ++i)
  72              		.loc 1 31 0 discriminator 2
  73 002a 7B68     		ldr	r3, [r7, #4]
  74 002c 0133     		adds	r3, r3, #1
  75 002e 7B60     		str	r3, [r7, #4]
  76              	.L2:
  31:.\canceller.c ****     for (i=0; i<FILTER_ORDER; ++i)
  77              		.loc 1 31 0 is_stmt 0 discriminator 1
  78 0030 7B68     		ldr	r3, [r7, #4]
  79 0032 0F2B     		cmp	r3, #15
  80 0034 EADD     		ble	.L3
  36:.\canceller.c ****     }
  37:.\canceller.c ****     model_coeffs[0]=1;
  81              		.loc 1 37 0 is_stmt 1
  82 0036 074B     		ldr	r3, .L4+8
  83 0038 0122     		movs	r2, #1
  84 003a 1A60     		str	r2, [r3]
  38:.\canceller.c ****     
  39:.\canceller.c ****     wptr = 0;
  85              		.loc 1 39 0
  86 003c 064B     		ldr	r3, .L4+12
  87 003e 0022     		movs	r2, #0
  88 0040 1A60     		str	r2, [r3]
  40:.\canceller.c **** }
  89              		.loc 1 40 0
  90 0042 0C37     		adds	r7, r7, #12
  91 0044 BD46     		mov	sp, r7
  92              		@ sp needed
  93 0046 5DF8047B 		ldr	r7, [sp], #4
  94 004a 7047     		bx	lr
  95              	.L5:
  96              		.align	2
  97              	.L4:
  98 004c 80000000 		.word	recent_samps_v
  99 0050 00000000 		.word	recent_samps_in
 100 0054 40000000 		.word	model_coeffs
 101 0058 C0000000 		.word	wptr
 102              		.cfi_endproc
 103              	.LFE0:
 104              		.size	canceller_new, .-canceller_new
 105              		.section	.text.canceller_new_sample,"ax",%progbits
 106              		.align	2
 107              		.global	canceller_new_sample
 108              		.thumb
 109              		.thumb_func
 110              		.type	canceller_new_sample, %function
 111              	canceller_new_sample:
 112              	.LFB1:
  41:.\canceller.c **** 
  42:.\canceller.c **** 
  43:.\canceller.c **** int 
  44:.\canceller.c **** canceller_new_sample(int input_samp)
  45:.\canceller.c **** {
ARM GAS  C:\Users\pearlstl\AppData\Local\Temp\ccvjpJt7.s 			page 4


 113              		.loc 1 45 0
 114              		.cfi_startproc
 115              		@ args = 0, pretend = 0, frame = 24
 116              		@ frame_needed = 1, uses_anonymous_args = 0
 117 0000 80B5     		push	{r7, lr}
 118              		.cfi_def_cfa_offset 8
 119              		.cfi_offset 7, -8
 120              		.cfi_offset 14, -4
 121 0002 86B0     		sub	sp, sp, #24
 122              		.cfi_def_cfa_offset 32
 123 0004 00AF     		add	r7, sp, #0
 124              		.cfi_def_cfa_register 7
 125 0006 7860     		str	r0, [r7, #4]
  46:.\canceller.c ****     //recent_samps_in[FILTER_ORDER - 1];
  47:.\canceller.c ****     int i;
  48:.\canceller.c ****     int sum=0;
 126              		.loc 1 48 0
 127 0008 0023     		movs	r3, #0
 128 000a 3B61     		str	r3, [r7, #16]
  49:.\canceller.c ****     int tmp;
  50:.\canceller.c ****     int v;
  51:.\canceller.c ****     
  52:.\canceller.c ****     // Deposit the newest input sample at wptr
  53:.\canceller.c ****     recent_samps_in[wptr]= input_samp;
 129              		.loc 1 53 0
 130 000c 1F4B     		ldr	r3, .L10
 131 000e 1A68     		ldr	r2, [r3]
 132 0010 1F4B     		ldr	r3, .L10+4
 133 0012 7968     		ldr	r1, [r7, #4]
 134 0014 43F82210 		str	r1, [r3, r2, lsl #2]
  54:.\canceller.c ****     
  55:.\canceller.c ****     // Filter the new input sample through the headphone-speaker model
  56:.\canceller.c ****     tmp=hs_model_new_sample(input_samp);
 135              		.loc 1 56 0
 136 0018 7868     		ldr	r0, [r7, #4]
 137 001a FFF7FEFF 		bl	hs_model_new_sample
 138 001e F860     		str	r0, [r7, #12]
  57:.\canceller.c ****         
  58:.\canceller.c ****     v=tmp;
 139              		.loc 1 58 0
 140 0020 FB68     		ldr	r3, [r7, #12]
 141 0022 BB60     		str	r3, [r7, #8]
  59:.\canceller.c ****     
  60:.\canceller.c ****     recent_samps_v[wptr]=v;
 142              		.loc 1 60 0
 143 0024 194B     		ldr	r3, .L10
 144 0026 1A68     		ldr	r2, [r3]
 145 0028 1A4B     		ldr	r3, .L10+8
 146 002a B968     		ldr	r1, [r7, #8]
 147 002c 43F82210 		str	r1, [r3, r2, lsl #2]
  61:.\canceller.c **** 
  62:.\canceller.c ****     sum=0;
 148              		.loc 1 62 0
 149 0030 0023     		movs	r3, #0
 150 0032 3B61     		str	r3, [r7, #16]
  63:.\canceller.c ****     for (i=0 ; i<FILTER_ORDER ; ++i)
 151              		.loc 1 63 0
ARM GAS  C:\Users\pearlstl\AppData\Local\Temp\ccvjpJt7.s 			page 5


 152 0034 0023     		movs	r3, #0
 153 0036 7B61     		str	r3, [r7, #20]
 154 0038 14E0     		b	.L7
 155              	.L8:
  64:.\canceller.c ****     {
  65:.\canceller.c ****         sum+=recent_samps_in[(wptr-i+FILTER_ORDER)&FO1]*model_coeffs[i];
 156              		.loc 1 65 0 discriminator 2
 157 003a 144B     		ldr	r3, .L10
 158 003c 1A68     		ldr	r2, [r3]
 159 003e 7B69     		ldr	r3, [r7, #20]
 160 0040 D31A     		subs	r3, r2, r3
 161 0042 03F00F02 		and	r2, r3, #15
 162 0046 124B     		ldr	r3, .L10+4
 163 0048 53F82230 		ldr	r3, [r3, r2, lsl #2]
 164 004c 124A     		ldr	r2, .L10+12
 165 004e 7969     		ldr	r1, [r7, #20]
 166 0050 52F82120 		ldr	r2, [r2, r1, lsl #2]
 167 0054 02FB03F3 		mul	r3, r2, r3
 168 0058 3A69     		ldr	r2, [r7, #16]
 169 005a 1344     		add	r3, r3, r2
 170 005c 3B61     		str	r3, [r7, #16]
  63:.\canceller.c ****     for (i=0 ; i<FILTER_ORDER ; ++i)
 171              		.loc 1 63 0 discriminator 2
 172 005e 7B69     		ldr	r3, [r7, #20]
 173 0060 0133     		adds	r3, r3, #1
 174 0062 7B61     		str	r3, [r7, #20]
 175              	.L7:
  63:.\canceller.c ****     for (i=0 ; i<FILTER_ORDER ; ++i)
 176              		.loc 1 63 0 is_stmt 0 discriminator 1
 177 0064 7B69     		ldr	r3, [r7, #20]
 178 0066 0F2B     		cmp	r3, #15
 179 0068 E7DD     		ble	.L8
  66:.\canceller.c ****     }
  67:.\canceller.c **** 
  68:.\canceller.c ****     sum=(sum+FP_ROUND)>>FP_SHIFT;
 180              		.loc 1 68 0 is_stmt 1
 181 006a 3B69     		ldr	r3, [r7, #16]
 182 006c 03F50063 		add	r3, r3, #2048
 183 0070 1B13     		asrs	r3, r3, #12
 184 0072 3B61     		str	r3, [r7, #16]
  69:.\canceller.c ****     
  70:.\canceller.c ****     wptr=(wptr+1)&FO1;
 185              		.loc 1 70 0
 186 0074 054B     		ldr	r3, .L10
 187 0076 1B68     		ldr	r3, [r3]
 188 0078 0133     		adds	r3, r3, #1
 189 007a 03F00F02 		and	r2, r3, #15
 190 007e 034B     		ldr	r3, .L10
 191 0080 1A60     		str	r2, [r3]
  71:.\canceller.c ****     
  72:.\canceller.c ****     return sum;
 192              		.loc 1 72 0
 193 0082 3B69     		ldr	r3, [r7, #16]
  73:.\canceller.c **** }
 194              		.loc 1 73 0
 195 0084 1846     		mov	r0, r3
 196 0086 1837     		adds	r7, r7, #24
ARM GAS  C:\Users\pearlstl\AppData\Local\Temp\ccvjpJt7.s 			page 6


 197 0088 BD46     		mov	sp, r7
 198              		@ sp needed
 199 008a 80BD     		pop	{r7, pc}
 200              	.L11:
 201              		.align	2
 202              	.L10:
 203 008c C0000000 		.word	wptr
 204 0090 00000000 		.word	recent_samps_in
 205 0094 80000000 		.word	recent_samps_v
 206 0098 40000000 		.word	model_coeffs
 207              		.cfi_endproc
 208              	.LFE1:
 209              		.size	canceller_new_sample, .-canceller_new_sample
 210              		.section	.text.canceller_coeff_update,"ax",%progbits
 211              		.align	2
 212              		.global	canceller_coeff_update
 213              		.thumb
 214              		.thumb_func
 215              		.type	canceller_coeff_update, %function
 216              	canceller_coeff_update:
 217              	.LFB2:
  74:.\canceller.c **** 
  75:.\canceller.c **** 
  76:.\canceller.c **** void
  77:.\canceller.c **** canceller_coeff_update (int e_)
  78:.\canceller.c **** {
 218              		.loc 1 78 0
 219              		.cfi_startproc
 220              		@ args = 0, pretend = 0, frame = 16
 221              		@ frame_needed = 1, uses_anonymous_args = 0
 222              		@ link register save eliminated.
 223 0000 80B4     		push	{r7}
 224              		.cfi_def_cfa_offset 4
 225              		.cfi_offset 7, -4
 226 0002 85B0     		sub	sp, sp, #20
 227              		.cfi_def_cfa_offset 24
 228 0004 00AF     		add	r7, sp, #0
 229              		.cfi_def_cfa_register 7
 230 0006 7860     		str	r0, [r7, #4]
  79:.\canceller.c ****     int i;
  80:.\canceller.c **** 
  81:.\canceller.c ****     for (i=0 ; i<FILTER_ORDER;++i)
 231              		.loc 1 81 0
 232 0008 0023     		movs	r3, #0
 233 000a FB60     		str	r3, [r7, #12]
 234 000c 23E0     		b	.L13
 235              	.L14:
 236              	.LBB2:
  82:.\canceller.c ****     {
  83:.\canceller.c ****         int temp;
  84:.\canceller.c ****         
  85:.\canceller.c ****         // Compute tap weight update:
  86:.\canceller.c ****         //
  87:.\canceller.c ****         //   w[k] = w[k] - u * e * v[n-k]
  88:.\canceller.c ****         //
  89:.\canceller.c ****         // where n is the current time.
  90:.\canceller.c ****        
ARM GAS  C:\Users\pearlstl\AppData\Local\Temp\ccvjpJt7.s 			page 7


  91:.\canceller.c ****         // So - we assume that the new sample has been done for the current time,
  92:.\canceller.c ****         // which results in wptr pointing to the next location (one beyond the current
  93:.\canceller.c ****         // location in recent_samps_v).  That's why we have the '- 1' in the expression below.
  94:.\canceller.c ****         temp = (e_*recent_samps_v[(wptr - 1 - i + FILTER_ORDER) & FO1]+FP_ROUND)>>FP_SHIFT;        
 237              		.loc 1 94 0 discriminator 2
 238 000e 164B     		ldr	r3, .L15
 239 0010 1B68     		ldr	r3, [r3]
 240 0012 5A1E     		subs	r2, r3, #1
 241 0014 FB68     		ldr	r3, [r7, #12]
 242 0016 D31A     		subs	r3, r2, r3
 243 0018 03F00F02 		and	r2, r3, #15
 244 001c 134B     		ldr	r3, .L15+4
 245 001e 53F82230 		ldr	r3, [r3, r2, lsl #2]
 246 0022 7A68     		ldr	r2, [r7, #4]
 247 0024 02FB03F3 		mul	r3, r2, r3
 248 0028 03F50063 		add	r3, r3, #2048
 249 002c 1B13     		asrs	r3, r3, #12
 250 002e BB60     		str	r3, [r7, #8]
  95:.\canceller.c ****         temp = (MU_Q20_12*temp+FP_ROUND)>>FP_SHIFT;                                                
 251              		.loc 1 95 0 discriminator 2
 252 0030 BB68     		ldr	r3, [r7, #8]
 253 0032 03F50073 		add	r3, r3, #512
 254 0036 9B00     		lsls	r3, r3, #2
 255 0038 1B13     		asrs	r3, r3, #12
 256 003a BB60     		str	r3, [r7, #8]
  96:.\canceller.c **** 
  97:.\canceller.c ****         model_coeffs[i] = model_coeffs[i] - temp;
 257              		.loc 1 97 0 discriminator 2
 258 003c 0C4B     		ldr	r3, .L15+8
 259 003e FA68     		ldr	r2, [r7, #12]
 260 0040 53F82220 		ldr	r2, [r3, r2, lsl #2]
 261 0044 BB68     		ldr	r3, [r7, #8]
 262 0046 D11A     		subs	r1, r2, r3
 263 0048 094B     		ldr	r3, .L15+8
 264 004a FA68     		ldr	r2, [r7, #12]
 265 004c 43F82210 		str	r1, [r3, r2, lsl #2]
 266              	.LBE2:
  81:.\canceller.c ****     for (i=0 ; i<FILTER_ORDER;++i)
 267              		.loc 1 81 0 discriminator 2
 268 0050 FB68     		ldr	r3, [r7, #12]
 269 0052 0133     		adds	r3, r3, #1
 270 0054 FB60     		str	r3, [r7, #12]
 271              	.L13:
  81:.\canceller.c ****     for (i=0 ; i<FILTER_ORDER;++i)
 272              		.loc 1 81 0 is_stmt 0 discriminator 1
 273 0056 FB68     		ldr	r3, [r7, #12]
 274 0058 0F2B     		cmp	r3, #15
 275 005a D8DD     		ble	.L14
  98:.\canceller.c ****     }
  99:.\canceller.c **** }
 276              		.loc 1 99 0 is_stmt 1
 277 005c 1437     		adds	r7, r7, #20
 278 005e BD46     		mov	sp, r7
 279              		@ sp needed
 280 0060 5DF8047B 		ldr	r7, [sp], #4
 281 0064 7047     		bx	lr
 282              	.L16:
ARM GAS  C:\Users\pearlstl\AppData\Local\Temp\ccvjpJt7.s 			page 8


 283 0066 00BF     		.align	2
 284              	.L15:
 285 0068 C0000000 		.word	wptr
 286 006c 80000000 		.word	recent_samps_v
 287 0070 40000000 		.word	model_coeffs
 288              		.cfi_endproc
 289              	.LFE2:
 290              		.size	canceller_coeff_update, .-canceller_coeff_update
 291              		.text
 292              	.Letext0:
 293              		.section	.debug_info,"",%progbits
 294              	.Ldebug_info0:
 295 0000 49010000 		.4byte	0x149
 296 0004 0400     		.2byte	0x4
 297 0006 00000000 		.4byte	.Ldebug_abbrev0
 298 000a 04       		.byte	0x4
 299 000b 01       		.uleb128 0x1
 300 000c C6000000 		.4byte	.LASF9
 301 0010 01       		.byte	0x1
 302 0011 5E010000 		.4byte	.LASF10
 303 0015 68000000 		.4byte	.LASF11
 304 0019 00000000 		.4byte	.Ldebug_ranges0+0
 305 001d 00000000 		.4byte	0
 306 0021 00000000 		.4byte	.Ldebug_line0
 307 0025 02       		.uleb128 0x2
 308 0026 34000000 		.4byte	.LASF0
 309 002a 01       		.byte	0x1
 310 002b 1C       		.byte	0x1c
 311 002c 00000000 		.4byte	.LFB0
 312 0030 5C000000 		.4byte	.LFE0-.LFB0
 313 0034 01       		.uleb128 0x1
 314 0035 9C       		.byte	0x9c
 315 0036 47000000 		.4byte	0x47
 316 003a 03       		.uleb128 0x3
 317 003b 6900     		.ascii	"i\000"
 318 003d 01       		.byte	0x1
 319 003e 1E       		.byte	0x1e
 320 003f 47000000 		.4byte	0x47
 321 0043 02       		.uleb128 0x2
 322 0044 91       		.byte	0x91
 323 0045 74       		.sleb128 -12
 324 0046 00       		.byte	0
 325 0047 04       		.uleb128 0x4
 326 0048 04       		.byte	0x4
 327 0049 05       		.byte	0x5
 328 004a 696E7400 		.ascii	"int\000"
 329 004e 05       		.uleb128 0x5
 330 004f 1F000000 		.4byte	.LASF12
 331 0053 01       		.byte	0x1
 332 0054 2C       		.byte	0x2c
 333 0055 47000000 		.4byte	0x47
 334 0059 00000000 		.4byte	.LFB1
 335 005d 9C000000 		.4byte	.LFE1-.LFB1
 336 0061 01       		.uleb128 0x1
 337 0062 9C       		.byte	0x9c
 338 0063 AA000000 		.4byte	0xaa
 339 0067 06       		.uleb128 0x6
ARM GAS  C:\Users\pearlstl\AppData\Local\Temp\ccvjpJt7.s 			page 9


 340 0068 54000000 		.4byte	.LASF2
 341 006c 01       		.byte	0x1
 342 006d 2C       		.byte	0x2c
 343 006e 47000000 		.4byte	0x47
 344 0072 02       		.uleb128 0x2
 345 0073 91       		.byte	0x91
 346 0074 64       		.sleb128 -28
 347 0075 03       		.uleb128 0x3
 348 0076 6900     		.ascii	"i\000"
 349 0078 01       		.byte	0x1
 350 0079 2F       		.byte	0x2f
 351 007a 47000000 		.4byte	0x47
 352 007e 02       		.uleb128 0x2
 353 007f 91       		.byte	0x91
 354 0080 74       		.sleb128 -12
 355 0081 03       		.uleb128 0x3
 356 0082 73756D00 		.ascii	"sum\000"
 357 0086 01       		.byte	0x1
 358 0087 30       		.byte	0x30
 359 0088 47000000 		.4byte	0x47
 360 008c 02       		.uleb128 0x2
 361 008d 91       		.byte	0x91
 362 008e 70       		.sleb128 -16
 363 008f 03       		.uleb128 0x3
 364 0090 746D7000 		.ascii	"tmp\000"
 365 0094 01       		.byte	0x1
 366 0095 31       		.byte	0x31
 367 0096 47000000 		.4byte	0x47
 368 009a 02       		.uleb128 0x2
 369 009b 91       		.byte	0x91
 370 009c 6C       		.sleb128 -20
 371 009d 03       		.uleb128 0x3
 372 009e 7600     		.ascii	"v\000"
 373 00a0 01       		.byte	0x1
 374 00a1 32       		.byte	0x32
 375 00a2 47000000 		.4byte	0x47
 376 00a6 02       		.uleb128 0x2
 377 00a7 91       		.byte	0x91
 378 00a8 68       		.sleb128 -24
 379 00a9 00       		.byte	0
 380 00aa 02       		.uleb128 0x2
 381 00ab 42010000 		.4byte	.LASF1
 382 00af 01       		.byte	0x1
 383 00b0 4D       		.byte	0x4d
 384 00b1 00000000 		.4byte	.LFB2
 385 00b5 74000000 		.4byte	.LFE2-.LFB2
 386 00b9 01       		.uleb128 0x1
 387 00ba 9C       		.byte	0x9c
 388 00bb F1000000 		.4byte	0xf1
 389 00bf 07       		.uleb128 0x7
 390 00c0 655F00   		.ascii	"e_\000"
 391 00c3 01       		.byte	0x1
 392 00c4 4D       		.byte	0x4d
 393 00c5 47000000 		.4byte	0x47
 394 00c9 02       		.uleb128 0x2
 395 00ca 91       		.byte	0x91
 396 00cb 6C       		.sleb128 -20
ARM GAS  C:\Users\pearlstl\AppData\Local\Temp\ccvjpJt7.s 			page 10


 397 00cc 03       		.uleb128 0x3
 398 00cd 6900     		.ascii	"i\000"
 399 00cf 01       		.byte	0x1
 400 00d0 4F       		.byte	0x4f
 401 00d1 47000000 		.4byte	0x47
 402 00d5 02       		.uleb128 0x2
 403 00d6 91       		.byte	0x91
 404 00d7 74       		.sleb128 -12
 405 00d8 08       		.uleb128 0x8
 406 00d9 0E000000 		.4byte	.LBB2
 407 00dd 42000000 		.4byte	.LBE2-.LBB2
 408 00e1 09       		.uleb128 0x9
 409 00e2 42000000 		.4byte	.LASF3
 410 00e6 01       		.byte	0x1
 411 00e7 53       		.byte	0x53
 412 00e8 47000000 		.4byte	0x47
 413 00ec 02       		.uleb128 0x2
 414 00ed 91       		.byte	0x91
 415 00ee 70       		.sleb128 -16
 416 00ef 00       		.byte	0
 417 00f0 00       		.byte	0
 418 00f1 0A       		.uleb128 0xa
 419 00f2 47000000 		.4byte	0x47
 420 00f6 01010000 		.4byte	0x101
 421 00fa 0B       		.uleb128 0xb
 422 00fb 01010000 		.4byte	0x101
 423 00ff 0F       		.byte	0xf
 424 0100 00       		.byte	0
 425 0101 0C       		.uleb128 0xc
 426 0102 04       		.byte	0x4
 427 0103 07       		.byte	0x7
 428 0104 5F000000 		.4byte	.LASF4
 429 0108 09       		.uleb128 0x9
 430 0109 0F000000 		.4byte	.LASF5
 431 010d 01       		.byte	0x1
 432 010e 16       		.byte	0x16
 433 010f F1000000 		.4byte	0xf1
 434 0113 05       		.uleb128 0x5
 435 0114 03       		.byte	0x3
 436 0115 00000000 		.4byte	recent_samps_in
 437 0119 09       		.uleb128 0x9
 438 011a 47000000 		.4byte	.LASF6
 439 011e 01       		.byte	0x1
 440 011f 17       		.byte	0x17
 441 0120 F1000000 		.4byte	0xf1
 442 0124 05       		.uleb128 0x5
 443 0125 03       		.byte	0x3
 444 0126 40000000 		.4byte	model_coeffs
 445 012a 09       		.uleb128 0x9
 446 012b 00000000 		.4byte	.LASF7
 447 012f 01       		.byte	0x1
 448 0130 18       		.byte	0x18
 449 0131 F1000000 		.4byte	0xf1
 450 0135 05       		.uleb128 0x5
 451 0136 03       		.byte	0x3
 452 0137 80000000 		.4byte	recent_samps_v
 453 013b 09       		.uleb128 0x9
ARM GAS  C:\Users\pearlstl\AppData\Local\Temp\ccvjpJt7.s 			page 11


 454 013c 59010000 		.4byte	.LASF8
 455 0140 01       		.byte	0x1
 456 0141 19       		.byte	0x19
 457 0142 47000000 		.4byte	0x47
 458 0146 05       		.uleb128 0x5
 459 0147 03       		.byte	0x3
 460 0148 C0000000 		.4byte	wptr
 461 014c 00       		.byte	0
 462              		.section	.debug_abbrev,"",%progbits
 463              	.Ldebug_abbrev0:
 464 0000 01       		.uleb128 0x1
 465 0001 11       		.uleb128 0x11
 466 0002 01       		.byte	0x1
 467 0003 25       		.uleb128 0x25
 468 0004 0E       		.uleb128 0xe
 469 0005 13       		.uleb128 0x13
 470 0006 0B       		.uleb128 0xb
 471 0007 03       		.uleb128 0x3
 472 0008 0E       		.uleb128 0xe
 473 0009 1B       		.uleb128 0x1b
 474 000a 0E       		.uleb128 0xe
 475 000b 55       		.uleb128 0x55
 476 000c 17       		.uleb128 0x17
 477 000d 11       		.uleb128 0x11
 478 000e 01       		.uleb128 0x1
 479 000f 10       		.uleb128 0x10
 480 0010 17       		.uleb128 0x17
 481 0011 00       		.byte	0
 482 0012 00       		.byte	0
 483 0013 02       		.uleb128 0x2
 484 0014 2E       		.uleb128 0x2e
 485 0015 01       		.byte	0x1
 486 0016 3F       		.uleb128 0x3f
 487 0017 19       		.uleb128 0x19
 488 0018 03       		.uleb128 0x3
 489 0019 0E       		.uleb128 0xe
 490 001a 3A       		.uleb128 0x3a
 491 001b 0B       		.uleb128 0xb
 492 001c 3B       		.uleb128 0x3b
 493 001d 0B       		.uleb128 0xb
 494 001e 27       		.uleb128 0x27
 495 001f 19       		.uleb128 0x19
 496 0020 11       		.uleb128 0x11
 497 0021 01       		.uleb128 0x1
 498 0022 12       		.uleb128 0x12
 499 0023 06       		.uleb128 0x6
 500 0024 40       		.uleb128 0x40
 501 0025 18       		.uleb128 0x18
 502 0026 9742     		.uleb128 0x2117
 503 0028 19       		.uleb128 0x19
 504 0029 01       		.uleb128 0x1
 505 002a 13       		.uleb128 0x13
 506 002b 00       		.byte	0
 507 002c 00       		.byte	0
 508 002d 03       		.uleb128 0x3
 509 002e 34       		.uleb128 0x34
 510 002f 00       		.byte	0
ARM GAS  C:\Users\pearlstl\AppData\Local\Temp\ccvjpJt7.s 			page 12


 511 0030 03       		.uleb128 0x3
 512 0031 08       		.uleb128 0x8
 513 0032 3A       		.uleb128 0x3a
 514 0033 0B       		.uleb128 0xb
 515 0034 3B       		.uleb128 0x3b
 516 0035 0B       		.uleb128 0xb
 517 0036 49       		.uleb128 0x49
 518 0037 13       		.uleb128 0x13
 519 0038 02       		.uleb128 0x2
 520 0039 18       		.uleb128 0x18
 521 003a 00       		.byte	0
 522 003b 00       		.byte	0
 523 003c 04       		.uleb128 0x4
 524 003d 24       		.uleb128 0x24
 525 003e 00       		.byte	0
 526 003f 0B       		.uleb128 0xb
 527 0040 0B       		.uleb128 0xb
 528 0041 3E       		.uleb128 0x3e
 529 0042 0B       		.uleb128 0xb
 530 0043 03       		.uleb128 0x3
 531 0044 08       		.uleb128 0x8
 532 0045 00       		.byte	0
 533 0046 00       		.byte	0
 534 0047 05       		.uleb128 0x5
 535 0048 2E       		.uleb128 0x2e
 536 0049 01       		.byte	0x1
 537 004a 3F       		.uleb128 0x3f
 538 004b 19       		.uleb128 0x19
 539 004c 03       		.uleb128 0x3
 540 004d 0E       		.uleb128 0xe
 541 004e 3A       		.uleb128 0x3a
 542 004f 0B       		.uleb128 0xb
 543 0050 3B       		.uleb128 0x3b
 544 0051 0B       		.uleb128 0xb
 545 0052 27       		.uleb128 0x27
 546 0053 19       		.uleb128 0x19
 547 0054 49       		.uleb128 0x49
 548 0055 13       		.uleb128 0x13
 549 0056 11       		.uleb128 0x11
 550 0057 01       		.uleb128 0x1
 551 0058 12       		.uleb128 0x12
 552 0059 06       		.uleb128 0x6
 553 005a 40       		.uleb128 0x40
 554 005b 18       		.uleb128 0x18
 555 005c 9642     		.uleb128 0x2116
 556 005e 19       		.uleb128 0x19
 557 005f 01       		.uleb128 0x1
 558 0060 13       		.uleb128 0x13
 559 0061 00       		.byte	0
 560 0062 00       		.byte	0
 561 0063 06       		.uleb128 0x6
 562 0064 05       		.uleb128 0x5
 563 0065 00       		.byte	0
 564 0066 03       		.uleb128 0x3
 565 0067 0E       		.uleb128 0xe
 566 0068 3A       		.uleb128 0x3a
 567 0069 0B       		.uleb128 0xb
ARM GAS  C:\Users\pearlstl\AppData\Local\Temp\ccvjpJt7.s 			page 13


 568 006a 3B       		.uleb128 0x3b
 569 006b 0B       		.uleb128 0xb
 570 006c 49       		.uleb128 0x49
 571 006d 13       		.uleb128 0x13
 572 006e 02       		.uleb128 0x2
 573 006f 18       		.uleb128 0x18
 574 0070 00       		.byte	0
 575 0071 00       		.byte	0
 576 0072 07       		.uleb128 0x7
 577 0073 05       		.uleb128 0x5
 578 0074 00       		.byte	0
 579 0075 03       		.uleb128 0x3
 580 0076 08       		.uleb128 0x8
 581 0077 3A       		.uleb128 0x3a
 582 0078 0B       		.uleb128 0xb
 583 0079 3B       		.uleb128 0x3b
 584 007a 0B       		.uleb128 0xb
 585 007b 49       		.uleb128 0x49
 586 007c 13       		.uleb128 0x13
 587 007d 02       		.uleb128 0x2
 588 007e 18       		.uleb128 0x18
 589 007f 00       		.byte	0
 590 0080 00       		.byte	0
 591 0081 08       		.uleb128 0x8
 592 0082 0B       		.uleb128 0xb
 593 0083 01       		.byte	0x1
 594 0084 11       		.uleb128 0x11
 595 0085 01       		.uleb128 0x1
 596 0086 12       		.uleb128 0x12
 597 0087 06       		.uleb128 0x6
 598 0088 00       		.byte	0
 599 0089 00       		.byte	0
 600 008a 09       		.uleb128 0x9
 601 008b 34       		.uleb128 0x34
 602 008c 00       		.byte	0
 603 008d 03       		.uleb128 0x3
 604 008e 0E       		.uleb128 0xe
 605 008f 3A       		.uleb128 0x3a
 606 0090 0B       		.uleb128 0xb
 607 0091 3B       		.uleb128 0x3b
 608 0092 0B       		.uleb128 0xb
 609 0093 49       		.uleb128 0x49
 610 0094 13       		.uleb128 0x13
 611 0095 02       		.uleb128 0x2
 612 0096 18       		.uleb128 0x18
 613 0097 00       		.byte	0
 614 0098 00       		.byte	0
 615 0099 0A       		.uleb128 0xa
 616 009a 01       		.uleb128 0x1
 617 009b 01       		.byte	0x1
 618 009c 49       		.uleb128 0x49
 619 009d 13       		.uleb128 0x13
 620 009e 01       		.uleb128 0x1
 621 009f 13       		.uleb128 0x13
 622 00a0 00       		.byte	0
 623 00a1 00       		.byte	0
 624 00a2 0B       		.uleb128 0xb
ARM GAS  C:\Users\pearlstl\AppData\Local\Temp\ccvjpJt7.s 			page 14


 625 00a3 21       		.uleb128 0x21
 626 00a4 00       		.byte	0
 627 00a5 49       		.uleb128 0x49
 628 00a6 13       		.uleb128 0x13
 629 00a7 2F       		.uleb128 0x2f
 630 00a8 0B       		.uleb128 0xb
 631 00a9 00       		.byte	0
 632 00aa 00       		.byte	0
 633 00ab 0C       		.uleb128 0xc
 634 00ac 24       		.uleb128 0x24
 635 00ad 00       		.byte	0
 636 00ae 0B       		.uleb128 0xb
 637 00af 0B       		.uleb128 0xb
 638 00b0 3E       		.uleb128 0x3e
 639 00b1 0B       		.uleb128 0xb
 640 00b2 03       		.uleb128 0x3
 641 00b3 0E       		.uleb128 0xe
 642 00b4 00       		.byte	0
 643 00b5 00       		.byte	0
 644 00b6 00       		.byte	0
 645              		.section	.debug_aranges,"",%progbits
 646 0000 2C000000 		.4byte	0x2c
 647 0004 0200     		.2byte	0x2
 648 0006 00000000 		.4byte	.Ldebug_info0
 649 000a 04       		.byte	0x4
 650 000b 00       		.byte	0
 651 000c 0000     		.2byte	0
 652 000e 0000     		.2byte	0
 653 0010 00000000 		.4byte	.LFB0
 654 0014 5C000000 		.4byte	.LFE0-.LFB0
 655 0018 00000000 		.4byte	.LFB1
 656 001c 9C000000 		.4byte	.LFE1-.LFB1
 657 0020 00000000 		.4byte	.LFB2
 658 0024 74000000 		.4byte	.LFE2-.LFB2
 659 0028 00000000 		.4byte	0
 660 002c 00000000 		.4byte	0
 661              		.section	.debug_ranges,"",%progbits
 662              	.Ldebug_ranges0:
 663 0000 00000000 		.4byte	.LFB0
 664 0004 5C000000 		.4byte	.LFE0
 665 0008 00000000 		.4byte	.LFB1
 666 000c 9C000000 		.4byte	.LFE1
 667 0010 00000000 		.4byte	.LFB2
 668 0014 74000000 		.4byte	.LFE2
 669 0018 00000000 		.4byte	0
 670 001c 00000000 		.4byte	0
 671              		.section	.debug_line,"",%progbits
 672              	.Ldebug_line0:
 673 0000 B8000000 		.section	.debug_str,"MS",%progbits,1
 673      02002400 
 673      00000201 
 673      FB0E0D00 
 673      01010101 
 674              	.LASF7:
 675 0000 72656365 		.ascii	"recent_samps_v\000"
 675      6E745F73 
 675      616D7073 
ARM GAS  C:\Users\pearlstl\AppData\Local\Temp\ccvjpJt7.s 			page 15


 675      5F7600
 676              	.LASF5:
 677 000f 72656365 		.ascii	"recent_samps_in\000"
 677      6E745F73 
 677      616D7073 
 677      5F696E00 
 678              	.LASF12:
 679 001f 63616E63 		.ascii	"canceller_new_sample\000"
 679      656C6C65 
 679      725F6E65 
 679      775F7361 
 679      6D706C65 
 680              	.LASF0:
 681 0034 63616E63 		.ascii	"canceller_new\000"
 681      656C6C65 
 681      725F6E65 
 681      7700
 682              	.LASF3:
 683 0042 74656D70 		.ascii	"temp\000"
 683      00
 684              	.LASF6:
 685 0047 6D6F6465 		.ascii	"model_coeffs\000"
 685      6C5F636F 
 685      65666673 
 685      00
 686              	.LASF2:
 687 0054 696E7075 		.ascii	"input_samp\000"
 687      745F7361 
 687      6D7000
 688              	.LASF4:
 689 005f 73697A65 		.ascii	"sizetype\000"
 689      74797065 
 689      00
 690              	.LASF11:
 691 0068 433A5C55 		.ascii	"C:\\Users\\pearlstl\\Documents\\MUSE-Research\\proj"
 691      73657273 
 691      5C706561 
 691      726C7374 
 691      6C5C446F 
 692 0096 5F616E63 		.ascii	"_anc\\system\\WaveGenerator1\\WaveGenerator1.cydsn\000"
 692      5C737973 
 692      74656D5C 
 692      57617665 
 692      47656E65 
 693              	.LASF9:
 694 00c6 474E5520 		.ascii	"GNU C 4.8.4 20140526 (release) [ARM/embedded-4_8-br"
 694      4320342E 
 694      382E3420 
 694      32303134 
 694      30353236 
 695 00f9 616E6368 		.ascii	"anch revision 211358] -mcpu=cortex-m3 -mthumb -g -O"
 695      20726576 
 695      6973696F 
 695      6E203231 
 695      31333538 
 696 012c 30202D66 		.ascii	"0 -ffunction-sections\000"
 696      66756E63 
ARM GAS  C:\Users\pearlstl\AppData\Local\Temp\ccvjpJt7.s 			page 16


 696      74696F6E 
 696      2D736563 
 696      74696F6E 
 697              	.LASF1:
 698 0142 63616E63 		.ascii	"canceller_coeff_update\000"
 698      656C6C65 
 698      725F636F 
 698      6566665F 
 698      75706461 
 699              	.LASF8:
 700 0159 77707472 		.ascii	"wptr\000"
 700      00
 701              	.LASF10:
 702 015e 2E5C6361 		.ascii	".\\canceller.c\000"
 702      6E63656C 
 702      6C65722E 
 702      6300
 703              		.ident	"GCC: (GNU Tools for ARM Embedded Processors) 4.8.4 20140526 (release) [ARM/embedded-4_8-br
