ARM GAS  C:\Users\shubhamt\AppData\Local\Temp\ccVSO7yg.s 			page 1


   1              		.syntax unified
   2              		.cpu cortex-m3
   3              		.fpu softvfp
   4              		.eabi_attribute 20, 1
   5              		.eabi_attribute 21, 1
   6              		.eabi_attribute 23, 3
   7              		.eabi_attribute 24, 1
   8              		.eabi_attribute 25, 1
   9              		.eabi_attribute 26, 1
  10              		.eabi_attribute 30, 6
  11              		.eabi_attribute 34, 1
  12              		.eabi_attribute 18, 4
  13              		.thumb
  14              		.file	"isr.c"
  15              		.text
  16              	.Ltext0:
  17              		.cfi_sections	.debug_frame
  18              		.section	.text.isr_Start,"ax",%progbits
  19              		.align	2
  20              		.global	isr_Start
  21              		.thumb
  22              		.thumb_func
  23              		.type	isr_Start, %function
  24              	isr_Start:
  25              	.LFB56:
  26              		.file 1 ".\\Generated_Source\\PSoC5\\isr.c"
   1:.\Generated_Source\PSoC5/isr.c **** ;/*******************************************************************************
   2:.\Generated_Source\PSoC5/isr.c **** * File Name: isr.c  
   3:.\Generated_Source\PSoC5/isr.c **** * Version 1.70
   4:.\Generated_Source\PSoC5/isr.c **** *
   5:.\Generated_Source\PSoC5/isr.c **** *  Description:
   6:.\Generated_Source\PSoC5/isr.c **** *   API for controlling the state of an interrupt.
   7:.\Generated_Source\PSoC5/isr.c **** *
   8:.\Generated_Source\PSoC5/isr.c **** *
   9:.\Generated_Source\PSoC5/isr.c **** *  Note:
  10:.\Generated_Source\PSoC5/isr.c **** *
  11:.\Generated_Source\PSoC5/isr.c **** ********************************************************************************
  12:.\Generated_Source\PSoC5/isr.c **** * Copyright 2008-2015, Cypress Semiconductor Corporation.  All rights reserved.
  13:.\Generated_Source\PSoC5/isr.c **** * You may use this file only in accordance with the license, terms, conditions, 
  14:.\Generated_Source\PSoC5/isr.c **** * disclaimers, and limitations in the end user license agreement accompanying 
  15:.\Generated_Source\PSoC5/isr.c **** * the software package with which this file was provided.
  16:.\Generated_Source\PSoC5/isr.c **** *******************************************************************************/
  17:.\Generated_Source\PSoC5/isr.c **** 
  18:.\Generated_Source\PSoC5/isr.c **** 
  19:.\Generated_Source\PSoC5/isr.c **** #include <cydevice_trm.h>
  20:.\Generated_Source\PSoC5/isr.c **** #include <CyLib.h>
  21:.\Generated_Source\PSoC5/isr.c **** #include <isr.h>
  22:.\Generated_Source\PSoC5/isr.c **** 
  23:.\Generated_Source\PSoC5/isr.c **** #if !defined(isr__REMOVED) /* Check for removal by optimization */
  24:.\Generated_Source\PSoC5/isr.c **** 
  25:.\Generated_Source\PSoC5/isr.c **** /*******************************************************************************
  26:.\Generated_Source\PSoC5/isr.c **** *  Place your includes, defines and code here 
  27:.\Generated_Source\PSoC5/isr.c **** ********************************************************************************/
  28:.\Generated_Source\PSoC5/isr.c **** /* `#START isr_intc` */
  29:.\Generated_Source\PSoC5/isr.c **** #include <project.h>
  30:.\Generated_Source\PSoC5/isr.c **** #include "canceller.h"
  31:.\Generated_Source\PSoC5/isr.c **** #include "ANC.h"
ARM GAS  C:\Users\shubhamt\AppData\Local\Temp\ccVSO7yg.s 			page 2


  32:.\Generated_Source\PSoC5/isr.c **** #include <stdlib.h>
  33:.\Generated_Source\PSoC5/isr.c **** extern int16_t *cap_array;
  34:.\Generated_Source\PSoC5/isr.c **** /* `#END` */
  35:.\Generated_Source\PSoC5/isr.c **** 
  36:.\Generated_Source\PSoC5/isr.c **** #ifndef CYINT_IRQ_BASE
  37:.\Generated_Source\PSoC5/isr.c **** #define CYINT_IRQ_BASE      16
  38:.\Generated_Source\PSoC5/isr.c **** #endif /* CYINT_IRQ_BASE */
  39:.\Generated_Source\PSoC5/isr.c **** #ifndef CYINT_VECT_TABLE
  40:.\Generated_Source\PSoC5/isr.c **** #define CYINT_VECT_TABLE    ((cyisraddress **) CYREG_NVIC_VECT_OFFSET)
  41:.\Generated_Source\PSoC5/isr.c **** #endif /* CYINT_VECT_TABLE */
  42:.\Generated_Source\PSoC5/isr.c **** 
  43:.\Generated_Source\PSoC5/isr.c **** /* Declared in startup, used to set unused interrupts to. */
  44:.\Generated_Source\PSoC5/isr.c **** CY_ISR_PROTO(IntDefaultHandler);
  45:.\Generated_Source\PSoC5/isr.c **** 
  46:.\Generated_Source\PSoC5/isr.c **** 
  47:.\Generated_Source\PSoC5/isr.c **** /*******************************************************************************
  48:.\Generated_Source\PSoC5/isr.c **** * Function Name: isr_Start
  49:.\Generated_Source\PSoC5/isr.c **** ********************************************************************************
  50:.\Generated_Source\PSoC5/isr.c **** *
  51:.\Generated_Source\PSoC5/isr.c **** * Summary:
  52:.\Generated_Source\PSoC5/isr.c **** *  Set up the interrupt and enable it. This function disables the interrupt, 
  53:.\Generated_Source\PSoC5/isr.c **** *  sets the default interrupt vector, sets the priority from the value in the
  54:.\Generated_Source\PSoC5/isr.c **** *  Design Wide Resources Interrupt Editor, then enables the interrupt to the 
  55:.\Generated_Source\PSoC5/isr.c **** *  interrupt controller.
  56:.\Generated_Source\PSoC5/isr.c **** *
  57:.\Generated_Source\PSoC5/isr.c **** * Parameters:  
  58:.\Generated_Source\PSoC5/isr.c **** *   None
  59:.\Generated_Source\PSoC5/isr.c **** *
  60:.\Generated_Source\PSoC5/isr.c **** * Return:
  61:.\Generated_Source\PSoC5/isr.c **** *   None
  62:.\Generated_Source\PSoC5/isr.c **** *
  63:.\Generated_Source\PSoC5/isr.c **** *******************************************************************************/
  64:.\Generated_Source\PSoC5/isr.c **** void isr_Start(void)
  65:.\Generated_Source\PSoC5/isr.c **** {
  27              		.loc 1 65 0
  28              		.cfi_startproc
  29              		@ args = 0, pretend = 0, frame = 0
  30              		@ frame_needed = 1, uses_anonymous_args = 0
  31 0000 80B5     		push	{r7, lr}
  32              		.cfi_def_cfa_offset 8
  33              		.cfi_offset 7, -8
  34              		.cfi_offset 14, -4
  35 0002 00AF     		add	r7, sp, #0
  36              		.cfi_def_cfa_register 7
  66:.\Generated_Source\PSoC5/isr.c ****     /* For all we know the interrupt is active. */
  67:.\Generated_Source\PSoC5/isr.c ****     isr_Disable();
  37              		.loc 1 67 0
  38 0004 FFF7FEFF 		bl	isr_Disable
  68:.\Generated_Source\PSoC5/isr.c **** 
  69:.\Generated_Source\PSoC5/isr.c ****     /* Set the ISR to point to the isr Interrupt. */
  70:.\Generated_Source\PSoC5/isr.c ****     isr_SetVector(&isr_Interrupt);
  39              		.loc 1 70 0
  40 0008 0448     		ldr	r0, .L2
  41 000a FFF7FEFF 		bl	isr_SetVector
  71:.\Generated_Source\PSoC5/isr.c **** 
  72:.\Generated_Source\PSoC5/isr.c ****     /* Set the priority. */
  73:.\Generated_Source\PSoC5/isr.c ****     isr_SetPriority((uint8)isr_INTC_PRIOR_NUMBER);
ARM GAS  C:\Users\shubhamt\AppData\Local\Temp\ccVSO7yg.s 			page 3


  42              		.loc 1 73 0
  43 000e 0720     		movs	r0, #7
  44 0010 FFF7FEFF 		bl	isr_SetPriority
  74:.\Generated_Source\PSoC5/isr.c **** 
  75:.\Generated_Source\PSoC5/isr.c ****     /* Enable it. */
  76:.\Generated_Source\PSoC5/isr.c ****     isr_Enable();
  45              		.loc 1 76 0
  46 0014 FFF7FEFF 		bl	isr_Enable
  77:.\Generated_Source\PSoC5/isr.c **** }
  47              		.loc 1 77 0
  48 0018 80BD     		pop	{r7, pc}
  49              	.L3:
  50 001a 00BF     		.align	2
  51              	.L2:
  52 001c 00000000 		.word	isr_Interrupt
  53              		.cfi_endproc
  54              	.LFE56:
  55              		.size	isr_Start, .-isr_Start
  56              		.section	.text.isr_StartEx,"ax",%progbits
  57              		.align	2
  58              		.global	isr_StartEx
  59              		.thumb
  60              		.thumb_func
  61              		.type	isr_StartEx, %function
  62              	isr_StartEx:
  63              	.LFB57:
  78:.\Generated_Source\PSoC5/isr.c **** 
  79:.\Generated_Source\PSoC5/isr.c **** 
  80:.\Generated_Source\PSoC5/isr.c **** /*******************************************************************************
  81:.\Generated_Source\PSoC5/isr.c **** * Function Name: isr_StartEx
  82:.\Generated_Source\PSoC5/isr.c **** ********************************************************************************
  83:.\Generated_Source\PSoC5/isr.c **** *
  84:.\Generated_Source\PSoC5/isr.c **** * Summary:
  85:.\Generated_Source\PSoC5/isr.c **** *  Sets up the interrupt and enables it. This function disables the interrupt,
  86:.\Generated_Source\PSoC5/isr.c **** *  sets the interrupt vector based on the address passed in, sets the priority 
  87:.\Generated_Source\PSoC5/isr.c **** *  from the value in the Design Wide Resources Interrupt Editor, then enables 
  88:.\Generated_Source\PSoC5/isr.c **** *  the interrupt to the interrupt controller.
  89:.\Generated_Source\PSoC5/isr.c **** *  
  90:.\Generated_Source\PSoC5/isr.c **** *  When defining ISR functions, the CY_ISR and CY_ISR_PROTO macros should be 
  91:.\Generated_Source\PSoC5/isr.c **** *  used to provide consistent definition across compilers:
  92:.\Generated_Source\PSoC5/isr.c **** *  
  93:.\Generated_Source\PSoC5/isr.c **** *  Function definition example:
  94:.\Generated_Source\PSoC5/isr.c **** *   CY_ISR(MyISR)
  95:.\Generated_Source\PSoC5/isr.c **** *   {
  96:.\Generated_Source\PSoC5/isr.c **** *   }
  97:.\Generated_Source\PSoC5/isr.c **** *   Function prototype example:
  98:.\Generated_Source\PSoC5/isr.c **** *   CY_ISR_PROTO(MyISR);
  99:.\Generated_Source\PSoC5/isr.c **** *
 100:.\Generated_Source\PSoC5/isr.c **** * Parameters:  
 101:.\Generated_Source\PSoC5/isr.c **** *   address: Address of the ISR to set in the interrupt vector table.
 102:.\Generated_Source\PSoC5/isr.c **** *
 103:.\Generated_Source\PSoC5/isr.c **** * Return:
 104:.\Generated_Source\PSoC5/isr.c **** *   None
 105:.\Generated_Source\PSoC5/isr.c **** *
 106:.\Generated_Source\PSoC5/isr.c **** *******************************************************************************/
 107:.\Generated_Source\PSoC5/isr.c **** void isr_StartEx(cyisraddress address)
 108:.\Generated_Source\PSoC5/isr.c **** {
ARM GAS  C:\Users\shubhamt\AppData\Local\Temp\ccVSO7yg.s 			page 4


  64              		.loc 1 108 0
  65              		.cfi_startproc
  66              		@ args = 0, pretend = 0, frame = 8
  67              		@ frame_needed = 1, uses_anonymous_args = 0
  68 0000 80B5     		push	{r7, lr}
  69              		.cfi_def_cfa_offset 8
  70              		.cfi_offset 7, -8
  71              		.cfi_offset 14, -4
  72 0002 82B0     		sub	sp, sp, #8
  73              		.cfi_def_cfa_offset 16
  74 0004 00AF     		add	r7, sp, #0
  75              		.cfi_def_cfa_register 7
  76 0006 7860     		str	r0, [r7, #4]
 109:.\Generated_Source\PSoC5/isr.c ****     /* For all we know the interrupt is active. */
 110:.\Generated_Source\PSoC5/isr.c ****     isr_Disable();
  77              		.loc 1 110 0
  78 0008 FFF7FEFF 		bl	isr_Disable
 111:.\Generated_Source\PSoC5/isr.c **** 
 112:.\Generated_Source\PSoC5/isr.c ****     /* Set the ISR to point to the isr Interrupt. */
 113:.\Generated_Source\PSoC5/isr.c ****     isr_SetVector(address);
  79              		.loc 1 113 0
  80 000c 7868     		ldr	r0, [r7, #4]
  81 000e FFF7FEFF 		bl	isr_SetVector
 114:.\Generated_Source\PSoC5/isr.c **** 
 115:.\Generated_Source\PSoC5/isr.c ****     /* Set the priority. */
 116:.\Generated_Source\PSoC5/isr.c ****     isr_SetPriority((uint8)isr_INTC_PRIOR_NUMBER);
  82              		.loc 1 116 0
  83 0012 0720     		movs	r0, #7
  84 0014 FFF7FEFF 		bl	isr_SetPriority
 117:.\Generated_Source\PSoC5/isr.c **** 
 118:.\Generated_Source\PSoC5/isr.c ****     /* Enable it. */
 119:.\Generated_Source\PSoC5/isr.c ****     isr_Enable();
  85              		.loc 1 119 0
  86 0018 FFF7FEFF 		bl	isr_Enable
 120:.\Generated_Source\PSoC5/isr.c **** }
  87              		.loc 1 120 0
  88 001c 0837     		adds	r7, r7, #8
  89 001e BD46     		mov	sp, r7
  90              		@ sp needed
  91 0020 80BD     		pop	{r7, pc}
  92              		.cfi_endproc
  93              	.LFE57:
  94              		.size	isr_StartEx, .-isr_StartEx
  95 0022 00BF     		.section	.text.isr_Stop,"ax",%progbits
  96              		.align	2
  97              		.global	isr_Stop
  98              		.thumb
  99              		.thumb_func
 100              		.type	isr_Stop, %function
 101              	isr_Stop:
 102              	.LFB58:
 121:.\Generated_Source\PSoC5/isr.c **** 
 122:.\Generated_Source\PSoC5/isr.c **** 
 123:.\Generated_Source\PSoC5/isr.c **** /*******************************************************************************
 124:.\Generated_Source\PSoC5/isr.c **** * Function Name: isr_Stop
 125:.\Generated_Source\PSoC5/isr.c **** ********************************************************************************
 126:.\Generated_Source\PSoC5/isr.c **** *
ARM GAS  C:\Users\shubhamt\AppData\Local\Temp\ccVSO7yg.s 			page 5


 127:.\Generated_Source\PSoC5/isr.c **** * Summary:
 128:.\Generated_Source\PSoC5/isr.c **** *   Disables and removes the interrupt.
 129:.\Generated_Source\PSoC5/isr.c **** *
 130:.\Generated_Source\PSoC5/isr.c **** * Parameters:  
 131:.\Generated_Source\PSoC5/isr.c **** *   None
 132:.\Generated_Source\PSoC5/isr.c **** *
 133:.\Generated_Source\PSoC5/isr.c **** * Return:
 134:.\Generated_Source\PSoC5/isr.c **** *   None
 135:.\Generated_Source\PSoC5/isr.c **** *
 136:.\Generated_Source\PSoC5/isr.c **** *******************************************************************************/
 137:.\Generated_Source\PSoC5/isr.c **** void isr_Stop(void)
 138:.\Generated_Source\PSoC5/isr.c **** {
 103              		.loc 1 138 0
 104              		.cfi_startproc
 105              		@ args = 0, pretend = 0, frame = 0
 106              		@ frame_needed = 1, uses_anonymous_args = 0
 107 0000 80B5     		push	{r7, lr}
 108              		.cfi_def_cfa_offset 8
 109              		.cfi_offset 7, -8
 110              		.cfi_offset 14, -4
 111 0002 00AF     		add	r7, sp, #0
 112              		.cfi_def_cfa_register 7
 139:.\Generated_Source\PSoC5/isr.c ****     /* Disable this interrupt. */
 140:.\Generated_Source\PSoC5/isr.c ****     isr_Disable();
 113              		.loc 1 140 0
 114 0004 FFF7FEFF 		bl	isr_Disable
 141:.\Generated_Source\PSoC5/isr.c **** 
 142:.\Generated_Source\PSoC5/isr.c ****     /* Set the ISR to point to the passive one. */
 143:.\Generated_Source\PSoC5/isr.c ****     isr_SetVector(&IntDefaultHandler);
 115              		.loc 1 143 0
 116 0008 0148     		ldr	r0, .L6
 117 000a FFF7FEFF 		bl	isr_SetVector
 144:.\Generated_Source\PSoC5/isr.c **** }
 118              		.loc 1 144 0
 119 000e 80BD     		pop	{r7, pc}
 120              	.L7:
 121              		.align	2
 122              	.L6:
 123 0010 00000000 		.word	IntDefaultHandler
 124              		.cfi_endproc
 125              	.LFE58:
 126              		.size	isr_Stop, .-isr_Stop
 127              		.section	.text.isr_Interrupt,"ax",%progbits
 128              		.align	2
 129              		.global	isr_Interrupt
 130              		.thumb
 131              		.thumb_func
 132              		.type	isr_Interrupt, %function
 133              	isr_Interrupt:
 134              	.LFB59:
 145:.\Generated_Source\PSoC5/isr.c **** 
 146:.\Generated_Source\PSoC5/isr.c **** 
 147:.\Generated_Source\PSoC5/isr.c **** /*******************************************************************************
 148:.\Generated_Source\PSoC5/isr.c **** * Function Name: isr_Interrupt
 149:.\Generated_Source\PSoC5/isr.c **** ********************************************************************************
 150:.\Generated_Source\PSoC5/isr.c **** *
 151:.\Generated_Source\PSoC5/isr.c **** * Summary:
ARM GAS  C:\Users\shubhamt\AppData\Local\Temp\ccVSO7yg.s 			page 6


 152:.\Generated_Source\PSoC5/isr.c **** *   The default Interrupt Service Routine for isr.
 153:.\Generated_Source\PSoC5/isr.c **** *
 154:.\Generated_Source\PSoC5/isr.c **** *   Add custom code between the coments to keep the next version of this file
 155:.\Generated_Source\PSoC5/isr.c **** *   from over writting your code.
 156:.\Generated_Source\PSoC5/isr.c **** *
 157:.\Generated_Source\PSoC5/isr.c **** * Parameters:  
 158:.\Generated_Source\PSoC5/isr.c **** *
 159:.\Generated_Source\PSoC5/isr.c **** * Return:
 160:.\Generated_Source\PSoC5/isr.c **** *   None
 161:.\Generated_Source\PSoC5/isr.c **** *
 162:.\Generated_Source\PSoC5/isr.c **** *******************************************************************************/
 163:.\Generated_Source\PSoC5/isr.c **** CY_ISR(isr_Interrupt)
 164:.\Generated_Source\PSoC5/isr.c **** {
 135              		.loc 1 164 0
 136              		.cfi_startproc
 137              		@ args = 0, pretend = 0, frame = 24
 138              		@ frame_needed = 1, uses_anonymous_args = 0
 139 0000 80B5     		push	{r7, lr}
 140              		.cfi_def_cfa_offset 8
 141              		.cfi_offset 7, -8
 142              		.cfi_offset 14, -4
 143 0002 86B0     		sub	sp, sp, #24
 144              		.cfi_def_cfa_offset 32
 145 0004 00AF     		add	r7, sp, #0
 146              		.cfi_def_cfa_register 7
 165:.\Generated_Source\PSoC5/isr.c ****     /*  Place your Interrupt code here. */
 166:.\Generated_Source\PSoC5/isr.c ****     /* `#START isr_Interrupt` */
 167:.\Generated_Source\PSoC5/isr.c ****     
 168:.\Generated_Source\PSoC5/isr.c ****     #define NUM_TONES (1)                         // number of tones to be generated
 169:.\Generated_Source\PSoC5/isr.c ****     static int n=0;                       // Discrete time index
 170:.\Generated_Source\PSoC5/isr.c ****     static int wave_idx=0;
 171:.\Generated_Source\PSoC5/isr.c ****     int freqs[] = { 256 };                // Array of tone frequencies, in Hz
 147              		.loc 1 171 0
 148 0006 4FF48073 		mov	r3, #256
 149 000a BB60     		str	r3, [r7, #8]
 172:.\Generated_Source\PSoC5/isr.c ****     int ampls[] = { 16000 };              // Array of tone amplitudes, C1.0.15, roughly 0.5 for now
 150              		.loc 1 172 0
 151 000c 4FF47A53 		mov	r3, #16000
 152 0010 7B60     		str	r3, [r7, #4]
 173:.\Generated_Source\PSoC5/isr.c ****     int T       = (1<<20)/20000;          // Samping period, in 1/2^20) seconds //16*1024 (would be
 153              		.loc 1 173 0
 154 0012 3423     		movs	r3, #52
 155 0014 7B61     		str	r3, [r7, #20]
 174:.\Generated_Source\PSoC5/isr.c ****     int k;
 175:.\Generated_Source\PSoC5/isr.c ****     int value;
 176:.\Generated_Source\PSoC5/isr.c ****     int x=0;
 156              		.loc 1 176 0
 157 0016 0023     		movs	r3, #0
 158 0018 3B61     		str	r3, [r7, #16]
 177:.\Generated_Source\PSoC5/isr.c ****     int e_;
 178:.\Generated_Source\PSoC5/isr.c ****     extern int wave_table[WAVESIZE];
 179:.\Generated_Source\PSoC5/isr.c ****     Pin_6_Write(n);
 159              		.loc 1 179 0
 160 001a 1B4B     		ldr	r3, .L10
 161 001c 1B68     		ldr	r3, [r3]
 162 001e DBB2     		uxtb	r3, r3
 163 0020 1846     		mov	r0, r3
ARM GAS  C:\Users\shubhamt\AppData\Local\Temp\ccVSO7yg.s 			page 7


 164 0022 FFF7FEFF 		bl	Pin_6_Write
 180:.\Generated_Source\PSoC5/isr.c **** //  for (k = 0 ; k<NUM_TONES ; ++k)
 181:.\Generated_Source\PSoC5/isr.c **** //  {
 182:.\Generated_Source\PSoC5/isr.c **** //      value = n*T*freqs[k]/(1<<5);
 183:.\Generated_Source\PSoC5/isr.c **** //      value=value&0x7fff;
 184:.\Generated_Source\PSoC5/isr.c **** //      value=(value*ampls[k])>>15;
 185:.\Generated_Source\PSoC5/isr.c **** //      x+=value;                         //15 bit unsigned number
 186:.\Generated_Source\PSoC5/isr.c **** //  }
 187:.\Generated_Source\PSoC5/isr.c **** //            
 188:.\Generated_Source\PSoC5/isr.c **** //              
 189:.\Generated_Source\PSoC5/isr.c **** //  x = (x>>4);                           //now a 8bit 2's comp value
 190:.\Generated_Source\PSoC5/isr.c **** //  x+=128;                               //Offset binary. VDAC wants this
 191:.\Generated_Source\PSoC5/isr.c ****      
 192:.\Generated_Source\PSoC5/isr.c **** //    x = wave_table[wave_idx];
 193:.\Generated_Source\PSoC5/isr.c **** //    x=(x)>>5;                             // rounds to an 8 bit number
 194:.\Generated_Source\PSoC5/isr.c **** //    x=x+128;                              // converts from 2's comp to offset binary
 195:.\Generated_Source\PSoC5/isr.c ****     VDAC8_2_ls_SetValue(x);  
 165              		.loc 1 195 0
 166 0026 3B69     		ldr	r3, [r7, #16]
 167 0028 DBB2     		uxtb	r3, r3
 168 002a 1846     		mov	r0, r3
 169 002c FFF7FEFF 		bl	VDAC8_2_ls_SetValue
 196:.\Generated_Source\PSoC5/isr.c ****     x = rand();   
 170              		.loc 1 196 0
 171 0030 FFF7FEFF 		bl	rand
 172 0034 3861     		str	r0, [r7, #16]
 197:.\Generated_Source\PSoC5/isr.c ****     //fixed point -1 to 1                   double(x)/2^31(2 billion)
 198:.\Generated_Source\PSoC5/isr.c ****         
 199:.\Generated_Source\PSoC5/isr.c ****     e_ =  ADC_SAR_GetResult16();          //Set's value to the ADC output (16bit 2's comp value)
 173              		.loc 1 199 0
 174 0036 FFF7FEFF 		bl	ADC_SAR_GetResult16
 175 003a 0346     		mov	r3, r0
 176 003c FB60     		str	r3, [r7, #12]
 200:.\Generated_Source\PSoC5/isr.c ****         
 201:.\Generated_Source\PSoC5/isr.c ****        
 202:.\Generated_Source\PSoC5/isr.c ****     //canceller code goes here
 203:.\Generated_Source\PSoC5/isr.c ****     canceller_new_sample (x);
 177              		.loc 1 203 0
 178 003e 3869     		ldr	r0, [r7, #16]
 179 0040 FFF7FEFF 		bl	canceller_new_sample
 204:.\Generated_Source\PSoC5/isr.c ****     canceller_coeff_update (e_);
 180              		.loc 1 204 0
 181 0044 F868     		ldr	r0, [r7, #12]
 182 0046 FFF7FEFF 		bl	canceller_coeff_update
 205:.\Generated_Source\PSoC5/isr.c ****     //end canceller code  
 206:.\Generated_Source\PSoC5/isr.c ****         
 207:.\Generated_Source\PSoC5/isr.c ****     VDAC8_1_hs_SetValue(x);              
 183              		.loc 1 207 0
 184 004a 3B69     		ldr	r3, [r7, #16]
 185 004c DBB2     		uxtb	r3, r3
 186 004e 1846     		mov	r0, r3
 187 0050 FFF7FEFF 		bl	VDAC8_1_hs_SetValue
 208:.\Generated_Source\PSoC5/isr.c ****        
 209:.\Generated_Source\PSoC5/isr.c ****     ++wave_idx;
 188              		.loc 1 209 0
 189 0054 0D4B     		ldr	r3, .L10+4
 190 0056 1B68     		ldr	r3, [r3]
ARM GAS  C:\Users\shubhamt\AppData\Local\Temp\ccVSO7yg.s 			page 8


 191 0058 5A1C     		adds	r2, r3, #1
 192 005a 0C4B     		ldr	r3, .L10+4
 193 005c 1A60     		str	r2, [r3]
 210:.\Generated_Source\PSoC5/isr.c ****         
 211:.\Generated_Source\PSoC5/isr.c ****     if (wave_idx == WAVESIZE)
 194              		.loc 1 211 0
 195 005e 0B4B     		ldr	r3, .L10+4
 196 0060 1B68     		ldr	r3, [r3]
 197 0062 142B     		cmp	r3, #20
 198 0064 02D1     		bne	.L9
 212:.\Generated_Source\PSoC5/isr.c ****     {
 213:.\Generated_Source\PSoC5/isr.c ****         wave_idx=0;
 199              		.loc 1 213 0
 200 0066 094B     		ldr	r3, .L10+4
 201 0068 0022     		movs	r2, #0
 202 006a 1A60     		str	r2, [r3]
 203              	.L9:
 214:.\Generated_Source\PSoC5/isr.c ****     }
 215:.\Generated_Source\PSoC5/isr.c ****         
 216:.\Generated_Source\PSoC5/isr.c **** //    if (n < NUM_SAMPS_TO_CAPTURE)
 217:.\Generated_Source\PSoC5/isr.c **** //    {
 218:.\Generated_Source\PSoC5/isr.c **** //        cap_array[n] = e_;
 219:.\Generated_Source\PSoC5/isr.c **** //    }
 220:.\Generated_Source\PSoC5/isr.c **** //    else
 221:.\Generated_Source\PSoC5/isr.c **** //    {
 222:.\Generated_Source\PSoC5/isr.c **** //    // Add dummy line here, to enable breakpoint
 223:.\Generated_Source\PSoC5/isr.c **** //    n = n;
 224:.\Generated_Source\PSoC5/isr.c **** //    }
 225:.\Generated_Source\PSoC5/isr.c ****     
 226:.\Generated_Source\PSoC5/isr.c ****     
 227:.\Generated_Source\PSoC5/isr.c ****    
 228:.\Generated_Source\PSoC5/isr.c ****     
 229:.\Generated_Source\PSoC5/isr.c ****     ++n;
 204              		.loc 1 229 0
 205 006c 064B     		ldr	r3, .L10
 206 006e 1B68     		ldr	r3, [r3]
 207 0070 5A1C     		adds	r2, r3, #1
 208 0072 054B     		ldr	r3, .L10
 209 0074 1A60     		str	r2, [r3]
 230:.\Generated_Source\PSoC5/isr.c ****     Pin_5_Write(n);
 210              		.loc 1 230 0
 211 0076 044B     		ldr	r3, .L10
 212 0078 1B68     		ldr	r3, [r3]
 213 007a DBB2     		uxtb	r3, r3
 214 007c 1846     		mov	r0, r3
 215 007e FFF7FEFF 		bl	Pin_5_Write
 231:.\Generated_Source\PSoC5/isr.c **** }        
 216              		.loc 1 231 0
 217 0082 1837     		adds	r7, r7, #24
 218 0084 BD46     		mov	sp, r7
 219              		@ sp needed
 220 0086 80BD     		pop	{r7, pc}
 221              	.L11:
 222              		.align	2
 223              	.L10:
 224 0088 00000000 		.word	n.5957
 225 008c 04000000 		.word	wave_idx.5958
ARM GAS  C:\Users\shubhamt\AppData\Local\Temp\ccVSO7yg.s 			page 9


 226              		.cfi_endproc
 227              	.LFE59:
 228              		.size	isr_Interrupt, .-isr_Interrupt
 229              		.section	.text.isr_SetVector,"ax",%progbits
 230              		.align	2
 231              		.global	isr_SetVector
 232              		.thumb
 233              		.thumb_func
 234              		.type	isr_SetVector, %function
 235              	isr_SetVector:
 236              	.LFB60:
 232:.\Generated_Source\PSoC5/isr.c **** 
 233:.\Generated_Source\PSoC5/isr.c ****     /* `#END` */
 234:.\Generated_Source\PSoC5/isr.c **** 
 235:.\Generated_Source\PSoC5/isr.c **** 
 236:.\Generated_Source\PSoC5/isr.c **** 
 237:.\Generated_Source\PSoC5/isr.c **** /*******************************************************************************
 238:.\Generated_Source\PSoC5/isr.c **** * Function Name: isr_SetVector
 239:.\Generated_Source\PSoC5/isr.c **** ********************************************************************************
 240:.\Generated_Source\PSoC5/isr.c **** *
 241:.\Generated_Source\PSoC5/isr.c **** * Summary:
 242:.\Generated_Source\PSoC5/isr.c **** *   Change the ISR vector for the Interrupt. Note calling isr_Start
 243:.\Generated_Source\PSoC5/isr.c **** *   will override any effect this method would have had. To set the vector 
 244:.\Generated_Source\PSoC5/isr.c **** *   before the component has been started use isr_StartEx instead.
 245:.\Generated_Source\PSoC5/isr.c **** * 
 246:.\Generated_Source\PSoC5/isr.c **** *   When defining ISR functions, the CY_ISR and CY_ISR_PROTO macros should be 
 247:.\Generated_Source\PSoC5/isr.c **** *   used to provide consistent definition across compilers:
 248:.\Generated_Source\PSoC5/isr.c **** *
 249:.\Generated_Source\PSoC5/isr.c **** *   Function definition example:
 250:.\Generated_Source\PSoC5/isr.c **** *   CY_ISR(MyISR)
 251:.\Generated_Source\PSoC5/isr.c **** *   {
 252:.\Generated_Source\PSoC5/isr.c **** *   }
 253:.\Generated_Source\PSoC5/isr.c **** *
 254:.\Generated_Source\PSoC5/isr.c **** *   Function prototype example:
 255:.\Generated_Source\PSoC5/isr.c **** *     CY_ISR_PROTO(MyISR);
 256:.\Generated_Source\PSoC5/isr.c **** *
 257:.\Generated_Source\PSoC5/isr.c **** * Parameters:
 258:.\Generated_Source\PSoC5/isr.c **** *   address: Address of the ISR to set in the interrupt vector table.
 259:.\Generated_Source\PSoC5/isr.c **** *
 260:.\Generated_Source\PSoC5/isr.c **** * Return:
 261:.\Generated_Source\PSoC5/isr.c **** *   None
 262:.\Generated_Source\PSoC5/isr.c **** *
 263:.\Generated_Source\PSoC5/isr.c **** *******************************************************************************/
 264:.\Generated_Source\PSoC5/isr.c **** void isr_SetVector(cyisraddress address)
 265:.\Generated_Source\PSoC5/isr.c **** {
 237              		.loc 1 265 0
 238              		.cfi_startproc
 239              		@ args = 0, pretend = 0, frame = 16
 240              		@ frame_needed = 1, uses_anonymous_args = 0
 241              		@ link register save eliminated.
 242 0000 80B4     		push	{r7}
 243              		.cfi_def_cfa_offset 4
 244              		.cfi_offset 7, -4
 245 0002 85B0     		sub	sp, sp, #20
 246              		.cfi_def_cfa_offset 24
 247 0004 00AF     		add	r7, sp, #0
 248              		.cfi_def_cfa_register 7
ARM GAS  C:\Users\shubhamt\AppData\Local\Temp\ccVSO7yg.s 			page 10


 249 0006 7860     		str	r0, [r7, #4]
 266:.\Generated_Source\PSoC5/isr.c ****     cyisraddress * ramVectorTable;
 267:.\Generated_Source\PSoC5/isr.c **** 
 268:.\Generated_Source\PSoC5/isr.c ****     ramVectorTable = (cyisraddress *) *CYINT_VECT_TABLE;
 250              		.loc 1 268 0
 251 0008 054B     		ldr	r3, .L13
 252 000a 1B68     		ldr	r3, [r3]
 253 000c FB60     		str	r3, [r7, #12]
 269:.\Generated_Source\PSoC5/isr.c **** 
 270:.\Generated_Source\PSoC5/isr.c ****     ramVectorTable[CYINT_IRQ_BASE + (uint32)isr__INTC_NUMBER] = address;
 254              		.loc 1 270 0
 255 000e FB68     		ldr	r3, [r7, #12]
 256 0010 4433     		adds	r3, r3, #68
 257 0012 7A68     		ldr	r2, [r7, #4]
 258 0014 1A60     		str	r2, [r3]
 271:.\Generated_Source\PSoC5/isr.c **** }
 259              		.loc 1 271 0
 260 0016 1437     		adds	r7, r7, #20
 261 0018 BD46     		mov	sp, r7
 262              		@ sp needed
 263 001a 5DF8047B 		ldr	r7, [sp], #4
 264 001e 7047     		bx	lr
 265              	.L14:
 266              		.align	2
 267              	.L13:
 268 0020 08ED00E0 		.word	-536810232
 269              		.cfi_endproc
 270              	.LFE60:
 271              		.size	isr_SetVector, .-isr_SetVector
 272              		.section	.text.isr_GetVector,"ax",%progbits
 273              		.align	2
 274              		.global	isr_GetVector
 275              		.thumb
 276              		.thumb_func
 277              		.type	isr_GetVector, %function
 278              	isr_GetVector:
 279              	.LFB61:
 272:.\Generated_Source\PSoC5/isr.c **** 
 273:.\Generated_Source\PSoC5/isr.c **** 
 274:.\Generated_Source\PSoC5/isr.c **** /*******************************************************************************
 275:.\Generated_Source\PSoC5/isr.c **** * Function Name: isr_GetVector
 276:.\Generated_Source\PSoC5/isr.c **** ********************************************************************************
 277:.\Generated_Source\PSoC5/isr.c **** *
 278:.\Generated_Source\PSoC5/isr.c **** * Summary:
 279:.\Generated_Source\PSoC5/isr.c **** *   Gets the "address" of the current ISR vector for the Interrupt.
 280:.\Generated_Source\PSoC5/isr.c **** *
 281:.\Generated_Source\PSoC5/isr.c **** * Parameters:
 282:.\Generated_Source\PSoC5/isr.c **** *   None
 283:.\Generated_Source\PSoC5/isr.c **** *
 284:.\Generated_Source\PSoC5/isr.c **** * Return:
 285:.\Generated_Source\PSoC5/isr.c **** *   Address of the ISR in the interrupt vector table.
 286:.\Generated_Source\PSoC5/isr.c **** *
 287:.\Generated_Source\PSoC5/isr.c **** *******************************************************************************/
 288:.\Generated_Source\PSoC5/isr.c **** cyisraddress isr_GetVector(void)
 289:.\Generated_Source\PSoC5/isr.c **** {
 280              		.loc 1 289 0
 281              		.cfi_startproc
ARM GAS  C:\Users\shubhamt\AppData\Local\Temp\ccVSO7yg.s 			page 11


 282              		@ args = 0, pretend = 0, frame = 8
 283              		@ frame_needed = 1, uses_anonymous_args = 0
 284              		@ link register save eliminated.
 285 0000 80B4     		push	{r7}
 286              		.cfi_def_cfa_offset 4
 287              		.cfi_offset 7, -4
 288 0002 83B0     		sub	sp, sp, #12
 289              		.cfi_def_cfa_offset 16
 290 0004 00AF     		add	r7, sp, #0
 291              		.cfi_def_cfa_register 7
 290:.\Generated_Source\PSoC5/isr.c ****     cyisraddress * ramVectorTable;
 291:.\Generated_Source\PSoC5/isr.c **** 
 292:.\Generated_Source\PSoC5/isr.c ****     ramVectorTable = (cyisraddress *) *CYINT_VECT_TABLE;
 292              		.loc 1 292 0
 293 0006 054B     		ldr	r3, .L17
 294 0008 1B68     		ldr	r3, [r3]
 295 000a 7B60     		str	r3, [r7, #4]
 293:.\Generated_Source\PSoC5/isr.c **** 
 294:.\Generated_Source\PSoC5/isr.c ****     return ramVectorTable[CYINT_IRQ_BASE + (uint32)isr__INTC_NUMBER];
 296              		.loc 1 294 0
 297 000c 7B68     		ldr	r3, [r7, #4]
 298 000e 5B6C     		ldr	r3, [r3, #68]
 295:.\Generated_Source\PSoC5/isr.c **** }
 299              		.loc 1 295 0
 300 0010 1846     		mov	r0, r3
 301 0012 0C37     		adds	r7, r7, #12
 302 0014 BD46     		mov	sp, r7
 303              		@ sp needed
 304 0016 5DF8047B 		ldr	r7, [sp], #4
 305 001a 7047     		bx	lr
 306              	.L18:
 307              		.align	2
 308              	.L17:
 309 001c 08ED00E0 		.word	-536810232
 310              		.cfi_endproc
 311              	.LFE61:
 312              		.size	isr_GetVector, .-isr_GetVector
 313              		.section	.text.isr_SetPriority,"ax",%progbits
 314              		.align	2
 315              		.global	isr_SetPriority
 316              		.thumb
 317              		.thumb_func
 318              		.type	isr_SetPriority, %function
 319              	isr_SetPriority:
 320              	.LFB62:
 296:.\Generated_Source\PSoC5/isr.c **** 
 297:.\Generated_Source\PSoC5/isr.c **** 
 298:.\Generated_Source\PSoC5/isr.c **** /*******************************************************************************
 299:.\Generated_Source\PSoC5/isr.c **** * Function Name: isr_SetPriority
 300:.\Generated_Source\PSoC5/isr.c **** ********************************************************************************
 301:.\Generated_Source\PSoC5/isr.c **** *
 302:.\Generated_Source\PSoC5/isr.c **** * Summary:
 303:.\Generated_Source\PSoC5/isr.c **** *   Sets the Priority of the Interrupt. 
 304:.\Generated_Source\PSoC5/isr.c **** *
 305:.\Generated_Source\PSoC5/isr.c **** *   Note calling isr_Start or isr_StartEx will 
 306:.\Generated_Source\PSoC5/isr.c **** *   override any effect this API would have had. This API should only be called
 307:.\Generated_Source\PSoC5/isr.c **** *   after isr_Start or isr_StartEx has been called. 
ARM GAS  C:\Users\shubhamt\AppData\Local\Temp\ccVSO7yg.s 			page 12


 308:.\Generated_Source\PSoC5/isr.c **** *   To set the initial priority for the component, use the Design-Wide Resources
 309:.\Generated_Source\PSoC5/isr.c **** *   Interrupt Editor.
 310:.\Generated_Source\PSoC5/isr.c **** *
 311:.\Generated_Source\PSoC5/isr.c **** *   Note This API has no effect on Non-maskable interrupt NMI).
 312:.\Generated_Source\PSoC5/isr.c **** *
 313:.\Generated_Source\PSoC5/isr.c **** * Parameters:
 314:.\Generated_Source\PSoC5/isr.c **** *   priority: Priority of the interrupt, 0 being the highest priority
 315:.\Generated_Source\PSoC5/isr.c **** *             PSoC 3 and PSoC 5LP: Priority is from 0 to 7.
 316:.\Generated_Source\PSoC5/isr.c **** *             PSoC 4: Priority is from 0 to 3.
 317:.\Generated_Source\PSoC5/isr.c **** *
 318:.\Generated_Source\PSoC5/isr.c **** * Return:
 319:.\Generated_Source\PSoC5/isr.c **** *   None
 320:.\Generated_Source\PSoC5/isr.c **** *
 321:.\Generated_Source\PSoC5/isr.c **** *******************************************************************************/
 322:.\Generated_Source\PSoC5/isr.c **** void isr_SetPriority(uint8 priority)
 323:.\Generated_Source\PSoC5/isr.c **** {
 321              		.loc 1 323 0
 322              		.cfi_startproc
 323              		@ args = 0, pretend = 0, frame = 8
 324              		@ frame_needed = 1, uses_anonymous_args = 0
 325              		@ link register save eliminated.
 326 0000 80B4     		push	{r7}
 327              		.cfi_def_cfa_offset 4
 328              		.cfi_offset 7, -4
 329 0002 83B0     		sub	sp, sp, #12
 330              		.cfi_def_cfa_offset 16
 331 0004 00AF     		add	r7, sp, #0
 332              		.cfi_def_cfa_register 7
 333 0006 0346     		mov	r3, r0
 334 0008 FB71     		strb	r3, [r7, #7]
 324:.\Generated_Source\PSoC5/isr.c ****     *isr_INTC_PRIOR = priority << 5;
 335              		.loc 1 324 0
 336 000a 054B     		ldr	r3, .L20
 337 000c FA79     		ldrb	r2, [r7, #7]
 338 000e 5201     		lsls	r2, r2, #5
 339 0010 D2B2     		uxtb	r2, r2
 340 0012 1A70     		strb	r2, [r3]
 325:.\Generated_Source\PSoC5/isr.c **** }
 341              		.loc 1 325 0
 342 0014 0C37     		adds	r7, r7, #12
 343 0016 BD46     		mov	sp, r7
 344              		@ sp needed
 345 0018 5DF8047B 		ldr	r7, [sp], #4
 346 001c 7047     		bx	lr
 347              	.L21:
 348 001e 00BF     		.align	2
 349              	.L20:
 350 0020 01E400E0 		.word	-536812543
 351              		.cfi_endproc
 352              	.LFE62:
 353              		.size	isr_SetPriority, .-isr_SetPriority
 354              		.section	.text.isr_GetPriority,"ax",%progbits
 355              		.align	2
 356              		.global	isr_GetPriority
 357              		.thumb
 358              		.thumb_func
 359              		.type	isr_GetPriority, %function
ARM GAS  C:\Users\shubhamt\AppData\Local\Temp\ccVSO7yg.s 			page 13


 360              	isr_GetPriority:
 361              	.LFB63:
 326:.\Generated_Source\PSoC5/isr.c **** 
 327:.\Generated_Source\PSoC5/isr.c **** 
 328:.\Generated_Source\PSoC5/isr.c **** /*******************************************************************************
 329:.\Generated_Source\PSoC5/isr.c **** * Function Name: isr_GetPriority
 330:.\Generated_Source\PSoC5/isr.c **** ********************************************************************************
 331:.\Generated_Source\PSoC5/isr.c **** *
 332:.\Generated_Source\PSoC5/isr.c **** * Summary:
 333:.\Generated_Source\PSoC5/isr.c **** *   Gets the Priority of the Interrupt.
 334:.\Generated_Source\PSoC5/isr.c **** *
 335:.\Generated_Source\PSoC5/isr.c **** * Parameters:
 336:.\Generated_Source\PSoC5/isr.c **** *   None
 337:.\Generated_Source\PSoC5/isr.c **** *
 338:.\Generated_Source\PSoC5/isr.c **** * Return:
 339:.\Generated_Source\PSoC5/isr.c **** *   Priority of the interrupt, 0 being the highest priority
 340:.\Generated_Source\PSoC5/isr.c **** *    PSoC 3 and PSoC 5LP: Priority is from 0 to 7.
 341:.\Generated_Source\PSoC5/isr.c **** *    PSoC 4: Priority is from 0 to 3.
 342:.\Generated_Source\PSoC5/isr.c **** *
 343:.\Generated_Source\PSoC5/isr.c **** *******************************************************************************/
 344:.\Generated_Source\PSoC5/isr.c **** uint8 isr_GetPriority(void)
 345:.\Generated_Source\PSoC5/isr.c **** {
 362              		.loc 1 345 0
 363              		.cfi_startproc
 364              		@ args = 0, pretend = 0, frame = 8
 365              		@ frame_needed = 1, uses_anonymous_args = 0
 366              		@ link register save eliminated.
 367 0000 80B4     		push	{r7}
 368              		.cfi_def_cfa_offset 4
 369              		.cfi_offset 7, -4
 370 0002 83B0     		sub	sp, sp, #12
 371              		.cfi_def_cfa_offset 16
 372 0004 00AF     		add	r7, sp, #0
 373              		.cfi_def_cfa_register 7
 346:.\Generated_Source\PSoC5/isr.c ****     uint8 priority;
 347:.\Generated_Source\PSoC5/isr.c **** 
 348:.\Generated_Source\PSoC5/isr.c **** 
 349:.\Generated_Source\PSoC5/isr.c ****     priority = *isr_INTC_PRIOR >> 5;
 374              		.loc 1 349 0
 375 0006 064B     		ldr	r3, .L24
 376 0008 1B78     		ldrb	r3, [r3]
 377 000a DBB2     		uxtb	r3, r3
 378 000c 5B09     		lsrs	r3, r3, #5
 379 000e FB71     		strb	r3, [r7, #7]
 350:.\Generated_Source\PSoC5/isr.c **** 
 351:.\Generated_Source\PSoC5/isr.c ****     return priority;
 380              		.loc 1 351 0
 381 0010 FB79     		ldrb	r3, [r7, #7]	@ zero_extendqisi2
 352:.\Generated_Source\PSoC5/isr.c **** }
 382              		.loc 1 352 0
 383 0012 1846     		mov	r0, r3
 384 0014 0C37     		adds	r7, r7, #12
 385 0016 BD46     		mov	sp, r7
 386              		@ sp needed
 387 0018 5DF8047B 		ldr	r7, [sp], #4
 388 001c 7047     		bx	lr
 389              	.L25:
ARM GAS  C:\Users\shubhamt\AppData\Local\Temp\ccVSO7yg.s 			page 14


 390 001e 00BF     		.align	2
 391              	.L24:
 392 0020 01E400E0 		.word	-536812543
 393              		.cfi_endproc
 394              	.LFE63:
 395              		.size	isr_GetPriority, .-isr_GetPriority
 396              		.section	.text.isr_Enable,"ax",%progbits
 397              		.align	2
 398              		.global	isr_Enable
 399              		.thumb
 400              		.thumb_func
 401              		.type	isr_Enable, %function
 402              	isr_Enable:
 403              	.LFB64:
 353:.\Generated_Source\PSoC5/isr.c **** 
 354:.\Generated_Source\PSoC5/isr.c **** 
 355:.\Generated_Source\PSoC5/isr.c **** /*******************************************************************************
 356:.\Generated_Source\PSoC5/isr.c **** * Function Name: isr_Enable
 357:.\Generated_Source\PSoC5/isr.c **** ********************************************************************************
 358:.\Generated_Source\PSoC5/isr.c **** *
 359:.\Generated_Source\PSoC5/isr.c **** * Summary:
 360:.\Generated_Source\PSoC5/isr.c **** *   Enables the interrupt to the interrupt controller. Do not call this function
 361:.\Generated_Source\PSoC5/isr.c **** *   unless ISR_Start() has been called or the functionality of the ISR_Start() 
 362:.\Generated_Source\PSoC5/isr.c **** *   function, which sets the vector and the priority, has been called.
 363:.\Generated_Source\PSoC5/isr.c **** *
 364:.\Generated_Source\PSoC5/isr.c **** * Parameters:
 365:.\Generated_Source\PSoC5/isr.c **** *   None
 366:.\Generated_Source\PSoC5/isr.c **** *
 367:.\Generated_Source\PSoC5/isr.c **** * Return:
 368:.\Generated_Source\PSoC5/isr.c **** *   None
 369:.\Generated_Source\PSoC5/isr.c **** *
 370:.\Generated_Source\PSoC5/isr.c **** *******************************************************************************/
 371:.\Generated_Source\PSoC5/isr.c **** void isr_Enable(void)
 372:.\Generated_Source\PSoC5/isr.c **** {
 404              		.loc 1 372 0
 405              		.cfi_startproc
 406              		@ args = 0, pretend = 0, frame = 0
 407              		@ frame_needed = 1, uses_anonymous_args = 0
 408              		@ link register save eliminated.
 409 0000 80B4     		push	{r7}
 410              		.cfi_def_cfa_offset 4
 411              		.cfi_offset 7, -4
 412 0002 00AF     		add	r7, sp, #0
 413              		.cfi_def_cfa_register 7
 373:.\Generated_Source\PSoC5/isr.c ****     /* Enable the general interrupt. */
 374:.\Generated_Source\PSoC5/isr.c ****     *isr_INTC_SET_EN = isr__INTC_MASK;
 414              		.loc 1 374 0
 415 0004 034B     		ldr	r3, .L27
 416 0006 0222     		movs	r2, #2
 417 0008 1A60     		str	r2, [r3]
 375:.\Generated_Source\PSoC5/isr.c **** }
 418              		.loc 1 375 0
 419 000a BD46     		mov	sp, r7
 420              		@ sp needed
 421 000c 5DF8047B 		ldr	r7, [sp], #4
 422 0010 7047     		bx	lr
 423              	.L28:
ARM GAS  C:\Users\shubhamt\AppData\Local\Temp\ccVSO7yg.s 			page 15


 424 0012 00BF     		.align	2
 425              	.L27:
 426 0014 00E100E0 		.word	-536813312
 427              		.cfi_endproc
 428              	.LFE64:
 429              		.size	isr_Enable, .-isr_Enable
 430              		.section	.text.isr_GetState,"ax",%progbits
 431              		.align	2
 432              		.global	isr_GetState
 433              		.thumb
 434              		.thumb_func
 435              		.type	isr_GetState, %function
 436              	isr_GetState:
 437              	.LFB65:
 376:.\Generated_Source\PSoC5/isr.c **** 
 377:.\Generated_Source\PSoC5/isr.c **** 
 378:.\Generated_Source\PSoC5/isr.c **** /*******************************************************************************
 379:.\Generated_Source\PSoC5/isr.c **** * Function Name: isr_GetState
 380:.\Generated_Source\PSoC5/isr.c **** ********************************************************************************
 381:.\Generated_Source\PSoC5/isr.c **** *
 382:.\Generated_Source\PSoC5/isr.c **** * Summary:
 383:.\Generated_Source\PSoC5/isr.c **** *   Gets the state (enabled, disabled) of the Interrupt.
 384:.\Generated_Source\PSoC5/isr.c **** *
 385:.\Generated_Source\PSoC5/isr.c **** * Parameters:
 386:.\Generated_Source\PSoC5/isr.c **** *   None
 387:.\Generated_Source\PSoC5/isr.c **** *
 388:.\Generated_Source\PSoC5/isr.c **** * Return:
 389:.\Generated_Source\PSoC5/isr.c **** *   1 if enabled, 0 if disabled.
 390:.\Generated_Source\PSoC5/isr.c **** *
 391:.\Generated_Source\PSoC5/isr.c **** *******************************************************************************/
 392:.\Generated_Source\PSoC5/isr.c **** uint8 isr_GetState(void)
 393:.\Generated_Source\PSoC5/isr.c **** {
 438              		.loc 1 393 0
 439              		.cfi_startproc
 440              		@ args = 0, pretend = 0, frame = 0
 441              		@ frame_needed = 1, uses_anonymous_args = 0
 442              		@ link register save eliminated.
 443 0000 80B4     		push	{r7}
 444              		.cfi_def_cfa_offset 4
 445              		.cfi_offset 7, -4
 446 0002 00AF     		add	r7, sp, #0
 447              		.cfi_def_cfa_register 7
 394:.\Generated_Source\PSoC5/isr.c ****     /* Get the state of the general interrupt. */
 395:.\Generated_Source\PSoC5/isr.c ****     return ((*isr_INTC_SET_EN & (uint32)isr__INTC_MASK) != 0u) ? 1u:0u;
 448              		.loc 1 395 0
 449 0004 064B     		ldr	r3, .L33
 450 0006 1B68     		ldr	r3, [r3]
 451 0008 03F00203 		and	r3, r3, #2
 452 000c 002B     		cmp	r3, #0
 453 000e 01D0     		beq	.L30
 454              		.loc 1 395 0 is_stmt 0 discriminator 1
 455 0010 0123     		movs	r3, #1
 456 0012 00E0     		b	.L31
 457              	.L30:
 458              		.loc 1 395 0 discriminator 2
 459 0014 0023     		movs	r3, #0
 460              	.L31:
ARM GAS  C:\Users\shubhamt\AppData\Local\Temp\ccVSO7yg.s 			page 16


 396:.\Generated_Source\PSoC5/isr.c **** }
 461              		.loc 1 396 0 is_stmt 1 discriminator 3
 462 0016 1846     		mov	r0, r3
 463 0018 BD46     		mov	sp, r7
 464              		@ sp needed
 465 001a 5DF8047B 		ldr	r7, [sp], #4
 466 001e 7047     		bx	lr
 467              	.L34:
 468              		.align	2
 469              	.L33:
 470 0020 00E100E0 		.word	-536813312
 471              		.cfi_endproc
 472              	.LFE65:
 473              		.size	isr_GetState, .-isr_GetState
 474              		.section	.text.isr_Disable,"ax",%progbits
 475              		.align	2
 476              		.global	isr_Disable
 477              		.thumb
 478              		.thumb_func
 479              		.type	isr_Disable, %function
 480              	isr_Disable:
 481              	.LFB66:
 397:.\Generated_Source\PSoC5/isr.c **** 
 398:.\Generated_Source\PSoC5/isr.c **** 
 399:.\Generated_Source\PSoC5/isr.c **** /*******************************************************************************
 400:.\Generated_Source\PSoC5/isr.c **** * Function Name: isr_Disable
 401:.\Generated_Source\PSoC5/isr.c **** ********************************************************************************
 402:.\Generated_Source\PSoC5/isr.c **** *
 403:.\Generated_Source\PSoC5/isr.c **** * Summary:
 404:.\Generated_Source\PSoC5/isr.c **** *   Disables the Interrupt in the interrupt controller.
 405:.\Generated_Source\PSoC5/isr.c **** *
 406:.\Generated_Source\PSoC5/isr.c **** * Parameters:
 407:.\Generated_Source\PSoC5/isr.c **** *   None
 408:.\Generated_Source\PSoC5/isr.c **** *
 409:.\Generated_Source\PSoC5/isr.c **** * Return:
 410:.\Generated_Source\PSoC5/isr.c **** *   None
 411:.\Generated_Source\PSoC5/isr.c **** *
 412:.\Generated_Source\PSoC5/isr.c **** *******************************************************************************/
 413:.\Generated_Source\PSoC5/isr.c **** void isr_Disable(void)
 414:.\Generated_Source\PSoC5/isr.c **** {
 482              		.loc 1 414 0
 483              		.cfi_startproc
 484              		@ args = 0, pretend = 0, frame = 0
 485              		@ frame_needed = 1, uses_anonymous_args = 0
 486              		@ link register save eliminated.
 487 0000 80B4     		push	{r7}
 488              		.cfi_def_cfa_offset 4
 489              		.cfi_offset 7, -4
 490 0002 00AF     		add	r7, sp, #0
 491              		.cfi_def_cfa_register 7
 415:.\Generated_Source\PSoC5/isr.c ****     /* Disable the general interrupt. */
 416:.\Generated_Source\PSoC5/isr.c ****     *isr_INTC_CLR_EN = isr__INTC_MASK;
 492              		.loc 1 416 0
 493 0004 034B     		ldr	r3, .L36
 494 0006 0222     		movs	r2, #2
 495 0008 1A60     		str	r2, [r3]
 417:.\Generated_Source\PSoC5/isr.c **** }
ARM GAS  C:\Users\shubhamt\AppData\Local\Temp\ccVSO7yg.s 			page 17


 496              		.loc 1 417 0
 497 000a BD46     		mov	sp, r7
 498              		@ sp needed
 499 000c 5DF8047B 		ldr	r7, [sp], #4
 500 0010 7047     		bx	lr
 501              	.L37:
 502 0012 00BF     		.align	2
 503              	.L36:
 504 0014 80E100E0 		.word	-536813184
 505              		.cfi_endproc
 506              	.LFE66:
 507              		.size	isr_Disable, .-isr_Disable
 508              		.section	.text.isr_SetPending,"ax",%progbits
 509              		.align	2
 510              		.global	isr_SetPending
 511              		.thumb
 512              		.thumb_func
 513              		.type	isr_SetPending, %function
 514              	isr_SetPending:
 515              	.LFB67:
 418:.\Generated_Source\PSoC5/isr.c **** 
 419:.\Generated_Source\PSoC5/isr.c **** 
 420:.\Generated_Source\PSoC5/isr.c **** /*******************************************************************************
 421:.\Generated_Source\PSoC5/isr.c **** * Function Name: isr_SetPending
 422:.\Generated_Source\PSoC5/isr.c **** ********************************************************************************
 423:.\Generated_Source\PSoC5/isr.c **** *
 424:.\Generated_Source\PSoC5/isr.c **** * Summary:
 425:.\Generated_Source\PSoC5/isr.c **** *   Causes the Interrupt to enter the pending state, a software method of
 426:.\Generated_Source\PSoC5/isr.c **** *   generating the interrupt.
 427:.\Generated_Source\PSoC5/isr.c **** *
 428:.\Generated_Source\PSoC5/isr.c **** * Parameters:
 429:.\Generated_Source\PSoC5/isr.c **** *   None
 430:.\Generated_Source\PSoC5/isr.c **** *
 431:.\Generated_Source\PSoC5/isr.c **** * Return:
 432:.\Generated_Source\PSoC5/isr.c **** *   None
 433:.\Generated_Source\PSoC5/isr.c **** *
 434:.\Generated_Source\PSoC5/isr.c **** * Side Effects:
 435:.\Generated_Source\PSoC5/isr.c **** *   If interrupts are enabled and the interrupt is set up properly, the ISR is
 436:.\Generated_Source\PSoC5/isr.c **** *   entered (depending on the priority of this interrupt and other pending 
 437:.\Generated_Source\PSoC5/isr.c **** *   interrupts).
 438:.\Generated_Source\PSoC5/isr.c **** *
 439:.\Generated_Source\PSoC5/isr.c **** *******************************************************************************/
 440:.\Generated_Source\PSoC5/isr.c **** void isr_SetPending(void)
 441:.\Generated_Source\PSoC5/isr.c **** {
 516              		.loc 1 441 0
 517              		.cfi_startproc
 518              		@ args = 0, pretend = 0, frame = 0
 519              		@ frame_needed = 1, uses_anonymous_args = 0
 520              		@ link register save eliminated.
 521 0000 80B4     		push	{r7}
 522              		.cfi_def_cfa_offset 4
 523              		.cfi_offset 7, -4
 524 0002 00AF     		add	r7, sp, #0
 525              		.cfi_def_cfa_register 7
 442:.\Generated_Source\PSoC5/isr.c ****     *isr_INTC_SET_PD = isr__INTC_MASK;
 526              		.loc 1 442 0
 527 0004 034B     		ldr	r3, .L39
ARM GAS  C:\Users\shubhamt\AppData\Local\Temp\ccVSO7yg.s 			page 18


 528 0006 0222     		movs	r2, #2
 529 0008 1A60     		str	r2, [r3]
 443:.\Generated_Source\PSoC5/isr.c **** }
 530              		.loc 1 443 0
 531 000a BD46     		mov	sp, r7
 532              		@ sp needed
 533 000c 5DF8047B 		ldr	r7, [sp], #4
 534 0010 7047     		bx	lr
 535              	.L40:
 536 0012 00BF     		.align	2
 537              	.L39:
 538 0014 00E200E0 		.word	-536813056
 539              		.cfi_endproc
 540              	.LFE67:
 541              		.size	isr_SetPending, .-isr_SetPending
 542              		.section	.text.isr_ClearPending,"ax",%progbits
 543              		.align	2
 544              		.global	isr_ClearPending
 545              		.thumb
 546              		.thumb_func
 547              		.type	isr_ClearPending, %function
 548              	isr_ClearPending:
 549              	.LFB68:
 444:.\Generated_Source\PSoC5/isr.c **** 
 445:.\Generated_Source\PSoC5/isr.c **** 
 446:.\Generated_Source\PSoC5/isr.c **** /*******************************************************************************
 447:.\Generated_Source\PSoC5/isr.c **** * Function Name: isr_ClearPending
 448:.\Generated_Source\PSoC5/isr.c **** ********************************************************************************
 449:.\Generated_Source\PSoC5/isr.c **** *
 450:.\Generated_Source\PSoC5/isr.c **** * Summary:
 451:.\Generated_Source\PSoC5/isr.c **** *   Clears a pending interrupt in the interrupt controller.
 452:.\Generated_Source\PSoC5/isr.c **** *
 453:.\Generated_Source\PSoC5/isr.c **** *   Note Some interrupt sources are clear-on-read and require the block 
 454:.\Generated_Source\PSoC5/isr.c **** *   interrupt/status register to be read/cleared with the appropriate block API 
 455:.\Generated_Source\PSoC5/isr.c **** *   (GPIO, UART, and so on). Otherwise the ISR will continue to remain in 
 456:.\Generated_Source\PSoC5/isr.c **** *   pending state even though the interrupt itself is cleared using this API.
 457:.\Generated_Source\PSoC5/isr.c **** *
 458:.\Generated_Source\PSoC5/isr.c **** * Parameters:
 459:.\Generated_Source\PSoC5/isr.c **** *   None
 460:.\Generated_Source\PSoC5/isr.c **** *
 461:.\Generated_Source\PSoC5/isr.c **** * Return:
 462:.\Generated_Source\PSoC5/isr.c **** *   None
 463:.\Generated_Source\PSoC5/isr.c **** *
 464:.\Generated_Source\PSoC5/isr.c **** *******************************************************************************/
 465:.\Generated_Source\PSoC5/isr.c **** void isr_ClearPending(void)
 466:.\Generated_Source\PSoC5/isr.c **** {
 550              		.loc 1 466 0
 551              		.cfi_startproc
 552              		@ args = 0, pretend = 0, frame = 0
 553              		@ frame_needed = 1, uses_anonymous_args = 0
 554              		@ link register save eliminated.
 555 0000 80B4     		push	{r7}
 556              		.cfi_def_cfa_offset 4
 557              		.cfi_offset 7, -4
 558 0002 00AF     		add	r7, sp, #0
 559              		.cfi_def_cfa_register 7
 467:.\Generated_Source\PSoC5/isr.c ****     *isr_INTC_CLR_PD = isr__INTC_MASK;
ARM GAS  C:\Users\shubhamt\AppData\Local\Temp\ccVSO7yg.s 			page 19


 560              		.loc 1 467 0
 561 0004 034B     		ldr	r3, .L42
 562 0006 0222     		movs	r2, #2
 563 0008 1A60     		str	r2, [r3]
 468:.\Generated_Source\PSoC5/isr.c **** }
 564              		.loc 1 468 0
 565 000a BD46     		mov	sp, r7
 566              		@ sp needed
 567 000c 5DF8047B 		ldr	r7, [sp], #4
 568 0010 7047     		bx	lr
 569              	.L43:
 570 0012 00BF     		.align	2
 571              	.L42:
 572 0014 80E200E0 		.word	-536812928
 573              		.cfi_endproc
 574              	.LFE68:
 575              		.size	isr_ClearPending, .-isr_ClearPending
 576              		.bss
 577              		.align	2
 578              	n.5957:
 579 0000 00000000 		.space	4
 580              		.align	2
 581              	wave_idx.5958:
 582 0004 00000000 		.space	4
 583              		.text
 584              	.Letext0:
 585              		.file 2 "c:\\program files (x86)\\cypress\\psoc creator\\3.2\\psoc creator\\import\\gnu\\arm\\4.8.
 586              		.file 3 "c:\\program files (x86)\\cypress\\psoc creator\\3.2\\psoc creator\\import\\gnu\\arm\\4.8.
 587              		.file 4 "Generated_Source\\PSoC5/cytypes.h"
 588              		.file 5 "Generated_Source\\PSoC5/core_cm3.h"
 589              		.section	.debug_info,"",%progbits
 590              	.Ldebug_info0:
 591 0000 03030000 		.4byte	0x303
 592 0004 0400     		.2byte	0x4
 593 0006 00000000 		.4byte	.Ldebug_abbrev0
 594 000a 04       		.byte	0x4
 595 000b 01       		.uleb128 0x1
 596 000c 90000000 		.4byte	.LASF41
 597 0010 01       		.byte	0x1
 598 0011 2B000000 		.4byte	.LASF42
 599 0015 30020000 		.4byte	.LASF43
 600 0019 00000000 		.4byte	.Ldebug_ranges0+0
 601 001d 00000000 		.4byte	0
 602 0021 00000000 		.4byte	.Ldebug_line0
 603 0025 02       		.uleb128 0x2
 604 0026 04       		.byte	0x4
 605 0027 05       		.byte	0x5
 606 0028 696E7400 		.ascii	"int\000"
 607 002c 03       		.uleb128 0x3
 608 002d 04       		.byte	0x4
 609 002e 07       		.byte	0x7
 610 002f A1010000 		.4byte	.LASF0
 611 0033 03       		.uleb128 0x3
 612 0034 01       		.byte	0x1
 613 0035 06       		.byte	0x6
 614 0036 97020000 		.4byte	.LASF1
 615 003a 03       		.uleb128 0x3
ARM GAS  C:\Users\shubhamt\AppData\Local\Temp\ccVSO7yg.s 			page 20


 616 003b 01       		.byte	0x1
 617 003c 08       		.byte	0x8
 618 003d 7D000000 		.4byte	.LASF2
 619 0041 03       		.uleb128 0x3
 620 0042 02       		.byte	0x2
 621 0043 05       		.byte	0x5
 622 0044 6C010000 		.4byte	.LASF3
 623 0048 03       		.uleb128 0x3
 624 0049 02       		.byte	0x2
 625 004a 07       		.byte	0x7
 626 004b 28010000 		.4byte	.LASF4
 627 004f 04       		.uleb128 0x4
 628 0050 06000000 		.4byte	.LASF11
 629 0054 02       		.byte	0x2
 630 0055 37       		.byte	0x37
 631 0056 5A000000 		.4byte	0x5a
 632 005a 03       		.uleb128 0x3
 633 005b 04       		.byte	0x4
 634 005c 05       		.byte	0x5
 635 005d 8E020000 		.4byte	.LASF5
 636 0061 03       		.uleb128 0x3
 637 0062 04       		.byte	0x4
 638 0063 07       		.byte	0x7
 639 0064 0C010000 		.4byte	.LASF6
 640 0068 03       		.uleb128 0x3
 641 0069 08       		.byte	0x8
 642 006a 05       		.byte	0x5
 643 006b F9010000 		.4byte	.LASF7
 644 006f 03       		.uleb128 0x3
 645 0070 08       		.byte	0x8
 646 0071 07       		.byte	0x7
 647 0072 B6010000 		.4byte	.LASF8
 648 0076 03       		.uleb128 0x3
 649 0077 04       		.byte	0x4
 650 0078 07       		.byte	0x7
 651 0079 F0010000 		.4byte	.LASF9
 652 007d 05       		.uleb128 0x5
 653 007e 04       		.byte	0x4
 654 007f 83000000 		.4byte	0x83
 655 0083 06       		.uleb128 0x6
 656 0084 03       		.uleb128 0x3
 657 0085 01       		.byte	0x1
 658 0086 08       		.byte	0x8
 659 0087 07020000 		.4byte	.LASF10
 660 008b 04       		.uleb128 0x4
 661 008c E8010000 		.4byte	.LASF12
 662 0090 03       		.byte	0x3
 663 0091 41       		.byte	0x41
 664 0092 4F000000 		.4byte	0x4f
 665 0096 04       		.uleb128 0x4
 666 0097 7D020000 		.4byte	.LASF13
 667 009b 04       		.byte	0x4
 668 009c 5B       		.byte	0x5b
 669 009d 3A000000 		.4byte	0x3a
 670 00a1 04       		.uleb128 0x4
 671 00a2 9A010000 		.4byte	.LASF14
 672 00a6 04       		.byte	0x4
ARM GAS  C:\Users\shubhamt\AppData\Local\Temp\ccVSO7yg.s 			page 21


 673 00a7 5D       		.byte	0x5d
 674 00a8 61000000 		.4byte	0x61
 675 00ac 03       		.uleb128 0x3
 676 00ad 04       		.byte	0x4
 677 00ae 04       		.byte	0x4
 678 00af 63000000 		.4byte	.LASF15
 679 00b3 03       		.uleb128 0x3
 680 00b4 08       		.byte	0x8
 681 00b5 04       		.byte	0x4
 682 00b6 65010000 		.4byte	.LASF16
 683 00ba 04       		.uleb128 0x4
 684 00bb 8B000000 		.4byte	.LASF17
 685 00bf 04       		.byte	0x4
 686 00c0 F0       		.byte	0xf0
 687 00c1 C5000000 		.4byte	0xc5
 688 00c5 07       		.uleb128 0x7
 689 00c6 96000000 		.4byte	0x96
 690 00ca 04       		.uleb128 0x4
 691 00cb 00000000 		.4byte	.LASF18
 692 00cf 04       		.byte	0x4
 693 00d0 F2       		.byte	0xf2
 694 00d1 D5000000 		.4byte	0xd5
 695 00d5 07       		.uleb128 0x7
 696 00d6 A1000000 		.4byte	0xa1
 697 00da 08       		.uleb128 0x8
 698 00db CD010000 		.4byte	.LASF19
 699 00df 04       		.byte	0x4
 700 00e0 0201     		.2byte	0x102
 701 00e2 7D000000 		.4byte	0x7d
 702 00e6 09       		.uleb128 0x9
 703 00e7 1E010000 		.4byte	.LASF20
 704 00eb 01       		.byte	0x1
 705 00ec 40       		.byte	0x40
 706 00ed 00000000 		.4byte	.LFB56
 707 00f1 20000000 		.4byte	.LFE56-.LFB56
 708 00f5 01       		.uleb128 0x1
 709 00f6 9C       		.byte	0x9c
 710 00f7 0A       		.uleb128 0xa
 711 00f8 8E010000 		.4byte	.LASF22
 712 00fc 01       		.byte	0x1
 713 00fd 6B       		.byte	0x6b
 714 00fe 00000000 		.4byte	.LFB57
 715 0102 22000000 		.4byte	.LFE57-.LFB57
 716 0106 01       		.uleb128 0x1
 717 0107 9C       		.byte	0x9c
 718 0108 1B010000 		.4byte	0x11b
 719 010c 0B       		.uleb128 0xb
 720 010d AE010000 		.4byte	.LASF29
 721 0111 01       		.byte	0x1
 722 0112 6B       		.byte	0x6b
 723 0113 DA000000 		.4byte	0xda
 724 0117 02       		.uleb128 0x2
 725 0118 91       		.byte	0x91
 726 0119 74       		.sleb128 -12
 727 011a 00       		.byte	0
 728 011b 09       		.uleb128 0x9
 729 011c 5A000000 		.4byte	.LASF21
ARM GAS  C:\Users\shubhamt\AppData\Local\Temp\ccVSO7yg.s 			page 22


 730 0120 01       		.byte	0x1
 731 0121 89       		.byte	0x89
 732 0122 00000000 		.4byte	.LFB58
 733 0126 14000000 		.4byte	.LFE58-.LFB58
 734 012a 01       		.uleb128 0x1
 735 012b 9C       		.byte	0x9c
 736 012c 0A       		.uleb128 0xa
 737 012d DA010000 		.4byte	.LASF23
 738 0131 01       		.byte	0x1
 739 0132 A3       		.byte	0xa3
 740 0133 00000000 		.4byte	.LFB59
 741 0137 90000000 		.4byte	.LFE59-.LFB59
 742 013b 01       		.uleb128 0x1
 743 013c 9C       		.byte	0x9c
 744 013d C2010000 		.4byte	0x1c2
 745 0141 0C       		.uleb128 0xc
 746 0142 6E00     		.ascii	"n\000"
 747 0144 01       		.byte	0x1
 748 0145 A9       		.byte	0xa9
 749 0146 25000000 		.4byte	0x25
 750 014a 05       		.uleb128 0x5
 751 014b 03       		.byte	0x3
 752 014c 00000000 		.4byte	n.5957
 753 0150 0D       		.uleb128 0xd
 754 0151 1B020000 		.4byte	.LASF24
 755 0155 01       		.byte	0x1
 756 0156 AA       		.byte	0xaa
 757 0157 25000000 		.4byte	0x25
 758 015b 05       		.uleb128 0x5
 759 015c 03       		.byte	0x3
 760 015d 04000000 		.4byte	wave_idx.5958
 761 0161 0D       		.uleb128 0xd
 762 0162 77000000 		.4byte	.LASF25
 763 0166 01       		.byte	0x1
 764 0167 AB       		.byte	0xab
 765 0168 C2010000 		.4byte	0x1c2
 766 016c 02       		.uleb128 0x2
 767 016d 91       		.byte	0x91
 768 016e 68       		.sleb128 -24
 769 016f 0D       		.uleb128 0xd
 770 0170 4C010000 		.4byte	.LASF26
 771 0174 01       		.byte	0x1
 772 0175 AC       		.byte	0xac
 773 0176 C2010000 		.4byte	0x1c2
 774 017a 02       		.uleb128 0x2
 775 017b 91       		.byte	0x91
 776 017c 64       		.sleb128 -28
 777 017d 0C       		.uleb128 0xc
 778 017e 5400     		.ascii	"T\000"
 779 0180 01       		.byte	0x1
 780 0181 AD       		.byte	0xad
 781 0182 25000000 		.4byte	0x25
 782 0186 02       		.uleb128 0x2
 783 0187 91       		.byte	0x91
 784 0188 74       		.sleb128 -12
 785 0189 0E       		.uleb128 0xe
 786 018a 6B00     		.ascii	"k\000"
ARM GAS  C:\Users\shubhamt\AppData\Local\Temp\ccVSO7yg.s 			page 23


 787 018c 01       		.byte	0x1
 788 018d AE       		.byte	0xae
 789 018e 25000000 		.4byte	0x25
 790 0192 0F       		.uleb128 0xf
 791 0193 5F010000 		.4byte	.LASF27
 792 0197 01       		.byte	0x1
 793 0198 AF       		.byte	0xaf
 794 0199 25000000 		.4byte	0x25
 795 019d 0C       		.uleb128 0xc
 796 019e 7800     		.ascii	"x\000"
 797 01a0 01       		.byte	0x1
 798 01a1 B0       		.byte	0xb0
 799 01a2 25000000 		.4byte	0x25
 800 01a6 02       		.uleb128 0x2
 801 01a7 91       		.byte	0x91
 802 01a8 70       		.sleb128 -16
 803 01a9 0C       		.uleb128 0xc
 804 01aa 655F00   		.ascii	"e_\000"
 805 01ad 01       		.byte	0x1
 806 01ae B1       		.byte	0xb1
 807 01af 25000000 		.4byte	0x25
 808 01b3 02       		.uleb128 0x2
 809 01b4 91       		.byte	0x91
 810 01b5 6C       		.sleb128 -20
 811 01b6 10       		.uleb128 0x10
 812 01b7 83020000 		.4byte	.LASF39
 813 01bb 01       		.byte	0x1
 814 01bc B2       		.byte	0xb2
 815 01bd D2010000 		.4byte	0x1d2
 816 01c1 00       		.byte	0
 817 01c2 11       		.uleb128 0x11
 818 01c3 25000000 		.4byte	0x25
 819 01c7 D2010000 		.4byte	0x1d2
 820 01cb 12       		.uleb128 0x12
 821 01cc 76000000 		.4byte	0x76
 822 01d0 00       		.byte	0
 823 01d1 00       		.byte	0
 824 01d2 11       		.uleb128 0x11
 825 01d3 25000000 		.4byte	0x25
 826 01d7 E2010000 		.4byte	0x1e2
 827 01db 12       		.uleb128 0x12
 828 01dc 76000000 		.4byte	0x76
 829 01e0 13       		.byte	0x13
 830 01e1 00       		.byte	0
 831 01e2 13       		.uleb128 0x13
 832 01e3 69000000 		.4byte	.LASF28
 833 01e7 01       		.byte	0x1
 834 01e8 0801     		.2byte	0x108
 835 01ea 00000000 		.4byte	.LFB60
 836 01ee 24000000 		.4byte	.LFE60-.LFB60
 837 01f2 01       		.uleb128 0x1
 838 01f3 9C       		.byte	0x9c
 839 01f4 17020000 		.4byte	0x217
 840 01f8 14       		.uleb128 0x14
 841 01f9 AE010000 		.4byte	.LASF29
 842 01fd 01       		.byte	0x1
 843 01fe 0801     		.2byte	0x108
ARM GAS  C:\Users\shubhamt\AppData\Local\Temp\ccVSO7yg.s 			page 24


 844 0200 DA000000 		.4byte	0xda
 845 0204 02       		.uleb128 0x2
 846 0205 91       		.byte	0x91
 847 0206 6C       		.sleb128 -20
 848 0207 15       		.uleb128 0x15
 849 0208 0C020000 		.4byte	.LASF30
 850 020c 01       		.byte	0x1
 851 020d 0A01     		.2byte	0x10a
 852 020f 17020000 		.4byte	0x217
 853 0213 02       		.uleb128 0x2
 854 0214 91       		.byte	0x91
 855 0215 74       		.sleb128 -12
 856 0216 00       		.byte	0
 857 0217 05       		.uleb128 0x5
 858 0218 04       		.byte	0x4
 859 0219 DA000000 		.4byte	0xda
 860 021d 16       		.uleb128 0x16
 861 021e 10000000 		.4byte	.LASF33
 862 0222 01       		.byte	0x1
 863 0223 2001     		.2byte	0x120
 864 0225 DA000000 		.4byte	0xda
 865 0229 00000000 		.4byte	.LFB61
 866 022d 20000000 		.4byte	.LFE61-.LFB61
 867 0231 01       		.uleb128 0x1
 868 0232 9C       		.byte	0x9c
 869 0233 47020000 		.4byte	0x247
 870 0237 15       		.uleb128 0x15
 871 0238 0C020000 		.4byte	.LASF30
 872 023c 01       		.byte	0x1
 873 023d 2201     		.2byte	0x122
 874 023f 17020000 		.4byte	0x217
 875 0243 02       		.uleb128 0x2
 876 0244 91       		.byte	0x91
 877 0245 74       		.sleb128 -12
 878 0246 00       		.byte	0
 879 0247 13       		.uleb128 0x13
 880 0248 4A000000 		.4byte	.LASF31
 881 024c 01       		.byte	0x1
 882 024d 4201     		.2byte	0x142
 883 024f 00000000 		.4byte	.LFB62
 884 0253 24000000 		.4byte	.LFE62-.LFB62
 885 0257 01       		.uleb128 0x1
 886 0258 9C       		.byte	0x9c
 887 0259 6D020000 		.4byte	0x26d
 888 025d 14       		.uleb128 0x14
 889 025e 76010000 		.4byte	.LASF32
 890 0262 01       		.byte	0x1
 891 0263 4201     		.2byte	0x142
 892 0265 96000000 		.4byte	0x96
 893 0269 02       		.uleb128 0x2
 894 026a 91       		.byte	0x91
 895 026b 77       		.sleb128 -9
 896 026c 00       		.byte	0
 897 026d 16       		.uleb128 0x16
 898 026e AE020000 		.4byte	.LASF34
 899 0272 01       		.byte	0x1
 900 0273 5801     		.2byte	0x158
ARM GAS  C:\Users\shubhamt\AppData\Local\Temp\ccVSO7yg.s 			page 25


 901 0275 96000000 		.4byte	0x96
 902 0279 00000000 		.4byte	.LFB63
 903 027d 24000000 		.4byte	.LFE63-.LFB63
 904 0281 01       		.uleb128 0x1
 905 0282 9C       		.byte	0x9c
 906 0283 97020000 		.4byte	0x297
 907 0287 15       		.uleb128 0x15
 908 0288 76010000 		.4byte	.LASF32
 909 028c 01       		.byte	0x1
 910 028d 5A01     		.2byte	0x15a
 911 028f 96000000 		.4byte	0x96
 912 0293 02       		.uleb128 0x2
 913 0294 91       		.byte	0x91
 914 0295 77       		.sleb128 -9
 915 0296 00       		.byte	0
 916 0297 17       		.uleb128 0x17
 917 0298 A3020000 		.4byte	.LASF35
 918 029c 01       		.byte	0x1
 919 029d 7301     		.2byte	0x173
 920 029f 00000000 		.4byte	.LFB64
 921 02a3 18000000 		.4byte	.LFE64-.LFB64
 922 02a7 01       		.uleb128 0x1
 923 02a8 9C       		.byte	0x9c
 924 02a9 18       		.uleb128 0x18
 925 02aa 1E000000 		.4byte	.LASF44
 926 02ae 01       		.byte	0x1
 927 02af 8801     		.2byte	0x188
 928 02b1 96000000 		.4byte	0x96
 929 02b5 00000000 		.4byte	.LFB65
 930 02b9 24000000 		.4byte	.LFE65-.LFB65
 931 02bd 01       		.uleb128 0x1
 932 02be 9C       		.byte	0x9c
 933 02bf 17       		.uleb128 0x17
 934 02c0 24020000 		.4byte	.LASF36
 935 02c4 01       		.byte	0x1
 936 02c5 9D01     		.2byte	0x19d
 937 02c7 00000000 		.4byte	.LFB66
 938 02cb 18000000 		.4byte	.LFE66-.LFB66
 939 02cf 01       		.uleb128 0x1
 940 02d0 9C       		.byte	0x9c
 941 02d1 17       		.uleb128 0x17
 942 02d2 7F010000 		.4byte	.LASF37
 943 02d6 01       		.byte	0x1
 944 02d7 B801     		.2byte	0x1b8
 945 02d9 00000000 		.4byte	.LFB67
 946 02dd 18000000 		.4byte	.LFE67-.LFB67
 947 02e1 01       		.uleb128 0x1
 948 02e2 9C       		.byte	0x9c
 949 02e3 17       		.uleb128 0x17
 950 02e4 3B010000 		.4byte	.LASF38
 951 02e8 01       		.byte	0x1
 952 02e9 D101     		.2byte	0x1d1
 953 02eb 00000000 		.4byte	.LFB68
 954 02ef 18000000 		.4byte	.LFE68-.LFB68
 955 02f3 01       		.uleb128 0x1
 956 02f4 9C       		.byte	0x9c
 957 02f5 19       		.uleb128 0x19
ARM GAS  C:\Users\shubhamt\AppData\Local\Temp\ccVSO7yg.s 			page 26


 958 02f6 52010000 		.4byte	.LASF40
 959 02fa 05       		.byte	0x5
 960 02fb 1606     		.2byte	0x616
 961 02fd 01030000 		.4byte	0x301
 962 0301 07       		.uleb128 0x7
 963 0302 8B000000 		.4byte	0x8b
 964 0306 00       		.byte	0
 965              		.section	.debug_abbrev,"",%progbits
 966              	.Ldebug_abbrev0:
 967 0000 01       		.uleb128 0x1
 968 0001 11       		.uleb128 0x11
 969 0002 01       		.byte	0x1
 970 0003 25       		.uleb128 0x25
 971 0004 0E       		.uleb128 0xe
 972 0005 13       		.uleb128 0x13
 973 0006 0B       		.uleb128 0xb
 974 0007 03       		.uleb128 0x3
 975 0008 0E       		.uleb128 0xe
 976 0009 1B       		.uleb128 0x1b
 977 000a 0E       		.uleb128 0xe
 978 000b 55       		.uleb128 0x55
 979 000c 17       		.uleb128 0x17
 980 000d 11       		.uleb128 0x11
 981 000e 01       		.uleb128 0x1
 982 000f 10       		.uleb128 0x10
 983 0010 17       		.uleb128 0x17
 984 0011 00       		.byte	0
 985 0012 00       		.byte	0
 986 0013 02       		.uleb128 0x2
 987 0014 24       		.uleb128 0x24
 988 0015 00       		.byte	0
 989 0016 0B       		.uleb128 0xb
 990 0017 0B       		.uleb128 0xb
 991 0018 3E       		.uleb128 0x3e
 992 0019 0B       		.uleb128 0xb
 993 001a 03       		.uleb128 0x3
 994 001b 08       		.uleb128 0x8
 995 001c 00       		.byte	0
 996 001d 00       		.byte	0
 997 001e 03       		.uleb128 0x3
 998 001f 24       		.uleb128 0x24
 999 0020 00       		.byte	0
 1000 0021 0B       		.uleb128 0xb
 1001 0022 0B       		.uleb128 0xb
 1002 0023 3E       		.uleb128 0x3e
 1003 0024 0B       		.uleb128 0xb
 1004 0025 03       		.uleb128 0x3
 1005 0026 0E       		.uleb128 0xe
 1006 0027 00       		.byte	0
 1007 0028 00       		.byte	0
 1008 0029 04       		.uleb128 0x4
 1009 002a 16       		.uleb128 0x16
 1010 002b 00       		.byte	0
 1011 002c 03       		.uleb128 0x3
 1012 002d 0E       		.uleb128 0xe
 1013 002e 3A       		.uleb128 0x3a
 1014 002f 0B       		.uleb128 0xb
ARM GAS  C:\Users\shubhamt\AppData\Local\Temp\ccVSO7yg.s 			page 27


 1015 0030 3B       		.uleb128 0x3b
 1016 0031 0B       		.uleb128 0xb
 1017 0032 49       		.uleb128 0x49
 1018 0033 13       		.uleb128 0x13
 1019 0034 00       		.byte	0
 1020 0035 00       		.byte	0
 1021 0036 05       		.uleb128 0x5
 1022 0037 0F       		.uleb128 0xf
 1023 0038 00       		.byte	0
 1024 0039 0B       		.uleb128 0xb
 1025 003a 0B       		.uleb128 0xb
 1026 003b 49       		.uleb128 0x49
 1027 003c 13       		.uleb128 0x13
 1028 003d 00       		.byte	0
 1029 003e 00       		.byte	0
 1030 003f 06       		.uleb128 0x6
 1031 0040 15       		.uleb128 0x15
 1032 0041 00       		.byte	0
 1033 0042 27       		.uleb128 0x27
 1034 0043 19       		.uleb128 0x19
 1035 0044 00       		.byte	0
 1036 0045 00       		.byte	0
 1037 0046 07       		.uleb128 0x7
 1038 0047 35       		.uleb128 0x35
 1039 0048 00       		.byte	0
 1040 0049 49       		.uleb128 0x49
 1041 004a 13       		.uleb128 0x13
 1042 004b 00       		.byte	0
 1043 004c 00       		.byte	0
 1044 004d 08       		.uleb128 0x8
 1045 004e 16       		.uleb128 0x16
 1046 004f 00       		.byte	0
 1047 0050 03       		.uleb128 0x3
 1048 0051 0E       		.uleb128 0xe
 1049 0052 3A       		.uleb128 0x3a
 1050 0053 0B       		.uleb128 0xb
 1051 0054 3B       		.uleb128 0x3b
 1052 0055 05       		.uleb128 0x5
 1053 0056 49       		.uleb128 0x49
 1054 0057 13       		.uleb128 0x13
 1055 0058 00       		.byte	0
 1056 0059 00       		.byte	0
 1057 005a 09       		.uleb128 0x9
 1058 005b 2E       		.uleb128 0x2e
 1059 005c 00       		.byte	0
 1060 005d 3F       		.uleb128 0x3f
 1061 005e 19       		.uleb128 0x19
 1062 005f 03       		.uleb128 0x3
 1063 0060 0E       		.uleb128 0xe
 1064 0061 3A       		.uleb128 0x3a
 1065 0062 0B       		.uleb128 0xb
 1066 0063 3B       		.uleb128 0x3b
 1067 0064 0B       		.uleb128 0xb
 1068 0065 27       		.uleb128 0x27
 1069 0066 19       		.uleb128 0x19
 1070 0067 11       		.uleb128 0x11
 1071 0068 01       		.uleb128 0x1
ARM GAS  C:\Users\shubhamt\AppData\Local\Temp\ccVSO7yg.s 			page 28


 1072 0069 12       		.uleb128 0x12
 1073 006a 06       		.uleb128 0x6
 1074 006b 40       		.uleb128 0x40
 1075 006c 18       		.uleb128 0x18
 1076 006d 9642     		.uleb128 0x2116
 1077 006f 19       		.uleb128 0x19
 1078 0070 00       		.byte	0
 1079 0071 00       		.byte	0
 1080 0072 0A       		.uleb128 0xa
 1081 0073 2E       		.uleb128 0x2e
 1082 0074 01       		.byte	0x1
 1083 0075 3F       		.uleb128 0x3f
 1084 0076 19       		.uleb128 0x19
 1085 0077 03       		.uleb128 0x3
 1086 0078 0E       		.uleb128 0xe
 1087 0079 3A       		.uleb128 0x3a
 1088 007a 0B       		.uleb128 0xb
 1089 007b 3B       		.uleb128 0x3b
 1090 007c 0B       		.uleb128 0xb
 1091 007d 27       		.uleb128 0x27
 1092 007e 19       		.uleb128 0x19
 1093 007f 11       		.uleb128 0x11
 1094 0080 01       		.uleb128 0x1
 1095 0081 12       		.uleb128 0x12
 1096 0082 06       		.uleb128 0x6
 1097 0083 40       		.uleb128 0x40
 1098 0084 18       		.uleb128 0x18
 1099 0085 9642     		.uleb128 0x2116
 1100 0087 19       		.uleb128 0x19
 1101 0088 01       		.uleb128 0x1
 1102 0089 13       		.uleb128 0x13
 1103 008a 00       		.byte	0
 1104 008b 00       		.byte	0
 1105 008c 0B       		.uleb128 0xb
 1106 008d 05       		.uleb128 0x5
 1107 008e 00       		.byte	0
 1108 008f 03       		.uleb128 0x3
 1109 0090 0E       		.uleb128 0xe
 1110 0091 3A       		.uleb128 0x3a
 1111 0092 0B       		.uleb128 0xb
 1112 0093 3B       		.uleb128 0x3b
 1113 0094 0B       		.uleb128 0xb
 1114 0095 49       		.uleb128 0x49
 1115 0096 13       		.uleb128 0x13
 1116 0097 02       		.uleb128 0x2
 1117 0098 18       		.uleb128 0x18
 1118 0099 00       		.byte	0
 1119 009a 00       		.byte	0
 1120 009b 0C       		.uleb128 0xc
 1121 009c 34       		.uleb128 0x34
 1122 009d 00       		.byte	0
 1123 009e 03       		.uleb128 0x3
 1124 009f 08       		.uleb128 0x8
 1125 00a0 3A       		.uleb128 0x3a
 1126 00a1 0B       		.uleb128 0xb
 1127 00a2 3B       		.uleb128 0x3b
 1128 00a3 0B       		.uleb128 0xb
ARM GAS  C:\Users\shubhamt\AppData\Local\Temp\ccVSO7yg.s 			page 29


 1129 00a4 49       		.uleb128 0x49
 1130 00a5 13       		.uleb128 0x13
 1131 00a6 02       		.uleb128 0x2
 1132 00a7 18       		.uleb128 0x18
 1133 00a8 00       		.byte	0
 1134 00a9 00       		.byte	0
 1135 00aa 0D       		.uleb128 0xd
 1136 00ab 34       		.uleb128 0x34
 1137 00ac 00       		.byte	0
 1138 00ad 03       		.uleb128 0x3
 1139 00ae 0E       		.uleb128 0xe
 1140 00af 3A       		.uleb128 0x3a
 1141 00b0 0B       		.uleb128 0xb
 1142 00b1 3B       		.uleb128 0x3b
 1143 00b2 0B       		.uleb128 0xb
 1144 00b3 49       		.uleb128 0x49
 1145 00b4 13       		.uleb128 0x13
 1146 00b5 02       		.uleb128 0x2
 1147 00b6 18       		.uleb128 0x18
 1148 00b7 00       		.byte	0
 1149 00b8 00       		.byte	0
 1150 00b9 0E       		.uleb128 0xe
 1151 00ba 34       		.uleb128 0x34
 1152 00bb 00       		.byte	0
 1153 00bc 03       		.uleb128 0x3
 1154 00bd 08       		.uleb128 0x8
 1155 00be 3A       		.uleb128 0x3a
 1156 00bf 0B       		.uleb128 0xb
 1157 00c0 3B       		.uleb128 0x3b
 1158 00c1 0B       		.uleb128 0xb
 1159 00c2 49       		.uleb128 0x49
 1160 00c3 13       		.uleb128 0x13
 1161 00c4 00       		.byte	0
 1162 00c5 00       		.byte	0
 1163 00c6 0F       		.uleb128 0xf
 1164 00c7 34       		.uleb128 0x34
 1165 00c8 00       		.byte	0
 1166 00c9 03       		.uleb128 0x3
 1167 00ca 0E       		.uleb128 0xe
 1168 00cb 3A       		.uleb128 0x3a
 1169 00cc 0B       		.uleb128 0xb
 1170 00cd 3B       		.uleb128 0x3b
 1171 00ce 0B       		.uleb128 0xb
 1172 00cf 49       		.uleb128 0x49
 1173 00d0 13       		.uleb128 0x13
 1174 00d1 00       		.byte	0
 1175 00d2 00       		.byte	0
 1176 00d3 10       		.uleb128 0x10
 1177 00d4 34       		.uleb128 0x34
 1178 00d5 00       		.byte	0
 1179 00d6 03       		.uleb128 0x3
 1180 00d7 0E       		.uleb128 0xe
 1181 00d8 3A       		.uleb128 0x3a
 1182 00d9 0B       		.uleb128 0xb
 1183 00da 3B       		.uleb128 0x3b
 1184 00db 0B       		.uleb128 0xb
 1185 00dc 49       		.uleb128 0x49
ARM GAS  C:\Users\shubhamt\AppData\Local\Temp\ccVSO7yg.s 			page 30


 1186 00dd 13       		.uleb128 0x13
 1187 00de 3F       		.uleb128 0x3f
 1188 00df 19       		.uleb128 0x19
 1189 00e0 3C       		.uleb128 0x3c
 1190 00e1 19       		.uleb128 0x19
 1191 00e2 00       		.byte	0
 1192 00e3 00       		.byte	0
 1193 00e4 11       		.uleb128 0x11
 1194 00e5 01       		.uleb128 0x1
 1195 00e6 01       		.byte	0x1
 1196 00e7 49       		.uleb128 0x49
 1197 00e8 13       		.uleb128 0x13
 1198 00e9 01       		.uleb128 0x1
 1199 00ea 13       		.uleb128 0x13
 1200 00eb 00       		.byte	0
 1201 00ec 00       		.byte	0
 1202 00ed 12       		.uleb128 0x12
 1203 00ee 21       		.uleb128 0x21
 1204 00ef 00       		.byte	0
 1205 00f0 49       		.uleb128 0x49
 1206 00f1 13       		.uleb128 0x13
 1207 00f2 2F       		.uleb128 0x2f
 1208 00f3 0B       		.uleb128 0xb
 1209 00f4 00       		.byte	0
 1210 00f5 00       		.byte	0
 1211 00f6 13       		.uleb128 0x13
 1212 00f7 2E       		.uleb128 0x2e
 1213 00f8 01       		.byte	0x1
 1214 00f9 3F       		.uleb128 0x3f
 1215 00fa 19       		.uleb128 0x19
 1216 00fb 03       		.uleb128 0x3
 1217 00fc 0E       		.uleb128 0xe
 1218 00fd 3A       		.uleb128 0x3a
 1219 00fe 0B       		.uleb128 0xb
 1220 00ff 3B       		.uleb128 0x3b
 1221 0100 05       		.uleb128 0x5
 1222 0101 27       		.uleb128 0x27
 1223 0102 19       		.uleb128 0x19
 1224 0103 11       		.uleb128 0x11
 1225 0104 01       		.uleb128 0x1
 1226 0105 12       		.uleb128 0x12
 1227 0106 06       		.uleb128 0x6
 1228 0107 40       		.uleb128 0x40
 1229 0108 18       		.uleb128 0x18
 1230 0109 9742     		.uleb128 0x2117
 1231 010b 19       		.uleb128 0x19
 1232 010c 01       		.uleb128 0x1
 1233 010d 13       		.uleb128 0x13
 1234 010e 00       		.byte	0
 1235 010f 00       		.byte	0
 1236 0110 14       		.uleb128 0x14
 1237 0111 05       		.uleb128 0x5
 1238 0112 00       		.byte	0
 1239 0113 03       		.uleb128 0x3
 1240 0114 0E       		.uleb128 0xe
 1241 0115 3A       		.uleb128 0x3a
 1242 0116 0B       		.uleb128 0xb
ARM GAS  C:\Users\shubhamt\AppData\Local\Temp\ccVSO7yg.s 			page 31


 1243 0117 3B       		.uleb128 0x3b
 1244 0118 05       		.uleb128 0x5
 1245 0119 49       		.uleb128 0x49
 1246 011a 13       		.uleb128 0x13
 1247 011b 02       		.uleb128 0x2
 1248 011c 18       		.uleb128 0x18
 1249 011d 00       		.byte	0
 1250 011e 00       		.byte	0
 1251 011f 15       		.uleb128 0x15
 1252 0120 34       		.uleb128 0x34
 1253 0121 00       		.byte	0
 1254 0122 03       		.uleb128 0x3
 1255 0123 0E       		.uleb128 0xe
 1256 0124 3A       		.uleb128 0x3a
 1257 0125 0B       		.uleb128 0xb
 1258 0126 3B       		.uleb128 0x3b
 1259 0127 05       		.uleb128 0x5
 1260 0128 49       		.uleb128 0x49
 1261 0129 13       		.uleb128 0x13
 1262 012a 02       		.uleb128 0x2
 1263 012b 18       		.uleb128 0x18
 1264 012c 00       		.byte	0
 1265 012d 00       		.byte	0
 1266 012e 16       		.uleb128 0x16
 1267 012f 2E       		.uleb128 0x2e
 1268 0130 01       		.byte	0x1
 1269 0131 3F       		.uleb128 0x3f
 1270 0132 19       		.uleb128 0x19
 1271 0133 03       		.uleb128 0x3
 1272 0134 0E       		.uleb128 0xe
 1273 0135 3A       		.uleb128 0x3a
 1274 0136 0B       		.uleb128 0xb
 1275 0137 3B       		.uleb128 0x3b
 1276 0138 05       		.uleb128 0x5
 1277 0139 27       		.uleb128 0x27
 1278 013a 19       		.uleb128 0x19
 1279 013b 49       		.uleb128 0x49
 1280 013c 13       		.uleb128 0x13
 1281 013d 11       		.uleb128 0x11
 1282 013e 01       		.uleb128 0x1
 1283 013f 12       		.uleb128 0x12
 1284 0140 06       		.uleb128 0x6
 1285 0141 40       		.uleb128 0x40
 1286 0142 18       		.uleb128 0x18
 1287 0143 9742     		.uleb128 0x2117
 1288 0145 19       		.uleb128 0x19
 1289 0146 01       		.uleb128 0x1
 1290 0147 13       		.uleb128 0x13
 1291 0148 00       		.byte	0
 1292 0149 00       		.byte	0
 1293 014a 17       		.uleb128 0x17
 1294 014b 2E       		.uleb128 0x2e
 1295 014c 00       		.byte	0
 1296 014d 3F       		.uleb128 0x3f
 1297 014e 19       		.uleb128 0x19
 1298 014f 03       		.uleb128 0x3
 1299 0150 0E       		.uleb128 0xe
ARM GAS  C:\Users\shubhamt\AppData\Local\Temp\ccVSO7yg.s 			page 32


 1300 0151 3A       		.uleb128 0x3a
 1301 0152 0B       		.uleb128 0xb
 1302 0153 3B       		.uleb128 0x3b
 1303 0154 05       		.uleb128 0x5
 1304 0155 27       		.uleb128 0x27
 1305 0156 19       		.uleb128 0x19
 1306 0157 11       		.uleb128 0x11
 1307 0158 01       		.uleb128 0x1
 1308 0159 12       		.uleb128 0x12
 1309 015a 06       		.uleb128 0x6
 1310 015b 40       		.uleb128 0x40
 1311 015c 18       		.uleb128 0x18
 1312 015d 9742     		.uleb128 0x2117
 1313 015f 19       		.uleb128 0x19
 1314 0160 00       		.byte	0
 1315 0161 00       		.byte	0
 1316 0162 18       		.uleb128 0x18
 1317 0163 2E       		.uleb128 0x2e
 1318 0164 00       		.byte	0
 1319 0165 3F       		.uleb128 0x3f
 1320 0166 19       		.uleb128 0x19
 1321 0167 03       		.uleb128 0x3
 1322 0168 0E       		.uleb128 0xe
 1323 0169 3A       		.uleb128 0x3a
 1324 016a 0B       		.uleb128 0xb
 1325 016b 3B       		.uleb128 0x3b
 1326 016c 05       		.uleb128 0x5
 1327 016d 27       		.uleb128 0x27
 1328 016e 19       		.uleb128 0x19
 1329 016f 49       		.uleb128 0x49
 1330 0170 13       		.uleb128 0x13
 1331 0171 11       		.uleb128 0x11
 1332 0172 01       		.uleb128 0x1
 1333 0173 12       		.uleb128 0x12
 1334 0174 06       		.uleb128 0x6
 1335 0175 40       		.uleb128 0x40
 1336 0176 18       		.uleb128 0x18
 1337 0177 9742     		.uleb128 0x2117
 1338 0179 19       		.uleb128 0x19
 1339 017a 00       		.byte	0
 1340 017b 00       		.byte	0
 1341 017c 19       		.uleb128 0x19
 1342 017d 34       		.uleb128 0x34
 1343 017e 00       		.byte	0
 1344 017f 03       		.uleb128 0x3
 1345 0180 0E       		.uleb128 0xe
 1346 0181 3A       		.uleb128 0x3a
 1347 0182 0B       		.uleb128 0xb
 1348 0183 3B       		.uleb128 0x3b
 1349 0184 05       		.uleb128 0x5
 1350 0185 49       		.uleb128 0x49
 1351 0186 13       		.uleb128 0x13
 1352 0187 3F       		.uleb128 0x3f
 1353 0188 19       		.uleb128 0x19
 1354 0189 3C       		.uleb128 0x3c
 1355 018a 19       		.uleb128 0x19
 1356 018b 00       		.byte	0
ARM GAS  C:\Users\shubhamt\AppData\Local\Temp\ccVSO7yg.s 			page 33


 1357 018c 00       		.byte	0
 1358 018d 00       		.byte	0
 1359              		.section	.debug_aranges,"",%progbits
 1360 0000 7C000000 		.4byte	0x7c
 1361 0004 0200     		.2byte	0x2
 1362 0006 00000000 		.4byte	.Ldebug_info0
 1363 000a 04       		.byte	0x4
 1364 000b 00       		.byte	0
 1365 000c 0000     		.2byte	0
 1366 000e 0000     		.2byte	0
 1367 0010 00000000 		.4byte	.LFB56
 1368 0014 20000000 		.4byte	.LFE56-.LFB56
 1369 0018 00000000 		.4byte	.LFB57
 1370 001c 22000000 		.4byte	.LFE57-.LFB57
 1371 0020 00000000 		.4byte	.LFB58
 1372 0024 14000000 		.4byte	.LFE58-.LFB58
 1373 0028 00000000 		.4byte	.LFB59
 1374 002c 90000000 		.4byte	.LFE59-.LFB59
 1375 0030 00000000 		.4byte	.LFB60
 1376 0034 24000000 		.4byte	.LFE60-.LFB60
 1377 0038 00000000 		.4byte	.LFB61
 1378 003c 20000000 		.4byte	.LFE61-.LFB61
 1379 0040 00000000 		.4byte	.LFB62
 1380 0044 24000000 		.4byte	.LFE62-.LFB62
 1381 0048 00000000 		.4byte	.LFB63
 1382 004c 24000000 		.4byte	.LFE63-.LFB63
 1383 0050 00000000 		.4byte	.LFB64
 1384 0054 18000000 		.4byte	.LFE64-.LFB64
 1385 0058 00000000 		.4byte	.LFB65
 1386 005c 24000000 		.4byte	.LFE65-.LFB65
 1387 0060 00000000 		.4byte	.LFB66
 1388 0064 18000000 		.4byte	.LFE66-.LFB66
 1389 0068 00000000 		.4byte	.LFB67
 1390 006c 18000000 		.4byte	.LFE67-.LFB67
 1391 0070 00000000 		.4byte	.LFB68
 1392 0074 18000000 		.4byte	.LFE68-.LFB68
 1393 0078 00000000 		.4byte	0
 1394 007c 00000000 		.4byte	0
 1395              		.section	.debug_ranges,"",%progbits
 1396              	.Ldebug_ranges0:
 1397 0000 00000000 		.4byte	.LFB56
 1398 0004 20000000 		.4byte	.LFE56
 1399 0008 00000000 		.4byte	.LFB57
 1400 000c 22000000 		.4byte	.LFE57
 1401 0010 00000000 		.4byte	.LFB58
 1402 0014 14000000 		.4byte	.LFE58
 1403 0018 00000000 		.4byte	.LFB59
 1404 001c 90000000 		.4byte	.LFE59
 1405 0020 00000000 		.4byte	.LFB60
 1406 0024 24000000 		.4byte	.LFE60
 1407 0028 00000000 		.4byte	.LFB61
 1408 002c 20000000 		.4byte	.LFE61
 1409 0030 00000000 		.4byte	.LFB62
 1410 0034 24000000 		.4byte	.LFE62
 1411 0038 00000000 		.4byte	.LFB63
 1412 003c 24000000 		.4byte	.LFE63
 1413 0040 00000000 		.4byte	.LFB64
ARM GAS  C:\Users\shubhamt\AppData\Local\Temp\ccVSO7yg.s 			page 34


 1414 0044 18000000 		.4byte	.LFE64
 1415 0048 00000000 		.4byte	.LFB65
 1416 004c 24000000 		.4byte	.LFE65
 1417 0050 00000000 		.4byte	.LFB66
 1418 0054 18000000 		.4byte	.LFE66
 1419 0058 00000000 		.4byte	.LFB67
 1420 005c 18000000 		.4byte	.LFE67
 1421 0060 00000000 		.4byte	.LFB68
 1422 0064 18000000 		.4byte	.LFE68
 1423 0068 00000000 		.4byte	0
 1424 006c 00000000 		.4byte	0
 1425              		.section	.debug_line,"",%progbits
 1426              	.Ldebug_line0:
 1427 0000 7C020000 		.section	.debug_str,"MS",%progbits,1
 1427      02005F01 
 1427      00000201 
 1427      FB0E0D00 
 1427      01010101 
 1428              	.LASF18:
 1429 0000 72656733 		.ascii	"reg32\000"
 1429      3200
 1430              	.LASF11:
 1431 0006 5F5F696E 		.ascii	"__int32_t\000"
 1431      7433325F 
 1431      7400
 1432              	.LASF33:
 1433 0010 6973725F 		.ascii	"isr_GetVector\000"
 1433      47657456 
 1433      6563746F 
 1433      7200
 1434              	.LASF44:
 1435 001e 6973725F 		.ascii	"isr_GetState\000"
 1435      47657453 
 1435      74617465 
 1435      00
 1436              	.LASF42:
 1437 002b 2E5C4765 		.ascii	".\\Generated_Source\\PSoC5\\isr.c\000"
 1437      6E657261 
 1437      7465645F 
 1437      536F7572 
 1437      63655C50 
 1438              	.LASF31:
 1439 004a 6973725F 		.ascii	"isr_SetPriority\000"
 1439      53657450 
 1439      72696F72 
 1439      69747900 
 1440              	.LASF21:
 1441 005a 6973725F 		.ascii	"isr_Stop\000"
 1441      53746F70 
 1441      00
 1442              	.LASF15:
 1443 0063 666C6F61 		.ascii	"float\000"
 1443      7400
 1444              	.LASF28:
 1445 0069 6973725F 		.ascii	"isr_SetVector\000"
 1445      53657456 
 1445      6563746F 
ARM GAS  C:\Users\shubhamt\AppData\Local\Temp\ccVSO7yg.s 			page 35


 1445      7200
 1446              	.LASF25:
 1447 0077 66726571 		.ascii	"freqs\000"
 1447      7300
 1448              	.LASF2:
 1449 007d 756E7369 		.ascii	"unsigned char\000"
 1449      676E6564 
 1449      20636861 
 1449      7200
 1450              	.LASF17:
 1451 008b 72656738 		.ascii	"reg8\000"
 1451      00
 1452              	.LASF41:
 1453 0090 474E5520 		.ascii	"GNU C 4.8.4 20140526 (release) [ARM/embedded-4_8-br"
 1453      4320342E 
 1453      382E3420 
 1453      32303134 
 1453      30353236 
 1454 00c3 616E6368 		.ascii	"anch revision 211358] -mcpu=cortex-m3 -mthumb -g -O"
 1454      20726576 
 1454      6973696F 
 1454      6E203231 
 1454      31333538 
 1455 00f6 30202D66 		.ascii	"0 -ffunction-sections\000"
 1455      66756E63 
 1455      74696F6E 
 1455      2D736563 
 1455      74696F6E 
 1456              	.LASF6:
 1457 010c 6C6F6E67 		.ascii	"long unsigned int\000"
 1457      20756E73 
 1457      69676E65 
 1457      6420696E 
 1457      7400
 1458              	.LASF20:
 1459 011e 6973725F 		.ascii	"isr_Start\000"
 1459      53746172 
 1459      7400
 1460              	.LASF4:
 1461 0128 73686F72 		.ascii	"short unsigned int\000"
 1461      7420756E 
 1461      7369676E 
 1461      65642069 
 1461      6E7400
 1462              	.LASF38:
 1463 013b 6973725F 		.ascii	"isr_ClearPending\000"
 1463      436C6561 
 1463      7250656E 
 1463      64696E67 
 1463      00
 1464              	.LASF26:
 1465 014c 616D706C 		.ascii	"ampls\000"
 1465      7300
 1466              	.LASF40:
 1467 0152 49544D5F 		.ascii	"ITM_RxBuffer\000"
 1467      52784275 
 1467      66666572 
ARM GAS  C:\Users\shubhamt\AppData\Local\Temp\ccVSO7yg.s 			page 36


 1467      00
 1468              	.LASF27:
 1469 015f 76616C75 		.ascii	"value\000"
 1469      6500
 1470              	.LASF16:
 1471 0165 646F7562 		.ascii	"double\000"
 1471      6C6500
 1472              	.LASF3:
 1473 016c 73686F72 		.ascii	"short int\000"
 1473      7420696E 
 1473      7400
 1474              	.LASF32:
 1475 0176 7072696F 		.ascii	"priority\000"
 1475      72697479 
 1475      00
 1476              	.LASF37:
 1477 017f 6973725F 		.ascii	"isr_SetPending\000"
 1477      53657450 
 1477      656E6469 
 1477      6E6700
 1478              	.LASF22:
 1479 018e 6973725F 		.ascii	"isr_StartEx\000"
 1479      53746172 
 1479      74457800 
 1480              	.LASF14:
 1481 019a 75696E74 		.ascii	"uint32\000"
 1481      333200
 1482              	.LASF0:
 1483 01a1 756E7369 		.ascii	"unsigned int\000"
 1483      676E6564 
 1483      20696E74 
 1483      00
 1484              	.LASF29:
 1485 01ae 61646472 		.ascii	"address\000"
 1485      65737300 
 1486              	.LASF8:
 1487 01b6 6C6F6E67 		.ascii	"long long unsigned int\000"
 1487      206C6F6E 
 1487      6720756E 
 1487      7369676E 
 1487      65642069 
 1488              	.LASF19:
 1489 01cd 63796973 		.ascii	"cyisraddress\000"
 1489      72616464 
 1489      72657373 
 1489      00
 1490              	.LASF23:
 1491 01da 6973725F 		.ascii	"isr_Interrupt\000"
 1491      496E7465 
 1491      72727570 
 1491      7400
 1492              	.LASF12:
 1493 01e8 696E7433 		.ascii	"int32_t\000"
 1493      325F7400 
 1494              	.LASF9:
 1495 01f0 73697A65 		.ascii	"sizetype\000"
 1495      74797065 
ARM GAS  C:\Users\shubhamt\AppData\Local\Temp\ccVSO7yg.s 			page 37


 1495      00
 1496              	.LASF7:
 1497 01f9 6C6F6E67 		.ascii	"long long int\000"
 1497      206C6F6E 
 1497      6720696E 
 1497      7400
 1498              	.LASF10:
 1499 0207 63686172 		.ascii	"char\000"
 1499      00
 1500              	.LASF30:
 1501 020c 72616D56 		.ascii	"ramVectorTable\000"
 1501      6563746F 
 1501      72546162 
 1501      6C6500
 1502              	.LASF24:
 1503 021b 77617665 		.ascii	"wave_idx\000"
 1503      5F696478 
 1503      00
 1504              	.LASF36:
 1505 0224 6973725F 		.ascii	"isr_Disable\000"
 1505      44697361 
 1505      626C6500 
 1506              	.LASF43:
 1507 0230 433A5C55 		.ascii	"C:\\Users\\shubhamt\\Documents\\PSoC Creator\\WaveG"
 1507      73657273 
 1507      5C736875 
 1507      6268616D 
 1507      745C446F 
 1508 025e 656E6572 		.ascii	"enerator1\\WaveGenerator1.cydsn\000"
 1508      61746F72 
 1508      315C5761 
 1508      76654765 
 1508      6E657261 
 1509              	.LASF13:
 1510 027d 75696E74 		.ascii	"uint8\000"
 1510      3800
 1511              	.LASF39:
 1512 0283 77617665 		.ascii	"wave_table\000"
 1512      5F746162 
 1512      6C6500
 1513              	.LASF5:
 1514 028e 6C6F6E67 		.ascii	"long int\000"
 1514      20696E74 
 1514      00
 1515              	.LASF1:
 1516 0297 7369676E 		.ascii	"signed char\000"
 1516      65642063 
 1516      68617200 
 1517              	.LASF35:
 1518 02a3 6973725F 		.ascii	"isr_Enable\000"
 1518      456E6162 
 1518      6C6500
 1519              	.LASF34:
 1520 02ae 6973725F 		.ascii	"isr_GetPriority\000"
 1520      47657450 
 1520      72696F72 
 1520      69747900 
ARM GAS  C:\Users\shubhamt\AppData\Local\Temp\ccVSO7yg.s 			page 38


 1521              		.ident	"GCC: (GNU Tools for ARM Embedded Processors) 4.8.4 20140526 (release) [ARM/embedded-4_8-br
