ARM GAS  C:\Users\pearlstl\AppData\Local\Temp\cc9bWeWk.s 			page 1


   1              		.syntax unified
   2              		.cpu cortex-m3
   3              		.fpu softvfp
   4              		.eabi_attribute 20, 1
   5              		.eabi_attribute 21, 1
   6              		.eabi_attribute 23, 3
   7              		.eabi_attribute 24, 1
   8              		.eabi_attribute 25, 1
   9              		.eabi_attribute 26, 1
  10              		.eabi_attribute 30, 6
  11              		.eabi_attribute 34, 1
  12              		.eabi_attribute 18, 4
  13              		.thumb
  14              		.file	"main.c"
  15              		.text
  16              	.Ltext0:
  17              		.cfi_sections	.debug_frame
  18              		.bss
  19              		.align	2
  20              	hs_model_coeffs:
  21 0000 00       		.space	1
  22              		.comm	wave_table,80,4
  23              		.global	n
  24 0001 000000   		.align	2
  25              		.type	n, %object
  26              		.size	n, 4
  27              	n:
  28 0004 00000000 		.space	4
  29              		.global	__aeabi_i2d
  30              		.global	__aeabi_dmul
  31              		.global	__aeabi_ddiv
  32              		.global	__aeabi_d2iz
  33              		.section	.text.main,"ax",%progbits
  34              		.align	2
  35              		.global	main
  36              		.thumb
  37              		.thumb_func
  38              		.type	main, %function
  39              	main:
  40              	.LFB56:
  41              		.file 1 ".\\main.c"
   1:.\main.c      **** /* ========================================
   2:.\main.c      ****  *
   3:.\main.c      ****  * Copyright YOUR COMPANY, THE YEAR
   4:.\main.c      ****  * All Rights Reserved
   5:.\main.c      ****  * UNPUBLISHED, LICENSED SOFTWARE.
   6:.\main.c      ****  *
   7:.\main.c      ****  * CONFIDENTIAL AND PROPRIETARY INFORMATION
   8:.\main.c      ****  * WHICH IS THE PROPERTY OF your company.
   9:.\main.c      ****  *
  10:.\main.c      ****  * ========================================
  11:.\main.c      **** */
  12:.\main.c      **** #include <math.h>
  13:.\main.c      **** #include <project.h>
  14:.\main.c      **** #include <stdio.h>
  15:.\main.c      **** #include "ANC.h"
  16:.\main.c      **** #include "hs_model.h"
ARM GAS  C:\Users\pearlstl\AppData\Local\Temp\cc9bWeWk.s 			page 2


  17:.\main.c      **** #include "hs_model_coeffs.h"
  18:.\main.c      **** 
  19:.\main.c      **** int wave_table[WAVESIZE];       // Q20.12 format (signed two's complement, 12 fractional bits)s
  20:.\main.c      **** int n=0;
  21:.\main.c      **** 
  22:.\main.c      **** int main()
  23:.\main.c      **** {
  42              		.loc 1 23 0
  43              		.cfi_startproc
  44              		@ args = 0, pretend = 0, frame = 8
  45              		@ frame_needed = 1, uses_anonymous_args = 0
  46 0000 80B5     		push	{r7, lr}
  47              		.cfi_def_cfa_offset 8
  48              		.cfi_offset 7, -8
  49              		.cfi_offset 14, -4
  50 0002 82B0     		sub	sp, sp, #8
  51              		.cfi_def_cfa_offset 16
  52 0004 00AF     		add	r7, sp, #0
  53              		.cfi_def_cfa_register 7
  24:.\main.c      ****     
  25:.\main.c      ****     /* Place your initialization/startup code here (e.g. MyInst_Start()) */
  26:.\main.c      ****     int i;  
  27:.\main.c      **** //    uint8 my_string[16];
  28:.\main.c      **** //    int16_t the_val;
  29:.\main.c      **** //    int string_length;
  30:.\main.c      **** //    int length;
  31:.\main.c      ****     for(i=0;i<WAVESIZE;++i)
  54              		.loc 1 31 0
  55 0006 0023     		movs	r3, #0
  56 0008 7B60     		str	r3, [r7, #4]
  57 000a 31E0     		b	.L2
  58              	.L3:
  32:.\main.c      ****     {
  33:.\main.c      ****         wave_table[i]=(int)(sin(2.0*3.1416*i/WAVESIZE)*4095); 
  59              		.loc 1 33 0 discriminator 2
  60 000c 7868     		ldr	r0, [r7, #4]
  61 000e FFF7FEFF 		bl	__aeabi_i2d
  62 0012 0246     		mov	r2, r0
  63 0014 0B46     		mov	r3, r1
  64 0016 1046     		mov	r0, r2
  65 0018 1946     		mov	r1, r3
  66 001a 23A3     		adr	r3, .L6
  67 001c D3E90023 		ldrd	r2, [r3]
  68 0020 FFF7FEFF 		bl	__aeabi_dmul
  69 0024 0246     		mov	r2, r0
  70 0026 0B46     		mov	r3, r1
  71 0028 1046     		mov	r0, r2
  72 002a 1946     		mov	r1, r3
  73 002c 4FF00002 		mov	r2, #0
  74 0030 214B     		ldr	r3, .L6+16
  75 0032 FFF7FEFF 		bl	__aeabi_ddiv
  76 0036 0246     		mov	r2, r0
  77 0038 0B46     		mov	r3, r1
  78 003a 1046     		mov	r0, r2
  79 003c 1946     		mov	r1, r3
  80 003e FFF7FEFF 		bl	sin
  81 0042 0246     		mov	r2, r0
ARM GAS  C:\Users\pearlstl\AppData\Local\Temp\cc9bWeWk.s 			page 3


  82 0044 0B46     		mov	r3, r1
  83 0046 1046     		mov	r0, r2
  84 0048 1946     		mov	r1, r3
  85 004a 19A3     		adr	r3, .L6+8
  86 004c D3E90023 		ldrd	r2, [r3]
  87 0050 FFF7FEFF 		bl	__aeabi_dmul
  88 0054 0246     		mov	r2, r0
  89 0056 0B46     		mov	r3, r1
  90 0058 1046     		mov	r0, r2
  91 005a 1946     		mov	r1, r3
  92 005c FFF7FEFF 		bl	__aeabi_d2iz
  93 0060 0146     		mov	r1, r0
  94 0062 164B     		ldr	r3, .L6+20
  95 0064 7A68     		ldr	r2, [r7, #4]
  96 0066 43F82210 		str	r1, [r3, r2, lsl #2]
  31:.\main.c      ****     for(i=0;i<WAVESIZE;++i)
  97              		.loc 1 31 0 discriminator 2
  98 006a 7B68     		ldr	r3, [r7, #4]
  99 006c 0133     		adds	r3, r3, #1
 100 006e 7B60     		str	r3, [r7, #4]
 101              	.L2:
  31:.\main.c      ****     for(i=0;i<WAVESIZE;++i)
 102              		.loc 1 31 0 is_stmt 0 discriminator 1
 103 0070 7B68     		ldr	r3, [r7, #4]
 104 0072 132B     		cmp	r3, #19
 105 0074 CADD     		ble	.L3
  34:.\main.c      ****     }
  35:.\main.c      ****     
  36:.\main.c      ****     // The hs_model_coeffs array must be defined in hs_model_coeffs.h !!!
  37:.\main.c      ****     hs_model_new( hs_model_coeffs );
 106              		.loc 1 37 0 is_stmt 1
 107 0076 1248     		ldr	r0, .L6+24
 108 0078 FFF7FEFF 		bl	hs_model_new
  38:.\main.c      ****     
  39:.\main.c      ****     VDAC8_1_hs_Start();
 109              		.loc 1 39 0
 110 007c FFF7FEFF 		bl	VDAC8_1_hs_Start
  40:.\main.c      ****     ADC_SAR_Start();
 111              		.loc 1 40 0
 112 0080 FFF7FEFF 		bl	ADC_SAR_Start
  41:.\main.c      ****     VDAC8_2_ls_Start();
 113              		.loc 1 41 0
 114 0084 FFF7FEFF 		bl	VDAC8_2_ls_Start
  42:.\main.c      ****     UART_1_Start();
 115              		.loc 1 42 0
 116 0088 FFF7FEFF 		bl	UART_1_Start
  43:.\main.c      ****     isr_Start();
 117              		.loc 1 43 0
 118 008c FFF7FEFF 		bl	isr_Start
  44:.\main.c      ****     
  45:.\main.c      ****     CyGlobalIntEnable; /* Uncomment this line to enable global interrupts. */
 119              		.loc 1 45 0
 120              	@ 45 ".\main.c" 1
 121 0090 62B6     		CPSIE   i
 122              	@ 0 "" 2
  46:.\main.c      ****     while (n<NUM_SAMPS_TO_CAPTURE)
 123              		.loc 1 46 0
ARM GAS  C:\Users\pearlstl\AppData\Local\Temp\cc9bWeWk.s 			page 4


 124              		.thumb
 125 0092 00BF     		nop
 126              	.L4:
 127              		.loc 1 46 0 is_stmt 0 discriminator 1
 128 0094 0B4B     		ldr	r3, .L6+28
 129 0096 1A68     		ldr	r2, [r3]
 130 0098 47F22F53 		movw	r3, #29999
 131 009c 9A42     		cmp	r2, r3
 132 009e F9DD     		ble	.L4
 133              	.L5:
  47:.\main.c      ****     {
  48:.\main.c      ****         
  49:.\main.c      ****     }
  50:.\main.c      ****     
  51:.\main.c      ****     while(1){}
 134              		.loc 1 51 0 is_stmt 1 discriminator 1
 135 00a0 FEE7     		b	.L5
 136              	.L7:
 137 00a2 00BFAFF3 		.align	3
 137      0080
 138              	.L6:
 139 00a8 A7E8482E 		.word	776530087
 140 00ac FF211940 		.word	1075388927
 141 00b0 00000000 		.word	0
 142 00b4 00FEAF40 		.word	1085275648
 143 00b8 00003440 		.word	1077149696
 144 00bc 00000000 		.word	wave_table
 145 00c0 00000000 		.word	hs_model_coeffs
 146 00c4 00000000 		.word	n
 147              		.cfi_endproc
 148              	.LFE56:
 149              		.size	main, .-main
 150              		.text
 151              	.Letext0:
 152              		.file 2 "c:\\program files (x86)\\cypress\\psoc creator\\3.2\\psoc creator\\import\\gnu\\arm\\4.8.
 153              		.file 3 "c:\\program files (x86)\\cypress\\psoc creator\\3.2\\psoc creator\\import\\gnu\\arm\\4.8.
 154              		.file 4 "Generated_Source\\PSoC5/core_cm3.h"
 155              		.file 5 ".\\hs_model_coeffs.h"
 156              		.section	.debug_info,"",%progbits
 157              	.Ldebug_info0:
 158 0000 33010000 		.4byte	0x133
 159 0004 0400     		.2byte	0x4
 160 0006 00000000 		.4byte	.Ldebug_abbrev0
 161 000a 04       		.byte	0x4
 162 000b 01       		.uleb128 0x1
 163 000c CB000000 		.4byte	.LASF20
 164 0010 01       		.byte	0x1
 165 0011 83000000 		.4byte	.LASF21
 166 0015 57010000 		.4byte	.LASF22
 167 0019 00000000 		.4byte	.Ldebug_ranges0+0
 168 001d 00000000 		.4byte	0
 169 0021 00000000 		.4byte	.Ldebug_line0
 170 0025 02       		.uleb128 0x2
 171 0026 04       		.byte	0x4
 172 0027 05       		.byte	0x5
 173 0028 696E7400 		.ascii	"int\000"
 174 002c 03       		.uleb128 0x3
ARM GAS  C:\Users\pearlstl\AppData\Local\Temp\cc9bWeWk.s 			page 5


 175 002d 04       		.byte	0x4
 176 002e 07       		.byte	0x7
 177 002f 21000000 		.4byte	.LASF0
 178 0033 03       		.uleb128 0x3
 179 0034 01       		.byte	0x1
 180 0035 06       		.byte	0x6
 181 0036 B3000000 		.4byte	.LASF1
 182 003a 03       		.uleb128 0x3
 183 003b 01       		.byte	0x1
 184 003c 08       		.byte	0x8
 185 003d 67000000 		.4byte	.LASF2
 186 0041 03       		.uleb128 0x3
 187 0042 02       		.byte	0x2
 188 0043 05       		.byte	0x5
 189 0044 B5010000 		.4byte	.LASF3
 190 0048 03       		.uleb128 0x3
 191 0049 02       		.byte	0x2
 192 004a 07       		.byte	0x7
 193 004b 0E000000 		.4byte	.LASF4
 194 004f 04       		.uleb128 0x4
 195 0050 47010000 		.4byte	.LASF14
 196 0054 02       		.byte	0x2
 197 0055 37       		.byte	0x37
 198 0056 5A000000 		.4byte	0x5a
 199 005a 03       		.uleb128 0x3
 200 005b 04       		.byte	0x4
 201 005c 05       		.byte	0x5
 202 005d 7A000000 		.4byte	.LASF5
 203 0061 03       		.uleb128 0x3
 204 0062 04       		.byte	0x4
 205 0063 07       		.byte	0x7
 206 0064 3E000000 		.4byte	.LASF6
 207 0068 03       		.uleb128 0x3
 208 0069 08       		.byte	0x8
 209 006a 05       		.byte	0x5
 210 006b 00000000 		.4byte	.LASF7
 211 006f 03       		.uleb128 0x3
 212 0070 08       		.byte	0x8
 213 0071 07       		.byte	0x7
 214 0072 50000000 		.4byte	.LASF8
 215 0076 03       		.uleb128 0x3
 216 0077 04       		.byte	0x4
 217 0078 07       		.byte	0x7
 218 0079 9D000000 		.4byte	.LASF9
 219 007d 03       		.uleb128 0x3
 220 007e 01       		.byte	0x1
 221 007f 08       		.byte	0x8
 222 0080 75000000 		.4byte	.LASF10
 223 0084 03       		.uleb128 0x3
 224 0085 08       		.byte	0x8
 225 0086 04       		.byte	0x4
 226 0087 8C000000 		.4byte	.LASF11
 227 008b 03       		.uleb128 0x3
 228 008c 04       		.byte	0x4
 229 008d 04       		.byte	0x4
 230 008e 51010000 		.4byte	.LASF12
 231 0092 03       		.uleb128 0x3
ARM GAS  C:\Users\pearlstl\AppData\Local\Temp\cc9bWeWk.s 			page 6


 232 0093 08       		.byte	0x8
 233 0094 04       		.byte	0x4
 234 0095 BF000000 		.4byte	.LASF13
 235 0099 04       		.uleb128 0x4
 236 009a BF010000 		.4byte	.LASF15
 237 009e 03       		.byte	0x3
 238 009f 41       		.byte	0x41
 239 00a0 4F000000 		.4byte	0x4f
 240 00a4 05       		.uleb128 0x5
 241 00a5 2E000000 		.4byte	.LASF23
 242 00a9 01       		.byte	0x1
 243 00aa 16       		.byte	0x16
 244 00ab 25000000 		.4byte	0x25
 245 00af 00000000 		.4byte	.LFB56
 246 00b3 C8000000 		.4byte	.LFE56-.LFB56
 247 00b7 01       		.uleb128 0x1
 248 00b8 9C       		.byte	0x9c
 249 00b9 CA000000 		.4byte	0xca
 250 00bd 06       		.uleb128 0x6
 251 00be 6900     		.ascii	"i\000"
 252 00c0 01       		.byte	0x1
 253 00c1 1A       		.byte	0x1a
 254 00c2 25000000 		.4byte	0x25
 255 00c6 02       		.uleb128 0x2
 256 00c7 91       		.byte	0x91
 257 00c8 74       		.sleb128 -12
 258 00c9 00       		.byte	0
 259 00ca 07       		.uleb128 0x7
 260 00cb 25000000 		.4byte	0x25
 261 00cf DD000000 		.4byte	0xdd
 262 00d3 08       		.uleb128 0x8
 263 00d4 DD000000 		.4byte	0xdd
 264 00d8 FFFFFFFF 		.4byte	0xffffffff
 265 00dc 00       		.byte	0
 266 00dd 03       		.uleb128 0x3
 267 00de 04       		.byte	0x4
 268 00df 05       		.byte	0x5
 269 00e0 93000000 		.4byte	.LASF16
 270 00e4 09       		.uleb128 0x9
 271 00e5 C7010000 		.4byte	.LASF17
 272 00e9 05       		.byte	0x5
 273 00ea 10       		.byte	0x10
 274 00eb CA000000 		.4byte	0xca
 275 00ef 05       		.uleb128 0x5
 276 00f0 03       		.byte	0x3
 277 00f1 00000000 		.4byte	hs_model_coeffs
 278 00f5 0A       		.uleb128 0xa
 279 00f6 A6000000 		.4byte	.LASF18
 280 00fa 04       		.byte	0x4
 281 00fb 1606     		.2byte	0x616
 282 00fd 01010000 		.4byte	0x101
 283 0101 0B       		.uleb128 0xb
 284 0102 99000000 		.4byte	0x99
 285 0106 07       		.uleb128 0x7
 286 0107 25000000 		.4byte	0x25
 287 010b 16010000 		.4byte	0x116
 288 010f 0C       		.uleb128 0xc
ARM GAS  C:\Users\pearlstl\AppData\Local\Temp\cc9bWeWk.s 			page 7


 289 0110 76000000 		.4byte	0x76
 290 0114 13       		.byte	0x13
 291 0115 00       		.byte	0
 292 0116 0D       		.uleb128 0xd
 293 0117 33000000 		.4byte	.LASF19
 294 011b 01       		.byte	0x1
 295 011c 13       		.byte	0x13
 296 011d 06010000 		.4byte	0x106
 297 0121 05       		.uleb128 0x5
 298 0122 03       		.byte	0x3
 299 0123 00000000 		.4byte	wave_table
 300 0127 0E       		.uleb128 0xe
 301 0128 6E00     		.ascii	"n\000"
 302 012a 01       		.byte	0x1
 303 012b 14       		.byte	0x14
 304 012c 25000000 		.4byte	0x25
 305 0130 05       		.uleb128 0x5
 306 0131 03       		.byte	0x3
 307 0132 00000000 		.4byte	n
 308 0136 00       		.byte	0
 309              		.section	.debug_abbrev,"",%progbits
 310              	.Ldebug_abbrev0:
 311 0000 01       		.uleb128 0x1
 312 0001 11       		.uleb128 0x11
 313 0002 01       		.byte	0x1
 314 0003 25       		.uleb128 0x25
 315 0004 0E       		.uleb128 0xe
 316 0005 13       		.uleb128 0x13
 317 0006 0B       		.uleb128 0xb
 318 0007 03       		.uleb128 0x3
 319 0008 0E       		.uleb128 0xe
 320 0009 1B       		.uleb128 0x1b
 321 000a 0E       		.uleb128 0xe
 322 000b 55       		.uleb128 0x55
 323 000c 17       		.uleb128 0x17
 324 000d 11       		.uleb128 0x11
 325 000e 01       		.uleb128 0x1
 326 000f 10       		.uleb128 0x10
 327 0010 17       		.uleb128 0x17
 328 0011 00       		.byte	0
 329 0012 00       		.byte	0
 330 0013 02       		.uleb128 0x2
 331 0014 24       		.uleb128 0x24
 332 0015 00       		.byte	0
 333 0016 0B       		.uleb128 0xb
 334 0017 0B       		.uleb128 0xb
 335 0018 3E       		.uleb128 0x3e
 336 0019 0B       		.uleb128 0xb
 337 001a 03       		.uleb128 0x3
 338 001b 08       		.uleb128 0x8
 339 001c 00       		.byte	0
 340 001d 00       		.byte	0
 341 001e 03       		.uleb128 0x3
 342 001f 24       		.uleb128 0x24
 343 0020 00       		.byte	0
 344 0021 0B       		.uleb128 0xb
 345 0022 0B       		.uleb128 0xb
ARM GAS  C:\Users\pearlstl\AppData\Local\Temp\cc9bWeWk.s 			page 8


 346 0023 3E       		.uleb128 0x3e
 347 0024 0B       		.uleb128 0xb
 348 0025 03       		.uleb128 0x3
 349 0026 0E       		.uleb128 0xe
 350 0027 00       		.byte	0
 351 0028 00       		.byte	0
 352 0029 04       		.uleb128 0x4
 353 002a 16       		.uleb128 0x16
 354 002b 00       		.byte	0
 355 002c 03       		.uleb128 0x3
 356 002d 0E       		.uleb128 0xe
 357 002e 3A       		.uleb128 0x3a
 358 002f 0B       		.uleb128 0xb
 359 0030 3B       		.uleb128 0x3b
 360 0031 0B       		.uleb128 0xb
 361 0032 49       		.uleb128 0x49
 362 0033 13       		.uleb128 0x13
 363 0034 00       		.byte	0
 364 0035 00       		.byte	0
 365 0036 05       		.uleb128 0x5
 366 0037 2E       		.uleb128 0x2e
 367 0038 01       		.byte	0x1
 368 0039 3F       		.uleb128 0x3f
 369 003a 19       		.uleb128 0x19
 370 003b 03       		.uleb128 0x3
 371 003c 0E       		.uleb128 0xe
 372 003d 3A       		.uleb128 0x3a
 373 003e 0B       		.uleb128 0xb
 374 003f 3B       		.uleb128 0x3b
 375 0040 0B       		.uleb128 0xb
 376 0041 49       		.uleb128 0x49
 377 0042 13       		.uleb128 0x13
 378 0043 11       		.uleb128 0x11
 379 0044 01       		.uleb128 0x1
 380 0045 12       		.uleb128 0x12
 381 0046 06       		.uleb128 0x6
 382 0047 40       		.uleb128 0x40
 383 0048 18       		.uleb128 0x18
 384 0049 9642     		.uleb128 0x2116
 385 004b 19       		.uleb128 0x19
 386 004c 01       		.uleb128 0x1
 387 004d 13       		.uleb128 0x13
 388 004e 00       		.byte	0
 389 004f 00       		.byte	0
 390 0050 06       		.uleb128 0x6
 391 0051 34       		.uleb128 0x34
 392 0052 00       		.byte	0
 393 0053 03       		.uleb128 0x3
 394 0054 08       		.uleb128 0x8
 395 0055 3A       		.uleb128 0x3a
 396 0056 0B       		.uleb128 0xb
 397 0057 3B       		.uleb128 0x3b
 398 0058 0B       		.uleb128 0xb
 399 0059 49       		.uleb128 0x49
 400 005a 13       		.uleb128 0x13
 401 005b 02       		.uleb128 0x2
 402 005c 18       		.uleb128 0x18
ARM GAS  C:\Users\pearlstl\AppData\Local\Temp\cc9bWeWk.s 			page 9


 403 005d 00       		.byte	0
 404 005e 00       		.byte	0
 405 005f 07       		.uleb128 0x7
 406 0060 01       		.uleb128 0x1
 407 0061 01       		.byte	0x1
 408 0062 49       		.uleb128 0x49
 409 0063 13       		.uleb128 0x13
 410 0064 01       		.uleb128 0x1
 411 0065 13       		.uleb128 0x13
 412 0066 00       		.byte	0
 413 0067 00       		.byte	0
 414 0068 08       		.uleb128 0x8
 415 0069 21       		.uleb128 0x21
 416 006a 00       		.byte	0
 417 006b 49       		.uleb128 0x49
 418 006c 13       		.uleb128 0x13
 419 006d 2F       		.uleb128 0x2f
 420 006e 06       		.uleb128 0x6
 421 006f 00       		.byte	0
 422 0070 00       		.byte	0
 423 0071 09       		.uleb128 0x9
 424 0072 34       		.uleb128 0x34
 425 0073 00       		.byte	0
 426 0074 03       		.uleb128 0x3
 427 0075 0E       		.uleb128 0xe
 428 0076 3A       		.uleb128 0x3a
 429 0077 0B       		.uleb128 0xb
 430 0078 3B       		.uleb128 0x3b
 431 0079 0B       		.uleb128 0xb
 432 007a 49       		.uleb128 0x49
 433 007b 13       		.uleb128 0x13
 434 007c 02       		.uleb128 0x2
 435 007d 18       		.uleb128 0x18
 436 007e 00       		.byte	0
 437 007f 00       		.byte	0
 438 0080 0A       		.uleb128 0xa
 439 0081 34       		.uleb128 0x34
 440 0082 00       		.byte	0
 441 0083 03       		.uleb128 0x3
 442 0084 0E       		.uleb128 0xe
 443 0085 3A       		.uleb128 0x3a
 444 0086 0B       		.uleb128 0xb
 445 0087 3B       		.uleb128 0x3b
 446 0088 05       		.uleb128 0x5
 447 0089 49       		.uleb128 0x49
 448 008a 13       		.uleb128 0x13
 449 008b 3F       		.uleb128 0x3f
 450 008c 19       		.uleb128 0x19
 451 008d 3C       		.uleb128 0x3c
 452 008e 19       		.uleb128 0x19
 453 008f 00       		.byte	0
 454 0090 00       		.byte	0
 455 0091 0B       		.uleb128 0xb
 456 0092 35       		.uleb128 0x35
 457 0093 00       		.byte	0
 458 0094 49       		.uleb128 0x49
 459 0095 13       		.uleb128 0x13
ARM GAS  C:\Users\pearlstl\AppData\Local\Temp\cc9bWeWk.s 			page 10


 460 0096 00       		.byte	0
 461 0097 00       		.byte	0
 462 0098 0C       		.uleb128 0xc
 463 0099 21       		.uleb128 0x21
 464 009a 00       		.byte	0
 465 009b 49       		.uleb128 0x49
 466 009c 13       		.uleb128 0x13
 467 009d 2F       		.uleb128 0x2f
 468 009e 0B       		.uleb128 0xb
 469 009f 00       		.byte	0
 470 00a0 00       		.byte	0
 471 00a1 0D       		.uleb128 0xd
 472 00a2 34       		.uleb128 0x34
 473 00a3 00       		.byte	0
 474 00a4 03       		.uleb128 0x3
 475 00a5 0E       		.uleb128 0xe
 476 00a6 3A       		.uleb128 0x3a
 477 00a7 0B       		.uleb128 0xb
 478 00a8 3B       		.uleb128 0x3b
 479 00a9 0B       		.uleb128 0xb
 480 00aa 49       		.uleb128 0x49
 481 00ab 13       		.uleb128 0x13
 482 00ac 3F       		.uleb128 0x3f
 483 00ad 19       		.uleb128 0x19
 484 00ae 02       		.uleb128 0x2
 485 00af 18       		.uleb128 0x18
 486 00b0 00       		.byte	0
 487 00b1 00       		.byte	0
 488 00b2 0E       		.uleb128 0xe
 489 00b3 34       		.uleb128 0x34
 490 00b4 00       		.byte	0
 491 00b5 03       		.uleb128 0x3
 492 00b6 08       		.uleb128 0x8
 493 00b7 3A       		.uleb128 0x3a
 494 00b8 0B       		.uleb128 0xb
 495 00b9 3B       		.uleb128 0x3b
 496 00ba 0B       		.uleb128 0xb
 497 00bb 49       		.uleb128 0x49
 498 00bc 13       		.uleb128 0x13
 499 00bd 3F       		.uleb128 0x3f
 500 00be 19       		.uleb128 0x19
 501 00bf 02       		.uleb128 0x2
 502 00c0 18       		.uleb128 0x18
 503 00c1 00       		.byte	0
 504 00c2 00       		.byte	0
 505 00c3 00       		.byte	0
 506              		.section	.debug_aranges,"",%progbits
 507 0000 1C000000 		.4byte	0x1c
 508 0004 0200     		.2byte	0x2
 509 0006 00000000 		.4byte	.Ldebug_info0
 510 000a 04       		.byte	0x4
 511 000b 00       		.byte	0
 512 000c 0000     		.2byte	0
 513 000e 0000     		.2byte	0
 514 0010 00000000 		.4byte	.LFB56
 515 0014 C8000000 		.4byte	.LFE56-.LFB56
 516 0018 00000000 		.4byte	0
ARM GAS  C:\Users\pearlstl\AppData\Local\Temp\cc9bWeWk.s 			page 11


 517 001c 00000000 		.4byte	0
 518              		.section	.debug_ranges,"",%progbits
 519              	.Ldebug_ranges0:
 520 0000 00000000 		.4byte	.LFB56
 521 0004 C8000000 		.4byte	.LFE56
 522 0008 00000000 		.4byte	0
 523 000c 00000000 		.4byte	0
 524              		.section	.debug_line,"",%progbits
 525              	.Ldebug_line0:
 526 0000 90010000 		.section	.debug_str,"MS",%progbits,1
 526      02005301 
 526      00000201 
 526      FB0E0D00 
 526      01010101 
 527              	.LASF7:
 528 0000 6C6F6E67 		.ascii	"long long int\000"
 528      206C6F6E 
 528      6720696E 
 528      7400
 529              	.LASF4:
 530 000e 73686F72 		.ascii	"short unsigned int\000"
 530      7420756E 
 530      7369676E 
 530      65642069 
 530      6E7400
 531              	.LASF0:
 532 0021 756E7369 		.ascii	"unsigned int\000"
 532      676E6564 
 532      20696E74 
 532      00
 533              	.LASF23:
 534 002e 6D61696E 		.ascii	"main\000"
 534      00
 535              	.LASF19:
 536 0033 77617665 		.ascii	"wave_table\000"
 536      5F746162 
 536      6C6500
 537              	.LASF6:
 538 003e 6C6F6E67 		.ascii	"long unsigned int\000"
 538      20756E73 
 538      69676E65 
 538      6420696E 
 538      7400
 539              	.LASF8:
 540 0050 6C6F6E67 		.ascii	"long long unsigned int\000"
 540      206C6F6E 
 540      6720756E 
 540      7369676E 
 540      65642069 
 541              	.LASF2:
 542 0067 756E7369 		.ascii	"unsigned char\000"
 542      676E6564 
 542      20636861 
 542      7200
 543              	.LASF10:
 544 0075 63686172 		.ascii	"char\000"
 544      00
ARM GAS  C:\Users\pearlstl\AppData\Local\Temp\cc9bWeWk.s 			page 12


 545              	.LASF5:
 546 007a 6C6F6E67 		.ascii	"long int\000"
 546      20696E74 
 546      00
 547              	.LASF21:
 548 0083 2E5C6D61 		.ascii	".\\main.c\000"
 548      696E2E63 
 548      00
 549              	.LASF11:
 550 008c 646F7562 		.ascii	"double\000"
 550      6C6500
 551              	.LASF16:
 552 0093 7373697A 		.ascii	"ssizetype\000"
 552      65747970 
 552      6500
 553              	.LASF9:
 554 009d 73697A65 		.ascii	"sizetype\000"
 554      74797065 
 554      00
 555              	.LASF18:
 556 00a6 49544D5F 		.ascii	"ITM_RxBuffer\000"
 556      52784275 
 556      66666572 
 556      00
 557              	.LASF1:
 558 00b3 7369676E 		.ascii	"signed char\000"
 558      65642063 
 558      68617200 
 559              	.LASF13:
 560 00bf 6C6F6E67 		.ascii	"long double\000"
 560      20646F75 
 560      626C6500 
 561              	.LASF20:
 562 00cb 474E5520 		.ascii	"GNU C 4.8.4 20140526 (release) [ARM/embedded-4_8-br"
 562      4320342E 
 562      382E3420 
 562      32303134 
 562      30353236 
 563 00fe 616E6368 		.ascii	"anch revision 211358] -mcpu=cortex-m3 -mthumb -g -O"
 563      20726576 
 563      6973696F 
 563      6E203231 
 563      31333538 
 564 0131 30202D66 		.ascii	"0 -ffunction-sections\000"
 564      66756E63 
 564      74696F6E 
 564      2D736563 
 564      74696F6E 
 565              	.LASF14:
 566 0147 5F5F696E 		.ascii	"__int32_t\000"
 566      7433325F 
 566      7400
 567              	.LASF12:
 568 0151 666C6F61 		.ascii	"float\000"
 568      7400
 569              	.LASF22:
 570 0157 433A5C55 		.ascii	"C:\\Users\\pearlstl\\Documents\\MUSE-Research\\proj"
ARM GAS  C:\Users\pearlstl\AppData\Local\Temp\cc9bWeWk.s 			page 13


 570      73657273 
 570      5C706561 
 570      726C7374 
 570      6C5C446F 
 571 0185 5F616E63 		.ascii	"_anc\\system\\WaveGenerator1\\WaveGenerator1.cydsn\000"
 571      5C737973 
 571      74656D5C 
 571      57617665 
 571      47656E65 
 572              	.LASF3:
 573 01b5 73686F72 		.ascii	"short int\000"
 573      7420696E 
 573      7400
 574              	.LASF15:
 575 01bf 696E7433 		.ascii	"int32_t\000"
 575      325F7400 
 576              	.LASF17:
 577 01c7 68735F6D 		.ascii	"hs_model_coeffs\000"
 577      6F64656C 
 577      5F636F65 
 577      66667300 
 578              		.ident	"GCC: (GNU Tools for ARM Embedded Processors) 4.8.4 20140526 (release) [ARM/embedded-4_8-br
