ARM GAS  C:\Users\pearlstl\AppData\Local\Temp\ccHirTra.s 			page 1


   1              		.syntax unified
   2              		.cpu cortex-m3
   3              		.fpu softvfp
   4              		.eabi_attribute 20, 1
   5              		.eabi_attribute 21, 1
   6              		.eabi_attribute 23, 3
   7              		.eabi_attribute 24, 1
   8              		.eabi_attribute 25, 1
   9              		.eabi_attribute 26, 1
  10              		.eabi_attribute 30, 6
  11              		.eabi_attribute 34, 1
  12              		.eabi_attribute 18, 4
  13              		.thumb
  14              		.file	"mic_model.c"
  15              		.text
  16              	.Ltext0:
  17              		.cfi_sections	.debug_frame
  18              		.bss
  19              		.align	2
  20              	recent_samps:
  21 0000 00000000 		.space	64
  21      00000000 
  21      00000000 
  21      00000000 
  21      00000000 
  22              		.align	2
  23              	model_coeffs:
  24 0040 00000000 		.space	64
  24      00000000 
  24      00000000 
  24      00000000 
  24      00000000 
  25              		.section	.text.mic_model_new,"ax",%progbits
  26              		.align	2
  27              		.global	mic_model_new
  28              		.thumb
  29              		.thumb_func
  30              		.type	mic_model_new, %function
  31              	mic_model_new:
  32              	.LFB0:
  33              		.file 1 ".\\mic_model.c"
   1:.\mic_model.c **** /* ========================================
   2:.\mic_model.c ****  *
   3:.\mic_model.c ****  * Copyright YOUR COMPANY, THE YEAR
   4:.\mic_model.c ****  * All Rights Reserved
   5:.\mic_model.c ****  * UNPUBLISHED, LICENSED SOFTWARE.
   6:.\mic_model.c ****  *
   7:.\mic_model.c ****  * CONFIDENTIAL AND PROPRIETARY INFORMATION
   8:.\mic_model.c ****  * WHICH IS THE PROPERTY OF your company.
   9:.\mic_model.c ****  *
  10:.\mic_model.c ****  * ========================================
  11:.\mic_model.c **** */
  12:.\mic_model.c **** #include "mic_model.h"
  13:.\mic_model.c **** #include "ANC.h"
  14:.\mic_model.c **** #define FILTER_ORDER (16)
  15:.\mic_model.c **** #define FO1 (FILTER_ORDER-1)
  16:.\mic_model.c **** static int recent_samps [FILTER_ORDER];
ARM GAS  C:\Users\pearlstl\AppData\Local\Temp\ccHirTra.s 			page 2


  17:.\mic_model.c **** static int model_coeffs [FILTER_ORDER];
  18:.\mic_model.c **** 
  19:.\mic_model.c **** void 
  20:.\mic_model.c **** mic_model_new(int *coeffs)
  21:.\mic_model.c **** {
  34              		.loc 1 21 0
  35              		.cfi_startproc
  36              		@ args = 0, pretend = 0, frame = 16
  37              		@ frame_needed = 1, uses_anonymous_args = 0
  38              		@ link register save eliminated.
  39 0000 80B4     		push	{r7}
  40              		.cfi_def_cfa_offset 4
  41              		.cfi_offset 7, -4
  42 0002 85B0     		sub	sp, sp, #20
  43              		.cfi_def_cfa_offset 24
  44 0004 00AF     		add	r7, sp, #0
  45              		.cfi_def_cfa_register 7
  46 0006 7860     		str	r0, [r7, #4]
  22:.\mic_model.c ****     int i;
  23:.\mic_model.c ****     for (i=0; i<FILTER_ORDER; ++i)
  47              		.loc 1 23 0
  48 0008 0023     		movs	r3, #0
  49 000a FB60     		str	r3, [r7, #12]
  50 000c 10E0     		b	.L2
  51              	.L3:
  24:.\mic_model.c ****     {
  25:.\mic_model.c ****        recent_samps [i]=0;
  52              		.loc 1 25 0 discriminator 2
  53 000e 0C4B     		ldr	r3, .L4
  54 0010 FA68     		ldr	r2, [r7, #12]
  55 0012 0021     		movs	r1, #0
  56 0014 43F82210 		str	r1, [r3, r2, lsl #2]
  26:.\mic_model.c ****        model_coeffs[i]=coeffs[i];
  57              		.loc 1 26 0 discriminator 2
  58 0018 FB68     		ldr	r3, [r7, #12]
  59 001a 9B00     		lsls	r3, r3, #2
  60 001c 7A68     		ldr	r2, [r7, #4]
  61 001e 1344     		add	r3, r3, r2
  62 0020 1968     		ldr	r1, [r3]
  63 0022 084B     		ldr	r3, .L4+4
  64 0024 FA68     		ldr	r2, [r7, #12]
  65 0026 43F82210 		str	r1, [r3, r2, lsl #2]
  23:.\mic_model.c ****     for (i=0; i<FILTER_ORDER; ++i)
  66              		.loc 1 23 0 discriminator 2
  67 002a FB68     		ldr	r3, [r7, #12]
  68 002c 0133     		adds	r3, r3, #1
  69 002e FB60     		str	r3, [r7, #12]
  70              	.L2:
  23:.\mic_model.c ****     for (i=0; i<FILTER_ORDER; ++i)
  71              		.loc 1 23 0 is_stmt 0 discriminator 1
  72 0030 FB68     		ldr	r3, [r7, #12]
  73 0032 0F2B     		cmp	r3, #15
  74 0034 EBDD     		ble	.L3
  27:.\mic_model.c ****     }
  28:.\mic_model.c **** }
  75              		.loc 1 28 0 is_stmt 1
  76 0036 1437     		adds	r7, r7, #20
ARM GAS  C:\Users\pearlstl\AppData\Local\Temp\ccHirTra.s 			page 3


  77 0038 BD46     		mov	sp, r7
  78              		@ sp needed
  79 003a 5DF8047B 		ldr	r7, [sp], #4
  80 003e 7047     		bx	lr
  81              	.L5:
  82              		.align	2
  83              	.L4:
  84 0040 00000000 		.word	recent_samps
  85 0044 40000000 		.word	model_coeffs
  86              		.cfi_endproc
  87              	.LFE0:
  88              		.size	mic_model_new, .-mic_model_new
  89              		.section	.text.mic_model_new_sample,"ax",%progbits
  90              		.align	2
  91              		.global	mic_model_new_sample
  92              		.thumb
  93              		.thumb_func
  94              		.type	mic_model_new_sample, %function
  95              	mic_model_new_sample:
  96              	.LFB1:
  29:.\mic_model.c **** 
  30:.\mic_model.c **** int
  31:.\mic_model.c **** mic_model_new_sample (int x)
  32:.\mic_model.c **** {
  97              		.loc 1 32 0
  98              		.cfi_startproc
  99              		@ args = 0, pretend = 0, frame = 16
 100              		@ frame_needed = 1, uses_anonymous_args = 0
 101              		@ link register save eliminated.
 102 0000 80B4     		push	{r7}
 103              		.cfi_def_cfa_offset 4
 104              		.cfi_offset 7, -4
 105 0002 85B0     		sub	sp, sp, #20
 106              		.cfi_def_cfa_offset 24
 107 0004 00AF     		add	r7, sp, #0
 108              		.cfi_def_cfa_register 7
 109 0006 7860     		str	r0, [r7, #4]
  33:.\mic_model.c ****     int sum=0;
 110              		.loc 1 33 0
 111 0008 0023     		movs	r3, #0
 112 000a FB60     		str	r3, [r7, #12]
  34:.\mic_model.c ****     int i=0;
 113              		.loc 1 34 0
 114 000c 0023     		movs	r3, #0
 115 000e BB60     		str	r3, [r7, #8]
  35:.\mic_model.c ****     static int wptr=0;
  36:.\mic_model.c ****     recent_samps[wptr]=x;
 116              		.loc 1 36 0
 117 0010 194B     		ldr	r3, .L10
 118 0012 1A68     		ldr	r2, [r3]
 119 0014 194B     		ldr	r3, .L10+4
 120 0016 7968     		ldr	r1, [r7, #4]
 121 0018 43F82210 		str	r1, [r3, r2, lsl #2]
  37:.\mic_model.c ****     for (i=0 ; i<FILTER_ORDER ; ++i)
 122              		.loc 1 37 0
 123 001c 0023     		movs	r3, #0
 124 001e BB60     		str	r3, [r7, #8]
ARM GAS  C:\Users\pearlstl\AppData\Local\Temp\ccHirTra.s 			page 4


 125 0020 14E0     		b	.L7
 126              	.L8:
  38:.\mic_model.c ****         {
  39:.\mic_model.c ****             sum+=recent_samps[(wptr-i+FILTER_ORDER)&FO1]*model_coeffs[i];
 127              		.loc 1 39 0 discriminator 2
 128 0022 154B     		ldr	r3, .L10
 129 0024 1A68     		ldr	r2, [r3]
 130 0026 BB68     		ldr	r3, [r7, #8]
 131 0028 D31A     		subs	r3, r2, r3
 132 002a 03F00F02 		and	r2, r3, #15
 133 002e 134B     		ldr	r3, .L10+4
 134 0030 53F82230 		ldr	r3, [r3, r2, lsl #2]
 135 0034 124A     		ldr	r2, .L10+8
 136 0036 B968     		ldr	r1, [r7, #8]
 137 0038 52F82120 		ldr	r2, [r2, r1, lsl #2]
 138 003c 02FB03F3 		mul	r3, r2, r3
 139 0040 FA68     		ldr	r2, [r7, #12]
 140 0042 1344     		add	r3, r3, r2
 141 0044 FB60     		str	r3, [r7, #12]
  37:.\mic_model.c ****     for (i=0 ; i<FILTER_ORDER ; ++i)
 142              		.loc 1 37 0 discriminator 2
 143 0046 BB68     		ldr	r3, [r7, #8]
 144 0048 0133     		adds	r3, r3, #1
 145 004a BB60     		str	r3, [r7, #8]
 146              	.L7:
  37:.\mic_model.c ****     for (i=0 ; i<FILTER_ORDER ; ++i)
 147              		.loc 1 37 0 is_stmt 0 discriminator 1
 148 004c BB68     		ldr	r3, [r7, #8]
 149 004e 0F2B     		cmp	r3, #15
 150 0050 E7DD     		ble	.L8
  40:.\mic_model.c ****         }
  41:.\mic_model.c ****     sum=(sum+FP_ROUND)>>FP_SHIFT;
 151              		.loc 1 41 0 is_stmt 1
 152 0052 FB68     		ldr	r3, [r7, #12]
 153 0054 03F50063 		add	r3, r3, #2048
 154 0058 1B13     		asrs	r3, r3, #12
 155 005a FB60     		str	r3, [r7, #12]
  42:.\mic_model.c ****     wptr=(wptr+1)&FO1;
 156              		.loc 1 42 0
 157 005c 064B     		ldr	r3, .L10
 158 005e 1B68     		ldr	r3, [r3]
 159 0060 0133     		adds	r3, r3, #1
 160 0062 03F00F02 		and	r2, r3, #15
 161 0066 044B     		ldr	r3, .L10
 162 0068 1A60     		str	r2, [r3]
  43:.\mic_model.c ****     return sum;        
 163              		.loc 1 43 0
 164 006a FB68     		ldr	r3, [r7, #12]
  44:.\mic_model.c **** }
 165              		.loc 1 44 0
 166 006c 1846     		mov	r0, r3
 167 006e 1437     		adds	r7, r7, #20
 168 0070 BD46     		mov	sp, r7
 169              		@ sp needed
 170 0072 5DF8047B 		ldr	r7, [sp], #4
 171 0076 7047     		bx	lr
 172              	.L11:
ARM GAS  C:\Users\pearlstl\AppData\Local\Temp\ccHirTra.s 			page 5


 173              		.align	2
 174              	.L10:
 175 0078 80000000 		.word	wptr.4078
 176 007c 00000000 		.word	recent_samps
 177 0080 40000000 		.word	model_coeffs
 178              		.cfi_endproc
 179              	.LFE1:
 180              		.size	mic_model_new_sample, .-mic_model_new_sample
 181              		.bss
 182              		.align	2
 183              	wptr.4078:
 184 0080 00000000 		.space	4
 185              		.text
 186              	.Letext0:
 187              		.section	.debug_info,"",%progbits
 188              	.Ldebug_info0:
 189 0000 E9000000 		.4byte	0xe9
 190 0004 0400     		.2byte	0x4
 191 0006 00000000 		.4byte	.Ldebug_abbrev0
 192 000a 04       		.byte	0x4
 193 000b 01       		.uleb128 0x1
 194 000c B9000000 		.4byte	.LASF5
 195 0010 01       		.byte	0x1
 196 0011 AB000000 		.4byte	.LASF6
 197 0015 00000000 		.4byte	.LASF7
 198 0019 00000000 		.4byte	.Ldebug_ranges0+0
 199 001d 00000000 		.4byte	0
 200 0021 00000000 		.4byte	.Ldebug_line0
 201 0025 02       		.uleb128 0x2
 202 0026 9D000000 		.4byte	.LASF8
 203 002a 01       		.byte	0x1
 204 002b 14       		.byte	0x14
 205 002c 00000000 		.4byte	.LFB0
 206 0030 48000000 		.4byte	.LFE0-.LFB0
 207 0034 01       		.uleb128 0x1
 208 0035 9C       		.byte	0x9c
 209 0036 55000000 		.4byte	0x55
 210 003a 03       		.uleb128 0x3
 211 003b 5E000000 		.4byte	.LASF0
 212 003f 01       		.byte	0x1
 213 0040 14       		.byte	0x14
 214 0041 55000000 		.4byte	0x55
 215 0045 02       		.uleb128 0x2
 216 0046 91       		.byte	0x91
 217 0047 6C       		.sleb128 -20
 218 0048 04       		.uleb128 0x4
 219 0049 6900     		.ascii	"i\000"
 220 004b 01       		.byte	0x1
 221 004c 16       		.byte	0x16
 222 004d 5B000000 		.4byte	0x5b
 223 0051 02       		.uleb128 0x2
 224 0052 91       		.byte	0x91
 225 0053 74       		.sleb128 -12
 226 0054 00       		.byte	0
 227 0055 05       		.uleb128 0x5
 228 0056 04       		.byte	0x4
 229 0057 5B000000 		.4byte	0x5b
ARM GAS  C:\Users\pearlstl\AppData\Local\Temp\ccHirTra.s 			page 6


 230 005b 06       		.uleb128 0x6
 231 005c 04       		.byte	0x4
 232 005d 05       		.byte	0x5
 233 005e 696E7400 		.ascii	"int\000"
 234 0062 07       		.uleb128 0x7
 235 0063 88000000 		.4byte	.LASF9
 236 0067 01       		.byte	0x1
 237 0068 1F       		.byte	0x1f
 238 0069 5B000000 		.4byte	0x5b
 239 006d 00000000 		.4byte	.LFB1
 240 0071 84000000 		.4byte	.LFE1-.LFB1
 241 0075 01       		.uleb128 0x1
 242 0076 9C       		.byte	0x9c
 243 0077 B3000000 		.4byte	0xb3
 244 007b 08       		.uleb128 0x8
 245 007c 7800     		.ascii	"x\000"
 246 007e 01       		.byte	0x1
 247 007f 1F       		.byte	0x1f
 248 0080 5B000000 		.4byte	0x5b
 249 0084 02       		.uleb128 0x2
 250 0085 91       		.byte	0x91
 251 0086 6C       		.sleb128 -20
 252 0087 04       		.uleb128 0x4
 253 0088 73756D00 		.ascii	"sum\000"
 254 008c 01       		.byte	0x1
 255 008d 21       		.byte	0x21
 256 008e 5B000000 		.4byte	0x5b
 257 0092 02       		.uleb128 0x2
 258 0093 91       		.byte	0x91
 259 0094 74       		.sleb128 -12
 260 0095 04       		.uleb128 0x4
 261 0096 6900     		.ascii	"i\000"
 262 0098 01       		.byte	0x1
 263 0099 22       		.byte	0x22
 264 009a 5B000000 		.4byte	0x5b
 265 009e 02       		.uleb128 0x2
 266 009f 91       		.byte	0x91
 267 00a0 70       		.sleb128 -16
 268 00a1 09       		.uleb128 0x9
 269 00a2 35010000 		.4byte	.LASF1
 270 00a6 01       		.byte	0x1
 271 00a7 23       		.byte	0x23
 272 00a8 5B000000 		.4byte	0x5b
 273 00ac 05       		.uleb128 0x5
 274 00ad 03       		.byte	0x3
 275 00ae 80000000 		.4byte	wptr.4078
 276 00b2 00       		.byte	0
 277 00b3 0A       		.uleb128 0xa
 278 00b4 5B000000 		.4byte	0x5b
 279 00b8 C3000000 		.4byte	0xc3
 280 00bc 0B       		.uleb128 0xb
 281 00bd C3000000 		.4byte	0xc3
 282 00c1 0F       		.byte	0xf
 283 00c2 00       		.byte	0
 284 00c3 0C       		.uleb128 0xc
 285 00c4 04       		.byte	0x4
 286 00c5 07       		.byte	0x7
ARM GAS  C:\Users\pearlstl\AppData\Local\Temp\ccHirTra.s 			page 7


 287 00c6 72000000 		.4byte	.LASF2
 288 00ca 09       		.uleb128 0x9
 289 00cb 7B000000 		.4byte	.LASF3
 290 00cf 01       		.byte	0x1
 291 00d0 10       		.byte	0x10
 292 00d1 B3000000 		.4byte	0xb3
 293 00d5 05       		.uleb128 0x5
 294 00d6 03       		.byte	0x3
 295 00d7 00000000 		.4byte	recent_samps
 296 00db 09       		.uleb128 0x9
 297 00dc 65000000 		.4byte	.LASF4
 298 00e0 01       		.byte	0x1
 299 00e1 11       		.byte	0x11
 300 00e2 B3000000 		.4byte	0xb3
 301 00e6 05       		.uleb128 0x5
 302 00e7 03       		.byte	0x3
 303 00e8 40000000 		.4byte	model_coeffs
 304 00ec 00       		.byte	0
 305              		.section	.debug_abbrev,"",%progbits
 306              	.Ldebug_abbrev0:
 307 0000 01       		.uleb128 0x1
 308 0001 11       		.uleb128 0x11
 309 0002 01       		.byte	0x1
 310 0003 25       		.uleb128 0x25
 311 0004 0E       		.uleb128 0xe
 312 0005 13       		.uleb128 0x13
 313 0006 0B       		.uleb128 0xb
 314 0007 03       		.uleb128 0x3
 315 0008 0E       		.uleb128 0xe
 316 0009 1B       		.uleb128 0x1b
 317 000a 0E       		.uleb128 0xe
 318 000b 55       		.uleb128 0x55
 319 000c 17       		.uleb128 0x17
 320 000d 11       		.uleb128 0x11
 321 000e 01       		.uleb128 0x1
 322 000f 10       		.uleb128 0x10
 323 0010 17       		.uleb128 0x17
 324 0011 00       		.byte	0
 325 0012 00       		.byte	0
 326 0013 02       		.uleb128 0x2
 327 0014 2E       		.uleb128 0x2e
 328 0015 01       		.byte	0x1
 329 0016 3F       		.uleb128 0x3f
 330 0017 19       		.uleb128 0x19
 331 0018 03       		.uleb128 0x3
 332 0019 0E       		.uleb128 0xe
 333 001a 3A       		.uleb128 0x3a
 334 001b 0B       		.uleb128 0xb
 335 001c 3B       		.uleb128 0x3b
 336 001d 0B       		.uleb128 0xb
 337 001e 27       		.uleb128 0x27
 338 001f 19       		.uleb128 0x19
 339 0020 11       		.uleb128 0x11
 340 0021 01       		.uleb128 0x1
 341 0022 12       		.uleb128 0x12
 342 0023 06       		.uleb128 0x6
 343 0024 40       		.uleb128 0x40
ARM GAS  C:\Users\pearlstl\AppData\Local\Temp\ccHirTra.s 			page 8


 344 0025 18       		.uleb128 0x18
 345 0026 9742     		.uleb128 0x2117
 346 0028 19       		.uleb128 0x19
 347 0029 01       		.uleb128 0x1
 348 002a 13       		.uleb128 0x13
 349 002b 00       		.byte	0
 350 002c 00       		.byte	0
 351 002d 03       		.uleb128 0x3
 352 002e 05       		.uleb128 0x5
 353 002f 00       		.byte	0
 354 0030 03       		.uleb128 0x3
 355 0031 0E       		.uleb128 0xe
 356 0032 3A       		.uleb128 0x3a
 357 0033 0B       		.uleb128 0xb
 358 0034 3B       		.uleb128 0x3b
 359 0035 0B       		.uleb128 0xb
 360 0036 49       		.uleb128 0x49
 361 0037 13       		.uleb128 0x13
 362 0038 02       		.uleb128 0x2
 363 0039 18       		.uleb128 0x18
 364 003a 00       		.byte	0
 365 003b 00       		.byte	0
 366 003c 04       		.uleb128 0x4
 367 003d 34       		.uleb128 0x34
 368 003e 00       		.byte	0
 369 003f 03       		.uleb128 0x3
 370 0040 08       		.uleb128 0x8
 371 0041 3A       		.uleb128 0x3a
 372 0042 0B       		.uleb128 0xb
 373 0043 3B       		.uleb128 0x3b
 374 0044 0B       		.uleb128 0xb
 375 0045 49       		.uleb128 0x49
 376 0046 13       		.uleb128 0x13
 377 0047 02       		.uleb128 0x2
 378 0048 18       		.uleb128 0x18
 379 0049 00       		.byte	0
 380 004a 00       		.byte	0
 381 004b 05       		.uleb128 0x5
 382 004c 0F       		.uleb128 0xf
 383 004d 00       		.byte	0
 384 004e 0B       		.uleb128 0xb
 385 004f 0B       		.uleb128 0xb
 386 0050 49       		.uleb128 0x49
 387 0051 13       		.uleb128 0x13
 388 0052 00       		.byte	0
 389 0053 00       		.byte	0
 390 0054 06       		.uleb128 0x6
 391 0055 24       		.uleb128 0x24
 392 0056 00       		.byte	0
 393 0057 0B       		.uleb128 0xb
 394 0058 0B       		.uleb128 0xb
 395 0059 3E       		.uleb128 0x3e
 396 005a 0B       		.uleb128 0xb
 397 005b 03       		.uleb128 0x3
 398 005c 08       		.uleb128 0x8
 399 005d 00       		.byte	0
 400 005e 00       		.byte	0
ARM GAS  C:\Users\pearlstl\AppData\Local\Temp\ccHirTra.s 			page 9


 401 005f 07       		.uleb128 0x7
 402 0060 2E       		.uleb128 0x2e
 403 0061 01       		.byte	0x1
 404 0062 3F       		.uleb128 0x3f
 405 0063 19       		.uleb128 0x19
 406 0064 03       		.uleb128 0x3
 407 0065 0E       		.uleb128 0xe
 408 0066 3A       		.uleb128 0x3a
 409 0067 0B       		.uleb128 0xb
 410 0068 3B       		.uleb128 0x3b
 411 0069 0B       		.uleb128 0xb
 412 006a 27       		.uleb128 0x27
 413 006b 19       		.uleb128 0x19
 414 006c 49       		.uleb128 0x49
 415 006d 13       		.uleb128 0x13
 416 006e 11       		.uleb128 0x11
 417 006f 01       		.uleb128 0x1
 418 0070 12       		.uleb128 0x12
 419 0071 06       		.uleb128 0x6
 420 0072 40       		.uleb128 0x40
 421 0073 18       		.uleb128 0x18
 422 0074 9742     		.uleb128 0x2117
 423 0076 19       		.uleb128 0x19
 424 0077 01       		.uleb128 0x1
 425 0078 13       		.uleb128 0x13
 426 0079 00       		.byte	0
 427 007a 00       		.byte	0
 428 007b 08       		.uleb128 0x8
 429 007c 05       		.uleb128 0x5
 430 007d 00       		.byte	0
 431 007e 03       		.uleb128 0x3
 432 007f 08       		.uleb128 0x8
 433 0080 3A       		.uleb128 0x3a
 434 0081 0B       		.uleb128 0xb
 435 0082 3B       		.uleb128 0x3b
 436 0083 0B       		.uleb128 0xb
 437 0084 49       		.uleb128 0x49
 438 0085 13       		.uleb128 0x13
 439 0086 02       		.uleb128 0x2
 440 0087 18       		.uleb128 0x18
 441 0088 00       		.byte	0
 442 0089 00       		.byte	0
 443 008a 09       		.uleb128 0x9
 444 008b 34       		.uleb128 0x34
 445 008c 00       		.byte	0
 446 008d 03       		.uleb128 0x3
 447 008e 0E       		.uleb128 0xe
 448 008f 3A       		.uleb128 0x3a
 449 0090 0B       		.uleb128 0xb
 450 0091 3B       		.uleb128 0x3b
 451 0092 0B       		.uleb128 0xb
 452 0093 49       		.uleb128 0x49
 453 0094 13       		.uleb128 0x13
 454 0095 02       		.uleb128 0x2
 455 0096 18       		.uleb128 0x18
 456 0097 00       		.byte	0
 457 0098 00       		.byte	0
ARM GAS  C:\Users\pearlstl\AppData\Local\Temp\ccHirTra.s 			page 10


 458 0099 0A       		.uleb128 0xa
 459 009a 01       		.uleb128 0x1
 460 009b 01       		.byte	0x1
 461 009c 49       		.uleb128 0x49
 462 009d 13       		.uleb128 0x13
 463 009e 01       		.uleb128 0x1
 464 009f 13       		.uleb128 0x13
 465 00a0 00       		.byte	0
 466 00a1 00       		.byte	0
 467 00a2 0B       		.uleb128 0xb
 468 00a3 21       		.uleb128 0x21
 469 00a4 00       		.byte	0
 470 00a5 49       		.uleb128 0x49
 471 00a6 13       		.uleb128 0x13
 472 00a7 2F       		.uleb128 0x2f
 473 00a8 0B       		.uleb128 0xb
 474 00a9 00       		.byte	0
 475 00aa 00       		.byte	0
 476 00ab 0C       		.uleb128 0xc
 477 00ac 24       		.uleb128 0x24
 478 00ad 00       		.byte	0
 479 00ae 0B       		.uleb128 0xb
 480 00af 0B       		.uleb128 0xb
 481 00b0 3E       		.uleb128 0x3e
 482 00b1 0B       		.uleb128 0xb
 483 00b2 03       		.uleb128 0x3
 484 00b3 0E       		.uleb128 0xe
 485 00b4 00       		.byte	0
 486 00b5 00       		.byte	0
 487 00b6 00       		.byte	0
 488              		.section	.debug_aranges,"",%progbits
 489 0000 24000000 		.4byte	0x24
 490 0004 0200     		.2byte	0x2
 491 0006 00000000 		.4byte	.Ldebug_info0
 492 000a 04       		.byte	0x4
 493 000b 00       		.byte	0
 494 000c 0000     		.2byte	0
 495 000e 0000     		.2byte	0
 496 0010 00000000 		.4byte	.LFB0
 497 0014 48000000 		.4byte	.LFE0-.LFB0
 498 0018 00000000 		.4byte	.LFB1
 499 001c 84000000 		.4byte	.LFE1-.LFB1
 500 0020 00000000 		.4byte	0
 501 0024 00000000 		.4byte	0
 502              		.section	.debug_ranges,"",%progbits
 503              	.Ldebug_ranges0:
 504 0000 00000000 		.4byte	.LFB0
 505 0004 48000000 		.4byte	.LFE0
 506 0008 00000000 		.4byte	.LFB1
 507 000c 84000000 		.4byte	.LFE1
 508 0010 00000000 		.4byte	0
 509 0014 00000000 		.4byte	0
 510              		.section	.debug_line,"",%progbits
 511              	.Ldebug_line0:
 512 0000 7A000000 		.section	.debug_str,"MS",%progbits,1
 512      02002400 
 512      00000201 
ARM GAS  C:\Users\pearlstl\AppData\Local\Temp\ccHirTra.s 			page 11


 512      FB0E0D00 
 512      01010101 
 513              	.LASF7:
 514 0000 433A5C55 		.ascii	"C:\\Users\\pearlstl\\Documents\\MUSE-Research\\proj"
 514      73657273 
 514      5C706561 
 514      726C7374 
 514      6C5C446F 
 515 002e 5F616E63 		.ascii	"_anc\\system\\WaveGenerator1\\WaveGenerator1.cydsn\000"
 515      5C737973 
 515      74656D5C 
 515      57617665 
 515      47656E65 
 516              	.LASF0:
 517 005e 636F6566 		.ascii	"coeffs\000"
 517      667300
 518              	.LASF4:
 519 0065 6D6F6465 		.ascii	"model_coeffs\000"
 519      6C5F636F 
 519      65666673 
 519      00
 520              	.LASF2:
 521 0072 73697A65 		.ascii	"sizetype\000"
 521      74797065 
 521      00
 522              	.LASF3:
 523 007b 72656365 		.ascii	"recent_samps\000"
 523      6E745F73 
 523      616D7073 
 523      00
 524              	.LASF9:
 525 0088 6D69635F 		.ascii	"mic_model_new_sample\000"
 525      6D6F6465 
 525      6C5F6E65 
 525      775F7361 
 525      6D706C65 
 526              	.LASF8:
 527 009d 6D69635F 		.ascii	"mic_model_new\000"
 527      6D6F6465 
 527      6C5F6E65 
 527      7700
 528              	.LASF6:
 529 00ab 2E5C6D69 		.ascii	".\\mic_model.c\000"
 529      635F6D6F 
 529      64656C2E 
 529      6300
 530              	.LASF5:
 531 00b9 474E5520 		.ascii	"GNU C 4.8.4 20140526 (release) [ARM/embedded-4_8-br"
 531      4320342E 
 531      382E3420 
 531      32303134 
 531      30353236 
 532 00ec 616E6368 		.ascii	"anch revision 211358] -mcpu=cortex-m3 -mthumb -g -O"
 532      20726576 
 532      6973696F 
 532      6E203231 
 532      31333538 
ARM GAS  C:\Users\pearlstl\AppData\Local\Temp\ccHirTra.s 			page 12


 533 011f 30202D66 		.ascii	"0 -ffunction-sections\000"
 533      66756E63 
 533      74696F6E 
 533      2D736563 
 533      74696F6E 
 534              	.LASF1:
 535 0135 77707472 		.ascii	"wptr\000"
 535      00
 536              		.ident	"GCC: (GNU Tools for ARM Embedded Processors) 4.8.4 20140526 (release) [ARM/embedded-4_8-br
