ARM GAS  C:\Users\pearlstl\AppData\Local\Temp\ccfytlHb.s 			page 1


   1              		.syntax unified
   2              		.cpu cortex-m3
   3              		.fpu softvfp
   4              		.eabi_attribute 20, 1
   5              		.eabi_attribute 21, 1
   6              		.eabi_attribute 23, 3
   7              		.eabi_attribute 24, 1
   8              		.eabi_attribute 25, 1
   9              		.eabi_attribute 26, 1
  10              		.eabi_attribute 30, 6
  11              		.eabi_attribute 34, 1
  12              		.eabi_attribute 18, 4
  13              		.thumb
  14              		.file	"UART_1_PM.c"
  15              		.text
  16              	.Ltext0:
  17              		.cfi_sections	.debug_frame
  18              		.bss
  19              		.align	2
  20              	UART_1_backup:
  21 0000 00       		.space	1
  22 0001 000000   		.section	.text.UART_1_SaveConfig,"ax",%progbits
  23              		.align	2
  24              		.global	UART_1_SaveConfig
  25              		.thumb
  26              		.thumb_func
  27              		.type	UART_1_SaveConfig, %function
  28              	UART_1_SaveConfig:
  29              	.LFB0:
  30              		.file 1 ".\\Generated_Source\\PSoC5\\UART_1_PM.c"
   1:.\Generated_Source\PSoC5/UART_1_PM.c **** /*******************************************************************************
   2:.\Generated_Source\PSoC5/UART_1_PM.c **** * File Name: UART_1_PM.c
   3:.\Generated_Source\PSoC5/UART_1_PM.c **** * Version 2.50
   4:.\Generated_Source\PSoC5/UART_1_PM.c **** *
   5:.\Generated_Source\PSoC5/UART_1_PM.c **** * Description:
   6:.\Generated_Source\PSoC5/UART_1_PM.c **** *  This file provides Sleep/WakeUp APIs functionality.
   7:.\Generated_Source\PSoC5/UART_1_PM.c **** *
   8:.\Generated_Source\PSoC5/UART_1_PM.c **** * Note:
   9:.\Generated_Source\PSoC5/UART_1_PM.c **** *
  10:.\Generated_Source\PSoC5/UART_1_PM.c **** ********************************************************************************
  11:.\Generated_Source\PSoC5/UART_1_PM.c **** * Copyright 2008-2015, Cypress Semiconductor Corporation.  All rights reserved.
  12:.\Generated_Source\PSoC5/UART_1_PM.c **** * You may use this file only in accordance with the license, terms, conditions,
  13:.\Generated_Source\PSoC5/UART_1_PM.c **** * disclaimers, and limitations in the end user license agreement accompanying
  14:.\Generated_Source\PSoC5/UART_1_PM.c **** * the software package with which this file was provided.
  15:.\Generated_Source\PSoC5/UART_1_PM.c **** *******************************************************************************/
  16:.\Generated_Source\PSoC5/UART_1_PM.c **** 
  17:.\Generated_Source\PSoC5/UART_1_PM.c **** #include "UART_1.h"
  18:.\Generated_Source\PSoC5/UART_1_PM.c **** 
  19:.\Generated_Source\PSoC5/UART_1_PM.c **** 
  20:.\Generated_Source\PSoC5/UART_1_PM.c **** /***************************************
  21:.\Generated_Source\PSoC5/UART_1_PM.c **** * Local data allocation
  22:.\Generated_Source\PSoC5/UART_1_PM.c **** ***************************************/
  23:.\Generated_Source\PSoC5/UART_1_PM.c **** 
  24:.\Generated_Source\PSoC5/UART_1_PM.c **** static UART_1_BACKUP_STRUCT  UART_1_backup =
  25:.\Generated_Source\PSoC5/UART_1_PM.c **** {
  26:.\Generated_Source\PSoC5/UART_1_PM.c ****     /* enableState - disabled */
  27:.\Generated_Source\PSoC5/UART_1_PM.c ****     0u,
ARM GAS  C:\Users\pearlstl\AppData\Local\Temp\ccfytlHb.s 			page 2


  28:.\Generated_Source\PSoC5/UART_1_PM.c **** };
  29:.\Generated_Source\PSoC5/UART_1_PM.c **** 
  30:.\Generated_Source\PSoC5/UART_1_PM.c **** 
  31:.\Generated_Source\PSoC5/UART_1_PM.c **** 
  32:.\Generated_Source\PSoC5/UART_1_PM.c **** /*******************************************************************************
  33:.\Generated_Source\PSoC5/UART_1_PM.c **** * Function Name: UART_1_SaveConfig
  34:.\Generated_Source\PSoC5/UART_1_PM.c **** ********************************************************************************
  35:.\Generated_Source\PSoC5/UART_1_PM.c **** *
  36:.\Generated_Source\PSoC5/UART_1_PM.c **** * Summary:
  37:.\Generated_Source\PSoC5/UART_1_PM.c **** *  This function saves the component nonretention control register.
  38:.\Generated_Source\PSoC5/UART_1_PM.c **** *  Does not save the FIFO which is a set of nonretention registers.
  39:.\Generated_Source\PSoC5/UART_1_PM.c **** *  This function is called by the UART_1_Sleep() function.
  40:.\Generated_Source\PSoC5/UART_1_PM.c **** *
  41:.\Generated_Source\PSoC5/UART_1_PM.c **** * Parameters:
  42:.\Generated_Source\PSoC5/UART_1_PM.c **** *  None.
  43:.\Generated_Source\PSoC5/UART_1_PM.c **** *
  44:.\Generated_Source\PSoC5/UART_1_PM.c **** * Return:
  45:.\Generated_Source\PSoC5/UART_1_PM.c **** *  None.
  46:.\Generated_Source\PSoC5/UART_1_PM.c **** *
  47:.\Generated_Source\PSoC5/UART_1_PM.c **** * Global Variables:
  48:.\Generated_Source\PSoC5/UART_1_PM.c **** *  UART_1_backup - modified when non-retention registers are saved.
  49:.\Generated_Source\PSoC5/UART_1_PM.c **** *
  50:.\Generated_Source\PSoC5/UART_1_PM.c **** * Reentrant:
  51:.\Generated_Source\PSoC5/UART_1_PM.c **** *  No.
  52:.\Generated_Source\PSoC5/UART_1_PM.c **** *
  53:.\Generated_Source\PSoC5/UART_1_PM.c **** *******************************************************************************/
  54:.\Generated_Source\PSoC5/UART_1_PM.c **** void UART_1_SaveConfig(void)
  55:.\Generated_Source\PSoC5/UART_1_PM.c **** {
  31              		.loc 1 55 0
  32              		.cfi_startproc
  33              		@ args = 0, pretend = 0, frame = 0
  34              		@ frame_needed = 1, uses_anonymous_args = 0
  35              		@ link register save eliminated.
  36 0000 80B4     		push	{r7}
  37              		.cfi_def_cfa_offset 4
  38              		.cfi_offset 7, -4
  39 0002 00AF     		add	r7, sp, #0
  40              		.cfi_def_cfa_register 7
  56:.\Generated_Source\PSoC5/UART_1_PM.c ****     #if(UART_1_CONTROL_REG_REMOVED == 0u)
  57:.\Generated_Source\PSoC5/UART_1_PM.c ****         UART_1_backup.cr = UART_1_CONTROL_REG;
  58:.\Generated_Source\PSoC5/UART_1_PM.c ****     #endif /* End UART_1_CONTROL_REG_REMOVED */
  59:.\Generated_Source\PSoC5/UART_1_PM.c **** }
  41              		.loc 1 59 0
  42 0004 BD46     		mov	sp, r7
  43              		@ sp needed
  44 0006 5DF8047B 		ldr	r7, [sp], #4
  45 000a 7047     		bx	lr
  46              		.cfi_endproc
  47              	.LFE0:
  48              		.size	UART_1_SaveConfig, .-UART_1_SaveConfig
  49              		.section	.text.UART_1_RestoreConfig,"ax",%progbits
  50              		.align	2
  51              		.global	UART_1_RestoreConfig
  52              		.thumb
  53              		.thumb_func
  54              		.type	UART_1_RestoreConfig, %function
  55              	UART_1_RestoreConfig:
ARM GAS  C:\Users\pearlstl\AppData\Local\Temp\ccfytlHb.s 			page 3


  56              	.LFB1:
  60:.\Generated_Source\PSoC5/UART_1_PM.c **** 
  61:.\Generated_Source\PSoC5/UART_1_PM.c **** 
  62:.\Generated_Source\PSoC5/UART_1_PM.c **** /*******************************************************************************
  63:.\Generated_Source\PSoC5/UART_1_PM.c **** * Function Name: UART_1_RestoreConfig
  64:.\Generated_Source\PSoC5/UART_1_PM.c **** ********************************************************************************
  65:.\Generated_Source\PSoC5/UART_1_PM.c **** *
  66:.\Generated_Source\PSoC5/UART_1_PM.c **** * Summary:
  67:.\Generated_Source\PSoC5/UART_1_PM.c **** *  Restores the nonretention control register except FIFO.
  68:.\Generated_Source\PSoC5/UART_1_PM.c **** *  Does not restore the FIFO which is a set of nonretention registers.
  69:.\Generated_Source\PSoC5/UART_1_PM.c **** *
  70:.\Generated_Source\PSoC5/UART_1_PM.c **** * Parameters:
  71:.\Generated_Source\PSoC5/UART_1_PM.c **** *  None.
  72:.\Generated_Source\PSoC5/UART_1_PM.c **** *
  73:.\Generated_Source\PSoC5/UART_1_PM.c **** * Return:
  74:.\Generated_Source\PSoC5/UART_1_PM.c **** *  None.
  75:.\Generated_Source\PSoC5/UART_1_PM.c **** *
  76:.\Generated_Source\PSoC5/UART_1_PM.c **** * Global Variables:
  77:.\Generated_Source\PSoC5/UART_1_PM.c **** *  UART_1_backup - used when non-retention registers are restored.
  78:.\Generated_Source\PSoC5/UART_1_PM.c **** *
  79:.\Generated_Source\PSoC5/UART_1_PM.c **** * Reentrant:
  80:.\Generated_Source\PSoC5/UART_1_PM.c **** *  No.
  81:.\Generated_Source\PSoC5/UART_1_PM.c **** *
  82:.\Generated_Source\PSoC5/UART_1_PM.c **** * Notes:
  83:.\Generated_Source\PSoC5/UART_1_PM.c **** *  If this function is called without calling UART_1_SaveConfig() 
  84:.\Generated_Source\PSoC5/UART_1_PM.c **** *  first, the data loaded may be incorrect.
  85:.\Generated_Source\PSoC5/UART_1_PM.c **** *
  86:.\Generated_Source\PSoC5/UART_1_PM.c **** *******************************************************************************/
  87:.\Generated_Source\PSoC5/UART_1_PM.c **** void UART_1_RestoreConfig(void)
  88:.\Generated_Source\PSoC5/UART_1_PM.c **** {
  57              		.loc 1 88 0
  58              		.cfi_startproc
  59              		@ args = 0, pretend = 0, frame = 0
  60              		@ frame_needed = 1, uses_anonymous_args = 0
  61              		@ link register save eliminated.
  62 0000 80B4     		push	{r7}
  63              		.cfi_def_cfa_offset 4
  64              		.cfi_offset 7, -4
  65 0002 00AF     		add	r7, sp, #0
  66              		.cfi_def_cfa_register 7
  89:.\Generated_Source\PSoC5/UART_1_PM.c ****     #if(UART_1_CONTROL_REG_REMOVED == 0u)
  90:.\Generated_Source\PSoC5/UART_1_PM.c ****         UART_1_CONTROL_REG = UART_1_backup.cr;
  91:.\Generated_Source\PSoC5/UART_1_PM.c ****     #endif /* End UART_1_CONTROL_REG_REMOVED */
  92:.\Generated_Source\PSoC5/UART_1_PM.c **** }
  67              		.loc 1 92 0
  68 0004 BD46     		mov	sp, r7
  69              		@ sp needed
  70 0006 5DF8047B 		ldr	r7, [sp], #4
  71 000a 7047     		bx	lr
  72              		.cfi_endproc
  73              	.LFE1:
  74              		.size	UART_1_RestoreConfig, .-UART_1_RestoreConfig
  75              		.section	.text.UART_1_Sleep,"ax",%progbits
  76              		.align	2
  77              		.global	UART_1_Sleep
  78              		.thumb
  79              		.thumb_func
ARM GAS  C:\Users\pearlstl\AppData\Local\Temp\ccfytlHb.s 			page 4


  80              		.type	UART_1_Sleep, %function
  81              	UART_1_Sleep:
  82              	.LFB2:
  93:.\Generated_Source\PSoC5/UART_1_PM.c **** 
  94:.\Generated_Source\PSoC5/UART_1_PM.c **** 
  95:.\Generated_Source\PSoC5/UART_1_PM.c **** /*******************************************************************************
  96:.\Generated_Source\PSoC5/UART_1_PM.c **** * Function Name: UART_1_Sleep
  97:.\Generated_Source\PSoC5/UART_1_PM.c **** ********************************************************************************
  98:.\Generated_Source\PSoC5/UART_1_PM.c **** *
  99:.\Generated_Source\PSoC5/UART_1_PM.c **** * Summary:
 100:.\Generated_Source\PSoC5/UART_1_PM.c **** *  This is the preferred API to prepare the component for sleep. 
 101:.\Generated_Source\PSoC5/UART_1_PM.c **** *  The UART_1_Sleep() API saves the current component state. Then it
 102:.\Generated_Source\PSoC5/UART_1_PM.c **** *  calls the UART_1_Stop() function and calls 
 103:.\Generated_Source\PSoC5/UART_1_PM.c **** *  UART_1_SaveConfig() to save the hardware configuration.
 104:.\Generated_Source\PSoC5/UART_1_PM.c **** *  Call the UART_1_Sleep() function before calling the CyPmSleep() 
 105:.\Generated_Source\PSoC5/UART_1_PM.c **** *  or the CyPmHibernate() function. 
 106:.\Generated_Source\PSoC5/UART_1_PM.c **** *
 107:.\Generated_Source\PSoC5/UART_1_PM.c **** * Parameters:
 108:.\Generated_Source\PSoC5/UART_1_PM.c **** *  None.
 109:.\Generated_Source\PSoC5/UART_1_PM.c **** *
 110:.\Generated_Source\PSoC5/UART_1_PM.c **** * Return:
 111:.\Generated_Source\PSoC5/UART_1_PM.c **** *  None.
 112:.\Generated_Source\PSoC5/UART_1_PM.c **** *
 113:.\Generated_Source\PSoC5/UART_1_PM.c **** * Global Variables:
 114:.\Generated_Source\PSoC5/UART_1_PM.c **** *  UART_1_backup - modified when non-retention registers are saved.
 115:.\Generated_Source\PSoC5/UART_1_PM.c **** *
 116:.\Generated_Source\PSoC5/UART_1_PM.c **** * Reentrant:
 117:.\Generated_Source\PSoC5/UART_1_PM.c **** *  No.
 118:.\Generated_Source\PSoC5/UART_1_PM.c **** *
 119:.\Generated_Source\PSoC5/UART_1_PM.c **** *******************************************************************************/
 120:.\Generated_Source\PSoC5/UART_1_PM.c **** void UART_1_Sleep(void)
 121:.\Generated_Source\PSoC5/UART_1_PM.c **** {
  83              		.loc 1 121 0
  84              		.cfi_startproc
  85              		@ args = 0, pretend = 0, frame = 0
  86              		@ frame_needed = 1, uses_anonymous_args = 0
  87 0000 80B5     		push	{r7, lr}
  88              		.cfi_def_cfa_offset 8
  89              		.cfi_offset 7, -8
  90              		.cfi_offset 14, -4
  91 0002 00AF     		add	r7, sp, #0
  92              		.cfi_def_cfa_register 7
 122:.\Generated_Source\PSoC5/UART_1_PM.c ****     #if(UART_1_RX_ENABLED || UART_1_HD_ENABLED)
 123:.\Generated_Source\PSoC5/UART_1_PM.c ****         if((UART_1_RXSTATUS_ACTL_REG  & UART_1_INT_ENABLE) != 0u)
 124:.\Generated_Source\PSoC5/UART_1_PM.c ****         {
 125:.\Generated_Source\PSoC5/UART_1_PM.c ****             UART_1_backup.enableState = 1u;
 126:.\Generated_Source\PSoC5/UART_1_PM.c ****         }
 127:.\Generated_Source\PSoC5/UART_1_PM.c ****         else
 128:.\Generated_Source\PSoC5/UART_1_PM.c ****         {
 129:.\Generated_Source\PSoC5/UART_1_PM.c ****             UART_1_backup.enableState = 0u;
 130:.\Generated_Source\PSoC5/UART_1_PM.c ****         }
 131:.\Generated_Source\PSoC5/UART_1_PM.c ****     #else
 132:.\Generated_Source\PSoC5/UART_1_PM.c ****         if((UART_1_TXSTATUS_ACTL_REG  & UART_1_INT_ENABLE) !=0u)
  93              		.loc 1 132 0
  94 0004 094B     		ldr	r3, .L6
  95 0006 1B78     		ldrb	r3, [r3]
  96 0008 DBB2     		uxtb	r3, r3
ARM GAS  C:\Users\pearlstl\AppData\Local\Temp\ccfytlHb.s 			page 5


  97 000a 03F01003 		and	r3, r3, #16
  98 000e 002B     		cmp	r3, #0
  99 0010 03D0     		beq	.L4
 133:.\Generated_Source\PSoC5/UART_1_PM.c ****         {
 134:.\Generated_Source\PSoC5/UART_1_PM.c ****             UART_1_backup.enableState = 1u;
 100              		.loc 1 134 0
 101 0012 074B     		ldr	r3, .L6+4
 102 0014 0122     		movs	r2, #1
 103 0016 1A70     		strb	r2, [r3]
 104 0018 02E0     		b	.L5
 105              	.L4:
 135:.\Generated_Source\PSoC5/UART_1_PM.c ****         }
 136:.\Generated_Source\PSoC5/UART_1_PM.c ****         else
 137:.\Generated_Source\PSoC5/UART_1_PM.c ****         {
 138:.\Generated_Source\PSoC5/UART_1_PM.c ****             UART_1_backup.enableState = 0u;
 106              		.loc 1 138 0
 107 001a 054B     		ldr	r3, .L6+4
 108 001c 0022     		movs	r2, #0
 109 001e 1A70     		strb	r2, [r3]
 110              	.L5:
 139:.\Generated_Source\PSoC5/UART_1_PM.c ****         }
 140:.\Generated_Source\PSoC5/UART_1_PM.c ****     #endif /* End UART_1_RX_ENABLED || UART_1_HD_ENABLED*/
 141:.\Generated_Source\PSoC5/UART_1_PM.c **** 
 142:.\Generated_Source\PSoC5/UART_1_PM.c ****     UART_1_Stop();
 111              		.loc 1 142 0
 112 0020 FFF7FEFF 		bl	UART_1_Stop
 143:.\Generated_Source\PSoC5/UART_1_PM.c ****     UART_1_SaveConfig();
 113              		.loc 1 143 0
 114 0024 FFF7FEFF 		bl	UART_1_SaveConfig
 144:.\Generated_Source\PSoC5/UART_1_PM.c **** }
 115              		.loc 1 144 0
 116 0028 80BD     		pop	{r7, pc}
 117              	.L7:
 118 002a 00BF     		.align	2
 119              	.L6:
 120 002c 92640040 		.word	1073767570
 121 0030 00000000 		.word	UART_1_backup
 122              		.cfi_endproc
 123              	.LFE2:
 124              		.size	UART_1_Sleep, .-UART_1_Sleep
 125              		.section	.text.UART_1_Wakeup,"ax",%progbits
 126              		.align	2
 127              		.global	UART_1_Wakeup
 128              		.thumb
 129              		.thumb_func
 130              		.type	UART_1_Wakeup, %function
 131              	UART_1_Wakeup:
 132              	.LFB3:
 145:.\Generated_Source\PSoC5/UART_1_PM.c **** 
 146:.\Generated_Source\PSoC5/UART_1_PM.c **** 
 147:.\Generated_Source\PSoC5/UART_1_PM.c **** /*******************************************************************************
 148:.\Generated_Source\PSoC5/UART_1_PM.c **** * Function Name: UART_1_Wakeup
 149:.\Generated_Source\PSoC5/UART_1_PM.c **** ********************************************************************************
 150:.\Generated_Source\PSoC5/UART_1_PM.c **** *
 151:.\Generated_Source\PSoC5/UART_1_PM.c **** * Summary:
 152:.\Generated_Source\PSoC5/UART_1_PM.c **** *  This is the preferred API to restore the component to the state when 
 153:.\Generated_Source\PSoC5/UART_1_PM.c **** *  UART_1_Sleep() was called. The UART_1_Wakeup() function
ARM GAS  C:\Users\pearlstl\AppData\Local\Temp\ccfytlHb.s 			page 6


 154:.\Generated_Source\PSoC5/UART_1_PM.c **** *  calls the UART_1_RestoreConfig() function to restore the 
 155:.\Generated_Source\PSoC5/UART_1_PM.c **** *  configuration. If the component was enabled before the 
 156:.\Generated_Source\PSoC5/UART_1_PM.c **** *  UART_1_Sleep() function was called, the UART_1_Wakeup()
 157:.\Generated_Source\PSoC5/UART_1_PM.c **** *  function will also re-enable the component.
 158:.\Generated_Source\PSoC5/UART_1_PM.c **** *
 159:.\Generated_Source\PSoC5/UART_1_PM.c **** * Parameters:
 160:.\Generated_Source\PSoC5/UART_1_PM.c **** *  None.
 161:.\Generated_Source\PSoC5/UART_1_PM.c **** *
 162:.\Generated_Source\PSoC5/UART_1_PM.c **** * Return:
 163:.\Generated_Source\PSoC5/UART_1_PM.c **** *  None.
 164:.\Generated_Source\PSoC5/UART_1_PM.c **** *
 165:.\Generated_Source\PSoC5/UART_1_PM.c **** * Global Variables:
 166:.\Generated_Source\PSoC5/UART_1_PM.c **** *  UART_1_backup - used when non-retention registers are restored.
 167:.\Generated_Source\PSoC5/UART_1_PM.c **** *
 168:.\Generated_Source\PSoC5/UART_1_PM.c **** * Reentrant:
 169:.\Generated_Source\PSoC5/UART_1_PM.c **** *  No.
 170:.\Generated_Source\PSoC5/UART_1_PM.c **** *
 171:.\Generated_Source\PSoC5/UART_1_PM.c **** *******************************************************************************/
 172:.\Generated_Source\PSoC5/UART_1_PM.c **** void UART_1_Wakeup(void)
 173:.\Generated_Source\PSoC5/UART_1_PM.c **** {
 133              		.loc 1 173 0
 134              		.cfi_startproc
 135              		@ args = 0, pretend = 0, frame = 0
 136              		@ frame_needed = 1, uses_anonymous_args = 0
 137 0000 80B5     		push	{r7, lr}
 138              		.cfi_def_cfa_offset 8
 139              		.cfi_offset 7, -8
 140              		.cfi_offset 14, -4
 141 0002 00AF     		add	r7, sp, #0
 142              		.cfi_def_cfa_register 7
 174:.\Generated_Source\PSoC5/UART_1_PM.c ****     UART_1_RestoreConfig();
 143              		.loc 1 174 0
 144 0004 FFF7FEFF 		bl	UART_1_RestoreConfig
 175:.\Generated_Source\PSoC5/UART_1_PM.c ****     #if( (UART_1_RX_ENABLED) || (UART_1_HD_ENABLED) )
 176:.\Generated_Source\PSoC5/UART_1_PM.c ****         UART_1_ClearRxBuffer();
 177:.\Generated_Source\PSoC5/UART_1_PM.c ****     #endif /* End (UART_1_RX_ENABLED) || (UART_1_HD_ENABLED) */
 178:.\Generated_Source\PSoC5/UART_1_PM.c ****     #if(UART_1_TX_ENABLED || UART_1_HD_ENABLED)
 179:.\Generated_Source\PSoC5/UART_1_PM.c ****         UART_1_ClearTxBuffer();
 145              		.loc 1 179 0
 146 0008 FFF7FEFF 		bl	UART_1_ClearTxBuffer
 180:.\Generated_Source\PSoC5/UART_1_PM.c ****     #endif /* End UART_1_TX_ENABLED || UART_1_HD_ENABLED */
 181:.\Generated_Source\PSoC5/UART_1_PM.c **** 
 182:.\Generated_Source\PSoC5/UART_1_PM.c ****     if(UART_1_backup.enableState != 0u)
 147              		.loc 1 182 0
 148 000c 034B     		ldr	r3, .L10
 149 000e 1B78     		ldrb	r3, [r3]	@ zero_extendqisi2
 150 0010 002B     		cmp	r3, #0
 151 0012 01D0     		beq	.L8
 183:.\Generated_Source\PSoC5/UART_1_PM.c ****     {
 184:.\Generated_Source\PSoC5/UART_1_PM.c ****         UART_1_Enable();
 152              		.loc 1 184 0
 153 0014 FFF7FEFF 		bl	UART_1_Enable
 154              	.L8:
 185:.\Generated_Source\PSoC5/UART_1_PM.c ****     }
 186:.\Generated_Source\PSoC5/UART_1_PM.c **** }
 155              		.loc 1 186 0
 156 0018 80BD     		pop	{r7, pc}
ARM GAS  C:\Users\pearlstl\AppData\Local\Temp\ccfytlHb.s 			page 7


 157              	.L11:
 158 001a 00BF     		.align	2
 159              	.L10:
 160 001c 00000000 		.word	UART_1_backup
 161              		.cfi_endproc
 162              	.LFE3:
 163              		.size	UART_1_Wakeup, .-UART_1_Wakeup
 164              		.text
 165              	.Letext0:
 166              		.file 2 ".\\Generated_Source\\PSoC5\\cytypes.h"
 167              		.file 3 ".\\Generated_Source\\PSoC5\\UART_1.h"
 168              		.section	.debug_info,"",%progbits
 169              	.Ldebug_info0:
 170 0000 18010000 		.4byte	0x118
 171 0004 0400     		.2byte	0x4
 172 0006 00000000 		.4byte	.Ldebug_abbrev0
 173 000a 04       		.byte	0x4
 174 000b 01       		.uleb128 0x1
 175 000c 87010000 		.4byte	.LASF20
 176 0010 01       		.byte	0x1
 177 0011 C0000000 		.4byte	.LASF21
 178 0015 1F010000 		.4byte	.LASF22
 179 0019 00000000 		.4byte	.Ldebug_ranges0+0
 180 001d 00000000 		.4byte	0
 181 0021 00000000 		.4byte	.Ldebug_line0
 182 0025 02       		.uleb128 0x2
 183 0026 01       		.byte	0x1
 184 0027 06       		.byte	0x6
 185 0028 F8000000 		.4byte	.LASF0
 186 002c 02       		.uleb128 0x2
 187 002d 01       		.byte	0x1
 188 002e 08       		.byte	0x8
 189 002f 8F000000 		.4byte	.LASF1
 190 0033 02       		.uleb128 0x2
 191 0034 02       		.byte	0x2
 192 0035 05       		.byte	0x5
 193 0036 7D010000 		.4byte	.LASF2
 194 003a 02       		.uleb128 0x2
 195 003b 02       		.byte	0x2
 196 003c 07       		.byte	0x7
 197 003d E5000000 		.4byte	.LASF3
 198 0041 02       		.uleb128 0x2
 199 0042 04       		.byte	0x4
 200 0043 05       		.byte	0x5
 201 0044 A2000000 		.4byte	.LASF4
 202 0048 02       		.uleb128 0x2
 203 0049 04       		.byte	0x4
 204 004a 07       		.byte	0x7
 205 004b 3F000000 		.4byte	.LASF5
 206 004f 02       		.uleb128 0x2
 207 0050 08       		.byte	0x8
 208 0051 05       		.byte	0x5
 209 0052 00000000 		.4byte	.LASF6
 210 0056 02       		.uleb128 0x2
 211 0057 08       		.byte	0x8
 212 0058 07       		.byte	0x7
 213 0059 63000000 		.4byte	.LASF7
ARM GAS  C:\Users\pearlstl\AppData\Local\Temp\ccfytlHb.s 			page 8


 214 005d 03       		.uleb128 0x3
 215 005e 04       		.byte	0x4
 216 005f 05       		.byte	0x5
 217 0060 696E7400 		.ascii	"int\000"
 218 0064 02       		.uleb128 0x2
 219 0065 04       		.byte	0x4
 220 0066 07       		.byte	0x7
 221 0067 1A000000 		.4byte	.LASF8
 222 006b 04       		.uleb128 0x4
 223 006c 39000000 		.4byte	.LASF12
 224 0070 02       		.byte	0x2
 225 0071 5B       		.byte	0x5b
 226 0072 2C000000 		.4byte	0x2c
 227 0076 02       		.uleb128 0x2
 228 0077 04       		.byte	0x4
 229 0078 04       		.byte	0x4
 230 0079 19010000 		.4byte	.LASF9
 231 007d 02       		.uleb128 0x2
 232 007e 08       		.byte	0x8
 233 007f 04       		.byte	0x4
 234 0080 AB000000 		.4byte	.LASF10
 235 0084 02       		.uleb128 0x2
 236 0085 01       		.byte	0x1
 237 0086 08       		.byte	0x8
 238 0087 9D000000 		.4byte	.LASF11
 239 008b 04       		.uleb128 0x4
 240 008c 34000000 		.4byte	.LASF13
 241 0090 02       		.byte	0x2
 242 0091 F0       		.byte	0xf0
 243 0092 96000000 		.4byte	0x96
 244 0096 05       		.uleb128 0x5
 245 0097 6B000000 		.4byte	0x6b
 246 009b 02       		.uleb128 0x2
 247 009c 04       		.byte	0x4
 248 009d 07       		.byte	0x7
 249 009e 11020000 		.4byte	.LASF14
 250 00a2 06       		.uleb128 0x6
 251 00a3 7A000000 		.4byte	.LASF23
 252 00a7 01       		.byte	0x1
 253 00a8 03       		.byte	0x3
 254 00a9 45       		.byte	0x45
 255 00aa BB000000 		.4byte	0xbb
 256 00ae 07       		.uleb128 0x7
 257 00af 0E000000 		.4byte	.LASF24
 258 00b3 03       		.byte	0x3
 259 00b4 47       		.byte	0x47
 260 00b5 6B000000 		.4byte	0x6b
 261 00b9 00       		.byte	0
 262 00ba 00       		.byte	0
 263 00bb 04       		.uleb128 0x4
 264 00bc 1A020000 		.4byte	.LASF15
 265 00c0 03       		.byte	0x3
 266 00c1 4D       		.byte	0x4d
 267 00c2 A2000000 		.4byte	0xa2
 268 00c6 08       		.uleb128 0x8
 269 00c7 51000000 		.4byte	.LASF16
 270 00cb 01       		.byte	0x1
ARM GAS  C:\Users\pearlstl\AppData\Local\Temp\ccfytlHb.s 			page 9


 271 00cc 36       		.byte	0x36
 272 00cd 00000000 		.4byte	.LFB0
 273 00d1 0C000000 		.4byte	.LFE0-.LFB0
 274 00d5 01       		.uleb128 0x1
 275 00d6 9C       		.byte	0x9c
 276 00d7 08       		.uleb128 0x8
 277 00d8 04010000 		.4byte	.LASF17
 278 00dc 01       		.byte	0x1
 279 00dd 57       		.byte	0x57
 280 00de 00000000 		.4byte	.LFB1
 281 00e2 0C000000 		.4byte	.LFE1-.LFB1
 282 00e6 01       		.uleb128 0x1
 283 00e7 9C       		.byte	0x9c
 284 00e8 09       		.uleb128 0x9
 285 00e9 27000000 		.4byte	.LASF18
 286 00ed 01       		.byte	0x1
 287 00ee 78       		.byte	0x78
 288 00ef 00000000 		.4byte	.LFB2
 289 00f3 34000000 		.4byte	.LFE2-.LFB2
 290 00f7 01       		.uleb128 0x1
 291 00f8 9C       		.byte	0x9c
 292 00f9 09       		.uleb128 0x9
 293 00fa 03020000 		.4byte	.LASF19
 294 00fe 01       		.byte	0x1
 295 00ff AC       		.byte	0xac
 296 0100 00000000 		.4byte	.LFB3
 297 0104 20000000 		.4byte	.LFE3-.LFB3
 298 0108 01       		.uleb128 0x1
 299 0109 9C       		.byte	0x9c
 300 010a 0A       		.uleb128 0xa
 301 010b B2000000 		.4byte	.LASF25
 302 010f 01       		.byte	0x1
 303 0110 18       		.byte	0x18
 304 0111 BB000000 		.4byte	0xbb
 305 0115 05       		.uleb128 0x5
 306 0116 03       		.byte	0x3
 307 0117 00000000 		.4byte	UART_1_backup
 308 011b 00       		.byte	0
 309              		.section	.debug_abbrev,"",%progbits
 310              	.Ldebug_abbrev0:
 311 0000 01       		.uleb128 0x1
 312 0001 11       		.uleb128 0x11
 313 0002 01       		.byte	0x1
 314 0003 25       		.uleb128 0x25
 315 0004 0E       		.uleb128 0xe
 316 0005 13       		.uleb128 0x13
 317 0006 0B       		.uleb128 0xb
 318 0007 03       		.uleb128 0x3
 319 0008 0E       		.uleb128 0xe
 320 0009 1B       		.uleb128 0x1b
 321 000a 0E       		.uleb128 0xe
 322 000b 55       		.uleb128 0x55
 323 000c 17       		.uleb128 0x17
 324 000d 11       		.uleb128 0x11
 325 000e 01       		.uleb128 0x1
 326 000f 10       		.uleb128 0x10
 327 0010 17       		.uleb128 0x17
ARM GAS  C:\Users\pearlstl\AppData\Local\Temp\ccfytlHb.s 			page 10


 328 0011 00       		.byte	0
 329 0012 00       		.byte	0
 330 0013 02       		.uleb128 0x2
 331 0014 24       		.uleb128 0x24
 332 0015 00       		.byte	0
 333 0016 0B       		.uleb128 0xb
 334 0017 0B       		.uleb128 0xb
 335 0018 3E       		.uleb128 0x3e
 336 0019 0B       		.uleb128 0xb
 337 001a 03       		.uleb128 0x3
 338 001b 0E       		.uleb128 0xe
 339 001c 00       		.byte	0
 340 001d 00       		.byte	0
 341 001e 03       		.uleb128 0x3
 342 001f 24       		.uleb128 0x24
 343 0020 00       		.byte	0
 344 0021 0B       		.uleb128 0xb
 345 0022 0B       		.uleb128 0xb
 346 0023 3E       		.uleb128 0x3e
 347 0024 0B       		.uleb128 0xb
 348 0025 03       		.uleb128 0x3
 349 0026 08       		.uleb128 0x8
 350 0027 00       		.byte	0
 351 0028 00       		.byte	0
 352 0029 04       		.uleb128 0x4
 353 002a 16       		.uleb128 0x16
 354 002b 00       		.byte	0
 355 002c 03       		.uleb128 0x3
 356 002d 0E       		.uleb128 0xe
 357 002e 3A       		.uleb128 0x3a
 358 002f 0B       		.uleb128 0xb
 359 0030 3B       		.uleb128 0x3b
 360 0031 0B       		.uleb128 0xb
 361 0032 49       		.uleb128 0x49
 362 0033 13       		.uleb128 0x13
 363 0034 00       		.byte	0
 364 0035 00       		.byte	0
 365 0036 05       		.uleb128 0x5
 366 0037 35       		.uleb128 0x35
 367 0038 00       		.byte	0
 368 0039 49       		.uleb128 0x49
 369 003a 13       		.uleb128 0x13
 370 003b 00       		.byte	0
 371 003c 00       		.byte	0
 372 003d 06       		.uleb128 0x6
 373 003e 13       		.uleb128 0x13
 374 003f 01       		.byte	0x1
 375 0040 03       		.uleb128 0x3
 376 0041 0E       		.uleb128 0xe
 377 0042 0B       		.uleb128 0xb
 378 0043 0B       		.uleb128 0xb
 379 0044 3A       		.uleb128 0x3a
 380 0045 0B       		.uleb128 0xb
 381 0046 3B       		.uleb128 0x3b
 382 0047 0B       		.uleb128 0xb
 383 0048 01       		.uleb128 0x1
 384 0049 13       		.uleb128 0x13
ARM GAS  C:\Users\pearlstl\AppData\Local\Temp\ccfytlHb.s 			page 11


 385 004a 00       		.byte	0
 386 004b 00       		.byte	0
 387 004c 07       		.uleb128 0x7
 388 004d 0D       		.uleb128 0xd
 389 004e 00       		.byte	0
 390 004f 03       		.uleb128 0x3
 391 0050 0E       		.uleb128 0xe
 392 0051 3A       		.uleb128 0x3a
 393 0052 0B       		.uleb128 0xb
 394 0053 3B       		.uleb128 0x3b
 395 0054 0B       		.uleb128 0xb
 396 0055 49       		.uleb128 0x49
 397 0056 13       		.uleb128 0x13
 398 0057 38       		.uleb128 0x38
 399 0058 0B       		.uleb128 0xb
 400 0059 00       		.byte	0
 401 005a 00       		.byte	0
 402 005b 08       		.uleb128 0x8
 403 005c 2E       		.uleb128 0x2e
 404 005d 00       		.byte	0
 405 005e 3F       		.uleb128 0x3f
 406 005f 19       		.uleb128 0x19
 407 0060 03       		.uleb128 0x3
 408 0061 0E       		.uleb128 0xe
 409 0062 3A       		.uleb128 0x3a
 410 0063 0B       		.uleb128 0xb
 411 0064 3B       		.uleb128 0x3b
 412 0065 0B       		.uleb128 0xb
 413 0066 27       		.uleb128 0x27
 414 0067 19       		.uleb128 0x19
 415 0068 11       		.uleb128 0x11
 416 0069 01       		.uleb128 0x1
 417 006a 12       		.uleb128 0x12
 418 006b 06       		.uleb128 0x6
 419 006c 40       		.uleb128 0x40
 420 006d 18       		.uleb128 0x18
 421 006e 9742     		.uleb128 0x2117
 422 0070 19       		.uleb128 0x19
 423 0071 00       		.byte	0
 424 0072 00       		.byte	0
 425 0073 09       		.uleb128 0x9
 426 0074 2E       		.uleb128 0x2e
 427 0075 00       		.byte	0
 428 0076 3F       		.uleb128 0x3f
 429 0077 19       		.uleb128 0x19
 430 0078 03       		.uleb128 0x3
 431 0079 0E       		.uleb128 0xe
 432 007a 3A       		.uleb128 0x3a
 433 007b 0B       		.uleb128 0xb
 434 007c 3B       		.uleb128 0x3b
 435 007d 0B       		.uleb128 0xb
 436 007e 27       		.uleb128 0x27
 437 007f 19       		.uleb128 0x19
 438 0080 11       		.uleb128 0x11
 439 0081 01       		.uleb128 0x1
 440 0082 12       		.uleb128 0x12
 441 0083 06       		.uleb128 0x6
ARM GAS  C:\Users\pearlstl\AppData\Local\Temp\ccfytlHb.s 			page 12


 442 0084 40       		.uleb128 0x40
 443 0085 18       		.uleb128 0x18
 444 0086 9642     		.uleb128 0x2116
 445 0088 19       		.uleb128 0x19
 446 0089 00       		.byte	0
 447 008a 00       		.byte	0
 448 008b 0A       		.uleb128 0xa
 449 008c 34       		.uleb128 0x34
 450 008d 00       		.byte	0
 451 008e 03       		.uleb128 0x3
 452 008f 0E       		.uleb128 0xe
 453 0090 3A       		.uleb128 0x3a
 454 0091 0B       		.uleb128 0xb
 455 0092 3B       		.uleb128 0x3b
 456 0093 0B       		.uleb128 0xb
 457 0094 49       		.uleb128 0x49
 458 0095 13       		.uleb128 0x13
 459 0096 02       		.uleb128 0x2
 460 0097 18       		.uleb128 0x18
 461 0098 00       		.byte	0
 462 0099 00       		.byte	0
 463 009a 00       		.byte	0
 464              		.section	.debug_aranges,"",%progbits
 465 0000 34000000 		.4byte	0x34
 466 0004 0200     		.2byte	0x2
 467 0006 00000000 		.4byte	.Ldebug_info0
 468 000a 04       		.byte	0x4
 469 000b 00       		.byte	0
 470 000c 0000     		.2byte	0
 471 000e 0000     		.2byte	0
 472 0010 00000000 		.4byte	.LFB0
 473 0014 0C000000 		.4byte	.LFE0-.LFB0
 474 0018 00000000 		.4byte	.LFB1
 475 001c 0C000000 		.4byte	.LFE1-.LFB1
 476 0020 00000000 		.4byte	.LFB2
 477 0024 34000000 		.4byte	.LFE2-.LFB2
 478 0028 00000000 		.4byte	.LFB3
 479 002c 20000000 		.4byte	.LFE3-.LFB3
 480 0030 00000000 		.4byte	0
 481 0034 00000000 		.4byte	0
 482              		.section	.debug_ranges,"",%progbits
 483              	.Ldebug_ranges0:
 484 0000 00000000 		.4byte	.LFB0
 485 0004 0C000000 		.4byte	.LFE0
 486 0008 00000000 		.4byte	.LFB1
 487 000c 0C000000 		.4byte	.LFE1
 488 0010 00000000 		.4byte	.LFB2
 489 0014 34000000 		.4byte	.LFE2
 490 0018 00000000 		.4byte	.LFB3
 491 001c 20000000 		.4byte	.LFE3
 492 0020 00000000 		.4byte	0
 493 0024 00000000 		.4byte	0
 494              		.section	.debug_line,"",%progbits
 495              	.Ldebug_line0:
 496 0000 A8000000 		.section	.debug_str,"MS",%progbits,1
 496      02005400 
 496      00000201 
ARM GAS  C:\Users\pearlstl\AppData\Local\Temp\ccfytlHb.s 			page 13


 496      FB0E0D00 
 496      01010101 
 497              	.LASF6:
 498 0000 6C6F6E67 		.ascii	"long long int\000"
 498      206C6F6E 
 498      6720696E 
 498      7400
 499              	.LASF24:
 500 000e 656E6162 		.ascii	"enableState\000"
 500      6C655374 
 500      61746500 
 501              	.LASF8:
 502 001a 756E7369 		.ascii	"unsigned int\000"
 502      676E6564 
 502      20696E74 
 502      00
 503              	.LASF18:
 504 0027 55415254 		.ascii	"UART_1_Sleep\000"
 504      5F315F53 
 504      6C656570 
 504      00
 505              	.LASF13:
 506 0034 72656738 		.ascii	"reg8\000"
 506      00
 507              	.LASF12:
 508 0039 75696E74 		.ascii	"uint8\000"
 508      3800
 509              	.LASF5:
 510 003f 6C6F6E67 		.ascii	"long unsigned int\000"
 510      20756E73 
 510      69676E65 
 510      6420696E 
 510      7400
 511              	.LASF16:
 512 0051 55415254 		.ascii	"UART_1_SaveConfig\000"
 512      5F315F53 
 512      61766543 
 512      6F6E6669 
 512      6700
 513              	.LASF7:
 514 0063 6C6F6E67 		.ascii	"long long unsigned int\000"
 514      206C6F6E 
 514      6720756E 
 514      7369676E 
 514      65642069 
 515              	.LASF23:
 516 007a 55415254 		.ascii	"UART_1_backupStruct_\000"
 516      5F315F62 
 516      61636B75 
 516      70537472 
 516      7563745F 
 517              	.LASF1:
 518 008f 756E7369 		.ascii	"unsigned char\000"
 518      676E6564 
 518      20636861 
 518      7200
 519              	.LASF11:
ARM GAS  C:\Users\pearlstl\AppData\Local\Temp\ccfytlHb.s 			page 14


 520 009d 63686172 		.ascii	"char\000"
 520      00
 521              	.LASF4:
 522 00a2 6C6F6E67 		.ascii	"long int\000"
 522      20696E74 
 522      00
 523              	.LASF10:
 524 00ab 646F7562 		.ascii	"double\000"
 524      6C6500
 525              	.LASF25:
 526 00b2 55415254 		.ascii	"UART_1_backup\000"
 526      5F315F62 
 526      61636B75 
 526      7000
 527              	.LASF21:
 528 00c0 2E5C4765 		.ascii	".\\Generated_Source\\PSoC5\\UART_1_PM.c\000"
 528      6E657261 
 528      7465645F 
 528      536F7572 
 528      63655C50 
 529              	.LASF3:
 530 00e5 73686F72 		.ascii	"short unsigned int\000"
 530      7420756E 
 530      7369676E 
 530      65642069 
 530      6E7400
 531              	.LASF0:
 532 00f8 7369676E 		.ascii	"signed char\000"
 532      65642063 
 532      68617200 
 533              	.LASF17:
 534 0104 55415254 		.ascii	"UART_1_RestoreConfig\000"
 534      5F315F52 
 534      6573746F 
 534      7265436F 
 534      6E666967 
 535              	.LASF9:
 536 0119 666C6F61 		.ascii	"float\000"
 536      7400
 537              	.LASF22:
 538 011f 433A5C55 		.ascii	"C:\\Users\\pearlstl\\Documents\\MUSE-Research\\proj"
 538      73657273 
 538      5C706561 
 538      726C7374 
 538      6C5C446F 
 539 014d 5F616E63 		.ascii	"_anc\\system\\WaveGenerator1\\WaveGenerator1.cydsn\000"
 539      5C737973 
 539      74656D5C 
 539      57617665 
 539      47656E65 
 540              	.LASF2:
 541 017d 73686F72 		.ascii	"short int\000"
 541      7420696E 
 541      7400
 542              	.LASF20:
 543 0187 474E5520 		.ascii	"GNU C 4.8.4 20140526 (release) [ARM/embedded-4_8-br"
 543      4320342E 
ARM GAS  C:\Users\pearlstl\AppData\Local\Temp\ccfytlHb.s 			page 15


 543      382E3420 
 543      32303134 
 543      30353236 
 544 01ba 616E6368 		.ascii	"anch revision 211358] -mcpu=cortex-m3 -mthumb -g -O"
 544      20726576 
 544      6973696F 
 544      6E203231 
 544      31333538 
 545 01ed 30202D66 		.ascii	"0 -ffunction-sections\000"
 545      66756E63 
 545      74696F6E 
 545      2D736563 
 545      74696F6E 
 546              	.LASF19:
 547 0203 55415254 		.ascii	"UART_1_Wakeup\000"
 547      5F315F57 
 547      616B6575 
 547      7000
 548              	.LASF14:
 549 0211 73697A65 		.ascii	"sizetype\000"
 549      74797065 
 549      00
 550              	.LASF15:
 551 021a 55415254 		.ascii	"UART_1_BACKUP_STRUCT\000"
 551      5F315F42 
 551      41434B55 
 551      505F5354 
 551      52554354 
 552              		.ident	"GCC: (GNU Tools for ARM Embedded Processors) 4.8.4 20140526 (release) [ARM/embedded-4_8-br
