ARM GAS  C:\Users\shubhamt\AppData\Local\Temp\ccfqULiB.s 			page 1


   1              		.syntax unified
   2              		.cpu cortex-m3
   3              		.fpu softvfp
   4              		.eabi_attribute 20, 1
   5              		.eabi_attribute 21, 1
   6              		.eabi_attribute 23, 3
   7              		.eabi_attribute 24, 1
   8              		.eabi_attribute 25, 1
   9              		.eabi_attribute 26, 1
  10              		.eabi_attribute 30, 6
  11              		.eabi_attribute 34, 1
  12              		.eabi_attribute 18, 4
  13              		.thumb
  14              		.file	"VDAC8_1_hs.c"
  15              		.text
  16              	.Ltext0:
  17              		.cfi_sections	.debug_frame
  18              		.global	VDAC8_1_hs_initVar
  19              		.bss
  20              		.type	VDAC8_1_hs_initVar, %object
  21              		.size	VDAC8_1_hs_initVar, 1
  22              	VDAC8_1_hs_initVar:
  23 0000 00       		.space	1
  24              		.section	.text.VDAC8_1_hs_Init,"ax",%progbits
  25              		.align	2
  26              		.global	VDAC8_1_hs_Init
  27              		.thumb
  28              		.thumb_func
  29              		.type	VDAC8_1_hs_Init, %function
  30              	VDAC8_1_hs_Init:
  31              	.LFB0:
  32              		.file 1 ".\\Generated_Source\\PSoC5\\VDAC8_1_hs.c"
   1:.\Generated_Source\PSoC5/VDAC8_1_hs.c **** /*******************************************************************************
   2:.\Generated_Source\PSoC5/VDAC8_1_hs.c **** * File Name: VDAC8_1_hs.c  
   3:.\Generated_Source\PSoC5/VDAC8_1_hs.c **** * Version 1.90
   4:.\Generated_Source\PSoC5/VDAC8_1_hs.c **** *
   5:.\Generated_Source\PSoC5/VDAC8_1_hs.c **** * Description:
   6:.\Generated_Source\PSoC5/VDAC8_1_hs.c **** *  This file provides the source code to the API for the 8-bit Voltage DAC 
   7:.\Generated_Source\PSoC5/VDAC8_1_hs.c **** *  (VDAC8) User Module.
   8:.\Generated_Source\PSoC5/VDAC8_1_hs.c **** *
   9:.\Generated_Source\PSoC5/VDAC8_1_hs.c **** * Note:
  10:.\Generated_Source\PSoC5/VDAC8_1_hs.c **** *  Any unusual or non-standard behavior should be noted here. Other-
  11:.\Generated_Source\PSoC5/VDAC8_1_hs.c **** *  wise, this section should remain blank.
  12:.\Generated_Source\PSoC5/VDAC8_1_hs.c **** *
  13:.\Generated_Source\PSoC5/VDAC8_1_hs.c **** ********************************************************************************
  14:.\Generated_Source\PSoC5/VDAC8_1_hs.c **** * Copyright 2008-2012, Cypress Semiconductor Corporation.  All rights reserved.
  15:.\Generated_Source\PSoC5/VDAC8_1_hs.c **** * You may use this file only in accordance with the license, terms, conditions, 
  16:.\Generated_Source\PSoC5/VDAC8_1_hs.c **** * disclaimers, and limitations in the end user license agreement accompanying 
  17:.\Generated_Source\PSoC5/VDAC8_1_hs.c **** * the software package with which this file was provided.
  18:.\Generated_Source\PSoC5/VDAC8_1_hs.c **** *******************************************************************************/
  19:.\Generated_Source\PSoC5/VDAC8_1_hs.c **** 
  20:.\Generated_Source\PSoC5/VDAC8_1_hs.c **** #include "cytypes.h"
  21:.\Generated_Source\PSoC5/VDAC8_1_hs.c **** #include "VDAC8_1_hs.h"
  22:.\Generated_Source\PSoC5/VDAC8_1_hs.c **** 
  23:.\Generated_Source\PSoC5/VDAC8_1_hs.c **** #if (CY_PSOC5A)
  24:.\Generated_Source\PSoC5/VDAC8_1_hs.c **** #include <CyLib.h>
  25:.\Generated_Source\PSoC5/VDAC8_1_hs.c **** #endif /* CY_PSOC5A */
ARM GAS  C:\Users\shubhamt\AppData\Local\Temp\ccfqULiB.s 			page 2


  26:.\Generated_Source\PSoC5/VDAC8_1_hs.c **** 
  27:.\Generated_Source\PSoC5/VDAC8_1_hs.c **** uint8 VDAC8_1_hs_initVar = 0u;
  28:.\Generated_Source\PSoC5/VDAC8_1_hs.c **** 
  29:.\Generated_Source\PSoC5/VDAC8_1_hs.c **** #if (CY_PSOC5A)
  30:.\Generated_Source\PSoC5/VDAC8_1_hs.c ****     static uint8 VDAC8_1_hs_restoreVal = 0u;
  31:.\Generated_Source\PSoC5/VDAC8_1_hs.c **** #endif /* CY_PSOC5A */
  32:.\Generated_Source\PSoC5/VDAC8_1_hs.c **** 
  33:.\Generated_Source\PSoC5/VDAC8_1_hs.c **** #if (CY_PSOC5A)
  34:.\Generated_Source\PSoC5/VDAC8_1_hs.c ****     static VDAC8_1_hs_backupStruct VDAC8_1_hs_backup;
  35:.\Generated_Source\PSoC5/VDAC8_1_hs.c **** #endif /* CY_PSOC5A */
  36:.\Generated_Source\PSoC5/VDAC8_1_hs.c **** 
  37:.\Generated_Source\PSoC5/VDAC8_1_hs.c **** 
  38:.\Generated_Source\PSoC5/VDAC8_1_hs.c **** /*******************************************************************************
  39:.\Generated_Source\PSoC5/VDAC8_1_hs.c **** * Function Name: VDAC8_1_hs_Init
  40:.\Generated_Source\PSoC5/VDAC8_1_hs.c **** ********************************************************************************
  41:.\Generated_Source\PSoC5/VDAC8_1_hs.c **** * Summary:
  42:.\Generated_Source\PSoC5/VDAC8_1_hs.c **** *  Initialize to the schematic state.
  43:.\Generated_Source\PSoC5/VDAC8_1_hs.c **** * 
  44:.\Generated_Source\PSoC5/VDAC8_1_hs.c **** * Parameters:
  45:.\Generated_Source\PSoC5/VDAC8_1_hs.c **** *  void:
  46:.\Generated_Source\PSoC5/VDAC8_1_hs.c **** *
  47:.\Generated_Source\PSoC5/VDAC8_1_hs.c **** * Return:
  48:.\Generated_Source\PSoC5/VDAC8_1_hs.c **** *  void
  49:.\Generated_Source\PSoC5/VDAC8_1_hs.c **** *
  50:.\Generated_Source\PSoC5/VDAC8_1_hs.c **** * Theory:
  51:.\Generated_Source\PSoC5/VDAC8_1_hs.c **** *
  52:.\Generated_Source\PSoC5/VDAC8_1_hs.c **** * Side Effects:
  53:.\Generated_Source\PSoC5/VDAC8_1_hs.c **** *
  54:.\Generated_Source\PSoC5/VDAC8_1_hs.c **** *******************************************************************************/
  55:.\Generated_Source\PSoC5/VDAC8_1_hs.c **** void VDAC8_1_hs_Init(void) 
  56:.\Generated_Source\PSoC5/VDAC8_1_hs.c **** {
  33              		.loc 1 56 0
  34              		.cfi_startproc
  35              		@ args = 0, pretend = 0, frame = 0
  36              		@ frame_needed = 1, uses_anonymous_args = 0
  37 0000 80B5     		push	{r7, lr}
  38              		.cfi_def_cfa_offset 8
  39              		.cfi_offset 7, -8
  40              		.cfi_offset 14, -4
  41 0002 00AF     		add	r7, sp, #0
  42              		.cfi_def_cfa_register 7
  57:.\Generated_Source\PSoC5/VDAC8_1_hs.c ****     VDAC8_1_hs_CR0 = (VDAC8_1_hs_MODE_V );
  43              		.loc 1 57 0
  44 0004 0A4B     		ldr	r3, .L2
  45 0006 0022     		movs	r2, #0
  46 0008 1A70     		strb	r2, [r3]
  58:.\Generated_Source\PSoC5/VDAC8_1_hs.c **** 
  59:.\Generated_Source\PSoC5/VDAC8_1_hs.c ****     /* Set default data source */
  60:.\Generated_Source\PSoC5/VDAC8_1_hs.c ****     #if(VDAC8_1_hs_DEFAULT_DATA_SRC != 0 )
  61:.\Generated_Source\PSoC5/VDAC8_1_hs.c ****         VDAC8_1_hs_CR1 = (VDAC8_1_hs_DEFAULT_CNTL | VDAC8_1_hs_DACBUS_ENABLE) ;
  62:.\Generated_Source\PSoC5/VDAC8_1_hs.c ****     #else
  63:.\Generated_Source\PSoC5/VDAC8_1_hs.c ****         VDAC8_1_hs_CR1 = (VDAC8_1_hs_DEFAULT_CNTL | VDAC8_1_hs_DACBUS_DISABLE) ;
  47              		.loc 1 63 0
  48 000a 0A4B     		ldr	r3, .L2+4
  49 000c 0022     		movs	r2, #0
  50 000e 1A70     		strb	r2, [r3]
  64:.\Generated_Source\PSoC5/VDAC8_1_hs.c ****     #endif /* (VDAC8_1_hs_DEFAULT_DATA_SRC != 0 ) */
ARM GAS  C:\Users\shubhamt\AppData\Local\Temp\ccfqULiB.s 			page 3


  65:.\Generated_Source\PSoC5/VDAC8_1_hs.c **** 
  66:.\Generated_Source\PSoC5/VDAC8_1_hs.c ****     /* Set default strobe mode */
  67:.\Generated_Source\PSoC5/VDAC8_1_hs.c ****     #if(VDAC8_1_hs_DEFAULT_STRB != 0)
  68:.\Generated_Source\PSoC5/VDAC8_1_hs.c ****         VDAC8_1_hs_Strobe |= VDAC8_1_hs_STRB_EN ;
  51              		.loc 1 68 0
  52 0010 094B     		ldr	r3, .L2+8
  53 0012 094A     		ldr	r2, .L2+8
  54 0014 1278     		ldrb	r2, [r2]
  55 0016 D2B2     		uxtb	r2, r2
  56 0018 42F00802 		orr	r2, r2, #8
  57 001c D2B2     		uxtb	r2, r2
  58 001e 1A70     		strb	r2, [r3]
  69:.\Generated_Source\PSoC5/VDAC8_1_hs.c ****     #endif/* (VDAC8_1_hs_DEFAULT_STRB != 0) */
  70:.\Generated_Source\PSoC5/VDAC8_1_hs.c **** 
  71:.\Generated_Source\PSoC5/VDAC8_1_hs.c ****     /* Set default range */
  72:.\Generated_Source\PSoC5/VDAC8_1_hs.c ****     VDAC8_1_hs_SetRange(VDAC8_1_hs_DEFAULT_RANGE); 
  59              		.loc 1 72 0
  60 0020 0020     		movs	r0, #0
  61 0022 FFF7FEFF 		bl	VDAC8_1_hs_SetRange
  73:.\Generated_Source\PSoC5/VDAC8_1_hs.c **** 
  74:.\Generated_Source\PSoC5/VDAC8_1_hs.c ****     /* Set default speed */
  75:.\Generated_Source\PSoC5/VDAC8_1_hs.c ****     VDAC8_1_hs_SetSpeed(VDAC8_1_hs_DEFAULT_SPEED);
  62              		.loc 1 75 0
  63 0026 0020     		movs	r0, #0
  64 0028 FFF7FEFF 		bl	VDAC8_1_hs_SetSpeed
  76:.\Generated_Source\PSoC5/VDAC8_1_hs.c **** }
  65              		.loc 1 76 0
  66 002c 80BD     		pop	{r7, pc}
  67              	.L3:
  68 002e 00BF     		.align	2
  69              	.L2:
  70 0030 28580040 		.word	1073764392
  71 0034 29580040 		.word	1073764393
  72 0038 975A0040 		.word	1073765015
  73              		.cfi_endproc
  74              	.LFE0:
  75              		.size	VDAC8_1_hs_Init, .-VDAC8_1_hs_Init
  76              		.section	.text.VDAC8_1_hs_Enable,"ax",%progbits
  77              		.align	2
  78              		.global	VDAC8_1_hs_Enable
  79              		.thumb
  80              		.thumb_func
  81              		.type	VDAC8_1_hs_Enable, %function
  82              	VDAC8_1_hs_Enable:
  83              	.LFB1:
  77:.\Generated_Source\PSoC5/VDAC8_1_hs.c **** 
  78:.\Generated_Source\PSoC5/VDAC8_1_hs.c **** 
  79:.\Generated_Source\PSoC5/VDAC8_1_hs.c **** /*******************************************************************************
  80:.\Generated_Source\PSoC5/VDAC8_1_hs.c **** * Function Name: VDAC8_1_hs_Enable
  81:.\Generated_Source\PSoC5/VDAC8_1_hs.c **** ********************************************************************************
  82:.\Generated_Source\PSoC5/VDAC8_1_hs.c **** * Summary:
  83:.\Generated_Source\PSoC5/VDAC8_1_hs.c **** *  Enable the VDAC8
  84:.\Generated_Source\PSoC5/VDAC8_1_hs.c **** * 
  85:.\Generated_Source\PSoC5/VDAC8_1_hs.c **** * Parameters:
  86:.\Generated_Source\PSoC5/VDAC8_1_hs.c **** *  void
  87:.\Generated_Source\PSoC5/VDAC8_1_hs.c **** *
  88:.\Generated_Source\PSoC5/VDAC8_1_hs.c **** * Return:
ARM GAS  C:\Users\shubhamt\AppData\Local\Temp\ccfqULiB.s 			page 4


  89:.\Generated_Source\PSoC5/VDAC8_1_hs.c **** *  void
  90:.\Generated_Source\PSoC5/VDAC8_1_hs.c **** *
  91:.\Generated_Source\PSoC5/VDAC8_1_hs.c **** * Theory:
  92:.\Generated_Source\PSoC5/VDAC8_1_hs.c **** *
  93:.\Generated_Source\PSoC5/VDAC8_1_hs.c **** * Side Effects:
  94:.\Generated_Source\PSoC5/VDAC8_1_hs.c **** *
  95:.\Generated_Source\PSoC5/VDAC8_1_hs.c **** *******************************************************************************/
  96:.\Generated_Source\PSoC5/VDAC8_1_hs.c **** void VDAC8_1_hs_Enable(void) 
  97:.\Generated_Source\PSoC5/VDAC8_1_hs.c **** {
  84              		.loc 1 97 0
  85              		.cfi_startproc
  86              		@ args = 0, pretend = 0, frame = 0
  87              		@ frame_needed = 1, uses_anonymous_args = 0
  88              		@ link register save eliminated.
  89 0000 80B4     		push	{r7}
  90              		.cfi_def_cfa_offset 4
  91              		.cfi_offset 7, -4
  92 0002 00AF     		add	r7, sp, #0
  93              		.cfi_def_cfa_register 7
  98:.\Generated_Source\PSoC5/VDAC8_1_hs.c ****     VDAC8_1_hs_PWRMGR |= VDAC8_1_hs_ACT_PWR_EN;
  94              		.loc 1 98 0
  95 0004 094B     		ldr	r3, .L5
  96 0006 094A     		ldr	r2, .L5
  97 0008 1278     		ldrb	r2, [r2]
  98 000a D2B2     		uxtb	r2, r2
  99 000c 42F00402 		orr	r2, r2, #4
 100 0010 D2B2     		uxtb	r2, r2
 101 0012 1A70     		strb	r2, [r3]
  99:.\Generated_Source\PSoC5/VDAC8_1_hs.c ****     VDAC8_1_hs_STBY_PWRMGR |= VDAC8_1_hs_STBY_PWR_EN;
 102              		.loc 1 99 0
 103 0014 064B     		ldr	r3, .L5+4
 104 0016 064A     		ldr	r2, .L5+4
 105 0018 1278     		ldrb	r2, [r2]
 106 001a D2B2     		uxtb	r2, r2
 107 001c 42F00402 		orr	r2, r2, #4
 108 0020 D2B2     		uxtb	r2, r2
 109 0022 1A70     		strb	r2, [r3]
 100:.\Generated_Source\PSoC5/VDAC8_1_hs.c **** 
 101:.\Generated_Source\PSoC5/VDAC8_1_hs.c ****     /*This is to restore the value of register CR0 ,
 102:.\Generated_Source\PSoC5/VDAC8_1_hs.c ****     which is modified  in Stop API , this prevents misbehaviour of VDAC */
 103:.\Generated_Source\PSoC5/VDAC8_1_hs.c ****     #if (CY_PSOC5A)
 104:.\Generated_Source\PSoC5/VDAC8_1_hs.c ****         if(VDAC8_1_hs_restoreVal == 1u) 
 105:.\Generated_Source\PSoC5/VDAC8_1_hs.c ****         {
 106:.\Generated_Source\PSoC5/VDAC8_1_hs.c ****              VDAC8_1_hs_CR0 = VDAC8_1_hs_backup.data_value;
 107:.\Generated_Source\PSoC5/VDAC8_1_hs.c ****              VDAC8_1_hs_restoreVal = 0u;
 108:.\Generated_Source\PSoC5/VDAC8_1_hs.c ****         }
 109:.\Generated_Source\PSoC5/VDAC8_1_hs.c ****     #endif /* CY_PSOC5A */
 110:.\Generated_Source\PSoC5/VDAC8_1_hs.c **** }
 110              		.loc 1 110 0
 111 0024 BD46     		mov	sp, r7
 112              		@ sp needed
 113 0026 5DF8047B 		ldr	r7, [sp], #4
 114 002a 7047     		bx	lr
 115              	.L6:
 116              		.align	2
 117              	.L5:
 118 002c A8430040 		.word	1073759144
ARM GAS  C:\Users\shubhamt\AppData\Local\Temp\ccfqULiB.s 			page 5


 119 0030 B8430040 		.word	1073759160
 120              		.cfi_endproc
 121              	.LFE1:
 122              		.size	VDAC8_1_hs_Enable, .-VDAC8_1_hs_Enable
 123              		.section	.text.VDAC8_1_hs_Start,"ax",%progbits
 124              		.align	2
 125              		.global	VDAC8_1_hs_Start
 126              		.thumb
 127              		.thumb_func
 128              		.type	VDAC8_1_hs_Start, %function
 129              	VDAC8_1_hs_Start:
 130              	.LFB2:
 111:.\Generated_Source\PSoC5/VDAC8_1_hs.c **** 
 112:.\Generated_Source\PSoC5/VDAC8_1_hs.c **** 
 113:.\Generated_Source\PSoC5/VDAC8_1_hs.c **** /*******************************************************************************
 114:.\Generated_Source\PSoC5/VDAC8_1_hs.c **** * Function Name: VDAC8_1_hs_Start
 115:.\Generated_Source\PSoC5/VDAC8_1_hs.c **** ********************************************************************************
 116:.\Generated_Source\PSoC5/VDAC8_1_hs.c **** *
 117:.\Generated_Source\PSoC5/VDAC8_1_hs.c **** * Summary:
 118:.\Generated_Source\PSoC5/VDAC8_1_hs.c **** *  The start function initializes the voltage DAC with the default values, 
 119:.\Generated_Source\PSoC5/VDAC8_1_hs.c **** *  and sets the power to the given level.  A power level of 0, is the same as
 120:.\Generated_Source\PSoC5/VDAC8_1_hs.c **** *  executing the stop function.
 121:.\Generated_Source\PSoC5/VDAC8_1_hs.c **** *
 122:.\Generated_Source\PSoC5/VDAC8_1_hs.c **** * Parameters:
 123:.\Generated_Source\PSoC5/VDAC8_1_hs.c **** *  Power: Sets power level between off (0) and (3) high power
 124:.\Generated_Source\PSoC5/VDAC8_1_hs.c **** *
 125:.\Generated_Source\PSoC5/VDAC8_1_hs.c **** * Return:
 126:.\Generated_Source\PSoC5/VDAC8_1_hs.c **** *  void 
 127:.\Generated_Source\PSoC5/VDAC8_1_hs.c **** *
 128:.\Generated_Source\PSoC5/VDAC8_1_hs.c **** * Global variables:
 129:.\Generated_Source\PSoC5/VDAC8_1_hs.c **** *  VDAC8_1_hs_initVar: Is modified when this function is called for the 
 130:.\Generated_Source\PSoC5/VDAC8_1_hs.c **** *  first time. Is used to ensure that initialization happens only once.
 131:.\Generated_Source\PSoC5/VDAC8_1_hs.c **** *
 132:.\Generated_Source\PSoC5/VDAC8_1_hs.c **** *******************************************************************************/
 133:.\Generated_Source\PSoC5/VDAC8_1_hs.c **** void VDAC8_1_hs_Start(void)  
 134:.\Generated_Source\PSoC5/VDAC8_1_hs.c **** {
 131              		.loc 1 134 0
 132              		.cfi_startproc
 133              		@ args = 0, pretend = 0, frame = 0
 134              		@ frame_needed = 1, uses_anonymous_args = 0
 135 0000 80B5     		push	{r7, lr}
 136              		.cfi_def_cfa_offset 8
 137              		.cfi_offset 7, -8
 138              		.cfi_offset 14, -4
 139 0002 00AF     		add	r7, sp, #0
 140              		.cfi_def_cfa_register 7
 135:.\Generated_Source\PSoC5/VDAC8_1_hs.c ****     /* Hardware initiazation only needs to occure the first time */
 136:.\Generated_Source\PSoC5/VDAC8_1_hs.c ****     if(VDAC8_1_hs_initVar == 0u)
 141              		.loc 1 136 0
 142 0004 074B     		ldr	r3, .L9
 143 0006 1B78     		ldrb	r3, [r3]	@ zero_extendqisi2
 144 0008 002B     		cmp	r3, #0
 145 000a 04D1     		bne	.L8
 137:.\Generated_Source\PSoC5/VDAC8_1_hs.c ****     { 
 138:.\Generated_Source\PSoC5/VDAC8_1_hs.c ****         VDAC8_1_hs_Init();
 146              		.loc 1 138 0
 147 000c FFF7FEFF 		bl	VDAC8_1_hs_Init
ARM GAS  C:\Users\shubhamt\AppData\Local\Temp\ccfqULiB.s 			page 6


 139:.\Generated_Source\PSoC5/VDAC8_1_hs.c ****         VDAC8_1_hs_initVar = 1u;
 148              		.loc 1 139 0
 149 0010 044B     		ldr	r3, .L9
 150 0012 0122     		movs	r2, #1
 151 0014 1A70     		strb	r2, [r3]
 152              	.L8:
 140:.\Generated_Source\PSoC5/VDAC8_1_hs.c ****     }
 141:.\Generated_Source\PSoC5/VDAC8_1_hs.c **** 
 142:.\Generated_Source\PSoC5/VDAC8_1_hs.c ****     /* Enable power to DAC */
 143:.\Generated_Source\PSoC5/VDAC8_1_hs.c ****     VDAC8_1_hs_Enable();
 153              		.loc 1 143 0
 154 0016 FFF7FEFF 		bl	VDAC8_1_hs_Enable
 144:.\Generated_Source\PSoC5/VDAC8_1_hs.c **** 
 145:.\Generated_Source\PSoC5/VDAC8_1_hs.c ****     /* Set default value */
 146:.\Generated_Source\PSoC5/VDAC8_1_hs.c ****     VDAC8_1_hs_SetValue(VDAC8_1_hs_DEFAULT_DATA); 
 155              		.loc 1 146 0
 156 001a 6420     		movs	r0, #100
 157 001c FFF7FEFF 		bl	VDAC8_1_hs_SetValue
 147:.\Generated_Source\PSoC5/VDAC8_1_hs.c **** }
 158              		.loc 1 147 0
 159 0020 80BD     		pop	{r7, pc}
 160              	.L10:
 161 0022 00BF     		.align	2
 162              	.L9:
 163 0024 00000000 		.word	VDAC8_1_hs_initVar
 164              		.cfi_endproc
 165              	.LFE2:
 166              		.size	VDAC8_1_hs_Start, .-VDAC8_1_hs_Start
 167              		.section	.text.VDAC8_1_hs_Stop,"ax",%progbits
 168              		.align	2
 169              		.global	VDAC8_1_hs_Stop
 170              		.thumb
 171              		.thumb_func
 172              		.type	VDAC8_1_hs_Stop, %function
 173              	VDAC8_1_hs_Stop:
 174              	.LFB3:
 148:.\Generated_Source\PSoC5/VDAC8_1_hs.c **** 
 149:.\Generated_Source\PSoC5/VDAC8_1_hs.c **** 
 150:.\Generated_Source\PSoC5/VDAC8_1_hs.c **** /*******************************************************************************
 151:.\Generated_Source\PSoC5/VDAC8_1_hs.c **** * Function Name: VDAC8_1_hs_Stop
 152:.\Generated_Source\PSoC5/VDAC8_1_hs.c **** ********************************************************************************
 153:.\Generated_Source\PSoC5/VDAC8_1_hs.c **** *
 154:.\Generated_Source\PSoC5/VDAC8_1_hs.c **** * Summary:
 155:.\Generated_Source\PSoC5/VDAC8_1_hs.c **** *  Powers down DAC to lowest power state.
 156:.\Generated_Source\PSoC5/VDAC8_1_hs.c **** *
 157:.\Generated_Source\PSoC5/VDAC8_1_hs.c **** * Parameters:
 158:.\Generated_Source\PSoC5/VDAC8_1_hs.c **** *  void
 159:.\Generated_Source\PSoC5/VDAC8_1_hs.c **** *
 160:.\Generated_Source\PSoC5/VDAC8_1_hs.c **** * Return:
 161:.\Generated_Source\PSoC5/VDAC8_1_hs.c **** *  void
 162:.\Generated_Source\PSoC5/VDAC8_1_hs.c **** *
 163:.\Generated_Source\PSoC5/VDAC8_1_hs.c **** * Theory:
 164:.\Generated_Source\PSoC5/VDAC8_1_hs.c **** *
 165:.\Generated_Source\PSoC5/VDAC8_1_hs.c **** * Side Effects:
 166:.\Generated_Source\PSoC5/VDAC8_1_hs.c **** *
 167:.\Generated_Source\PSoC5/VDAC8_1_hs.c **** *******************************************************************************/
 168:.\Generated_Source\PSoC5/VDAC8_1_hs.c **** void VDAC8_1_hs_Stop(void) 
ARM GAS  C:\Users\shubhamt\AppData\Local\Temp\ccfqULiB.s 			page 7


 169:.\Generated_Source\PSoC5/VDAC8_1_hs.c **** {
 175              		.loc 1 169 0
 176              		.cfi_startproc
 177              		@ args = 0, pretend = 0, frame = 0
 178              		@ frame_needed = 1, uses_anonymous_args = 0
 179              		@ link register save eliminated.
 180 0000 80B4     		push	{r7}
 181              		.cfi_def_cfa_offset 4
 182              		.cfi_offset 7, -4
 183 0002 00AF     		add	r7, sp, #0
 184              		.cfi_def_cfa_register 7
 170:.\Generated_Source\PSoC5/VDAC8_1_hs.c ****     /* Disble power to DAC */
 171:.\Generated_Source\PSoC5/VDAC8_1_hs.c ****     VDAC8_1_hs_PWRMGR &= (uint8)(~VDAC8_1_hs_ACT_PWR_EN);
 185              		.loc 1 171 0
 186 0004 094B     		ldr	r3, .L12
 187 0006 094A     		ldr	r2, .L12
 188 0008 1278     		ldrb	r2, [r2]
 189 000a D2B2     		uxtb	r2, r2
 190 000c 22F00402 		bic	r2, r2, #4
 191 0010 D2B2     		uxtb	r2, r2
 192 0012 1A70     		strb	r2, [r3]
 172:.\Generated_Source\PSoC5/VDAC8_1_hs.c ****     VDAC8_1_hs_STBY_PWRMGR &= (uint8)(~VDAC8_1_hs_STBY_PWR_EN);
 193              		.loc 1 172 0
 194 0014 064B     		ldr	r3, .L12+4
 195 0016 064A     		ldr	r2, .L12+4
 196 0018 1278     		ldrb	r2, [r2]
 197 001a D2B2     		uxtb	r2, r2
 198 001c 22F00402 		bic	r2, r2, #4
 199 0020 D2B2     		uxtb	r2, r2
 200 0022 1A70     		strb	r2, [r3]
 173:.\Generated_Source\PSoC5/VDAC8_1_hs.c **** 
 174:.\Generated_Source\PSoC5/VDAC8_1_hs.c ****     /* This is a work around for PSoC5A  ,
 175:.\Generated_Source\PSoC5/VDAC8_1_hs.c ****     this sets VDAC to current mode with output off */
 176:.\Generated_Source\PSoC5/VDAC8_1_hs.c ****     #if (CY_PSOC5A)
 177:.\Generated_Source\PSoC5/VDAC8_1_hs.c ****         VDAC8_1_hs_backup.data_value = VDAC8_1_hs_CR0;
 178:.\Generated_Source\PSoC5/VDAC8_1_hs.c ****         VDAC8_1_hs_CR0 = VDAC8_1_hs_CUR_MODE_OUT_OFF;
 179:.\Generated_Source\PSoC5/VDAC8_1_hs.c ****         VDAC8_1_hs_restoreVal = 1u;
 180:.\Generated_Source\PSoC5/VDAC8_1_hs.c ****     #endif /* CY_PSOC5A */
 181:.\Generated_Source\PSoC5/VDAC8_1_hs.c **** }
 201              		.loc 1 181 0
 202 0024 BD46     		mov	sp, r7
 203              		@ sp needed
 204 0026 5DF8047B 		ldr	r7, [sp], #4
 205 002a 7047     		bx	lr
 206              	.L13:
 207              		.align	2
 208              	.L12:
 209 002c A8430040 		.word	1073759144
 210 0030 B8430040 		.word	1073759160
 211              		.cfi_endproc
 212              	.LFE3:
 213              		.size	VDAC8_1_hs_Stop, .-VDAC8_1_hs_Stop
 214              		.section	.text.VDAC8_1_hs_SetSpeed,"ax",%progbits
 215              		.align	2
 216              		.global	VDAC8_1_hs_SetSpeed
 217              		.thumb
 218              		.thumb_func
ARM GAS  C:\Users\shubhamt\AppData\Local\Temp\ccfqULiB.s 			page 8


 219              		.type	VDAC8_1_hs_SetSpeed, %function
 220              	VDAC8_1_hs_SetSpeed:
 221              	.LFB4:
 182:.\Generated_Source\PSoC5/VDAC8_1_hs.c **** 
 183:.\Generated_Source\PSoC5/VDAC8_1_hs.c **** 
 184:.\Generated_Source\PSoC5/VDAC8_1_hs.c **** /*******************************************************************************
 185:.\Generated_Source\PSoC5/VDAC8_1_hs.c **** * Function Name: VDAC8_1_hs_SetSpeed
 186:.\Generated_Source\PSoC5/VDAC8_1_hs.c **** ********************************************************************************
 187:.\Generated_Source\PSoC5/VDAC8_1_hs.c **** *
 188:.\Generated_Source\PSoC5/VDAC8_1_hs.c **** * Summary:
 189:.\Generated_Source\PSoC5/VDAC8_1_hs.c **** *  Set DAC speed
 190:.\Generated_Source\PSoC5/VDAC8_1_hs.c **** *
 191:.\Generated_Source\PSoC5/VDAC8_1_hs.c **** * Parameters:
 192:.\Generated_Source\PSoC5/VDAC8_1_hs.c **** *  power: Sets speed value
 193:.\Generated_Source\PSoC5/VDAC8_1_hs.c **** *
 194:.\Generated_Source\PSoC5/VDAC8_1_hs.c **** * Return:
 195:.\Generated_Source\PSoC5/VDAC8_1_hs.c **** *  void
 196:.\Generated_Source\PSoC5/VDAC8_1_hs.c **** *
 197:.\Generated_Source\PSoC5/VDAC8_1_hs.c **** * Theory:
 198:.\Generated_Source\PSoC5/VDAC8_1_hs.c **** *
 199:.\Generated_Source\PSoC5/VDAC8_1_hs.c **** * Side Effects:
 200:.\Generated_Source\PSoC5/VDAC8_1_hs.c **** *
 201:.\Generated_Source\PSoC5/VDAC8_1_hs.c **** *******************************************************************************/
 202:.\Generated_Source\PSoC5/VDAC8_1_hs.c **** void VDAC8_1_hs_SetSpeed(uint8 speed) 
 203:.\Generated_Source\PSoC5/VDAC8_1_hs.c **** {
 222              		.loc 1 203 0
 223              		.cfi_startproc
 224              		@ args = 0, pretend = 0, frame = 8
 225              		@ frame_needed = 1, uses_anonymous_args = 0
 226              		@ link register save eliminated.
 227 0000 80B4     		push	{r7}
 228              		.cfi_def_cfa_offset 4
 229              		.cfi_offset 7, -4
 230 0002 83B0     		sub	sp, sp, #12
 231              		.cfi_def_cfa_offset 16
 232 0004 00AF     		add	r7, sp, #0
 233              		.cfi_def_cfa_register 7
 234 0006 0346     		mov	r3, r0
 235 0008 FB71     		strb	r3, [r7, #7]
 204:.\Generated_Source\PSoC5/VDAC8_1_hs.c ****     /* Clear power mask then write in new value */
 205:.\Generated_Source\PSoC5/VDAC8_1_hs.c ****     VDAC8_1_hs_CR0 &= (uint8)(~VDAC8_1_hs_HS_MASK);
 236              		.loc 1 205 0
 237 000a 0C4B     		ldr	r3, .L15
 238 000c 0B4A     		ldr	r2, .L15
 239 000e 1278     		ldrb	r2, [r2]
 240 0010 D2B2     		uxtb	r2, r2
 241 0012 22F00202 		bic	r2, r2, #2
 242 0016 D2B2     		uxtb	r2, r2
 243 0018 1A70     		strb	r2, [r3]
 206:.\Generated_Source\PSoC5/VDAC8_1_hs.c ****     VDAC8_1_hs_CR0 |=  (speed & VDAC8_1_hs_HS_MASK);
 244              		.loc 1 206 0
 245 001a 084B     		ldr	r3, .L15
 246 001c 074A     		ldr	r2, .L15
 247 001e 1278     		ldrb	r2, [r2]
 248 0020 D1B2     		uxtb	r1, r2
 249 0022 FA79     		ldrb	r2, [r7, #7]
 250 0024 02F00202 		and	r2, r2, #2
ARM GAS  C:\Users\shubhamt\AppData\Local\Temp\ccfqULiB.s 			page 9


 251 0028 D2B2     		uxtb	r2, r2
 252 002a 0A43     		orrs	r2, r2, r1
 253 002c D2B2     		uxtb	r2, r2
 254 002e 1A70     		strb	r2, [r3]
 207:.\Generated_Source\PSoC5/VDAC8_1_hs.c **** }
 255              		.loc 1 207 0
 256 0030 0C37     		adds	r7, r7, #12
 257 0032 BD46     		mov	sp, r7
 258              		@ sp needed
 259 0034 5DF8047B 		ldr	r7, [sp], #4
 260 0038 7047     		bx	lr
 261              	.L16:
 262 003a 00BF     		.align	2
 263              	.L15:
 264 003c 28580040 		.word	1073764392
 265              		.cfi_endproc
 266              	.LFE4:
 267              		.size	VDAC8_1_hs_SetSpeed, .-VDAC8_1_hs_SetSpeed
 268              		.section	.text.VDAC8_1_hs_SetRange,"ax",%progbits
 269              		.align	2
 270              		.global	VDAC8_1_hs_SetRange
 271              		.thumb
 272              		.thumb_func
 273              		.type	VDAC8_1_hs_SetRange, %function
 274              	VDAC8_1_hs_SetRange:
 275              	.LFB5:
 208:.\Generated_Source\PSoC5/VDAC8_1_hs.c **** 
 209:.\Generated_Source\PSoC5/VDAC8_1_hs.c **** 
 210:.\Generated_Source\PSoC5/VDAC8_1_hs.c **** /*******************************************************************************
 211:.\Generated_Source\PSoC5/VDAC8_1_hs.c **** * Function Name: VDAC8_1_hs_SetRange
 212:.\Generated_Source\PSoC5/VDAC8_1_hs.c **** ********************************************************************************
 213:.\Generated_Source\PSoC5/VDAC8_1_hs.c **** *
 214:.\Generated_Source\PSoC5/VDAC8_1_hs.c **** * Summary:
 215:.\Generated_Source\PSoC5/VDAC8_1_hs.c **** *  Set one of three current ranges.
 216:.\Generated_Source\PSoC5/VDAC8_1_hs.c **** *
 217:.\Generated_Source\PSoC5/VDAC8_1_hs.c **** * Parameters:
 218:.\Generated_Source\PSoC5/VDAC8_1_hs.c **** *  Range: Sets one of Three valid ranges.
 219:.\Generated_Source\PSoC5/VDAC8_1_hs.c **** *
 220:.\Generated_Source\PSoC5/VDAC8_1_hs.c **** * Return:
 221:.\Generated_Source\PSoC5/VDAC8_1_hs.c **** *  void 
 222:.\Generated_Source\PSoC5/VDAC8_1_hs.c **** *
 223:.\Generated_Source\PSoC5/VDAC8_1_hs.c **** * Theory:
 224:.\Generated_Source\PSoC5/VDAC8_1_hs.c **** *
 225:.\Generated_Source\PSoC5/VDAC8_1_hs.c **** * Side Effects:
 226:.\Generated_Source\PSoC5/VDAC8_1_hs.c **** *
 227:.\Generated_Source\PSoC5/VDAC8_1_hs.c **** *******************************************************************************/
 228:.\Generated_Source\PSoC5/VDAC8_1_hs.c **** void VDAC8_1_hs_SetRange(uint8 range) 
 229:.\Generated_Source\PSoC5/VDAC8_1_hs.c **** {
 276              		.loc 1 229 0
 277              		.cfi_startproc
 278              		@ args = 0, pretend = 0, frame = 8
 279              		@ frame_needed = 1, uses_anonymous_args = 0
 280 0000 80B5     		push	{r7, lr}
 281              		.cfi_def_cfa_offset 8
 282              		.cfi_offset 7, -8
 283              		.cfi_offset 14, -4
 284 0002 82B0     		sub	sp, sp, #8
ARM GAS  C:\Users\shubhamt\AppData\Local\Temp\ccfqULiB.s 			page 10


 285              		.cfi_def_cfa_offset 16
 286 0004 00AF     		add	r7, sp, #0
 287              		.cfi_def_cfa_register 7
 288 0006 0346     		mov	r3, r0
 289 0008 FB71     		strb	r3, [r7, #7]
 230:.\Generated_Source\PSoC5/VDAC8_1_hs.c ****     VDAC8_1_hs_CR0 &= (uint8)(~VDAC8_1_hs_RANGE_MASK);      /* Clear existing mode */
 290              		.loc 1 230 0
 291 000a 0C4B     		ldr	r3, .L18
 292 000c 0B4A     		ldr	r2, .L18
 293 000e 1278     		ldrb	r2, [r2]
 294 0010 D2B2     		uxtb	r2, r2
 295 0012 22F00C02 		bic	r2, r2, #12
 296 0016 D2B2     		uxtb	r2, r2
 297 0018 1A70     		strb	r2, [r3]
 231:.\Generated_Source\PSoC5/VDAC8_1_hs.c ****     VDAC8_1_hs_CR0 |= (range & VDAC8_1_hs_RANGE_MASK);      /*  Set Range  */
 298              		.loc 1 231 0
 299 001a 084B     		ldr	r3, .L18
 300 001c 074A     		ldr	r2, .L18
 301 001e 1278     		ldrb	r2, [r2]
 302 0020 D1B2     		uxtb	r1, r2
 303 0022 FA79     		ldrb	r2, [r7, #7]
 304 0024 02F00C02 		and	r2, r2, #12
 305 0028 D2B2     		uxtb	r2, r2
 306 002a 0A43     		orrs	r2, r2, r1
 307 002c D2B2     		uxtb	r2, r2
 308 002e 1A70     		strb	r2, [r3]
 232:.\Generated_Source\PSoC5/VDAC8_1_hs.c ****     VDAC8_1_hs_DacTrim();
 309              		.loc 1 232 0
 310 0030 FFF7FEFF 		bl	VDAC8_1_hs_DacTrim
 233:.\Generated_Source\PSoC5/VDAC8_1_hs.c **** }
 311              		.loc 1 233 0
 312 0034 0837     		adds	r7, r7, #8
 313 0036 BD46     		mov	sp, r7
 314              		@ sp needed
 315 0038 80BD     		pop	{r7, pc}
 316              	.L19:
 317 003a 00BF     		.align	2
 318              	.L18:
 319 003c 28580040 		.word	1073764392
 320              		.cfi_endproc
 321              	.LFE5:
 322              		.size	VDAC8_1_hs_SetRange, .-VDAC8_1_hs_SetRange
 323              		.section	.text.VDAC8_1_hs_SetValue,"ax",%progbits
 324              		.align	2
 325              		.global	VDAC8_1_hs_SetValue
 326              		.thumb
 327              		.thumb_func
 328              		.type	VDAC8_1_hs_SetValue, %function
 329              	VDAC8_1_hs_SetValue:
 330              	.LFB6:
 234:.\Generated_Source\PSoC5/VDAC8_1_hs.c **** 
 235:.\Generated_Source\PSoC5/VDAC8_1_hs.c **** 
 236:.\Generated_Source\PSoC5/VDAC8_1_hs.c **** /*******************************************************************************
 237:.\Generated_Source\PSoC5/VDAC8_1_hs.c **** * Function Name: VDAC8_1_hs_SetValue
 238:.\Generated_Source\PSoC5/VDAC8_1_hs.c **** ********************************************************************************
 239:.\Generated_Source\PSoC5/VDAC8_1_hs.c **** *
 240:.\Generated_Source\PSoC5/VDAC8_1_hs.c **** * Summary:
ARM GAS  C:\Users\shubhamt\AppData\Local\Temp\ccfqULiB.s 			page 11


 241:.\Generated_Source\PSoC5/VDAC8_1_hs.c **** *  Set 8-bit DAC value
 242:.\Generated_Source\PSoC5/VDAC8_1_hs.c **** *
 243:.\Generated_Source\PSoC5/VDAC8_1_hs.c **** * Parameters:  
 244:.\Generated_Source\PSoC5/VDAC8_1_hs.c **** *  value:  Sets DAC value between 0 and 255.
 245:.\Generated_Source\PSoC5/VDAC8_1_hs.c **** *
 246:.\Generated_Source\PSoC5/VDAC8_1_hs.c **** * Return: 
 247:.\Generated_Source\PSoC5/VDAC8_1_hs.c **** *  void 
 248:.\Generated_Source\PSoC5/VDAC8_1_hs.c **** *
 249:.\Generated_Source\PSoC5/VDAC8_1_hs.c **** * Theory: 
 250:.\Generated_Source\PSoC5/VDAC8_1_hs.c **** *
 251:.\Generated_Source\PSoC5/VDAC8_1_hs.c **** * Side Effects:
 252:.\Generated_Source\PSoC5/VDAC8_1_hs.c **** *
 253:.\Generated_Source\PSoC5/VDAC8_1_hs.c **** *******************************************************************************/
 254:.\Generated_Source\PSoC5/VDAC8_1_hs.c **** void VDAC8_1_hs_SetValue(uint8 value) 
 255:.\Generated_Source\PSoC5/VDAC8_1_hs.c **** {
 331              		.loc 1 255 0
 332              		.cfi_startproc
 333              		@ args = 0, pretend = 0, frame = 8
 334              		@ frame_needed = 1, uses_anonymous_args = 0
 335              		@ link register save eliminated.
 336 0000 80B4     		push	{r7}
 337              		.cfi_def_cfa_offset 4
 338              		.cfi_offset 7, -4
 339 0002 83B0     		sub	sp, sp, #12
 340              		.cfi_def_cfa_offset 16
 341 0004 00AF     		add	r7, sp, #0
 342              		.cfi_def_cfa_register 7
 343 0006 0346     		mov	r3, r0
 344 0008 FB71     		strb	r3, [r7, #7]
 256:.\Generated_Source\PSoC5/VDAC8_1_hs.c ****     #if (CY_PSOC5A)
 257:.\Generated_Source\PSoC5/VDAC8_1_hs.c ****         uint8 VDAC8_1_hs_intrStatus = CyEnterCriticalSection();
 258:.\Generated_Source\PSoC5/VDAC8_1_hs.c ****     #endif /* CY_PSOC5A */
 259:.\Generated_Source\PSoC5/VDAC8_1_hs.c **** 
 260:.\Generated_Source\PSoC5/VDAC8_1_hs.c ****     VDAC8_1_hs_Data = value;                /*  Set Value  */
 345              		.loc 1 260 0
 346 000a 044B     		ldr	r3, .L21
 347 000c FA79     		ldrb	r2, [r7, #7]
 348 000e 1A70     		strb	r2, [r3]
 261:.\Generated_Source\PSoC5/VDAC8_1_hs.c **** 
 262:.\Generated_Source\PSoC5/VDAC8_1_hs.c ****     /* PSOC5A requires a double write */
 263:.\Generated_Source\PSoC5/VDAC8_1_hs.c ****     /* Exit Critical Section */
 264:.\Generated_Source\PSoC5/VDAC8_1_hs.c ****     #if (CY_PSOC5A)
 265:.\Generated_Source\PSoC5/VDAC8_1_hs.c ****         VDAC8_1_hs_Data = value;
 266:.\Generated_Source\PSoC5/VDAC8_1_hs.c ****         CyExitCriticalSection(VDAC8_1_hs_intrStatus);
 267:.\Generated_Source\PSoC5/VDAC8_1_hs.c ****     #endif /* CY_PSOC5A */
 268:.\Generated_Source\PSoC5/VDAC8_1_hs.c **** }
 349              		.loc 1 268 0
 350 0010 0C37     		adds	r7, r7, #12
 351 0012 BD46     		mov	sp, r7
 352              		@ sp needed
 353 0014 5DF8047B 		ldr	r7, [sp], #4
 354 0018 7047     		bx	lr
 355              	.L22:
 356 001a 00BF     		.align	2
 357              	.L21:
 358 001c 825B0040 		.word	1073765250
 359              		.cfi_endproc
ARM GAS  C:\Users\shubhamt\AppData\Local\Temp\ccfqULiB.s 			page 12


 360              	.LFE6:
 361              		.size	VDAC8_1_hs_SetValue, .-VDAC8_1_hs_SetValue
 362              		.section	.text.VDAC8_1_hs_DacTrim,"ax",%progbits
 363              		.align	2
 364              		.global	VDAC8_1_hs_DacTrim
 365              		.thumb
 366              		.thumb_func
 367              		.type	VDAC8_1_hs_DacTrim, %function
 368              	VDAC8_1_hs_DacTrim:
 369              	.LFB7:
 269:.\Generated_Source\PSoC5/VDAC8_1_hs.c **** 
 270:.\Generated_Source\PSoC5/VDAC8_1_hs.c **** 
 271:.\Generated_Source\PSoC5/VDAC8_1_hs.c **** /*******************************************************************************
 272:.\Generated_Source\PSoC5/VDAC8_1_hs.c **** * Function Name: VDAC8_1_hs_DacTrim
 273:.\Generated_Source\PSoC5/VDAC8_1_hs.c **** ********************************************************************************
 274:.\Generated_Source\PSoC5/VDAC8_1_hs.c **** *
 275:.\Generated_Source\PSoC5/VDAC8_1_hs.c **** * Summary:
 276:.\Generated_Source\PSoC5/VDAC8_1_hs.c **** *  Set the trim value for the given range.
 277:.\Generated_Source\PSoC5/VDAC8_1_hs.c **** *
 278:.\Generated_Source\PSoC5/VDAC8_1_hs.c **** * Parameters:
 279:.\Generated_Source\PSoC5/VDAC8_1_hs.c **** *  range:  1V or 4V range.  See constants.
 280:.\Generated_Source\PSoC5/VDAC8_1_hs.c **** *
 281:.\Generated_Source\PSoC5/VDAC8_1_hs.c **** * Return:
 282:.\Generated_Source\PSoC5/VDAC8_1_hs.c **** *  void
 283:.\Generated_Source\PSoC5/VDAC8_1_hs.c **** *
 284:.\Generated_Source\PSoC5/VDAC8_1_hs.c **** * Theory: 
 285:.\Generated_Source\PSoC5/VDAC8_1_hs.c **** *
 286:.\Generated_Source\PSoC5/VDAC8_1_hs.c **** * Side Effects:
 287:.\Generated_Source\PSoC5/VDAC8_1_hs.c **** *
 288:.\Generated_Source\PSoC5/VDAC8_1_hs.c **** *******************************************************************************/
 289:.\Generated_Source\PSoC5/VDAC8_1_hs.c **** void VDAC8_1_hs_DacTrim(void) 
 290:.\Generated_Source\PSoC5/VDAC8_1_hs.c **** {
 370              		.loc 1 290 0
 371              		.cfi_startproc
 372              		@ args = 0, pretend = 0, frame = 8
 373              		@ frame_needed = 1, uses_anonymous_args = 0
 374              		@ link register save eliminated.
 375 0000 80B4     		push	{r7}
 376              		.cfi_def_cfa_offset 4
 377              		.cfi_offset 7, -4
 378 0002 83B0     		sub	sp, sp, #12
 379              		.cfi_def_cfa_offset 16
 380 0004 00AF     		add	r7, sp, #0
 381              		.cfi_def_cfa_register 7
 291:.\Generated_Source\PSoC5/VDAC8_1_hs.c ****     uint8 mode;
 292:.\Generated_Source\PSoC5/VDAC8_1_hs.c **** 
 293:.\Generated_Source\PSoC5/VDAC8_1_hs.c ****     mode = (uint8)((VDAC8_1_hs_CR0 & VDAC8_1_hs_RANGE_MASK) >> 2) + VDAC8_1_hs_TRIM_M7_1V_RNG_OFFSE
 382              		.loc 1 293 0
 383 0006 0B4B     		ldr	r3, .L24
 384 0008 1B78     		ldrb	r3, [r3]
 385 000a DBB2     		uxtb	r3, r3
 386 000c 03F00C03 		and	r3, r3, #12
 387 0010 9B08     		lsrs	r3, r3, #2
 388 0012 DBB2     		uxtb	r3, r3
 389 0014 0633     		adds	r3, r3, #6
 390 0016 FB71     		strb	r3, [r7, #7]
 294:.\Generated_Source\PSoC5/VDAC8_1_hs.c ****     VDAC8_1_hs_TR = CY_GET_XTND_REG8((uint8 *)(VDAC8_1_hs_DAC_TRIM_BASE + mode));
ARM GAS  C:\Users\shubhamt\AppData\Local\Temp\ccfqULiB.s 			page 13


 391              		.loc 1 294 0
 392 0018 074A     		ldr	r2, .L24+4
 393 001a FB79     		ldrb	r3, [r7, #7]	@ zero_extendqisi2
 394 001c 03F19243 		add	r3, r3, #1224736768
 395 0020 03F59473 		add	r3, r3, #296
 396 0024 1B78     		ldrb	r3, [r3]
 397 0026 DBB2     		uxtb	r3, r3
 398 0028 1370     		strb	r3, [r2]
 295:.\Generated_Source\PSoC5/VDAC8_1_hs.c **** }
 399              		.loc 1 295 0
 400 002a 0C37     		adds	r7, r7, #12
 401 002c BD46     		mov	sp, r7
 402              		@ sp needed
 403 002e 5DF8047B 		ldr	r7, [sp], #4
 404 0032 7047     		bx	lr
 405              	.L25:
 406              		.align	2
 407              	.L24:
 408 0034 28580040 		.word	1073764392
 409 0038 0A460040 		.word	1073759754
 410              		.cfi_endproc
 411              	.LFE7:
 412              		.size	VDAC8_1_hs_DacTrim, .-VDAC8_1_hs_DacTrim
 413              		.text
 414              	.Letext0:
 415              		.file 2 ".\\Generated_Source\\PSoC5\\cytypes.h"
 416              		.section	.debug_info,"",%progbits
 417              	.Ldebug_info0:
 418 0000 7F010000 		.4byte	0x17f
 419 0004 0400     		.2byte	0x4
 420 0006 00000000 		.4byte	.Ldebug_abbrev0
 421 000a 04       		.byte	0x4
 422 000b 01       		.uleb128 0x1
 423 000c 0D010000 		.4byte	.LASF25
 424 0010 01       		.byte	0x1
 425 0011 1A020000 		.4byte	.LASF26
 426 0015 AC010000 		.4byte	.LASF27
 427 0019 00000000 		.4byte	.Ldebug_ranges0+0
 428 001d 00000000 		.4byte	0
 429 0021 00000000 		.4byte	.Ldebug_line0
 430 0025 02       		.uleb128 0x2
 431 0026 01       		.byte	0x1
 432 0027 06       		.byte	0x6
 433 0028 40020000 		.4byte	.LASF0
 434 002c 02       		.uleb128 0x2
 435 002d 01       		.byte	0x1
 436 002e 08       		.byte	0x8
 437 002f 54000000 		.4byte	.LASF1
 438 0033 02       		.uleb128 0x2
 439 0034 02       		.byte	0x2
 440 0035 05       		.byte	0x5
 441 0036 A2010000 		.4byte	.LASF2
 442 003a 02       		.uleb128 0x2
 443 003b 02       		.byte	0x2
 444 003c 07       		.byte	0x7
 445 003d 8D000000 		.4byte	.LASF3
 446 0041 02       		.uleb128 0x2
ARM GAS  C:\Users\shubhamt\AppData\Local\Temp\ccfqULiB.s 			page 14


 447 0042 04       		.byte	0x4
 448 0043 05       		.byte	0x5
 449 0044 11020000 		.4byte	.LASF4
 450 0048 02       		.uleb128 0x2
 451 0049 04       		.byte	0x4
 452 004a 07       		.byte	0x7
 453 004b 67000000 		.4byte	.LASF5
 454 004f 02       		.uleb128 0x2
 455 0050 08       		.byte	0x8
 456 0051 05       		.byte	0x5
 457 0052 8F010000 		.4byte	.LASF6
 458 0056 02       		.uleb128 0x2
 459 0057 08       		.byte	0x8
 460 0058 07       		.byte	0x7
 461 0059 DD000000 		.4byte	.LASF7
 462 005d 03       		.uleb128 0x3
 463 005e 04       		.byte	0x4
 464 005f 05       		.byte	0x5
 465 0060 696E7400 		.ascii	"int\000"
 466 0064 02       		.uleb128 0x2
 467 0065 04       		.byte	0x4
 468 0066 07       		.byte	0x7
 469 0067 D0000000 		.4byte	.LASF8
 470 006b 04       		.uleb128 0x4
 471 006c F9010000 		.4byte	.LASF12
 472 0070 02       		.byte	0x2
 473 0071 5B       		.byte	0x5b
 474 0072 2C000000 		.4byte	0x2c
 475 0076 02       		.uleb128 0x2
 476 0077 04       		.byte	0x4
 477 0078 04       		.byte	0x4
 478 0079 3D000000 		.4byte	.LASF9
 479 007d 02       		.uleb128 0x2
 480 007e 08       		.byte	0x8
 481 007f 04       		.byte	0x4
 482 0080 A6000000 		.4byte	.LASF10
 483 0084 02       		.uleb128 0x2
 484 0085 01       		.byte	0x1
 485 0086 08       		.byte	0x8
 486 0087 9D010000 		.4byte	.LASF11
 487 008b 04       		.uleb128 0x4
 488 008c 62000000 		.4byte	.LASF13
 489 0090 02       		.byte	0x2
 490 0091 F0       		.byte	0xf0
 491 0092 96000000 		.4byte	0x96
 492 0096 05       		.uleb128 0x5
 493 0097 6B000000 		.4byte	0x6b
 494 009b 06       		.uleb128 0x6
 495 009c 1A000000 		.4byte	.LASF14
 496 00a0 01       		.byte	0x1
 497 00a1 37       		.byte	0x37
 498 00a2 00000000 		.4byte	.LFB0
 499 00a6 3C000000 		.4byte	.LFE0-.LFB0
 500 00aa 01       		.uleb128 0x1
 501 00ab 9C       		.byte	0x9c
 502 00ac 07       		.uleb128 0x7
 503 00ad FF010000 		.4byte	.LASF15
ARM GAS  C:\Users\shubhamt\AppData\Local\Temp\ccfqULiB.s 			page 15


 504 00b1 01       		.byte	0x1
 505 00b2 60       		.byte	0x60
 506 00b3 00000000 		.4byte	.LFB1
 507 00b7 34000000 		.4byte	.LFE1-.LFB1
 508 00bb 01       		.uleb128 0x1
 509 00bc 9C       		.byte	0x9c
 510 00bd 06       		.uleb128 0x6
 511 00be 43000000 		.4byte	.LASF16
 512 00c2 01       		.byte	0x1
 513 00c3 85       		.byte	0x85
 514 00c4 00000000 		.4byte	.LFB2
 515 00c8 28000000 		.4byte	.LFE2-.LFB2
 516 00cc 01       		.uleb128 0x1
 517 00cd 9C       		.byte	0x9c
 518 00ce 07       		.uleb128 0x7
 519 00cf AD000000 		.4byte	.LASF17
 520 00d3 01       		.byte	0x1
 521 00d4 A8       		.byte	0xa8
 522 00d5 00000000 		.4byte	.LFB3
 523 00d9 34000000 		.4byte	.LFE3-.LFB3
 524 00dd 01       		.uleb128 0x1
 525 00de 9C       		.byte	0x9c
 526 00df 08       		.uleb128 0x8
 527 00e0 F4000000 		.4byte	.LASF18
 528 00e4 01       		.byte	0x1
 529 00e5 CA       		.byte	0xca
 530 00e6 00000000 		.4byte	.LFB4
 531 00ea 40000000 		.4byte	.LFE4-.LFB4
 532 00ee 01       		.uleb128 0x1
 533 00ef 9C       		.byte	0x9c
 534 00f0 03010000 		.4byte	0x103
 535 00f4 09       		.uleb128 0x9
 536 00f5 89010000 		.4byte	.LASF20
 537 00f9 01       		.byte	0x1
 538 00fa CA       		.byte	0xca
 539 00fb 6B000000 		.4byte	0x6b
 540 00ff 02       		.uleb128 0x2
 541 0100 91       		.byte	0x91
 542 0101 77       		.sleb128 -9
 543 0102 00       		.byte	0
 544 0103 0A       		.uleb128 0xa
 545 0104 79000000 		.4byte	.LASF19
 546 0108 01       		.byte	0x1
 547 0109 E4       		.byte	0xe4
 548 010a 00000000 		.4byte	.LFB5
 549 010e 40000000 		.4byte	.LFE5-.LFB5
 550 0112 01       		.uleb128 0x1
 551 0113 9C       		.byte	0x9c
 552 0114 27010000 		.4byte	0x127
 553 0118 09       		.uleb128 0x9
 554 0119 A0000000 		.4byte	.LASF21
 555 011d 01       		.byte	0x1
 556 011e E4       		.byte	0xe4
 557 011f 6B000000 		.4byte	0x6b
 558 0123 02       		.uleb128 0x2
 559 0124 91       		.byte	0x91
 560 0125 77       		.sleb128 -9
ARM GAS  C:\Users\shubhamt\AppData\Local\Temp\ccfqULiB.s 			page 16


 561 0126 00       		.byte	0
 562 0127 08       		.uleb128 0x8
 563 0128 00000000 		.4byte	.LASF22
 564 012c 01       		.byte	0x1
 565 012d FE       		.byte	0xfe
 566 012e 00000000 		.4byte	.LFB6
 567 0132 20000000 		.4byte	.LFE6-.LFB6
 568 0136 01       		.uleb128 0x1
 569 0137 9C       		.byte	0x9c
 570 0138 4B010000 		.4byte	0x14b
 571 013c 09       		.uleb128 0x9
 572 013d 14000000 		.4byte	.LASF23
 573 0141 01       		.byte	0x1
 574 0142 FE       		.byte	0xfe
 575 0143 6B000000 		.4byte	0x6b
 576 0147 02       		.uleb128 0x2
 577 0148 91       		.byte	0x91
 578 0149 77       		.sleb128 -9
 579 014a 00       		.byte	0
 580 014b 0B       		.uleb128 0xb
 581 014c BD000000 		.4byte	.LASF24
 582 0150 01       		.byte	0x1
 583 0151 2101     		.2byte	0x121
 584 0153 00000000 		.4byte	.LFB7
 585 0157 3C000000 		.4byte	.LFE7-.LFB7
 586 015b 01       		.uleb128 0x1
 587 015c 9C       		.byte	0x9c
 588 015d 71010000 		.4byte	0x171
 589 0161 0C       		.uleb128 0xc
 590 0162 08010000 		.4byte	.LASF28
 591 0166 01       		.byte	0x1
 592 0167 2301     		.2byte	0x123
 593 0169 6B000000 		.4byte	0x6b
 594 016d 02       		.uleb128 0x2
 595 016e 91       		.byte	0x91
 596 016f 77       		.sleb128 -9
 597 0170 00       		.byte	0
 598 0171 0D       		.uleb128 0xd
 599 0172 2A000000 		.4byte	.LASF29
 600 0176 01       		.byte	0x1
 601 0177 1B       		.byte	0x1b
 602 0178 6B000000 		.4byte	0x6b
 603 017c 05       		.uleb128 0x5
 604 017d 03       		.byte	0x3
 605 017e 00000000 		.4byte	VDAC8_1_hs_initVar
 606 0182 00       		.byte	0
 607              		.section	.debug_abbrev,"",%progbits
 608              	.Ldebug_abbrev0:
 609 0000 01       		.uleb128 0x1
 610 0001 11       		.uleb128 0x11
 611 0002 01       		.byte	0x1
 612 0003 25       		.uleb128 0x25
 613 0004 0E       		.uleb128 0xe
 614 0005 13       		.uleb128 0x13
 615 0006 0B       		.uleb128 0xb
 616 0007 03       		.uleb128 0x3
 617 0008 0E       		.uleb128 0xe
ARM GAS  C:\Users\shubhamt\AppData\Local\Temp\ccfqULiB.s 			page 17


 618 0009 1B       		.uleb128 0x1b
 619 000a 0E       		.uleb128 0xe
 620 000b 55       		.uleb128 0x55
 621 000c 17       		.uleb128 0x17
 622 000d 11       		.uleb128 0x11
 623 000e 01       		.uleb128 0x1
 624 000f 10       		.uleb128 0x10
 625 0010 17       		.uleb128 0x17
 626 0011 00       		.byte	0
 627 0012 00       		.byte	0
 628 0013 02       		.uleb128 0x2
 629 0014 24       		.uleb128 0x24
 630 0015 00       		.byte	0
 631 0016 0B       		.uleb128 0xb
 632 0017 0B       		.uleb128 0xb
 633 0018 3E       		.uleb128 0x3e
 634 0019 0B       		.uleb128 0xb
 635 001a 03       		.uleb128 0x3
 636 001b 0E       		.uleb128 0xe
 637 001c 00       		.byte	0
 638 001d 00       		.byte	0
 639 001e 03       		.uleb128 0x3
 640 001f 24       		.uleb128 0x24
 641 0020 00       		.byte	0
 642 0021 0B       		.uleb128 0xb
 643 0022 0B       		.uleb128 0xb
 644 0023 3E       		.uleb128 0x3e
 645 0024 0B       		.uleb128 0xb
 646 0025 03       		.uleb128 0x3
 647 0026 08       		.uleb128 0x8
 648 0027 00       		.byte	0
 649 0028 00       		.byte	0
 650 0029 04       		.uleb128 0x4
 651 002a 16       		.uleb128 0x16
 652 002b 00       		.byte	0
 653 002c 03       		.uleb128 0x3
 654 002d 0E       		.uleb128 0xe
 655 002e 3A       		.uleb128 0x3a
 656 002f 0B       		.uleb128 0xb
 657 0030 3B       		.uleb128 0x3b
 658 0031 0B       		.uleb128 0xb
 659 0032 49       		.uleb128 0x49
 660 0033 13       		.uleb128 0x13
 661 0034 00       		.byte	0
 662 0035 00       		.byte	0
 663 0036 05       		.uleb128 0x5
 664 0037 35       		.uleb128 0x35
 665 0038 00       		.byte	0
 666 0039 49       		.uleb128 0x49
 667 003a 13       		.uleb128 0x13
 668 003b 00       		.byte	0
 669 003c 00       		.byte	0
 670 003d 06       		.uleb128 0x6
 671 003e 2E       		.uleb128 0x2e
 672 003f 00       		.byte	0
 673 0040 3F       		.uleb128 0x3f
 674 0041 19       		.uleb128 0x19
ARM GAS  C:\Users\shubhamt\AppData\Local\Temp\ccfqULiB.s 			page 18


 675 0042 03       		.uleb128 0x3
 676 0043 0E       		.uleb128 0xe
 677 0044 3A       		.uleb128 0x3a
 678 0045 0B       		.uleb128 0xb
 679 0046 3B       		.uleb128 0x3b
 680 0047 0B       		.uleb128 0xb
 681 0048 27       		.uleb128 0x27
 682 0049 19       		.uleb128 0x19
 683 004a 11       		.uleb128 0x11
 684 004b 01       		.uleb128 0x1
 685 004c 12       		.uleb128 0x12
 686 004d 06       		.uleb128 0x6
 687 004e 40       		.uleb128 0x40
 688 004f 18       		.uleb128 0x18
 689 0050 9642     		.uleb128 0x2116
 690 0052 19       		.uleb128 0x19
 691 0053 00       		.byte	0
 692 0054 00       		.byte	0
 693 0055 07       		.uleb128 0x7
 694 0056 2E       		.uleb128 0x2e
 695 0057 00       		.byte	0
 696 0058 3F       		.uleb128 0x3f
 697 0059 19       		.uleb128 0x19
 698 005a 03       		.uleb128 0x3
 699 005b 0E       		.uleb128 0xe
 700 005c 3A       		.uleb128 0x3a
 701 005d 0B       		.uleb128 0xb
 702 005e 3B       		.uleb128 0x3b
 703 005f 0B       		.uleb128 0xb
 704 0060 27       		.uleb128 0x27
 705 0061 19       		.uleb128 0x19
 706 0062 11       		.uleb128 0x11
 707 0063 01       		.uleb128 0x1
 708 0064 12       		.uleb128 0x12
 709 0065 06       		.uleb128 0x6
 710 0066 40       		.uleb128 0x40
 711 0067 18       		.uleb128 0x18
 712 0068 9742     		.uleb128 0x2117
 713 006a 19       		.uleb128 0x19
 714 006b 00       		.byte	0
 715 006c 00       		.byte	0
 716 006d 08       		.uleb128 0x8
 717 006e 2E       		.uleb128 0x2e
 718 006f 01       		.byte	0x1
 719 0070 3F       		.uleb128 0x3f
 720 0071 19       		.uleb128 0x19
 721 0072 03       		.uleb128 0x3
 722 0073 0E       		.uleb128 0xe
 723 0074 3A       		.uleb128 0x3a
 724 0075 0B       		.uleb128 0xb
 725 0076 3B       		.uleb128 0x3b
 726 0077 0B       		.uleb128 0xb
 727 0078 27       		.uleb128 0x27
 728 0079 19       		.uleb128 0x19
 729 007a 11       		.uleb128 0x11
 730 007b 01       		.uleb128 0x1
 731 007c 12       		.uleb128 0x12
ARM GAS  C:\Users\shubhamt\AppData\Local\Temp\ccfqULiB.s 			page 19


 732 007d 06       		.uleb128 0x6
 733 007e 40       		.uleb128 0x40
 734 007f 18       		.uleb128 0x18
 735 0080 9742     		.uleb128 0x2117
 736 0082 19       		.uleb128 0x19
 737 0083 01       		.uleb128 0x1
 738 0084 13       		.uleb128 0x13
 739 0085 00       		.byte	0
 740 0086 00       		.byte	0
 741 0087 09       		.uleb128 0x9
 742 0088 05       		.uleb128 0x5
 743 0089 00       		.byte	0
 744 008a 03       		.uleb128 0x3
 745 008b 0E       		.uleb128 0xe
 746 008c 3A       		.uleb128 0x3a
 747 008d 0B       		.uleb128 0xb
 748 008e 3B       		.uleb128 0x3b
 749 008f 0B       		.uleb128 0xb
 750 0090 49       		.uleb128 0x49
 751 0091 13       		.uleb128 0x13
 752 0092 02       		.uleb128 0x2
 753 0093 18       		.uleb128 0x18
 754 0094 00       		.byte	0
 755 0095 00       		.byte	0
 756 0096 0A       		.uleb128 0xa
 757 0097 2E       		.uleb128 0x2e
 758 0098 01       		.byte	0x1
 759 0099 3F       		.uleb128 0x3f
 760 009a 19       		.uleb128 0x19
 761 009b 03       		.uleb128 0x3
 762 009c 0E       		.uleb128 0xe
 763 009d 3A       		.uleb128 0x3a
 764 009e 0B       		.uleb128 0xb
 765 009f 3B       		.uleb128 0x3b
 766 00a0 0B       		.uleb128 0xb
 767 00a1 27       		.uleb128 0x27
 768 00a2 19       		.uleb128 0x19
 769 00a3 11       		.uleb128 0x11
 770 00a4 01       		.uleb128 0x1
 771 00a5 12       		.uleb128 0x12
 772 00a6 06       		.uleb128 0x6
 773 00a7 40       		.uleb128 0x40
 774 00a8 18       		.uleb128 0x18
 775 00a9 9642     		.uleb128 0x2116
 776 00ab 19       		.uleb128 0x19
 777 00ac 01       		.uleb128 0x1
 778 00ad 13       		.uleb128 0x13
 779 00ae 00       		.byte	0
 780 00af 00       		.byte	0
 781 00b0 0B       		.uleb128 0xb
 782 00b1 2E       		.uleb128 0x2e
 783 00b2 01       		.byte	0x1
 784 00b3 3F       		.uleb128 0x3f
 785 00b4 19       		.uleb128 0x19
 786 00b5 03       		.uleb128 0x3
 787 00b6 0E       		.uleb128 0xe
 788 00b7 3A       		.uleb128 0x3a
ARM GAS  C:\Users\shubhamt\AppData\Local\Temp\ccfqULiB.s 			page 20


 789 00b8 0B       		.uleb128 0xb
 790 00b9 3B       		.uleb128 0x3b
 791 00ba 05       		.uleb128 0x5
 792 00bb 27       		.uleb128 0x27
 793 00bc 19       		.uleb128 0x19
 794 00bd 11       		.uleb128 0x11
 795 00be 01       		.uleb128 0x1
 796 00bf 12       		.uleb128 0x12
 797 00c0 06       		.uleb128 0x6
 798 00c1 40       		.uleb128 0x40
 799 00c2 18       		.uleb128 0x18
 800 00c3 9742     		.uleb128 0x2117
 801 00c5 19       		.uleb128 0x19
 802 00c6 01       		.uleb128 0x1
 803 00c7 13       		.uleb128 0x13
 804 00c8 00       		.byte	0
 805 00c9 00       		.byte	0
 806 00ca 0C       		.uleb128 0xc
 807 00cb 34       		.uleb128 0x34
 808 00cc 00       		.byte	0
 809 00cd 03       		.uleb128 0x3
 810 00ce 0E       		.uleb128 0xe
 811 00cf 3A       		.uleb128 0x3a
 812 00d0 0B       		.uleb128 0xb
 813 00d1 3B       		.uleb128 0x3b
 814 00d2 05       		.uleb128 0x5
 815 00d3 49       		.uleb128 0x49
 816 00d4 13       		.uleb128 0x13
 817 00d5 02       		.uleb128 0x2
 818 00d6 18       		.uleb128 0x18
 819 00d7 00       		.byte	0
 820 00d8 00       		.byte	0
 821 00d9 0D       		.uleb128 0xd
 822 00da 34       		.uleb128 0x34
 823 00db 00       		.byte	0
 824 00dc 03       		.uleb128 0x3
 825 00dd 0E       		.uleb128 0xe
 826 00de 3A       		.uleb128 0x3a
 827 00df 0B       		.uleb128 0xb
 828 00e0 3B       		.uleb128 0x3b
 829 00e1 0B       		.uleb128 0xb
 830 00e2 49       		.uleb128 0x49
 831 00e3 13       		.uleb128 0x13
 832 00e4 3F       		.uleb128 0x3f
 833 00e5 19       		.uleb128 0x19
 834 00e6 02       		.uleb128 0x2
 835 00e7 18       		.uleb128 0x18
 836 00e8 00       		.byte	0
 837 00e9 00       		.byte	0
 838 00ea 00       		.byte	0
 839              		.section	.debug_aranges,"",%progbits
 840 0000 54000000 		.4byte	0x54
 841 0004 0200     		.2byte	0x2
 842 0006 00000000 		.4byte	.Ldebug_info0
 843 000a 04       		.byte	0x4
 844 000b 00       		.byte	0
 845 000c 0000     		.2byte	0
ARM GAS  C:\Users\shubhamt\AppData\Local\Temp\ccfqULiB.s 			page 21


 846 000e 0000     		.2byte	0
 847 0010 00000000 		.4byte	.LFB0
 848 0014 3C000000 		.4byte	.LFE0-.LFB0
 849 0018 00000000 		.4byte	.LFB1
 850 001c 34000000 		.4byte	.LFE1-.LFB1
 851 0020 00000000 		.4byte	.LFB2
 852 0024 28000000 		.4byte	.LFE2-.LFB2
 853 0028 00000000 		.4byte	.LFB3
 854 002c 34000000 		.4byte	.LFE3-.LFB3
 855 0030 00000000 		.4byte	.LFB4
 856 0034 40000000 		.4byte	.LFE4-.LFB4
 857 0038 00000000 		.4byte	.LFB5
 858 003c 40000000 		.4byte	.LFE5-.LFB5
 859 0040 00000000 		.4byte	.LFB6
 860 0044 20000000 		.4byte	.LFE6-.LFB6
 861 0048 00000000 		.4byte	.LFB7
 862 004c 3C000000 		.4byte	.LFE7-.LFB7
 863 0050 00000000 		.4byte	0
 864 0054 00000000 		.4byte	0
 865              		.section	.debug_ranges,"",%progbits
 866              	.Ldebug_ranges0:
 867 0000 00000000 		.4byte	.LFB0
 868 0004 3C000000 		.4byte	.LFE0
 869 0008 00000000 		.4byte	.LFB1
 870 000c 34000000 		.4byte	.LFE1
 871 0010 00000000 		.4byte	.LFB2
 872 0014 28000000 		.4byte	.LFE2
 873 0018 00000000 		.4byte	.LFB3
 874 001c 34000000 		.4byte	.LFE3
 875 0020 00000000 		.4byte	.LFB4
 876 0024 40000000 		.4byte	.LFE4
 877 0028 00000000 		.4byte	.LFB5
 878 002c 40000000 		.4byte	.LFE5
 879 0030 00000000 		.4byte	.LFB6
 880 0034 20000000 		.4byte	.LFE6
 881 0038 00000000 		.4byte	.LFB7
 882 003c 3C000000 		.4byte	.LFE7
 883 0040 00000000 		.4byte	0
 884 0044 00000000 		.4byte	0
 885              		.section	.debug_line,"",%progbits
 886              	.Ldebug_line0:
 887 0000 F0000000 		.section	.debug_str,"MS",%progbits,1
 887      02004900 
 887      00000201 
 887      FB0E0D00 
 887      01010101 
 888              	.LASF22:
 889 0000 56444143 		.ascii	"VDAC8_1_hs_SetValue\000"
 889      385F315F 
 889      68735F53 
 889      65745661 
 889      6C756500 
 890              	.LASF23:
 891 0014 76616C75 		.ascii	"value\000"
 891      6500
 892              	.LASF14:
 893 001a 56444143 		.ascii	"VDAC8_1_hs_Init\000"
ARM GAS  C:\Users\shubhamt\AppData\Local\Temp\ccfqULiB.s 			page 22


 893      385F315F 
 893      68735F49 
 893      6E697400 
 894              	.LASF29:
 895 002a 56444143 		.ascii	"VDAC8_1_hs_initVar\000"
 895      385F315F 
 895      68735F69 
 895      6E697456 
 895      617200
 896              	.LASF9:
 897 003d 666C6F61 		.ascii	"float\000"
 897      7400
 898              	.LASF16:
 899 0043 56444143 		.ascii	"VDAC8_1_hs_Start\000"
 899      385F315F 
 899      68735F53 
 899      74617274 
 899      00
 900              	.LASF1:
 901 0054 756E7369 		.ascii	"unsigned char\000"
 901      676E6564 
 901      20636861 
 901      7200
 902              	.LASF13:
 903 0062 72656738 		.ascii	"reg8\000"
 903      00
 904              	.LASF5:
 905 0067 6C6F6E67 		.ascii	"long unsigned int\000"
 905      20756E73 
 905      69676E65 
 905      6420696E 
 905      7400
 906              	.LASF19:
 907 0079 56444143 		.ascii	"VDAC8_1_hs_SetRange\000"
 907      385F315F 
 907      68735F53 
 907      65745261 
 907      6E676500 
 908              	.LASF3:
 909 008d 73686F72 		.ascii	"short unsigned int\000"
 909      7420756E 
 909      7369676E 
 909      65642069 
 909      6E7400
 910              	.LASF21:
 911 00a0 72616E67 		.ascii	"range\000"
 911      6500
 912              	.LASF10:
 913 00a6 646F7562 		.ascii	"double\000"
 913      6C6500
 914              	.LASF17:
 915 00ad 56444143 		.ascii	"VDAC8_1_hs_Stop\000"
 915      385F315F 
 915      68735F53 
 915      746F7000 
 916              	.LASF24:
 917 00bd 56444143 		.ascii	"VDAC8_1_hs_DacTrim\000"
ARM GAS  C:\Users\shubhamt\AppData\Local\Temp\ccfqULiB.s 			page 23


 917      385F315F 
 917      68735F44 
 917      61635472 
 917      696D00
 918              	.LASF8:
 919 00d0 756E7369 		.ascii	"unsigned int\000"
 919      676E6564 
 919      20696E74 
 919      00
 920              	.LASF7:
 921 00dd 6C6F6E67 		.ascii	"long long unsigned int\000"
 921      206C6F6E 
 921      6720756E 
 921      7369676E 
 921      65642069 
 922              	.LASF18:
 923 00f4 56444143 		.ascii	"VDAC8_1_hs_SetSpeed\000"
 923      385F315F 
 923      68735F53 
 923      65745370 
 923      65656400 
 924              	.LASF28:
 925 0108 6D6F6465 		.ascii	"mode\000"
 925      00
 926              	.LASF25:
 927 010d 474E5520 		.ascii	"GNU C 4.8.4 20140526 (release) [ARM/embedded-4_8-br"
 927      4320342E 
 927      382E3420 
 927      32303134 
 927      30353236 
 928 0140 616E6368 		.ascii	"anch revision 211358] -mcpu=cortex-m3 -mthumb -g -O"
 928      20726576 
 928      6973696F 
 928      6E203231 
 928      31333538 
 929 0173 30202D66 		.ascii	"0 -ffunction-sections\000"
 929      66756E63 
 929      74696F6E 
 929      2D736563 
 929      74696F6E 
 930              	.LASF20:
 931 0189 73706565 		.ascii	"speed\000"
 931      6400
 932              	.LASF6:
 933 018f 6C6F6E67 		.ascii	"long long int\000"
 933      206C6F6E 
 933      6720696E 
 933      7400
 934              	.LASF11:
 935 019d 63686172 		.ascii	"char\000"
 935      00
 936              	.LASF2:
 937 01a2 73686F72 		.ascii	"short int\000"
 937      7420696E 
 937      7400
 938              	.LASF27:
 939 01ac 433A5C55 		.ascii	"C:\\Users\\shubhamt\\Documents\\PSoC Creator\\WaveG"
ARM GAS  C:\Users\shubhamt\AppData\Local\Temp\ccfqULiB.s 			page 24


 939      73657273 
 939      5C736875 
 939      6268616D 
 939      745C446F 
 940 01da 656E6572 		.ascii	"enerator1\\WaveGenerator1.cydsn\000"
 940      61746F72 
 940      315C5761 
 940      76654765 
 940      6E657261 
 941              	.LASF12:
 942 01f9 75696E74 		.ascii	"uint8\000"
 942      3800
 943              	.LASF15:
 944 01ff 56444143 		.ascii	"VDAC8_1_hs_Enable\000"
 944      385F315F 
 944      68735F45 
 944      6E61626C 
 944      6500
 945              	.LASF4:
 946 0211 6C6F6E67 		.ascii	"long int\000"
 946      20696E74 
 946      00
 947              	.LASF26:
 948 021a 2E5C4765 		.ascii	".\\Generated_Source\\PSoC5\\VDAC8_1_hs.c\000"
 948      6E657261 
 948      7465645F 
 948      536F7572 
 948      63655C50 
 949              	.LASF0:
 950 0240 7369676E 		.ascii	"signed char\000"
 950      65642063 
 950      68617200 
 951              		.ident	"GCC: (GNU Tools for ARM Embedded Processors) 4.8.4 20140526 (release) [ARM/embedded-4_8-br
