ARM GAS  C:\Users\shbh\AppData\Local\Temp\ccuaHhwb.s 			page 1


   1              		.syntax unified
   2              		.cpu cortex-m3
   3              		.fpu softvfp
   4              		.eabi_attribute 20, 1
   5              		.eabi_attribute 21, 1
   6              		.eabi_attribute 23, 3
   7              		.eabi_attribute 24, 1
   8              		.eabi_attribute 25, 1
   9              		.eabi_attribute 26, 1
  10              		.eabi_attribute 30, 6
  11              		.eabi_attribute 34, 1
  12              		.eabi_attribute 18, 4
  13              		.thumb
  14              		.file	"cyfitter_cfg.c"
  15              		.text
  16              	.Ltext0:
  17              		.cfi_sections	.debug_frame
  18              		.section	.text.CYMEMZERO,"ax",%progbits
  19              		.align	2
  20              		.thumb
  21              		.thumb_func
  22              		.type	CYMEMZERO, %function
  23              	CYMEMZERO:
  24              	.LFB0:
  25              		.file 1 ".\\Generated_Source\\PSoC5\\cyfitter_cfg.c"
   1:.\Generated_Source\PSoC5/cyfitter_cfg.c **** /*******************************************************************************
   2:.\Generated_Source\PSoC5/cyfitter_cfg.c **** * FILENAME: cyfitter_cfg.c
   3:.\Generated_Source\PSoC5/cyfitter_cfg.c **** * PSoC Creator 3.0 SP2
   4:.\Generated_Source\PSoC5/cyfitter_cfg.c **** *
   5:.\Generated_Source\PSoC5/cyfitter_cfg.c **** * Description:
   6:.\Generated_Source\PSoC5/cyfitter_cfg.c **** * This file is automatically generated by PSoC Creator with device 
   7:.\Generated_Source\PSoC5/cyfitter_cfg.c **** * initialization code.  Except for the user defined sections in
   8:.\Generated_Source\PSoC5/cyfitter_cfg.c **** * CyClockStartupError(), this file should not be modified.
   9:.\Generated_Source\PSoC5/cyfitter_cfg.c **** *
  10:.\Generated_Source\PSoC5/cyfitter_cfg.c **** ********************************************************************************
  11:.\Generated_Source\PSoC5/cyfitter_cfg.c **** * Copyright 2013, Cypress Semiconductor Corporation.  All rights reserved.
  12:.\Generated_Source\PSoC5/cyfitter_cfg.c **** * You may use this file only in accordance with the license, terms, conditions, 
  13:.\Generated_Source\PSoC5/cyfitter_cfg.c **** * disclaimers, and limitations in the end user license agreement accompanying 
  14:.\Generated_Source\PSoC5/cyfitter_cfg.c **** * the software package with which this file was provided.
  15:.\Generated_Source\PSoC5/cyfitter_cfg.c **** ********************************************************************************/
  16:.\Generated_Source\PSoC5/cyfitter_cfg.c **** 
  17:.\Generated_Source\PSoC5/cyfitter_cfg.c **** #include <string.h>
  18:.\Generated_Source\PSoC5/cyfitter_cfg.c **** #include <cytypes.h>
  19:.\Generated_Source\PSoC5/cyfitter_cfg.c **** #include <cydevice_trm.h>
  20:.\Generated_Source\PSoC5/cyfitter_cfg.c **** #include <cyfitter.h>
  21:.\Generated_Source\PSoC5/cyfitter_cfg.c **** #include <CyLib.h>
  22:.\Generated_Source\PSoC5/cyfitter_cfg.c **** #include <cyfitter_cfg.h>
  23:.\Generated_Source\PSoC5/cyfitter_cfg.c **** 
  24:.\Generated_Source\PSoC5/cyfitter_cfg.c **** #define CY_NEED_CYCLOCKSTARTUPERROR 1
  25:.\Generated_Source\PSoC5/cyfitter_cfg.c **** 
  26:.\Generated_Source\PSoC5/cyfitter_cfg.c **** 
  27:.\Generated_Source\PSoC5/cyfitter_cfg.c **** #if defined(__GNUC__) || defined(__ARMCC_VERSION)
  28:.\Generated_Source\PSoC5/cyfitter_cfg.c ****     #define CYPACKED 
  29:.\Generated_Source\PSoC5/cyfitter_cfg.c ****     #define CYPACKED_ATTR __attribute__ ((packed))
  30:.\Generated_Source\PSoC5/cyfitter_cfg.c ****     #define CYALIGNED __attribute__ ((aligned))
  31:.\Generated_Source\PSoC5/cyfitter_cfg.c ****     #define CY_CFG_UNUSED __attribute__ ((unused))
  32:.\Generated_Source\PSoC5/cyfitter_cfg.c ****     #define CY_CFG_SECTION __attribute__ ((section(".psocinit")))
ARM GAS  C:\Users\shbh\AppData\Local\Temp\ccuaHhwb.s 			page 2


  33:.\Generated_Source\PSoC5/cyfitter_cfg.c ****     
  34:.\Generated_Source\PSoC5/cyfitter_cfg.c ****     #if defined(__ARMCC_VERSION)
  35:.\Generated_Source\PSoC5/cyfitter_cfg.c ****         #define CY_CFG_MEMORY_BARRIER() __memory_changed()
  36:.\Generated_Source\PSoC5/cyfitter_cfg.c ****     #else
  37:.\Generated_Source\PSoC5/cyfitter_cfg.c ****         #define CY_CFG_MEMORY_BARRIER() __sync_synchronize()
  38:.\Generated_Source\PSoC5/cyfitter_cfg.c ****     #endif
  39:.\Generated_Source\PSoC5/cyfitter_cfg.c ****     
  40:.\Generated_Source\PSoC5/cyfitter_cfg.c **** #elif defined(__ICCARM__)
  41:.\Generated_Source\PSoC5/cyfitter_cfg.c ****     #include <intrinsics.h>
  42:.\Generated_Source\PSoC5/cyfitter_cfg.c **** 
  43:.\Generated_Source\PSoC5/cyfitter_cfg.c ****     #define CYPACKED __packed
  44:.\Generated_Source\PSoC5/cyfitter_cfg.c ****     #define CYPACKED_ATTR 
  45:.\Generated_Source\PSoC5/cyfitter_cfg.c ****     #define CYALIGNED _Pragma("data_alignment=4")
  46:.\Generated_Source\PSoC5/cyfitter_cfg.c ****     #define CY_CFG_UNUSED _Pragma("diag_suppress=Pe177")
  47:.\Generated_Source\PSoC5/cyfitter_cfg.c ****     #define CY_CFG_SECTION _Pragma("location=\".psocinit\"")
  48:.\Generated_Source\PSoC5/cyfitter_cfg.c ****     
  49:.\Generated_Source\PSoC5/cyfitter_cfg.c ****     #define CY_CFG_MEMORY_BARRIER() __DMB()
  50:.\Generated_Source\PSoC5/cyfitter_cfg.c ****     
  51:.\Generated_Source\PSoC5/cyfitter_cfg.c **** #else
  52:.\Generated_Source\PSoC5/cyfitter_cfg.c ****     #error Unsupported toolchain
  53:.\Generated_Source\PSoC5/cyfitter_cfg.c **** #endif
  54:.\Generated_Source\PSoC5/cyfitter_cfg.c **** 
  55:.\Generated_Source\PSoC5/cyfitter_cfg.c **** 
  56:.\Generated_Source\PSoC5/cyfitter_cfg.c **** CY_CFG_UNUSED
  57:.\Generated_Source\PSoC5/cyfitter_cfg.c **** static void CYMEMZERO(void *s, size_t n);
  58:.\Generated_Source\PSoC5/cyfitter_cfg.c **** CY_CFG_UNUSED
  59:.\Generated_Source\PSoC5/cyfitter_cfg.c **** static void CYMEMZERO(void *s, size_t n)
  60:.\Generated_Source\PSoC5/cyfitter_cfg.c **** {
  26              		.loc 1 60 0
  27              		.cfi_startproc
  28              		@ args = 0, pretend = 0, frame = 8
  29              		@ frame_needed = 1, uses_anonymous_args = 0
  30 0000 80B5     		push	{r7, lr}
  31              	.LCFI0:
  32              		.cfi_def_cfa_offset 8
  33              		.cfi_offset 7, -8
  34              		.cfi_offset 14, -4
  35 0002 82B0     		sub	sp, sp, #8
  36              	.LCFI1:
  37              		.cfi_def_cfa_offset 16
  38 0004 00AF     		add	r7, sp, #0
  39              	.LCFI2:
  40              		.cfi_def_cfa_register 7
  41 0006 7860     		str	r0, [r7, #4]
  42 0008 3960     		str	r1, [r7, #0]
  61:.\Generated_Source\PSoC5/cyfitter_cfg.c **** 	(void)memset(s, 0, n);
  43              		.loc 1 61 0
  44 000a 7868     		ldr	r0, [r7, #4]
  45 000c 4FF00001 		mov	r1, #0
  46 0010 3A68     		ldr	r2, [r7, #0]
  47 0012 FFF7FEFF 		bl	memset
  62:.\Generated_Source\PSoC5/cyfitter_cfg.c **** }
  48              		.loc 1 62 0
  49 0016 07F10807 		add	r7, r7, #8
  50 001a BD46     		mov	sp, r7
  51 001c 80BD     		pop	{r7, pc}
  52              		.cfi_endproc
ARM GAS  C:\Users\shbh\AppData\Local\Temp\ccuaHhwb.s 			page 3


  53              	.LFE0:
  54              		.size	CYMEMZERO, .-CYMEMZERO
  55 001e 00BF     		.section	.text.CYCONFIGCPY,"ax",%progbits
  56              		.align	2
  57              		.thumb
  58              		.thumb_func
  59              		.type	CYCONFIGCPY, %function
  60              	CYCONFIGCPY:
  61              	.LFB1:
  63:.\Generated_Source\PSoC5/cyfitter_cfg.c **** CY_CFG_UNUSED
  64:.\Generated_Source\PSoC5/cyfitter_cfg.c **** static void CYCONFIGCPY(void *dest, const void *src, size_t n);
  65:.\Generated_Source\PSoC5/cyfitter_cfg.c **** CY_CFG_UNUSED
  66:.\Generated_Source\PSoC5/cyfitter_cfg.c **** static void CYCONFIGCPY(void *dest, const void *src, size_t n)
  67:.\Generated_Source\PSoC5/cyfitter_cfg.c **** {
  62              		.loc 1 67 0
  63              		.cfi_startproc
  64              		@ args = 0, pretend = 0, frame = 16
  65              		@ frame_needed = 1, uses_anonymous_args = 0
  66 0000 80B5     		push	{r7, lr}
  67              	.LCFI3:
  68              		.cfi_def_cfa_offset 8
  69              		.cfi_offset 7, -8
  70              		.cfi_offset 14, -4
  71 0002 84B0     		sub	sp, sp, #16
  72              	.LCFI4:
  73              		.cfi_def_cfa_offset 24
  74 0004 00AF     		add	r7, sp, #0
  75              	.LCFI5:
  76              		.cfi_def_cfa_register 7
  77 0006 F860     		str	r0, [r7, #12]
  78 0008 B960     		str	r1, [r7, #8]
  79 000a 7A60     		str	r2, [r7, #4]
  68:.\Generated_Source\PSoC5/cyfitter_cfg.c **** 	(void)memcpy(dest, src, n);
  80              		.loc 1 68 0
  81 000c F868     		ldr	r0, [r7, #12]
  82 000e B968     		ldr	r1, [r7, #8]
  83 0010 7A68     		ldr	r2, [r7, #4]
  84 0012 FFF7FEFF 		bl	memcpy
  69:.\Generated_Source\PSoC5/cyfitter_cfg.c **** }
  85              		.loc 1 69 0
  86 0016 07F11007 		add	r7, r7, #16
  87 001a BD46     		mov	sp, r7
  88 001c 80BD     		pop	{r7, pc}
  89              		.cfi_endproc
  90              	.LFE1:
  91              		.size	CYCONFIGCPY, .-CYCONFIGCPY
  92 001e 00BF     		.section	.text.CYCONFIGCPYCODE,"ax",%progbits
  93              		.align	2
  94              		.thumb
  95              		.thumb_func
  96              		.type	CYCONFIGCPYCODE, %function
  97              	CYCONFIGCPYCODE:
  98              	.LFB2:
  70:.\Generated_Source\PSoC5/cyfitter_cfg.c **** CY_CFG_UNUSED
  71:.\Generated_Source\PSoC5/cyfitter_cfg.c **** static void CYCONFIGCPYCODE(void *dest, const void *src, size_t n);
  72:.\Generated_Source\PSoC5/cyfitter_cfg.c **** CY_CFG_UNUSED
  73:.\Generated_Source\PSoC5/cyfitter_cfg.c **** static void CYCONFIGCPYCODE(void *dest, const void *src, size_t n)
ARM GAS  C:\Users\shbh\AppData\Local\Temp\ccuaHhwb.s 			page 4


  74:.\Generated_Source\PSoC5/cyfitter_cfg.c **** {
  99              		.loc 1 74 0
 100              		.cfi_startproc
 101              		@ args = 0, pretend = 0, frame = 16
 102              		@ frame_needed = 1, uses_anonymous_args = 0
 103 0000 80B5     		push	{r7, lr}
 104              	.LCFI6:
 105              		.cfi_def_cfa_offset 8
 106              		.cfi_offset 7, -8
 107              		.cfi_offset 14, -4
 108 0002 84B0     		sub	sp, sp, #16
 109              	.LCFI7:
 110              		.cfi_def_cfa_offset 24
 111 0004 00AF     		add	r7, sp, #0
 112              	.LCFI8:
 113              		.cfi_def_cfa_register 7
 114 0006 F860     		str	r0, [r7, #12]
 115 0008 B960     		str	r1, [r7, #8]
 116 000a 7A60     		str	r2, [r7, #4]
  75:.\Generated_Source\PSoC5/cyfitter_cfg.c **** 	(void)memcpy(dest, src, n);
 117              		.loc 1 75 0
 118 000c F868     		ldr	r0, [r7, #12]
 119 000e B968     		ldr	r1, [r7, #8]
 120 0010 7A68     		ldr	r2, [r7, #4]
 121 0012 FFF7FEFF 		bl	memcpy
  76:.\Generated_Source\PSoC5/cyfitter_cfg.c **** }
 122              		.loc 1 76 0
 123 0016 07F11007 		add	r7, r7, #16
 124 001a BD46     		mov	sp, r7
 125 001c 80BD     		pop	{r7, pc}
 126              		.cfi_endproc
 127              	.LFE2:
 128              		.size	CYCONFIGCPYCODE, .-CYCONFIGCPYCODE
 129 001e 00BF     		.section	.text.CyClockStartupError,"ax",%progbits
 130              		.align	2
 131              		.thumb
 132              		.thumb_func
 133              		.type	CyClockStartupError, %function
 134              	CyClockStartupError:
 135              	.LFB3:
  77:.\Generated_Source\PSoC5/cyfitter_cfg.c **** 
  78:.\Generated_Source\PSoC5/cyfitter_cfg.c **** 
  79:.\Generated_Source\PSoC5/cyfitter_cfg.c **** 
  80:.\Generated_Source\PSoC5/cyfitter_cfg.c **** /* Clock startup error codes                                                   */
  81:.\Generated_Source\PSoC5/cyfitter_cfg.c **** #define CYCLOCKSTART_NO_ERROR    0u
  82:.\Generated_Source\PSoC5/cyfitter_cfg.c **** #define CYCLOCKSTART_XTAL_ERROR  1u
  83:.\Generated_Source\PSoC5/cyfitter_cfg.c **** #define CYCLOCKSTART_32KHZ_ERROR 2u
  84:.\Generated_Source\PSoC5/cyfitter_cfg.c **** #define CYCLOCKSTART_PLL_ERROR   3u
  85:.\Generated_Source\PSoC5/cyfitter_cfg.c **** 
  86:.\Generated_Source\PSoC5/cyfitter_cfg.c **** #ifdef CY_NEED_CYCLOCKSTARTUPERROR
  87:.\Generated_Source\PSoC5/cyfitter_cfg.c **** /*******************************************************************************
  88:.\Generated_Source\PSoC5/cyfitter_cfg.c **** * Function Name: CyClockStartupError
  89:.\Generated_Source\PSoC5/cyfitter_cfg.c **** ********************************************************************************
  90:.\Generated_Source\PSoC5/cyfitter_cfg.c **** * Summary:
  91:.\Generated_Source\PSoC5/cyfitter_cfg.c **** *  If an error is encountered during clock configuration (crystal startup error,
  92:.\Generated_Source\PSoC5/cyfitter_cfg.c **** *  PLL lock error, etc.), the system will end up here.  Unless reimplemented by
  93:.\Generated_Source\PSoC5/cyfitter_cfg.c **** *  the customer, this function will stop in an infinite loop.
ARM GAS  C:\Users\shbh\AppData\Local\Temp\ccuaHhwb.s 			page 5


  94:.\Generated_Source\PSoC5/cyfitter_cfg.c **** *
  95:.\Generated_Source\PSoC5/cyfitter_cfg.c **** * Parameters:
  96:.\Generated_Source\PSoC5/cyfitter_cfg.c **** *   void
  97:.\Generated_Source\PSoC5/cyfitter_cfg.c **** *
  98:.\Generated_Source\PSoC5/cyfitter_cfg.c **** * Return:
  99:.\Generated_Source\PSoC5/cyfitter_cfg.c **** *   void
 100:.\Generated_Source\PSoC5/cyfitter_cfg.c **** *
 101:.\Generated_Source\PSoC5/cyfitter_cfg.c **** *******************************************************************************/
 102:.\Generated_Source\PSoC5/cyfitter_cfg.c **** CY_CFG_UNUSED
 103:.\Generated_Source\PSoC5/cyfitter_cfg.c **** static void CyClockStartupError(uint8 errorCode);
 104:.\Generated_Source\PSoC5/cyfitter_cfg.c **** CY_CFG_UNUSED
 105:.\Generated_Source\PSoC5/cyfitter_cfg.c **** static void CyClockStartupError(uint8 errorCode)
 106:.\Generated_Source\PSoC5/cyfitter_cfg.c **** {
 136              		.loc 1 106 0
 137              		.cfi_startproc
 138              		@ args = 0, pretend = 0, frame = 8
 139              		@ frame_needed = 1, uses_anonymous_args = 0
 140              		@ link register save eliminated.
 141 0000 80B4     		push	{r7}
 142              	.LCFI9:
 143              		.cfi_def_cfa_offset 4
 144              		.cfi_offset 7, -4
 145 0002 83B0     		sub	sp, sp, #12
 146              	.LCFI10:
 147              		.cfi_def_cfa_offset 16
 148 0004 00AF     		add	r7, sp, #0
 149              	.LCFI11:
 150              		.cfi_def_cfa_register 7
 151 0006 0346     		mov	r3, r0
 152 0008 FB71     		strb	r3, [r7, #7]
 153              	.L5:
 107:.\Generated_Source\PSoC5/cyfitter_cfg.c ****     /* To remove the compiler warning if errorCode not used.                */
 108:.\Generated_Source\PSoC5/cyfitter_cfg.c ****     errorCode = errorCode;
 109:.\Generated_Source\PSoC5/cyfitter_cfg.c **** 
 110:.\Generated_Source\PSoC5/cyfitter_cfg.c ****     /* `#START CyClockStartupError` */
 111:.\Generated_Source\PSoC5/cyfitter_cfg.c **** 
 112:.\Generated_Source\PSoC5/cyfitter_cfg.c ****     /* If we have a clock startup error (bad MHz crystal, PLL lock, etc.),  */
 113:.\Generated_Source\PSoC5/cyfitter_cfg.c ****     /* we will end up here to allow the customer to implement something to  */
 114:.\Generated_Source\PSoC5/cyfitter_cfg.c ****     /* deal with the clock condition.                                       */
 115:.\Generated_Source\PSoC5/cyfitter_cfg.c **** 
 116:.\Generated_Source\PSoC5/cyfitter_cfg.c ****     /* `#END` */
 117:.\Generated_Source\PSoC5/cyfitter_cfg.c **** 
 118:.\Generated_Source\PSoC5/cyfitter_cfg.c ****     /* If nothing else, stop here since the clocks have not started         */
 119:.\Generated_Source\PSoC5/cyfitter_cfg.c ****     /* correctly.                                                           */
 120:.\Generated_Source\PSoC5/cyfitter_cfg.c ****     while(1) {}
 154              		.loc 1 120 0 discriminator 1
 155 000a FEE7     		b	.L5
 156              		.cfi_endproc
 157              	.LFE3:
 158              		.size	CyClockStartupError, .-CyClockStartupError
 159              		.section	.text.ClockSetup,"ax",%progbits
 160              		.align	2
 161              		.thumb
 162              		.thumb_func
 163              		.type	ClockSetup, %function
 164              	ClockSetup:
 165              	.LFB4:
ARM GAS  C:\Users\shbh\AppData\Local\Temp\ccuaHhwb.s 			page 6


 121:.\Generated_Source\PSoC5/cyfitter_cfg.c **** }
 122:.\Generated_Source\PSoC5/cyfitter_cfg.c **** #endif
 123:.\Generated_Source\PSoC5/cyfitter_cfg.c **** 
 124:.\Generated_Source\PSoC5/cyfitter_cfg.c **** /* IOPINS0_0 Address: CYREG_PRT0_DM0 Size (bytes): 8 */
 125:.\Generated_Source\PSoC5/cyfitter_cfg.c **** #define BS_IOPINS0_0_VAL ((const uint8 CYFAR *)0x48000000u)
 126:.\Generated_Source\PSoC5/cyfitter_cfg.c **** 
 127:.\Generated_Source\PSoC5/cyfitter_cfg.c **** 
 128:.\Generated_Source\PSoC5/cyfitter_cfg.c **** /*******************************************************************************
 129:.\Generated_Source\PSoC5/cyfitter_cfg.c **** * Function Name: ClockSetup
 130:.\Generated_Source\PSoC5/cyfitter_cfg.c **** ********************************************************************************
 131:.\Generated_Source\PSoC5/cyfitter_cfg.c **** *
 132:.\Generated_Source\PSoC5/cyfitter_cfg.c **** * Summary:
 133:.\Generated_Source\PSoC5/cyfitter_cfg.c **** *  Performs the initialization of all of the clocks in the device based on the
 134:.\Generated_Source\PSoC5/cyfitter_cfg.c **** *  settings in the Clock tab of the DWR.  This includes enabling the requested
 135:.\Generated_Source\PSoC5/cyfitter_cfg.c **** *  clocks and setting the necessary dividers to produce the desired frequency. 
 136:.\Generated_Source\PSoC5/cyfitter_cfg.c **** *
 137:.\Generated_Source\PSoC5/cyfitter_cfg.c **** * Parameters:
 138:.\Generated_Source\PSoC5/cyfitter_cfg.c **** *  void
 139:.\Generated_Source\PSoC5/cyfitter_cfg.c **** *
 140:.\Generated_Source\PSoC5/cyfitter_cfg.c **** * Return:
 141:.\Generated_Source\PSoC5/cyfitter_cfg.c **** *  void
 142:.\Generated_Source\PSoC5/cyfitter_cfg.c **** *
 143:.\Generated_Source\PSoC5/cyfitter_cfg.c **** *******************************************************************************/
 144:.\Generated_Source\PSoC5/cyfitter_cfg.c **** static void ClockSetup(void);
 145:.\Generated_Source\PSoC5/cyfitter_cfg.c **** static void ClockSetup(void)
 146:.\Generated_Source\PSoC5/cyfitter_cfg.c **** {
 166              		.loc 1 146 0
 167              		.cfi_startproc
 168              		@ args = 0, pretend = 0, frame = 8
 169              		@ frame_needed = 1, uses_anonymous_args = 0
 170 0000 80B5     		push	{r7, lr}
 171              	.LCFI12:
 172              		.cfi_def_cfa_offset 8
 173              		.cfi_offset 7, -8
 174              		.cfi_offset 14, -4
 175 0002 82B0     		sub	sp, sp, #8
 176              	.LCFI13:
 177              		.cfi_def_cfa_offset 16
 178 0004 00AF     		add	r7, sp, #0
 179              	.LCFI14:
 180              		.cfi_def_cfa_register 7
 147:.\Generated_Source\PSoC5/cyfitter_cfg.c **** 	uint32 timeout;
 148:.\Generated_Source\PSoC5/cyfitter_cfg.c **** 	uint8 pllLock;
 149:.\Generated_Source\PSoC5/cyfitter_cfg.c **** 
 150:.\Generated_Source\PSoC5/cyfitter_cfg.c **** 
 151:.\Generated_Source\PSoC5/cyfitter_cfg.c **** 	/* Configure ILO based on settings from Clock DWR */
 152:.\Generated_Source\PSoC5/cyfitter_cfg.c **** 	CY_SET_XTND_REG8((void CYFAR *)(CYREG_SLOWCLK_ILO_CR0), 0x02u);
 181              		.loc 1 152 0
 182 0006 4FF48643 		mov	r3, #17152
 183 000a C4F20003 		movt	r3, 16384
 184 000e 4FF00202 		mov	r2, #2
 185 0012 1A70     		strb	r2, [r3, #0]
 153:.\Generated_Source\PSoC5/cyfitter_cfg.c **** 	CY_SET_XTND_REG8((void CYFAR *)(CYREG_CLKDIST_CR), 0x08u);
 186              		.loc 1 153 0
 187 0014 4FF04023 		mov	r3, #1073758208
 188 0018 4FF00802 		mov	r2, #8
 189 001c 1A70     		strb	r2, [r3, #0]
ARM GAS  C:\Users\shbh\AppData\Local\Temp\ccuaHhwb.s 			page 7


 154:.\Generated_Source\PSoC5/cyfitter_cfg.c **** 
 155:.\Generated_Source\PSoC5/cyfitter_cfg.c **** 	/* Configure IMO based on settings from Clock DWR */
 156:.\Generated_Source\PSoC5/cyfitter_cfg.c **** 	CY_SET_XTND_REG8((void CYFAR *)(CYREG_FASTCLK_IMO_CR), 0x03u);
 190              		.loc 1 156 0
 191 001e 4FF48443 		mov	r3, #16896
 192 0022 C4F20003 		movt	r3, 16384
 193 0026 4FF00302 		mov	r2, #3
 194 002a 1A70     		strb	r2, [r3, #0]
 157:.\Generated_Source\PSoC5/cyfitter_cfg.c **** 	CY_SET_XTND_REG8((void CYFAR *)(CYREG_IMO_TR1), (CY_GET_XTND_REG8((void CYFAR *)CYREG_FLSHID_CUST_
 195              		.loc 1 157 0
 196 002c 44F2A163 		movw	r3, #18081
 197 0030 C4F20003 		movt	r3, 16384
 198 0034 4FF48472 		mov	r2, #264
 199 0038 C4F60012 		movt	r2, 18688
 200 003c 1278     		ldrb	r2, [r2, #0]
 201 003e D2B2     		uxtb	r2, r2
 202 0040 1A70     		strb	r2, [r3, #0]
 158:.\Generated_Source\PSoC5/cyfitter_cfg.c **** 
 159:.\Generated_Source\PSoC5/cyfitter_cfg.c **** 	/* Configure PLL based on settings from Clock DWR */
 160:.\Generated_Source\PSoC5/cyfitter_cfg.c **** 	CY_SET_XTND_REG16((void CYFAR *)(CYREG_FASTCLK_PLL_P), 0x0008u);
 203              		.loc 1 160 0
 204 0042 44F22223 		movw	r3, #16930
 205 0046 C4F20003 		movt	r3, 16384
 206 004a 4FF00802 		mov	r2, #8
 207 004e 1A80     		strh	r2, [r3, #0]	@ movhi
 161:.\Generated_Source\PSoC5/cyfitter_cfg.c **** 	CY_SET_XTND_REG16((void CYFAR *)(CYREG_FASTCLK_PLL_CFG0), 0x1251u);
 208              		.loc 1 161 0
 209 0050 44F22023 		movw	r3, #16928
 210 0054 C4F20003 		movt	r3, 16384
 211 0058 41F25122 		movw	r2, #4689
 212 005c 1A80     		strh	r2, [r3, #0]	@ movhi
 162:.\Generated_Source\PSoC5/cyfitter_cfg.c **** 	/* Wait up to 250us for the PLL to lock */
 163:.\Generated_Source\PSoC5/cyfitter_cfg.c **** 	pllLock = 0u;
 213              		.loc 1 163 0
 214 005e 4FF00003 		mov	r3, #0
 215 0062 FB70     		strb	r3, [r7, #3]
 164:.\Generated_Source\PSoC5/cyfitter_cfg.c **** 	for (timeout = 250u / 10u; (timeout > 0u) && (pllLock != 0x03u); timeout--)
 216              		.loc 1 164 0
 217 0064 4FF01903 		mov	r3, #25
 218 0068 7B60     		str	r3, [r7, #4]
 219 006a 19E0     		b	.L7
 220              	.L9:
 165:.\Generated_Source\PSoC5/cyfitter_cfg.c **** 	{ 
 166:.\Generated_Source\PSoC5/cyfitter_cfg.c **** 		pllLock = 0x03u & ((uint8)((uint8)pllLock << 1) | ((CY_GET_XTND_REG8((void CYFAR *)CYREG_FASTCLK_
 221              		.loc 1 166 0 discriminator 1
 222 006c FB78     		ldrb	r3, [r7, #3]
 223 006e 4FEA4303 		lsl	r3, r3, #1
 224 0072 DAB2     		uxtb	r2, r3
 225 0074 44F22523 		movw	r3, #16933
 226 0078 C4F20003 		movt	r3, 16384
 227 007c 1B78     		ldrb	r3, [r3, #0]
 228 007e DBB2     		uxtb	r3, r3
 229 0080 03F00103 		and	r3, r3, #1
 230 0084 DBB2     		uxtb	r3, r3
 231 0086 1343     		orrs	r3, r3, r2
 232 0088 DBB2     		uxtb	r3, r3
 233 008a 03F00303 		and	r3, r3, #3
ARM GAS  C:\Users\shbh\AppData\Local\Temp\ccuaHhwb.s 			page 8


 234 008e FB70     		strb	r3, [r7, #3]
 167:.\Generated_Source\PSoC5/cyfitter_cfg.c **** 		CyDelayCycles(10u * 48u); /* Delay 10us based on 48MHz clock */
 235              		.loc 1 167 0 discriminator 1
 236 0090 4FF4F070 		mov	r0, #480
 237 0094 FFF7FEFF 		bl	CyDelayCycles
 164:.\Generated_Source\PSoC5/cyfitter_cfg.c **** 	for (timeout = 250u / 10u; (timeout > 0u) && (pllLock != 0x03u); timeout--)
 238              		.loc 1 164 0 discriminator 1
 239 0098 7B68     		ldr	r3, [r7, #4]
 240 009a 03F1FF33 		add	r3, r3, #-1
 241 009e 7B60     		str	r3, [r7, #4]
 242              	.L7:
 243 00a0 7B68     		ldr	r3, [r7, #4]
 244 00a2 002B     		cmp	r3, #0
 245 00a4 02D0     		beq	.L8
 164:.\Generated_Source\PSoC5/cyfitter_cfg.c **** 	for (timeout = 250u / 10u; (timeout > 0u) && (pllLock != 0x03u); timeout--)
 246              		.loc 1 164 0 is_stmt 0 discriminator 2
 247 00a6 FB78     		ldrb	r3, [r7, #3]	@ zero_extendqisi2
 248 00a8 032B     		cmp	r3, #3
 249 00aa DFD1     		bne	.L9
 250              	.L8:
 168:.\Generated_Source\PSoC5/cyfitter_cfg.c **** 	}
 169:.\Generated_Source\PSoC5/cyfitter_cfg.c **** 	/* If we ran out of time the PLL didn't lock so go to the error function */
 170:.\Generated_Source\PSoC5/cyfitter_cfg.c **** 	if (timeout == 0u)
 251              		.loc 1 170 0 is_stmt 1
 252 00ac 7B68     		ldr	r3, [r7, #4]
 253 00ae 002B     		cmp	r3, #0
 254 00b0 03D1     		bne	.L10
 171:.\Generated_Source\PSoC5/cyfitter_cfg.c **** 	{
 172:.\Generated_Source\PSoC5/cyfitter_cfg.c **** 		CyClockStartupError(CYCLOCKSTART_PLL_ERROR);
 255              		.loc 1 172 0
 256 00b2 4FF00300 		mov	r0, #3
 257 00b6 FFF7FEFF 		bl	CyClockStartupError
 258              	.L10:
 173:.\Generated_Source\PSoC5/cyfitter_cfg.c **** 	}
 174:.\Generated_Source\PSoC5/cyfitter_cfg.c **** 
 175:.\Generated_Source\PSoC5/cyfitter_cfg.c **** 	/* Configure Bus/Master Clock based on settings from Clock DWR */
 176:.\Generated_Source\PSoC5/cyfitter_cfg.c **** 	CY_SET_XTND_REG16((void CYFAR *)(CYREG_CLKDIST_MSTR0), 0x0100u);
 259              		.loc 1 176 0
 260 00ba 44F20403 		movw	r3, #16388
 261 00be C4F20003 		movt	r3, 16384
 262 00c2 4FF48072 		mov	r2, #256
 263 00c6 1A80     		strh	r2, [r3, #0]	@ movhi
 177:.\Generated_Source\PSoC5/cyfitter_cfg.c **** 	CY_SET_XTND_REG8((void CYFAR *)(CYREG_CLKDIST_MSTR0), 0x07u);
 264              		.loc 1 177 0
 265 00c8 44F20403 		movw	r3, #16388
 266 00cc C4F20003 		movt	r3, 16384
 267 00d0 4FF00702 		mov	r2, #7
 268 00d4 1A70     		strb	r2, [r3, #0]
 178:.\Generated_Source\PSoC5/cyfitter_cfg.c **** 	CY_SET_XTND_REG8((void CYFAR *)(CYREG_CLKDIST_BCFG0), 0x00u);
 269              		.loc 1 178 0
 270 00d6 44F20603 		movw	r3, #16390
 271 00da C4F20003 		movt	r3, 16384
 272 00de 4FF00002 		mov	r2, #0
 273 00e2 1A70     		strb	r2, [r3, #0]
 179:.\Generated_Source\PSoC5/cyfitter_cfg.c **** 	CY_SET_XTND_REG8((void CYFAR *)(CYREG_CLKDIST_BCFG2), 0x48u);
 274              		.loc 1 179 0
 275 00e4 44F20803 		movw	r3, #16392
ARM GAS  C:\Users\shbh\AppData\Local\Temp\ccuaHhwb.s 			page 9


 276 00e8 C4F20003 		movt	r3, 16384
 277 00ec 4FF04802 		mov	r2, #72
 278 00f0 1A70     		strb	r2, [r3, #0]
 180:.\Generated_Source\PSoC5/cyfitter_cfg.c **** 	CY_SET_XTND_REG8((void CYFAR *)(CYREG_CLKDIST_MSTR0), 0x00u);
 279              		.loc 1 180 0
 280 00f2 44F20403 		movw	r3, #16388
 281 00f6 C4F20003 		movt	r3, 16384
 282 00fa 4FF00002 		mov	r2, #0
 283 00fe 1A70     		strb	r2, [r3, #0]
 181:.\Generated_Source\PSoC5/cyfitter_cfg.c **** 	CY_SET_XTND_REG8((void CYFAR *)(CYREG_CLKDIST_LD), 0x02u);
 284              		.loc 1 181 0
 285 0100 44F20103 		movw	r3, #16385
 286 0104 C4F20003 		movt	r3, 16384
 287 0108 4FF00202 		mov	r2, #2
 288 010c 1A70     		strb	r2, [r3, #0]
 182:.\Generated_Source\PSoC5/cyfitter_cfg.c **** }
 289              		.loc 1 182 0
 290 010e 07F10807 		add	r7, r7, #8
 291 0112 BD46     		mov	sp, r7
 292 0114 80BD     		pop	{r7, pc}
 293              		.cfi_endproc
 294              	.LFE4:
 295              		.size	ClockSetup, .-ClockSetup
 296 0116 00BF     		.section	.text.AnalogSetDefault,"ax",%progbits
 297              		.align	2
 298              		.thumb
 299              		.thumb_func
 300              		.type	AnalogSetDefault, %function
 301              	AnalogSetDefault:
 302              	.LFB5:
 183:.\Generated_Source\PSoC5/cyfitter_cfg.c **** 
 184:.\Generated_Source\PSoC5/cyfitter_cfg.c **** 
 185:.\Generated_Source\PSoC5/cyfitter_cfg.c **** /* Analog API Functions */
 186:.\Generated_Source\PSoC5/cyfitter_cfg.c **** 
 187:.\Generated_Source\PSoC5/cyfitter_cfg.c **** 
 188:.\Generated_Source\PSoC5/cyfitter_cfg.c **** /*******************************************************************************
 189:.\Generated_Source\PSoC5/cyfitter_cfg.c **** * Function Name: AnalogSetDefault
 190:.\Generated_Source\PSoC5/cyfitter_cfg.c **** ********************************************************************************
 191:.\Generated_Source\PSoC5/cyfitter_cfg.c **** *
 192:.\Generated_Source\PSoC5/cyfitter_cfg.c **** * Summary:
 193:.\Generated_Source\PSoC5/cyfitter_cfg.c **** *  Sets up the analog portions of the chip to default values based on chip
 194:.\Generated_Source\PSoC5/cyfitter_cfg.c **** *  configuration options from the project.
 195:.\Generated_Source\PSoC5/cyfitter_cfg.c **** *
 196:.\Generated_Source\PSoC5/cyfitter_cfg.c **** * Parameters:
 197:.\Generated_Source\PSoC5/cyfitter_cfg.c **** *  void
 198:.\Generated_Source\PSoC5/cyfitter_cfg.c **** *
 199:.\Generated_Source\PSoC5/cyfitter_cfg.c **** * Return:
 200:.\Generated_Source\PSoC5/cyfitter_cfg.c **** *  void
 201:.\Generated_Source\PSoC5/cyfitter_cfg.c **** *
 202:.\Generated_Source\PSoC5/cyfitter_cfg.c **** *******************************************************************************/
 203:.\Generated_Source\PSoC5/cyfitter_cfg.c **** static void AnalogSetDefault(void);
 204:.\Generated_Source\PSoC5/cyfitter_cfg.c **** static void AnalogSetDefault(void)
 205:.\Generated_Source\PSoC5/cyfitter_cfg.c **** {
 303              		.loc 1 205 0
 304              		.cfi_startproc
 305              		@ args = 0, pretend = 0, frame = 8
 306              		@ frame_needed = 1, uses_anonymous_args = 0
ARM GAS  C:\Users\shbh\AppData\Local\Temp\ccuaHhwb.s 			page 10


 307              		@ link register save eliminated.
 308 0000 80B4     		push	{r7}
 309              	.LCFI15:
 310              		.cfi_def_cfa_offset 4
 311              		.cfi_offset 7, -4
 312 0002 83B0     		sub	sp, sp, #12
 313              	.LCFI16:
 314              		.cfi_def_cfa_offset 16
 315 0004 00AF     		add	r7, sp, #0
 316              	.LCFI17:
 317              		.cfi_def_cfa_register 7
 206:.\Generated_Source\PSoC5/cyfitter_cfg.c **** 	uint8 bg_xover_inl_trim = CY_GET_XTND_REG8((void CYFAR *)(CYREG_FLSHID_MFG_CFG_BG_XOVER_INL_TRIM +
 318              		.loc 1 206 0
 319 0006 40F2CF13 		movw	r3, #463
 320 000a C4F60013 		movt	r3, 18688
 321 000e 1B78     		ldrb	r3, [r3, #0]
 322 0010 FB71     		strb	r3, [r7, #7]
 207:.\Generated_Source\PSoC5/cyfitter_cfg.c **** 	CY_SET_XTND_REG8((void CYFAR *)(CYREG_BG_DFT0), (bg_xover_inl_trim & 0x07u));
 323              		.loc 1 207 0
 324 0012 45F66E03 		movw	r3, #22638
 325 0016 C4F20003 		movt	r3, 16384
 326 001a FA79     		ldrb	r2, [r7, #7]
 327 001c 02F00702 		and	r2, r2, #7
 328 0020 D2B2     		uxtb	r2, r2
 329 0022 1A70     		strb	r2, [r3, #0]
 208:.\Generated_Source\PSoC5/cyfitter_cfg.c **** 	CY_SET_XTND_REG8((void CYFAR *)(CYREG_BG_DFT1), ((bg_xover_inl_trim >> 4) & 0x0Fu));
 330              		.loc 1 208 0
 331 0024 45F66F03 		movw	r3, #22639
 332 0028 C4F20003 		movt	r3, 16384
 333 002c FA79     		ldrb	r2, [r7, #7]	@ zero_extendqisi2
 334 002e 4FEA1212 		lsr	r2, r2, #4
 335 0032 D2B2     		uxtb	r2, r2
 336 0034 1A70     		strb	r2, [r3, #0]
 209:.\Generated_Source\PSoC5/cyfitter_cfg.c **** 	CY_SET_XTND_REG8((void CYFAR *)CYREG_PRT0_AG, 0x01u);
 337              		.loc 1 209 0
 338 0036 45F20D13 		movw	r3, #20749
 339 003a C4F20003 		movt	r3, 16384
 340 003e 4FF00102 		mov	r2, #1
 341 0042 1A70     		strb	r2, [r3, #0]
 210:.\Generated_Source\PSoC5/cyfitter_cfg.c **** 	CY_SET_XTND_REG8((void CYFAR *)CYREG_DAC2_SW0, 0x10u);
 342              		.loc 1 210 0
 343 0044 45F69023 		movw	r3, #23184
 344 0048 C4F20003 		movt	r3, 16384
 345 004c 4FF01002 		mov	r2, #16
 346 0050 1A70     		strb	r2, [r3, #0]
 211:.\Generated_Source\PSoC5/cyfitter_cfg.c **** 	CY_SET_XTND_REG8((void CYFAR *)CYREG_PUMP_CR0, 0x44u);
 347              		.loc 1 211 0
 348 0052 45F67603 		movw	r3, #22646
 349 0056 C4F20003 		movt	r3, 16384
 350 005a 4FF04402 		mov	r2, #68
 351 005e 1A70     		strb	r2, [r3, #0]
 212:.\Generated_Source\PSoC5/cyfitter_cfg.c **** }
 352              		.loc 1 212 0
 353 0060 07F10C07 		add	r7, r7, #12
 354 0064 BD46     		mov	sp, r7
 355 0066 80BC     		pop	{r7}
 356 0068 7047     		bx	lr
ARM GAS  C:\Users\shbh\AppData\Local\Temp\ccuaHhwb.s 			page 11


 357              		.cfi_endproc
 358              	.LFE5:
 359              		.size	AnalogSetDefault, .-AnalogSetDefault
 360 006a 00BF     		.section	.text.SetAnalogRoutingPumps,"ax",%progbits
 361              		.align	2
 362              		.global	SetAnalogRoutingPumps
 363              		.thumb
 364              		.thumb_func
 365              		.type	SetAnalogRoutingPumps, %function
 366              	SetAnalogRoutingPumps:
 367              	.LFB6:
 213:.\Generated_Source\PSoC5/cyfitter_cfg.c **** 
 214:.\Generated_Source\PSoC5/cyfitter_cfg.c **** 
 215:.\Generated_Source\PSoC5/cyfitter_cfg.c **** /*******************************************************************************
 216:.\Generated_Source\PSoC5/cyfitter_cfg.c **** * Function Name: SetAnalogRoutingPumps
 217:.\Generated_Source\PSoC5/cyfitter_cfg.c **** ********************************************************************************
 218:.\Generated_Source\PSoC5/cyfitter_cfg.c **** *
 219:.\Generated_Source\PSoC5/cyfitter_cfg.c **** * Summary:
 220:.\Generated_Source\PSoC5/cyfitter_cfg.c **** * Enables or disables the analog pumps feeding analog routing switches.
 221:.\Generated_Source\PSoC5/cyfitter_cfg.c **** * Intended to be called at startup, based on the Vdda system configuration;
 222:.\Generated_Source\PSoC5/cyfitter_cfg.c **** * may be called during operation when the user informs us that the Vdda voltage
 223:.\Generated_Source\PSoC5/cyfitter_cfg.c **** * crossed the pump threshold.
 224:.\Generated_Source\PSoC5/cyfitter_cfg.c **** *
 225:.\Generated_Source\PSoC5/cyfitter_cfg.c **** * Parameters:
 226:.\Generated_Source\PSoC5/cyfitter_cfg.c **** *  enabled - 1 to enable the pumps, 0 to disable the pumps
 227:.\Generated_Source\PSoC5/cyfitter_cfg.c **** *
 228:.\Generated_Source\PSoC5/cyfitter_cfg.c **** * Return:
 229:.\Generated_Source\PSoC5/cyfitter_cfg.c **** *  void
 230:.\Generated_Source\PSoC5/cyfitter_cfg.c **** *
 231:.\Generated_Source\PSoC5/cyfitter_cfg.c **** *******************************************************************************/
 232:.\Generated_Source\PSoC5/cyfitter_cfg.c **** void SetAnalogRoutingPumps(uint8 enabled)
 233:.\Generated_Source\PSoC5/cyfitter_cfg.c **** {
 368              		.loc 1 233 0
 369              		.cfi_startproc
 370              		@ args = 0, pretend = 0, frame = 16
 371              		@ frame_needed = 1, uses_anonymous_args = 0
 372              		@ link register save eliminated.
 373 0000 80B4     		push	{r7}
 374              	.LCFI18:
 375              		.cfi_def_cfa_offset 4
 376              		.cfi_offset 7, -4
 377 0002 85B0     		sub	sp, sp, #20
 378              	.LCFI19:
 379              		.cfi_def_cfa_offset 24
 380 0004 00AF     		add	r7, sp, #0
 381              	.LCFI20:
 382              		.cfi_def_cfa_register 7
 383 0006 0346     		mov	r3, r0
 384 0008 FB71     		strb	r3, [r7, #7]
 234:.\Generated_Source\PSoC5/cyfitter_cfg.c **** 	uint8 regValue = CY_GET_XTND_REG8((void CYFAR *)CYREG_PUMP_CR0);
 385              		.loc 1 234 0
 386 000a 45F67603 		movw	r3, #22646
 387 000e C4F20003 		movt	r3, 16384
 388 0012 1B78     		ldrb	r3, [r3, #0]
 389 0014 FB73     		strb	r3, [r7, #15]
 235:.\Generated_Source\PSoC5/cyfitter_cfg.c **** 	if (enabled != 0u)
 390              		.loc 1 235 0
ARM GAS  C:\Users\shbh\AppData\Local\Temp\ccuaHhwb.s 			page 12


 391 0016 FB79     		ldrb	r3, [r7, #7]	@ zero_extendqisi2
 392 0018 002B     		cmp	r3, #0
 393 001a 04D0     		beq	.L13
 236:.\Generated_Source\PSoC5/cyfitter_cfg.c **** 	{
 237:.\Generated_Source\PSoC5/cyfitter_cfg.c **** 		regValue |= 0x22u;
 394              		.loc 1 237 0
 395 001c FB7B     		ldrb	r3, [r7, #15]
 396 001e 43F02203 		orr	r3, r3, #34
 397 0022 FB73     		strb	r3, [r7, #15]
 398 0024 03E0     		b	.L14
 399              	.L13:
 238:.\Generated_Source\PSoC5/cyfitter_cfg.c **** 	}
 239:.\Generated_Source\PSoC5/cyfitter_cfg.c **** 	else
 240:.\Generated_Source\PSoC5/cyfitter_cfg.c **** 	{
 241:.\Generated_Source\PSoC5/cyfitter_cfg.c **** 		regValue &= (uint8)~0x22u;
 400              		.loc 1 241 0
 401 0026 FB7B     		ldrb	r3, [r7, #15]
 402 0028 23F02203 		bic	r3, r3, #34
 403 002c FB73     		strb	r3, [r7, #15]
 404              	.L14:
 242:.\Generated_Source\PSoC5/cyfitter_cfg.c **** 	}
 243:.\Generated_Source\PSoC5/cyfitter_cfg.c **** 	CY_SET_XTND_REG8((void CYFAR *)CYREG_PUMP_CR0, regValue);
 405              		.loc 1 243 0
 406 002e 45F67603 		movw	r3, #22646
 407 0032 C4F20003 		movt	r3, 16384
 408 0036 FA7B     		ldrb	r2, [r7, #15]
 409 0038 1A70     		strb	r2, [r3, #0]
 244:.\Generated_Source\PSoC5/cyfitter_cfg.c **** }
 410              		.loc 1 244 0
 411 003a 07F11407 		add	r7, r7, #20
 412 003e BD46     		mov	sp, r7
 413 0040 80BC     		pop	{r7}
 414 0042 7047     		bx	lr
 415              		.cfi_endproc
 416              	.LFE6:
 417              		.size	SetAnalogRoutingPumps, .-SetAnalogRoutingPumps
 418              		.section	.text.cyfitter_cfg,"ax",%progbits
 419              		.align	2
 420              		.global	cyfitter_cfg
 421              		.thumb
 422              		.thumb_func
 423              		.type	cyfitter_cfg, %function
 424              	cyfitter_cfg:
 425              	.LFB7:
 245:.\Generated_Source\PSoC5/cyfitter_cfg.c **** 
 246:.\Generated_Source\PSoC5/cyfitter_cfg.c **** #define CY_AMUX_UNUSED CYREG_BOOST_SR
 247:.\Generated_Source\PSoC5/cyfitter_cfg.c **** 
 248:.\Generated_Source\PSoC5/cyfitter_cfg.c **** 
 249:.\Generated_Source\PSoC5/cyfitter_cfg.c **** /*******************************************************************************
 250:.\Generated_Source\PSoC5/cyfitter_cfg.c **** * Function Name: cyfitter_cfg
 251:.\Generated_Source\PSoC5/cyfitter_cfg.c **** ********************************************************************************
 252:.\Generated_Source\PSoC5/cyfitter_cfg.c **** * Summary:
 253:.\Generated_Source\PSoC5/cyfitter_cfg.c **** *  This function is called by the start-up code for the selected device. It
 254:.\Generated_Source\PSoC5/cyfitter_cfg.c **** *  performs all of the necessary device configuration based on the design
 255:.\Generated_Source\PSoC5/cyfitter_cfg.c **** *  settings.  This includes settings from the Design Wide Resources (DWR) such
 256:.\Generated_Source\PSoC5/cyfitter_cfg.c **** *  as Clocks and Pins as well as any component configuration that is necessary.
 257:.\Generated_Source\PSoC5/cyfitter_cfg.c **** *
ARM GAS  C:\Users\shbh\AppData\Local\Temp\ccuaHhwb.s 			page 13


 258:.\Generated_Source\PSoC5/cyfitter_cfg.c **** * Parameters:  
 259:.\Generated_Source\PSoC5/cyfitter_cfg.c **** *   void
 260:.\Generated_Source\PSoC5/cyfitter_cfg.c **** *
 261:.\Generated_Source\PSoC5/cyfitter_cfg.c **** * Return:
 262:.\Generated_Source\PSoC5/cyfitter_cfg.c **** *   void
 263:.\Generated_Source\PSoC5/cyfitter_cfg.c **** *
 264:.\Generated_Source\PSoC5/cyfitter_cfg.c **** *******************************************************************************/
 265:.\Generated_Source\PSoC5/cyfitter_cfg.c **** 
 266:.\Generated_Source\PSoC5/cyfitter_cfg.c **** void cyfitter_cfg(void)
 267:.\Generated_Source\PSoC5/cyfitter_cfg.c **** {
 426              		.loc 1 267 0
 427              		.cfi_startproc
 428              		@ args = 0, pretend = 0, frame = 8
 429              		@ frame_needed = 1, uses_anonymous_args = 0
 430 0000 80B5     		push	{r7, lr}
 431              	.LCFI21:
 432              		.cfi_def_cfa_offset 8
 433              		.cfi_offset 7, -8
 434              		.cfi_offset 14, -4
 435 0002 82B0     		sub	sp, sp, #8
 436              	.LCFI22:
 437              		.cfi_def_cfa_offset 16
 438 0004 00AF     		add	r7, sp, #0
 439              	.LCFI23:
 440              		.cfi_def_cfa_register 7
 268:.\Generated_Source\PSoC5/cyfitter_cfg.c **** #ifdef CYGlobalIntDisable
 269:.\Generated_Source\PSoC5/cyfitter_cfg.c **** 	/* Disable interrupts by default. Let user enable if/when they want. */
 270:.\Generated_Source\PSoC5/cyfitter_cfg.c **** 	CYGlobalIntDisable
 441              		.loc 1 270 0
 442              	@ 270 ".\Generated_Source\PSoC5\cyfitter_cfg.c" 1
 443 0006 72B6     		CPSID   i
 444              	@ 0 "" 2
 271:.\Generated_Source\PSoC5/cyfitter_cfg.c **** #endif
 272:.\Generated_Source\PSoC5/cyfitter_cfg.c **** 
 273:.\Generated_Source\PSoC5/cyfitter_cfg.c **** 	/* Enable/Disable Debug functionality based on settings from System DWR */
 274:.\Generated_Source\PSoC5/cyfitter_cfg.c **** 	CY_SET_XTND_REG8((void CYFAR *)CYREG_MLOGIC_DEBUG, (CY_GET_XTND_REG8((void CYFAR *)CYREG_MLOGIC_DE
 445              		.loc 1 274 0
 446              		.thumb
 447 0008 44F2E863 		movw	r3, #18152
 448 000c C4F20003 		movt	r3, 16384
 449 0010 44F2E862 		movw	r2, #18152
 450 0014 C4F20002 		movt	r2, 16384
 451 0018 1278     		ldrb	r2, [r2, #0]
 452 001a D2B2     		uxtb	r2, r2
 453 001c 42F00402 		orr	r2, r2, #4
 454 0020 D2B2     		uxtb	r2, r2
 455 0022 1A70     		strb	r2, [r3, #0]
 456              	.LBB2:
 275:.\Generated_Source\PSoC5/cyfitter_cfg.c **** 
 276:.\Generated_Source\PSoC5/cyfitter_cfg.c **** 	{
 277:.\Generated_Source\PSoC5/cyfitter_cfg.c **** 
 278:.\Generated_Source\PSoC5/cyfitter_cfg.c **** 		CYPACKED typedef struct {
 279:.\Generated_Source\PSoC5/cyfitter_cfg.c **** 			void CYFAR *address;
 280:.\Generated_Source\PSoC5/cyfitter_cfg.c **** 			uint16 size;
 281:.\Generated_Source\PSoC5/cyfitter_cfg.c **** 		} CYPACKED_ATTR cfg_memset_t;
 282:.\Generated_Source\PSoC5/cyfitter_cfg.c **** 
 283:.\Generated_Source\PSoC5/cyfitter_cfg.c **** 		static const cfg_memset_t CYCODE cfg_memset_list [] = {
ARM GAS  C:\Users\shbh\AppData\Local\Temp\ccuaHhwb.s 			page 14


 284:.\Generated_Source\PSoC5/cyfitter_cfg.c **** 			/* address, size */
 285:.\Generated_Source\PSoC5/cyfitter_cfg.c **** 			{(void CYFAR *)(CYREG_PRT1_DR), 96u},
 286:.\Generated_Source\PSoC5/cyfitter_cfg.c **** 			{(void CYFAR *)(CYREG_PRT12_DR), 16u},
 287:.\Generated_Source\PSoC5/cyfitter_cfg.c **** 			{(void CYFAR *)(CYREG_PRT15_DR), 16u},
 288:.\Generated_Source\PSoC5/cyfitter_cfg.c **** 			{(void CYFAR *)(CYDEV_UCFG_B0_P0_U0_BASE), 4096u},
 289:.\Generated_Source\PSoC5/cyfitter_cfg.c **** 			{(void CYFAR *)(CYDEV_UCFG_B1_P2_U0_BASE), 2048u},
 290:.\Generated_Source\PSoC5/cyfitter_cfg.c **** 			{(void CYFAR *)(CYDEV_UCFG_DSI0_BASE), 2560u},
 291:.\Generated_Source\PSoC5/cyfitter_cfg.c **** 			{(void CYFAR *)(CYDEV_UCFG_DSI12_BASE), 512u},
 292:.\Generated_Source\PSoC5/cyfitter_cfg.c **** 			{(void CYFAR *)(CYREG_BCTL0_MDCLK_EN), 32u},
 293:.\Generated_Source\PSoC5/cyfitter_cfg.c **** 		};
 294:.\Generated_Source\PSoC5/cyfitter_cfg.c **** 
 295:.\Generated_Source\PSoC5/cyfitter_cfg.c **** 		uint8 CYDATA i;
 296:.\Generated_Source\PSoC5/cyfitter_cfg.c **** 
 297:.\Generated_Source\PSoC5/cyfitter_cfg.c **** 		/* Zero out critical memory blocks before beginning configuration */
 298:.\Generated_Source\PSoC5/cyfitter_cfg.c **** 		for (i = 0u; i < (sizeof(cfg_memset_list)/sizeof(cfg_memset_list[0])); i++)
 457              		.loc 1 298 0
 458 0024 4FF00003 		mov	r3, #0
 459 0028 FB71     		strb	r3, [r7, #7]
 460 002a 19E0     		b	.L16
 461              	.L17:
 462              	.LBB3:
 299:.\Generated_Source\PSoC5/cyfitter_cfg.c **** 		{
 300:.\Generated_Source\PSoC5/cyfitter_cfg.c **** 			const cfg_memset_t CYCODE * CYDATA ms = &cfg_memset_list[i];
 463              		.loc 1 300 0 discriminator 2
 464 002c FA79     		ldrb	r2, [r7, #7]	@ zero_extendqisi2
 465 002e 1346     		mov	r3, r2
 466 0030 4FEA4303 		lsl	r3, r3, #1
 467 0034 9B18     		adds	r3, r3, r2
 468 0036 4FEA4303 		lsl	r3, r3, #1
 469 003a 40F20002 		movw	r2, #:lower16:cfg_memset_list.4787
 470 003e C0F20002 		movt	r2, #:upper16:cfg_memset_list.4787
 471 0042 9B18     		adds	r3, r3, r2
 472 0044 3B60     		str	r3, [r7, #0]
 301:.\Generated_Source\PSoC5/cyfitter_cfg.c **** 			CYMEMZERO(ms->address, (uint32)(ms->size));
 473              		.loc 1 301 0 discriminator 2
 474 0046 3B68     		ldr	r3, [r7, #0]
 475 0048 1A68     		ldr	r2, [r3, #0]	@ unaligned
 476 004a 3B68     		ldr	r3, [r7, #0]
 477 004c 9B88     		ldrh	r3, [r3, #4]	@ unaligned
 478 004e 9BB2     		uxth	r3, r3
 479 0050 1046     		mov	r0, r2
 480 0052 1946     		mov	r1, r3
 481 0054 FFF7FEFF 		bl	CYMEMZERO
 482              	.LBE3:
 298:.\Generated_Source\PSoC5/cyfitter_cfg.c **** 		for (i = 0u; i < (sizeof(cfg_memset_list)/sizeof(cfg_memset_list[0])); i++)
 483              		.loc 1 298 0 discriminator 2
 484 0058 FB79     		ldrb	r3, [r7, #7]
 485 005a 03F10103 		add	r3, r3, #1
 486 005e FB71     		strb	r3, [r7, #7]
 487              	.L16:
 298:.\Generated_Source\PSoC5/cyfitter_cfg.c **** 		for (i = 0u; i < (sizeof(cfg_memset_list)/sizeof(cfg_memset_list[0])); i++)
 488              		.loc 1 298 0 is_stmt 0 discriminator 1
 489 0060 FB79     		ldrb	r3, [r7, #7]	@ zero_extendqisi2
 490 0062 072B     		cmp	r3, #7
 491 0064 E2D9     		bls	.L17
 302:.\Generated_Source\PSoC5/cyfitter_cfg.c **** 		}
 303:.\Generated_Source\PSoC5/cyfitter_cfg.c **** 
ARM GAS  C:\Users\shbh\AppData\Local\Temp\ccuaHhwb.s 			page 15


 304:.\Generated_Source\PSoC5/cyfitter_cfg.c **** 		/* Enable digital routing */
 305:.\Generated_Source\PSoC5/cyfitter_cfg.c **** 		CY_SET_XTND_REG8((void CYFAR *)CYREG_BCTL0_BANK_CTL, CY_GET_XTND_REG8((void CYFAR *)CYREG_BCTL0_B
 492              		.loc 1 305 0 is_stmt 1
 493 0066 45F20303 		movw	r3, #20483
 494 006a C4F20103 		movt	r3, 16385
 495 006e 45F20302 		movw	r2, #20483
 496 0072 C4F20102 		movt	r2, 16385
 497 0076 1278     		ldrb	r2, [r2, #0]
 498 0078 D2B2     		uxtb	r2, r2
 499 007a 42F00202 		orr	r2, r2, #2
 500 007e D2B2     		uxtb	r2, r2
 501 0080 1A70     		strb	r2, [r3, #0]
 306:.\Generated_Source\PSoC5/cyfitter_cfg.c **** 		CY_SET_XTND_REG8((void CYFAR *)CYREG_BCTL1_BANK_CTL, CY_GET_XTND_REG8((void CYFAR *)CYREG_BCTL1_B
 502              		.loc 1 306 0
 503 0082 45F21303 		movw	r3, #20499
 504 0086 C4F20103 		movt	r3, 16385
 505 008a 45F21302 		movw	r2, #20499
 506 008e C4F20102 		movt	r2, 16385
 507 0092 1278     		ldrb	r2, [r2, #0]
 508 0094 D2B2     		uxtb	r2, r2
 509 0096 42F00202 		orr	r2, r2, #2
 510 009a D2B2     		uxtb	r2, r2
 511 009c 1A70     		strb	r2, [r3, #0]
 307:.\Generated_Source\PSoC5/cyfitter_cfg.c **** 
 308:.\Generated_Source\PSoC5/cyfitter_cfg.c **** 		/* Enable UDB array */
 309:.\Generated_Source\PSoC5/cyfitter_cfg.c **** 		CY_SET_XTND_REG8((void CYFAR *)CYREG_PM_ACT_CFG0, CY_GET_XTND_REG8((void CYFAR *)CYREG_PM_ACT_CFG
 512              		.loc 1 309 0
 513 009e 44F2A033 		movw	r3, #17312
 514 00a2 C4F20003 		movt	r3, 16384
 515 00a6 44F2A032 		movw	r2, #17312
 516 00aa C4F20002 		movt	r2, 16384
 517 00ae 1278     		ldrb	r2, [r2, #0]
 518 00b0 D2B2     		uxtb	r2, r2
 519 00b2 42F04002 		orr	r2, r2, #64
 520 00b6 D2B2     		uxtb	r2, r2
 521 00b8 1A70     		strb	r2, [r3, #0]
 310:.\Generated_Source\PSoC5/cyfitter_cfg.c **** 		CY_SET_XTND_REG8((void CYFAR *)CYREG_PM_AVAIL_CR2, CY_GET_XTND_REG8((void CYFAR *)CYREG_PM_AVAIL_
 522              		.loc 1 310 0
 523 00ba 44F2C233 		movw	r3, #17346
 524 00be C4F20003 		movt	r3, 16384
 525 00c2 44F2C232 		movw	r2, #17346
 526 00c6 C4F20002 		movt	r2, 16384
 527 00ca 1278     		ldrb	r2, [r2, #0]
 528 00cc D2B2     		uxtb	r2, r2
 529 00ce 42F01002 		orr	r2, r2, #16
 530 00d2 D2B2     		uxtb	r2, r2
 531 00d4 1A70     		strb	r2, [r3, #0]
 532              	.LBE2:
 311:.\Generated_Source\PSoC5/cyfitter_cfg.c **** 	}
 312:.\Generated_Source\PSoC5/cyfitter_cfg.c **** 
 313:.\Generated_Source\PSoC5/cyfitter_cfg.c **** 	/* Perform second pass device configuration. These items must be configured in specific order afte
 314:.\Generated_Source\PSoC5/cyfitter_cfg.c **** 	CYCONFIGCPY((void CYFAR *)(CYREG_PRT0_DM0), (const void CYFAR *)(BS_IOPINS0_0_VAL), 8u);
 533              		.loc 1 314 0
 534 00d6 45F20210 		movw	r0, #20738
 535 00da C4F20000 		movt	r0, 16384
 536 00de 4FF09041 		mov	r1, #1207959552
 537 00e2 4FF00802 		mov	r2, #8
ARM GAS  C:\Users\shbh\AppData\Local\Temp\ccuaHhwb.s 			page 16


 538 00e6 FFF7FEFF 		bl	CYCONFIGCPY
 315:.\Generated_Source\PSoC5/cyfitter_cfg.c **** 
 316:.\Generated_Source\PSoC5/cyfitter_cfg.c **** 	/* Switch Boost to the precision bandgap reference from its internal reference */
 317:.\Generated_Source\PSoC5/cyfitter_cfg.c **** 	CY_SET_REG8((void CYXDATA *)CYREG_BOOST_CR2, (CY_GET_REG8((void CYXDATA *)CYREG_BOOST_CR2) | 0x08u
 539              		.loc 1 317 0
 540 00ea 44F22233 		movw	r3, #17186
 541 00ee C4F20003 		movt	r3, 16384
 542 00f2 44F22232 		movw	r2, #17186
 543 00f6 C4F20002 		movt	r2, 16384
 544 00fa 1278     		ldrb	r2, [r2, #0]
 545 00fc D2B2     		uxtb	r2, r2
 546 00fe 42F00802 		orr	r2, r2, #8
 547 0102 D2B2     		uxtb	r2, r2
 548 0104 1A70     		strb	r2, [r3, #0]
 318:.\Generated_Source\PSoC5/cyfitter_cfg.c **** 
 319:.\Generated_Source\PSoC5/cyfitter_cfg.c **** 	/* Set Flash Cycles based on max possible frequency in case a glitch occurs during ClockSetup(). *
 320:.\Generated_Source\PSoC5/cyfitter_cfg.c **** 	CY_SET_XTND_REG8((void CYFAR *)(CYREG_CACHE_CC_CTL), (((CYDEV_INSTRUCT_CACHE_ENABLED) != 0) ? 0x01
 549              		.loc 1 320 0
 550 0106 4FF49043 		mov	r3, #18432
 551 010a C4F20003 		movt	r3, 16384
 552 010e 4FF00102 		mov	r2, #1
 553 0112 1A70     		strb	r2, [r3, #0]
 321:.\Generated_Source\PSoC5/cyfitter_cfg.c **** 	/* Setup clocks based on selections from Clock DWR */
 322:.\Generated_Source\PSoC5/cyfitter_cfg.c **** 	ClockSetup();
 554              		.loc 1 322 0
 555 0114 FFF7FEFF 		bl	ClockSetup
 323:.\Generated_Source\PSoC5/cyfitter_cfg.c **** 	/* Set Flash Cycles based on newly configured 24.00MHz Bus Clock. */
 324:.\Generated_Source\PSoC5/cyfitter_cfg.c **** 	CY_SET_XTND_REG8((void CYFAR *)(CYREG_CACHE_CC_CTL), (((CYDEV_INSTRUCT_CACHE_ENABLED) != 0) ? 0x81
 556              		.loc 1 324 0
 557 0118 4FF49043 		mov	r3, #18432
 558 011c C4F20003 		movt	r3, 16384
 559 0120 4FF08102 		mov	r2, #129
 560 0124 1A70     		strb	r2, [r3, #0]
 325:.\Generated_Source\PSoC5/cyfitter_cfg.c **** 	CY_SET_XTND_REG8((void CYFAR *)(CYREG_PANTHER_WAITPIPE), 0x01u);
 561              		.loc 1 325 0
 562 0126 4FF00403 		mov	r3, #4
 563 012a C4F20803 		movt	r3, 16392
 564 012e 4FF00102 		mov	r2, #1
 565 0132 1A70     		strb	r2, [r3, #0]
 326:.\Generated_Source\PSoC5/cyfitter_cfg.c **** 
 327:.\Generated_Source\PSoC5/cyfitter_cfg.c **** 	/* Perform basic analog initialization to defaults */
 328:.\Generated_Source\PSoC5/cyfitter_cfg.c **** 	AnalogSetDefault();
 566              		.loc 1 328 0
 567 0134 FFF7FEFF 		bl	AnalogSetDefault
 329:.\Generated_Source\PSoC5/cyfitter_cfg.c **** 
 330:.\Generated_Source\PSoC5/cyfitter_cfg.c **** 	/* Configure alternate active mode */
 331:.\Generated_Source\PSoC5/cyfitter_cfg.c **** 	CYCONFIGCPY((void CYFAR *)CYDEV_PM_STBY_BASE, (const void CYFAR *)CYDEV_PM_ACT_BASE, 14u);
 568              		.loc 1 331 0
 569 0138 44F2B030 		movw	r0, #17328
 570 013c C4F20000 		movt	r0, 16384
 571 0140 44F2A031 		movw	r1, #17312
 572 0144 C4F20001 		movt	r1, 16384
 573 0148 4FF00E02 		mov	r2, #14
 574 014c FFF7FEFF 		bl	CYCONFIGCPY
 332:.\Generated_Source\PSoC5/cyfitter_cfg.c **** }
 575              		.loc 1 332 0
 576 0150 07F10807 		add	r7, r7, #8
ARM GAS  C:\Users\shbh\AppData\Local\Temp\ccuaHhwb.s 			page 17


 577 0154 BD46     		mov	sp, r7
 578 0156 80BD     		pop	{r7, pc}
 579              		.cfi_endproc
 580              	.LFE7:
 581              		.size	cyfitter_cfg, .-cyfitter_cfg
 582              		.section	.rodata
 583              		.align	2
 584              		.type	cfg_memset_list.4787, %object
 585              		.size	cfg_memset_list.4787, 48
 586              	cfg_memset_list.4787:
 587 0000 10510040 		.word	1073762576
 588 0004 6000     		.short	96
 589 0006 C0510040 		.4byte	1073762752
 590 000a 1000     		.short	16
 591 000c F0510040 		.word	1073762800
 592 0010 1000     		.short	16
 593 0012 00000140 		.4byte	1073807360
 594 0016 0010     		.short	4096
 595 0018 00140140 		.word	1073812480
 596 001c 0008     		.short	2048
 597 001e 00400140 		.4byte	1073823744
 598 0022 000A     		.short	2560
 599 0024 004C0140 		.word	1073826816
 600 0028 0002     		.short	512
 601 002a 00500140 		.4byte	1073827840
 602 002e 2000     		.short	32
 603              		.text
 604              	.Letext0:
 605              		.file 2 "c:\\program files (x86)\\cypress\\psoc creator\\3.0\\psoc creator\\import\\gnu_cs\\arm\\4
 606              		.file 3 "./Generated_Source/PSoC5/cytypes.h"
 607              		.section	.debug_info,"",%progbits
 608              	.Ldebug_info0:
 609 0000 FD020000 		.4byte	0x2fd
 610 0004 0200     		.2byte	0x2
 611 0006 00000000 		.4byte	.Ldebug_abbrev0
 612 000a 04       		.byte	0x4
 613 000b 01       		.uleb128 0x1
 614 000c AA010000 		.4byte	.LASF36
 615 0010 01       		.byte	0x1
 616 0011 F3010000 		.4byte	.LASF37
 617 0015 DA000000 		.4byte	.LASF38
 618 0019 00000000 		.4byte	.Ldebug_ranges0+0
 619 001d 00000000 		.4byte	0
 620 0021 00000000 		.4byte	0
 621 0025 00000000 		.4byte	.Ldebug_line0
 622 0029 02       		.uleb128 0x2
 623 002a 01       		.byte	0x1
 624 002b 06       		.byte	0x6
 625 002c 43020000 		.4byte	.LASF0
 626 0030 02       		.uleb128 0x2
 627 0031 01       		.byte	0x1
 628 0032 08       		.byte	0x8
 629 0033 C5000000 		.4byte	.LASF1
 630 0037 02       		.uleb128 0x2
 631 0038 02       		.byte	0x2
 632 0039 05       		.byte	0x5
 633 003a A0010000 		.4byte	.LASF2
ARM GAS  C:\Users\shbh\AppData\Local\Temp\ccuaHhwb.s 			page 18


 634 003e 02       		.uleb128 0x2
 635 003f 02       		.byte	0x2
 636 0040 07       		.byte	0x7
 637 0041 49000000 		.4byte	.LASF3
 638 0045 03       		.uleb128 0x3
 639 0046 04       		.byte	0x4
 640 0047 05       		.byte	0x5
 641 0048 696E7400 		.ascii	"int\000"
 642 004c 02       		.uleb128 0x2
 643 004d 04       		.byte	0x4
 644 004e 07       		.byte	0x7
 645 004f 48010000 		.4byte	.LASF4
 646 0053 02       		.uleb128 0x2
 647 0054 08       		.byte	0x8
 648 0055 05       		.byte	0x5
 649 0056 8A010000 		.4byte	.LASF5
 650 005a 02       		.uleb128 0x2
 651 005b 08       		.byte	0x8
 652 005c 07       		.byte	0x7
 653 005d 5D010000 		.4byte	.LASF6
 654 0061 02       		.uleb128 0x2
 655 0062 04       		.byte	0x4
 656 0063 05       		.byte	0x5
 657 0064 23020000 		.4byte	.LASF7
 658 0068 02       		.uleb128 0x2
 659 0069 04       		.byte	0x4
 660 006a 07       		.byte	0x7
 661 006b 81010000 		.4byte	.LASF8
 662 006f 04       		.uleb128 0x4
 663 0070 04       		.byte	0x4
 664 0071 02       		.uleb128 0x2
 665 0072 04       		.byte	0x4
 666 0073 07       		.byte	0x7
 667 0074 8D000000 		.4byte	.LASF9
 668 0078 02       		.uleb128 0x2
 669 0079 01       		.byte	0x1
 670 007a 08       		.byte	0x8
 671 007b 2C020000 		.4byte	.LASF10
 672 007f 05       		.uleb128 0x5
 673 0080 06000000 		.4byte	.LASF11
 674 0084 02       		.byte	0x2
 675 0085 D5       		.byte	0xd5
 676 0086 4C000000 		.4byte	0x4c
 677 008a 05       		.uleb128 0x5
 678 008b 9F000000 		.4byte	.LASF12
 679 008f 03       		.byte	0x3
 680 0090 5B       		.byte	0x5b
 681 0091 30000000 		.4byte	0x30
 682 0095 05       		.uleb128 0x5
 683 0096 30010000 		.4byte	.LASF13
 684 009a 03       		.byte	0x3
 685 009b 5C       		.byte	0x5c
 686 009c 3E000000 		.4byte	0x3e
 687 00a0 05       		.uleb128 0x5
 688 00a1 41010000 		.4byte	.LASF14
 689 00a5 03       		.byte	0x3
 690 00a6 5D       		.byte	0x5d
ARM GAS  C:\Users\shbh\AppData\Local\Temp\ccuaHhwb.s 			page 19


 691 00a7 71000000 		.4byte	0x71
 692 00ab 02       		.uleb128 0x2
 693 00ac 04       		.byte	0x4
 694 00ad 04       		.byte	0x4
 695 00ae 64000000 		.4byte	.LASF15
 696 00b2 02       		.uleb128 0x2
 697 00b3 08       		.byte	0x8
 698 00b4 04       		.byte	0x4
 699 00b5 D3000000 		.4byte	.LASF16
 700 00b9 05       		.uleb128 0x5
 701 00ba 88000000 		.4byte	.LASF17
 702 00be 03       		.byte	0x3
 703 00bf F0       		.byte	0xf0
 704 00c0 C4000000 		.4byte	0xc4
 705 00c4 06       		.uleb128 0x6
 706 00c5 8A000000 		.4byte	0x8a
 707 00c9 05       		.uleb128 0x5
 708 00ca 00000000 		.4byte	.LASF18
 709 00ce 03       		.byte	0x3
 710 00cf F1       		.byte	0xf1
 711 00d0 D4000000 		.4byte	0xd4
 712 00d4 06       		.uleb128 0x6
 713 00d5 95000000 		.4byte	0x95
 714 00d9 07       		.uleb128 0x7
 715 00da A5000000 		.4byte	.LASF19
 716 00de 01       		.byte	0x1
 717 00df 3B       		.byte	0x3b
 718 00e0 01       		.byte	0x1
 719 00e1 00000000 		.4byte	.LFB0
 720 00e5 1E000000 		.4byte	.LFE0
 721 00e9 00000000 		.4byte	.LLST0
 722 00ed 01       		.byte	0x1
 723 00ee 0B010000 		.4byte	0x10b
 724 00f2 08       		.uleb128 0x8
 725 00f3 7300     		.ascii	"s\000"
 726 00f5 01       		.byte	0x1
 727 00f6 3B       		.byte	0x3b
 728 00f7 6F000000 		.4byte	0x6f
 729 00fb 02       		.byte	0x2
 730 00fc 91       		.byte	0x91
 731 00fd 74       		.sleb128 -12
 732 00fe 08       		.uleb128 0x8
 733 00ff 6E00     		.ascii	"n\000"
 734 0101 01       		.byte	0x1
 735 0102 3B       		.byte	0x3b
 736 0103 7F000000 		.4byte	0x7f
 737 0107 02       		.byte	0x2
 738 0108 91       		.byte	0x91
 739 0109 70       		.sleb128 -16
 740 010a 00       		.byte	0
 741 010b 07       		.uleb128 0x7
 742 010c 58020000 		.4byte	.LASF20
 743 0110 01       		.byte	0x1
 744 0111 42       		.byte	0x42
 745 0112 01       		.byte	0x1
 746 0113 00000000 		.4byte	.LFB1
 747 0117 1E000000 		.4byte	.LFE1
ARM GAS  C:\Users\shbh\AppData\Local\Temp\ccuaHhwb.s 			page 20


 748 011b 38000000 		.4byte	.LLST1
 749 011f 01       		.byte	0x1
 750 0120 4D010000 		.4byte	0x14d
 751 0124 09       		.uleb128 0x9
 752 0125 7E000000 		.4byte	.LASF21
 753 0129 01       		.byte	0x1
 754 012a 42       		.byte	0x42
 755 012b 6F000000 		.4byte	0x6f
 756 012f 02       		.byte	0x2
 757 0130 91       		.byte	0x91
 758 0131 74       		.sleb128 -12
 759 0132 08       		.uleb128 0x8
 760 0133 73726300 		.ascii	"src\000"
 761 0137 01       		.byte	0x1
 762 0138 42       		.byte	0x42
 763 0139 4D010000 		.4byte	0x14d
 764 013d 02       		.byte	0x2
 765 013e 91       		.byte	0x91
 766 013f 70       		.sleb128 -16
 767 0140 08       		.uleb128 0x8
 768 0141 6E00     		.ascii	"n\000"
 769 0143 01       		.byte	0x1
 770 0144 42       		.byte	0x42
 771 0145 7F000000 		.4byte	0x7f
 772 0149 02       		.byte	0x2
 773 014a 91       		.byte	0x91
 774 014b 6C       		.sleb128 -20
 775 014c 00       		.byte	0
 776 014d 0A       		.uleb128 0xa
 777 014e 04       		.byte	0x4
 778 014f 53010000 		.4byte	0x153
 779 0153 0B       		.uleb128 0xb
 780 0154 07       		.uleb128 0x7
 781 0155 2E000000 		.4byte	.LASF22
 782 0159 01       		.byte	0x1
 783 015a 49       		.byte	0x49
 784 015b 01       		.byte	0x1
 785 015c 00000000 		.4byte	.LFB2
 786 0160 1E000000 		.4byte	.LFE2
 787 0164 70000000 		.4byte	.LLST2
 788 0168 01       		.byte	0x1
 789 0169 96010000 		.4byte	0x196
 790 016d 09       		.uleb128 0x9
 791 016e 7E000000 		.4byte	.LASF21
 792 0172 01       		.byte	0x1
 793 0173 49       		.byte	0x49
 794 0174 6F000000 		.4byte	0x6f
 795 0178 02       		.byte	0x2
 796 0179 91       		.byte	0x91
 797 017a 74       		.sleb128 -12
 798 017b 08       		.uleb128 0x8
 799 017c 73726300 		.ascii	"src\000"
 800 0180 01       		.byte	0x1
 801 0181 49       		.byte	0x49
 802 0182 4D010000 		.4byte	0x14d
 803 0186 02       		.byte	0x2
 804 0187 91       		.byte	0x91
ARM GAS  C:\Users\shbh\AppData\Local\Temp\ccuaHhwb.s 			page 21


 805 0188 70       		.sleb128 -16
 806 0189 08       		.uleb128 0x8
 807 018a 6E00     		.ascii	"n\000"
 808 018c 01       		.byte	0x1
 809 018d 49       		.byte	0x49
 810 018e 7F000000 		.4byte	0x7f
 811 0192 02       		.byte	0x2
 812 0193 91       		.byte	0x91
 813 0194 6C       		.sleb128 -20
 814 0195 00       		.byte	0
 815 0196 0C       		.uleb128 0xc
 816 0197 6A000000 		.4byte	.LASF23
 817 019b 01       		.byte	0x1
 818 019c 69       		.byte	0x69
 819 019d 01       		.byte	0x1
 820 019e 00000000 		.4byte	.LFB3
 821 01a2 0C000000 		.4byte	.LFE3
 822 01a6 A8000000 		.4byte	.LLST3
 823 01aa 01       		.byte	0x1
 824 01ab BE010000 		.4byte	0x1be
 825 01af 09       		.uleb128 0x9
 826 01b0 37010000 		.4byte	.LASF24
 827 01b4 01       		.byte	0x1
 828 01b5 69       		.byte	0x69
 829 01b6 8A000000 		.4byte	0x8a
 830 01ba 02       		.byte	0x2
 831 01bb 91       		.byte	0x91
 832 01bc 77       		.sleb128 -9
 833 01bd 00       		.byte	0
 834 01be 07       		.uleb128 0x7
 835 01bf 3E000000 		.4byte	.LASF25
 836 01c3 01       		.byte	0x1
 837 01c4 91       		.byte	0x91
 838 01c5 01       		.byte	0x1
 839 01c6 00000000 		.4byte	.LFB4
 840 01ca 16010000 		.4byte	.LFE4
 841 01ce E0000000 		.4byte	.LLST4
 842 01d2 01       		.byte	0x1
 843 01d3 F4010000 		.4byte	0x1f4
 844 01d7 0D       		.uleb128 0xd
 845 01d8 98010000 		.4byte	.LASF26
 846 01dc 01       		.byte	0x1
 847 01dd 93       		.byte	0x93
 848 01de A0000000 		.4byte	0xa0
 849 01e2 02       		.byte	0x2
 850 01e3 91       		.byte	0x91
 851 01e4 74       		.sleb128 -12
 852 01e5 0D       		.uleb128 0xd
 853 01e6 5C000000 		.4byte	.LASF27
 854 01ea 01       		.byte	0x1
 855 01eb 94       		.byte	0x94
 856 01ec 8A000000 		.4byte	0x8a
 857 01f0 02       		.byte	0x2
 858 01f1 91       		.byte	0x91
 859 01f2 73       		.sleb128 -13
 860 01f3 00       		.byte	0
 861 01f4 0C       		.uleb128 0xc
ARM GAS  C:\Users\shbh\AppData\Local\Temp\ccuaHhwb.s 			page 22


 862 01f5 0D000000 		.4byte	.LASF28
 863 01f9 01       		.byte	0x1
 864 01fa CC       		.byte	0xcc
 865 01fb 01       		.byte	0x1
 866 01fc 00000000 		.4byte	.LFB5
 867 0200 6A000000 		.4byte	.LFE5
 868 0204 18010000 		.4byte	.LLST5
 869 0208 01       		.byte	0x1
 870 0209 1C020000 		.4byte	0x21c
 871 020d 0D       		.uleb128 0xd
 872 020e 31020000 		.4byte	.LASF29
 873 0212 01       		.byte	0x1
 874 0213 CE       		.byte	0xce
 875 0214 8A000000 		.4byte	0x8a
 876 0218 02       		.byte	0x2
 877 0219 91       		.byte	0x91
 878 021a 77       		.sleb128 -9
 879 021b 00       		.byte	0
 880 021c 0E       		.uleb128 0xe
 881 021d 01       		.byte	0x1
 882 021e AF000000 		.4byte	.LASF39
 883 0222 01       		.byte	0x1
 884 0223 E8       		.byte	0xe8
 885 0224 01       		.byte	0x1
 886 0225 00000000 		.4byte	.LFB6
 887 0229 44000000 		.4byte	.LFE6
 888 022d 50010000 		.4byte	.LLST6
 889 0231 01       		.byte	0x1
 890 0232 53020000 		.4byte	0x253
 891 0236 09       		.uleb128 0x9
 892 0237 1B020000 		.4byte	.LASF30
 893 023b 01       		.byte	0x1
 894 023c E8       		.byte	0xe8
 895 023d 8A000000 		.4byte	0x8a
 896 0241 02       		.byte	0x2
 897 0242 91       		.byte	0x91
 898 0243 6F       		.sleb128 -17
 899 0244 0D       		.uleb128 0xd
 900 0245 4F020000 		.4byte	.LASF31
 901 0249 01       		.byte	0x1
 902 024a EA       		.byte	0xea
 903 024b 8A000000 		.4byte	0x8a
 904 024f 02       		.byte	0x2
 905 0250 91       		.byte	0x91
 906 0251 77       		.sleb128 -9
 907 0252 00       		.byte	0
 908 0253 0F       		.uleb128 0xf
 909 0254 01       		.byte	0x1
 910 0255 23010000 		.4byte	.LASF40
 911 0259 01       		.byte	0x1
 912 025a 0A01     		.2byte	0x10a
 913 025c 01       		.byte	0x1
 914 025d 00000000 		.4byte	.LFB7
 915 0261 58010000 		.4byte	.LFE7
 916 0265 88010000 		.4byte	.LLST7
 917 0269 01       		.byte	0x1
 918 026a 10       		.uleb128 0x10
ARM GAS  C:\Users\shbh\AppData\Local\Temp\ccuaHhwb.s 			page 23


 919 026b 24000000 		.4byte	.LBB2
 920 026f D6000000 		.4byte	.LBE2
 921 0273 11       		.uleb128 0x11
 922 0274 06       		.byte	0x6
 923 0275 01       		.byte	0x1
 924 0276 1601     		.2byte	0x116
 925 0278 9B020000 		.4byte	0x29b
 926 027c 12       		.uleb128 0x12
 927 027d 55010000 		.4byte	.LASF32
 928 0281 01       		.byte	0x1
 929 0282 1701     		.2byte	0x117
 930 0284 6F000000 		.4byte	0x6f
 931 0288 02       		.byte	0x2
 932 0289 23       		.byte	0x23
 933 028a 00       		.uleb128 0
 934 028b 12       		.uleb128 0x12
 935 028c 83000000 		.4byte	.LASF33
 936 0290 01       		.byte	0x1
 937 0291 1801     		.2byte	0x118
 938 0293 95000000 		.4byte	0x95
 939 0297 02       		.byte	0x2
 940 0298 23       		.byte	0x23
 941 0299 04       		.uleb128 0x4
 942 029a 00       		.byte	0
 943 029b 13       		.uleb128 0x13
 944 029c 74010000 		.4byte	.LASF34
 945 02a0 01       		.byte	0x1
 946 02a1 1901     		.2byte	0x119
 947 02a3 73020000 		.4byte	0x273
 948 02a7 14       		.uleb128 0x14
 949 02a8 9B020000 		.4byte	0x29b
 950 02ac B7020000 		.4byte	0x2b7
 951 02b0 15       		.uleb128 0x15
 952 02b1 68000000 		.4byte	0x68
 953 02b5 07       		.byte	0x7
 954 02b6 00       		.byte	0
 955 02b7 16       		.uleb128 0x16
 956 02b8 1E000000 		.4byte	.LASF35
 957 02bc 01       		.byte	0x1
 958 02bd 1B01     		.2byte	0x11b
 959 02bf C9020000 		.4byte	0x2c9
 960 02c3 05       		.byte	0x5
 961 02c4 03       		.byte	0x3
 962 02c5 00000000 		.4byte	cfg_memset_list.4787
 963 02c9 17       		.uleb128 0x17
 964 02ca A7020000 		.4byte	0x2a7
 965 02ce 18       		.uleb128 0x18
 966 02cf 6900     		.ascii	"i\000"
 967 02d1 01       		.byte	0x1
 968 02d2 2701     		.2byte	0x127
 969 02d4 8A000000 		.4byte	0x8a
 970 02d8 02       		.byte	0x2
 971 02d9 91       		.byte	0x91
 972 02da 77       		.sleb128 -9
 973 02db 10       		.uleb128 0x10
 974 02dc 2C000000 		.4byte	.LBB3
 975 02e0 58000000 		.4byte	.LBE3
ARM GAS  C:\Users\shbh\AppData\Local\Temp\ccuaHhwb.s 			page 24


 976 02e4 18       		.uleb128 0x18
 977 02e5 6D7300   		.ascii	"ms\000"
 978 02e8 01       		.byte	0x1
 979 02e9 2C01     		.2byte	0x12c
 980 02eb F2020000 		.4byte	0x2f2
 981 02ef 02       		.byte	0x2
 982 02f0 91       		.byte	0x91
 983 02f1 70       		.sleb128 -16
 984 02f2 0A       		.uleb128 0xa
 985 02f3 04       		.byte	0x4
 986 02f4 F8020000 		.4byte	0x2f8
 987 02f8 17       		.uleb128 0x17
 988 02f9 9B020000 		.4byte	0x29b
 989 02fd 00       		.byte	0
 990 02fe 00       		.byte	0
 991 02ff 00       		.byte	0
 992 0300 00       		.byte	0
 993              		.section	.debug_abbrev,"",%progbits
 994              	.Ldebug_abbrev0:
 995 0000 01       		.uleb128 0x1
 996 0001 11       		.uleb128 0x11
 997 0002 01       		.byte	0x1
 998 0003 25       		.uleb128 0x25
 999 0004 0E       		.uleb128 0xe
 1000 0005 13       		.uleb128 0x13
 1001 0006 0B       		.uleb128 0xb
 1002 0007 03       		.uleb128 0x3
 1003 0008 0E       		.uleb128 0xe
 1004 0009 1B       		.uleb128 0x1b
 1005 000a 0E       		.uleb128 0xe
 1006 000b 55       		.uleb128 0x55
 1007 000c 06       		.uleb128 0x6
 1008 000d 11       		.uleb128 0x11
 1009 000e 01       		.uleb128 0x1
 1010 000f 52       		.uleb128 0x52
 1011 0010 01       		.uleb128 0x1
 1012 0011 10       		.uleb128 0x10
 1013 0012 06       		.uleb128 0x6
 1014 0013 00       		.byte	0
 1015 0014 00       		.byte	0
 1016 0015 02       		.uleb128 0x2
 1017 0016 24       		.uleb128 0x24
 1018 0017 00       		.byte	0
 1019 0018 0B       		.uleb128 0xb
 1020 0019 0B       		.uleb128 0xb
 1021 001a 3E       		.uleb128 0x3e
 1022 001b 0B       		.uleb128 0xb
 1023 001c 03       		.uleb128 0x3
 1024 001d 0E       		.uleb128 0xe
 1025 001e 00       		.byte	0
 1026 001f 00       		.byte	0
 1027 0020 03       		.uleb128 0x3
 1028 0021 24       		.uleb128 0x24
 1029 0022 00       		.byte	0
 1030 0023 0B       		.uleb128 0xb
 1031 0024 0B       		.uleb128 0xb
 1032 0025 3E       		.uleb128 0x3e
ARM GAS  C:\Users\shbh\AppData\Local\Temp\ccuaHhwb.s 			page 25


 1033 0026 0B       		.uleb128 0xb
 1034 0027 03       		.uleb128 0x3
 1035 0028 08       		.uleb128 0x8
 1036 0029 00       		.byte	0
 1037 002a 00       		.byte	0
 1038 002b 04       		.uleb128 0x4
 1039 002c 0F       		.uleb128 0xf
 1040 002d 00       		.byte	0
 1041 002e 0B       		.uleb128 0xb
 1042 002f 0B       		.uleb128 0xb
 1043 0030 00       		.byte	0
 1044 0031 00       		.byte	0
 1045 0032 05       		.uleb128 0x5
 1046 0033 16       		.uleb128 0x16
 1047 0034 00       		.byte	0
 1048 0035 03       		.uleb128 0x3
 1049 0036 0E       		.uleb128 0xe
 1050 0037 3A       		.uleb128 0x3a
 1051 0038 0B       		.uleb128 0xb
 1052 0039 3B       		.uleb128 0x3b
 1053 003a 0B       		.uleb128 0xb
 1054 003b 49       		.uleb128 0x49
 1055 003c 13       		.uleb128 0x13
 1056 003d 00       		.byte	0
 1057 003e 00       		.byte	0
 1058 003f 06       		.uleb128 0x6
 1059 0040 35       		.uleb128 0x35
 1060 0041 00       		.byte	0
 1061 0042 49       		.uleb128 0x49
 1062 0043 13       		.uleb128 0x13
 1063 0044 00       		.byte	0
 1064 0045 00       		.byte	0
 1065 0046 07       		.uleb128 0x7
 1066 0047 2E       		.uleb128 0x2e
 1067 0048 01       		.byte	0x1
 1068 0049 03       		.uleb128 0x3
 1069 004a 0E       		.uleb128 0xe
 1070 004b 3A       		.uleb128 0x3a
 1071 004c 0B       		.uleb128 0xb
 1072 004d 3B       		.uleb128 0x3b
 1073 004e 0B       		.uleb128 0xb
 1074 004f 27       		.uleb128 0x27
 1075 0050 0C       		.uleb128 0xc
 1076 0051 11       		.uleb128 0x11
 1077 0052 01       		.uleb128 0x1
 1078 0053 12       		.uleb128 0x12
 1079 0054 01       		.uleb128 0x1
 1080 0055 40       		.uleb128 0x40
 1081 0056 06       		.uleb128 0x6
 1082 0057 9642     		.uleb128 0x2116
 1083 0059 0C       		.uleb128 0xc
 1084 005a 01       		.uleb128 0x1
 1085 005b 13       		.uleb128 0x13
 1086 005c 00       		.byte	0
 1087 005d 00       		.byte	0
 1088 005e 08       		.uleb128 0x8
 1089 005f 05       		.uleb128 0x5
ARM GAS  C:\Users\shbh\AppData\Local\Temp\ccuaHhwb.s 			page 26


 1090 0060 00       		.byte	0
 1091 0061 03       		.uleb128 0x3
 1092 0062 08       		.uleb128 0x8
 1093 0063 3A       		.uleb128 0x3a
 1094 0064 0B       		.uleb128 0xb
 1095 0065 3B       		.uleb128 0x3b
 1096 0066 0B       		.uleb128 0xb
 1097 0067 49       		.uleb128 0x49
 1098 0068 13       		.uleb128 0x13
 1099 0069 02       		.uleb128 0x2
 1100 006a 0A       		.uleb128 0xa
 1101 006b 00       		.byte	0
 1102 006c 00       		.byte	0
 1103 006d 09       		.uleb128 0x9
 1104 006e 05       		.uleb128 0x5
 1105 006f 00       		.byte	0
 1106 0070 03       		.uleb128 0x3
 1107 0071 0E       		.uleb128 0xe
 1108 0072 3A       		.uleb128 0x3a
 1109 0073 0B       		.uleb128 0xb
 1110 0074 3B       		.uleb128 0x3b
 1111 0075 0B       		.uleb128 0xb
 1112 0076 49       		.uleb128 0x49
 1113 0077 13       		.uleb128 0x13
 1114 0078 02       		.uleb128 0x2
 1115 0079 0A       		.uleb128 0xa
 1116 007a 00       		.byte	0
 1117 007b 00       		.byte	0
 1118 007c 0A       		.uleb128 0xa
 1119 007d 0F       		.uleb128 0xf
 1120 007e 00       		.byte	0
 1121 007f 0B       		.uleb128 0xb
 1122 0080 0B       		.uleb128 0xb
 1123 0081 49       		.uleb128 0x49
 1124 0082 13       		.uleb128 0x13
 1125 0083 00       		.byte	0
 1126 0084 00       		.byte	0
 1127 0085 0B       		.uleb128 0xb
 1128 0086 26       		.uleb128 0x26
 1129 0087 00       		.byte	0
 1130 0088 00       		.byte	0
 1131 0089 00       		.byte	0
 1132 008a 0C       		.uleb128 0xc
 1133 008b 2E       		.uleb128 0x2e
 1134 008c 01       		.byte	0x1
 1135 008d 03       		.uleb128 0x3
 1136 008e 0E       		.uleb128 0xe
 1137 008f 3A       		.uleb128 0x3a
 1138 0090 0B       		.uleb128 0xb
 1139 0091 3B       		.uleb128 0x3b
 1140 0092 0B       		.uleb128 0xb
 1141 0093 27       		.uleb128 0x27
 1142 0094 0C       		.uleb128 0xc
 1143 0095 11       		.uleb128 0x11
 1144 0096 01       		.uleb128 0x1
 1145 0097 12       		.uleb128 0x12
 1146 0098 01       		.uleb128 0x1
ARM GAS  C:\Users\shbh\AppData\Local\Temp\ccuaHhwb.s 			page 27


 1147 0099 40       		.uleb128 0x40
 1148 009a 06       		.uleb128 0x6
 1149 009b 9742     		.uleb128 0x2117
 1150 009d 0C       		.uleb128 0xc
 1151 009e 01       		.uleb128 0x1
 1152 009f 13       		.uleb128 0x13
 1153 00a0 00       		.byte	0
 1154 00a1 00       		.byte	0
 1155 00a2 0D       		.uleb128 0xd
 1156 00a3 34       		.uleb128 0x34
 1157 00a4 00       		.byte	0
 1158 00a5 03       		.uleb128 0x3
 1159 00a6 0E       		.uleb128 0xe
 1160 00a7 3A       		.uleb128 0x3a
 1161 00a8 0B       		.uleb128 0xb
 1162 00a9 3B       		.uleb128 0x3b
 1163 00aa 0B       		.uleb128 0xb
 1164 00ab 49       		.uleb128 0x49
 1165 00ac 13       		.uleb128 0x13
 1166 00ad 02       		.uleb128 0x2
 1167 00ae 0A       		.uleb128 0xa
 1168 00af 00       		.byte	0
 1169 00b0 00       		.byte	0
 1170 00b1 0E       		.uleb128 0xe
 1171 00b2 2E       		.uleb128 0x2e
 1172 00b3 01       		.byte	0x1
 1173 00b4 3F       		.uleb128 0x3f
 1174 00b5 0C       		.uleb128 0xc
 1175 00b6 03       		.uleb128 0x3
 1176 00b7 0E       		.uleb128 0xe
 1177 00b8 3A       		.uleb128 0x3a
 1178 00b9 0B       		.uleb128 0xb
 1179 00ba 3B       		.uleb128 0x3b
 1180 00bb 0B       		.uleb128 0xb
 1181 00bc 27       		.uleb128 0x27
 1182 00bd 0C       		.uleb128 0xc
 1183 00be 11       		.uleb128 0x11
 1184 00bf 01       		.uleb128 0x1
 1185 00c0 12       		.uleb128 0x12
 1186 00c1 01       		.uleb128 0x1
 1187 00c2 40       		.uleb128 0x40
 1188 00c3 06       		.uleb128 0x6
 1189 00c4 9742     		.uleb128 0x2117
 1190 00c6 0C       		.uleb128 0xc
 1191 00c7 01       		.uleb128 0x1
 1192 00c8 13       		.uleb128 0x13
 1193 00c9 00       		.byte	0
 1194 00ca 00       		.byte	0
 1195 00cb 0F       		.uleb128 0xf
 1196 00cc 2E       		.uleb128 0x2e
 1197 00cd 01       		.byte	0x1
 1198 00ce 3F       		.uleb128 0x3f
 1199 00cf 0C       		.uleb128 0xc
 1200 00d0 03       		.uleb128 0x3
 1201 00d1 0E       		.uleb128 0xe
 1202 00d2 3A       		.uleb128 0x3a
 1203 00d3 0B       		.uleb128 0xb
ARM GAS  C:\Users\shbh\AppData\Local\Temp\ccuaHhwb.s 			page 28


 1204 00d4 3B       		.uleb128 0x3b
 1205 00d5 05       		.uleb128 0x5
 1206 00d6 27       		.uleb128 0x27
 1207 00d7 0C       		.uleb128 0xc
 1208 00d8 11       		.uleb128 0x11
 1209 00d9 01       		.uleb128 0x1
 1210 00da 12       		.uleb128 0x12
 1211 00db 01       		.uleb128 0x1
 1212 00dc 40       		.uleb128 0x40
 1213 00dd 06       		.uleb128 0x6
 1214 00de 9642     		.uleb128 0x2116
 1215 00e0 0C       		.uleb128 0xc
 1216 00e1 00       		.byte	0
 1217 00e2 00       		.byte	0
 1218 00e3 10       		.uleb128 0x10
 1219 00e4 0B       		.uleb128 0xb
 1220 00e5 01       		.byte	0x1
 1221 00e6 11       		.uleb128 0x11
 1222 00e7 01       		.uleb128 0x1
 1223 00e8 12       		.uleb128 0x12
 1224 00e9 01       		.uleb128 0x1
 1225 00ea 00       		.byte	0
 1226 00eb 00       		.byte	0
 1227 00ec 11       		.uleb128 0x11
 1228 00ed 13       		.uleb128 0x13
 1229 00ee 01       		.byte	0x1
 1230 00ef 0B       		.uleb128 0xb
 1231 00f0 0B       		.uleb128 0xb
 1232 00f1 3A       		.uleb128 0x3a
 1233 00f2 0B       		.uleb128 0xb
 1234 00f3 3B       		.uleb128 0x3b
 1235 00f4 05       		.uleb128 0x5
 1236 00f5 01       		.uleb128 0x1
 1237 00f6 13       		.uleb128 0x13
 1238 00f7 00       		.byte	0
 1239 00f8 00       		.byte	0
 1240 00f9 12       		.uleb128 0x12
 1241 00fa 0D       		.uleb128 0xd
 1242 00fb 00       		.byte	0
 1243 00fc 03       		.uleb128 0x3
 1244 00fd 0E       		.uleb128 0xe
 1245 00fe 3A       		.uleb128 0x3a
 1246 00ff 0B       		.uleb128 0xb
 1247 0100 3B       		.uleb128 0x3b
 1248 0101 05       		.uleb128 0x5
 1249 0102 49       		.uleb128 0x49
 1250 0103 13       		.uleb128 0x13
 1251 0104 38       		.uleb128 0x38
 1252 0105 0A       		.uleb128 0xa
 1253 0106 00       		.byte	0
 1254 0107 00       		.byte	0
 1255 0108 13       		.uleb128 0x13
 1256 0109 16       		.uleb128 0x16
 1257 010a 00       		.byte	0
 1258 010b 03       		.uleb128 0x3
 1259 010c 0E       		.uleb128 0xe
 1260 010d 3A       		.uleb128 0x3a
ARM GAS  C:\Users\shbh\AppData\Local\Temp\ccuaHhwb.s 			page 29


 1261 010e 0B       		.uleb128 0xb
 1262 010f 3B       		.uleb128 0x3b
 1263 0110 05       		.uleb128 0x5
 1264 0111 49       		.uleb128 0x49
 1265 0112 13       		.uleb128 0x13
 1266 0113 00       		.byte	0
 1267 0114 00       		.byte	0
 1268 0115 14       		.uleb128 0x14
 1269 0116 01       		.uleb128 0x1
 1270 0117 01       		.byte	0x1
 1271 0118 49       		.uleb128 0x49
 1272 0119 13       		.uleb128 0x13
 1273 011a 01       		.uleb128 0x1
 1274 011b 13       		.uleb128 0x13
 1275 011c 00       		.byte	0
 1276 011d 00       		.byte	0
 1277 011e 15       		.uleb128 0x15
 1278 011f 21       		.uleb128 0x21
 1279 0120 00       		.byte	0
 1280 0121 49       		.uleb128 0x49
 1281 0122 13       		.uleb128 0x13
 1282 0123 2F       		.uleb128 0x2f
 1283 0124 0B       		.uleb128 0xb
 1284 0125 00       		.byte	0
 1285 0126 00       		.byte	0
 1286 0127 16       		.uleb128 0x16
 1287 0128 34       		.uleb128 0x34
 1288 0129 00       		.byte	0
 1289 012a 03       		.uleb128 0x3
 1290 012b 0E       		.uleb128 0xe
 1291 012c 3A       		.uleb128 0x3a
 1292 012d 0B       		.uleb128 0xb
 1293 012e 3B       		.uleb128 0x3b
 1294 012f 05       		.uleb128 0x5
 1295 0130 49       		.uleb128 0x49
 1296 0131 13       		.uleb128 0x13
 1297 0132 02       		.uleb128 0x2
 1298 0133 0A       		.uleb128 0xa
 1299 0134 00       		.byte	0
 1300 0135 00       		.byte	0
 1301 0136 17       		.uleb128 0x17
 1302 0137 26       		.uleb128 0x26
 1303 0138 00       		.byte	0
 1304 0139 49       		.uleb128 0x49
 1305 013a 13       		.uleb128 0x13
 1306 013b 00       		.byte	0
 1307 013c 00       		.byte	0
 1308 013d 18       		.uleb128 0x18
 1309 013e 34       		.uleb128 0x34
 1310 013f 00       		.byte	0
 1311 0140 03       		.uleb128 0x3
 1312 0141 08       		.uleb128 0x8
 1313 0142 3A       		.uleb128 0x3a
 1314 0143 0B       		.uleb128 0xb
 1315 0144 3B       		.uleb128 0x3b
 1316 0145 05       		.uleb128 0x5
 1317 0146 49       		.uleb128 0x49
ARM GAS  C:\Users\shbh\AppData\Local\Temp\ccuaHhwb.s 			page 30


 1318 0147 13       		.uleb128 0x13
 1319 0148 02       		.uleb128 0x2
 1320 0149 0A       		.uleb128 0xa
 1321 014a 00       		.byte	0
 1322 014b 00       		.byte	0
 1323 014c 00       		.byte	0
 1324              		.section	.debug_loc,"",%progbits
 1325              	.Ldebug_loc0:
 1326              	.LLST0:
 1327 0000 00000000 		.4byte	.LFB0
 1328 0004 02000000 		.4byte	.LCFI0
 1329 0008 0200     		.2byte	0x2
 1330 000a 7D       		.byte	0x7d
 1331 000b 00       		.sleb128 0
 1332 000c 02000000 		.4byte	.LCFI0
 1333 0010 04000000 		.4byte	.LCFI1
 1334 0014 0200     		.2byte	0x2
 1335 0016 7D       		.byte	0x7d
 1336 0017 08       		.sleb128 8
 1337 0018 04000000 		.4byte	.LCFI1
 1338 001c 06000000 		.4byte	.LCFI2
 1339 0020 0200     		.2byte	0x2
 1340 0022 7D       		.byte	0x7d
 1341 0023 10       		.sleb128 16
 1342 0024 06000000 		.4byte	.LCFI2
 1343 0028 1E000000 		.4byte	.LFE0
 1344 002c 0200     		.2byte	0x2
 1345 002e 77       		.byte	0x77
 1346 002f 10       		.sleb128 16
 1347 0030 00000000 		.4byte	0
 1348 0034 00000000 		.4byte	0
 1349              	.LLST1:
 1350 0038 00000000 		.4byte	.LFB1
 1351 003c 02000000 		.4byte	.LCFI3
 1352 0040 0200     		.2byte	0x2
 1353 0042 7D       		.byte	0x7d
 1354 0043 00       		.sleb128 0
 1355 0044 02000000 		.4byte	.LCFI3
 1356 0048 04000000 		.4byte	.LCFI4
 1357 004c 0200     		.2byte	0x2
 1358 004e 7D       		.byte	0x7d
 1359 004f 08       		.sleb128 8
 1360 0050 04000000 		.4byte	.LCFI4
 1361 0054 06000000 		.4byte	.LCFI5
 1362 0058 0200     		.2byte	0x2
 1363 005a 7D       		.byte	0x7d
 1364 005b 18       		.sleb128 24
 1365 005c 06000000 		.4byte	.LCFI5
 1366 0060 1E000000 		.4byte	.LFE1
 1367 0064 0200     		.2byte	0x2
 1368 0066 77       		.byte	0x77
 1369 0067 18       		.sleb128 24
 1370 0068 00000000 		.4byte	0
 1371 006c 00000000 		.4byte	0
 1372              	.LLST2:
 1373 0070 00000000 		.4byte	.LFB2
 1374 0074 02000000 		.4byte	.LCFI6
ARM GAS  C:\Users\shbh\AppData\Local\Temp\ccuaHhwb.s 			page 31


 1375 0078 0200     		.2byte	0x2
 1376 007a 7D       		.byte	0x7d
 1377 007b 00       		.sleb128 0
 1378 007c 02000000 		.4byte	.LCFI6
 1379 0080 04000000 		.4byte	.LCFI7
 1380 0084 0200     		.2byte	0x2
 1381 0086 7D       		.byte	0x7d
 1382 0087 08       		.sleb128 8
 1383 0088 04000000 		.4byte	.LCFI7
 1384 008c 06000000 		.4byte	.LCFI8
 1385 0090 0200     		.2byte	0x2
 1386 0092 7D       		.byte	0x7d
 1387 0093 18       		.sleb128 24
 1388 0094 06000000 		.4byte	.LCFI8
 1389 0098 1E000000 		.4byte	.LFE2
 1390 009c 0200     		.2byte	0x2
 1391 009e 77       		.byte	0x77
 1392 009f 18       		.sleb128 24
 1393 00a0 00000000 		.4byte	0
 1394 00a4 00000000 		.4byte	0
 1395              	.LLST3:
 1396 00a8 00000000 		.4byte	.LFB3
 1397 00ac 02000000 		.4byte	.LCFI9
 1398 00b0 0200     		.2byte	0x2
 1399 00b2 7D       		.byte	0x7d
 1400 00b3 00       		.sleb128 0
 1401 00b4 02000000 		.4byte	.LCFI9
 1402 00b8 04000000 		.4byte	.LCFI10
 1403 00bc 0200     		.2byte	0x2
 1404 00be 7D       		.byte	0x7d
 1405 00bf 04       		.sleb128 4
 1406 00c0 04000000 		.4byte	.LCFI10
 1407 00c4 06000000 		.4byte	.LCFI11
 1408 00c8 0200     		.2byte	0x2
 1409 00ca 7D       		.byte	0x7d
 1410 00cb 10       		.sleb128 16
 1411 00cc 06000000 		.4byte	.LCFI11
 1412 00d0 0C000000 		.4byte	.LFE3
 1413 00d4 0200     		.2byte	0x2
 1414 00d6 77       		.byte	0x77
 1415 00d7 10       		.sleb128 16
 1416 00d8 00000000 		.4byte	0
 1417 00dc 00000000 		.4byte	0
 1418              	.LLST4:
 1419 00e0 00000000 		.4byte	.LFB4
 1420 00e4 02000000 		.4byte	.LCFI12
 1421 00e8 0200     		.2byte	0x2
 1422 00ea 7D       		.byte	0x7d
 1423 00eb 00       		.sleb128 0
 1424 00ec 02000000 		.4byte	.LCFI12
 1425 00f0 04000000 		.4byte	.LCFI13
 1426 00f4 0200     		.2byte	0x2
 1427 00f6 7D       		.byte	0x7d
 1428 00f7 08       		.sleb128 8
 1429 00f8 04000000 		.4byte	.LCFI13
 1430 00fc 06000000 		.4byte	.LCFI14
 1431 0100 0200     		.2byte	0x2
ARM GAS  C:\Users\shbh\AppData\Local\Temp\ccuaHhwb.s 			page 32


 1432 0102 7D       		.byte	0x7d
 1433 0103 10       		.sleb128 16
 1434 0104 06000000 		.4byte	.LCFI14
 1435 0108 16010000 		.4byte	.LFE4
 1436 010c 0200     		.2byte	0x2
 1437 010e 77       		.byte	0x77
 1438 010f 10       		.sleb128 16
 1439 0110 00000000 		.4byte	0
 1440 0114 00000000 		.4byte	0
 1441              	.LLST5:
 1442 0118 00000000 		.4byte	.LFB5
 1443 011c 02000000 		.4byte	.LCFI15
 1444 0120 0200     		.2byte	0x2
 1445 0122 7D       		.byte	0x7d
 1446 0123 00       		.sleb128 0
 1447 0124 02000000 		.4byte	.LCFI15
 1448 0128 04000000 		.4byte	.LCFI16
 1449 012c 0200     		.2byte	0x2
 1450 012e 7D       		.byte	0x7d
 1451 012f 04       		.sleb128 4
 1452 0130 04000000 		.4byte	.LCFI16
 1453 0134 06000000 		.4byte	.LCFI17
 1454 0138 0200     		.2byte	0x2
 1455 013a 7D       		.byte	0x7d
 1456 013b 10       		.sleb128 16
 1457 013c 06000000 		.4byte	.LCFI17
 1458 0140 6A000000 		.4byte	.LFE5
 1459 0144 0200     		.2byte	0x2
 1460 0146 77       		.byte	0x77
 1461 0147 10       		.sleb128 16
 1462 0148 00000000 		.4byte	0
 1463 014c 00000000 		.4byte	0
 1464              	.LLST6:
 1465 0150 00000000 		.4byte	.LFB6
 1466 0154 02000000 		.4byte	.LCFI18
 1467 0158 0200     		.2byte	0x2
 1468 015a 7D       		.byte	0x7d
 1469 015b 00       		.sleb128 0
 1470 015c 02000000 		.4byte	.LCFI18
 1471 0160 04000000 		.4byte	.LCFI19
 1472 0164 0200     		.2byte	0x2
 1473 0166 7D       		.byte	0x7d
 1474 0167 04       		.sleb128 4
 1475 0168 04000000 		.4byte	.LCFI19
 1476 016c 06000000 		.4byte	.LCFI20
 1477 0170 0200     		.2byte	0x2
 1478 0172 7D       		.byte	0x7d
 1479 0173 18       		.sleb128 24
 1480 0174 06000000 		.4byte	.LCFI20
 1481 0178 44000000 		.4byte	.LFE6
 1482 017c 0200     		.2byte	0x2
 1483 017e 77       		.byte	0x77
 1484 017f 18       		.sleb128 24
 1485 0180 00000000 		.4byte	0
 1486 0184 00000000 		.4byte	0
 1487              	.LLST7:
 1488 0188 00000000 		.4byte	.LFB7
ARM GAS  C:\Users\shbh\AppData\Local\Temp\ccuaHhwb.s 			page 33


 1489 018c 02000000 		.4byte	.LCFI21
 1490 0190 0200     		.2byte	0x2
 1491 0192 7D       		.byte	0x7d
 1492 0193 00       		.sleb128 0
 1493 0194 02000000 		.4byte	.LCFI21
 1494 0198 04000000 		.4byte	.LCFI22
 1495 019c 0200     		.2byte	0x2
 1496 019e 7D       		.byte	0x7d
 1497 019f 08       		.sleb128 8
 1498 01a0 04000000 		.4byte	.LCFI22
 1499 01a4 06000000 		.4byte	.LCFI23
 1500 01a8 0200     		.2byte	0x2
 1501 01aa 7D       		.byte	0x7d
 1502 01ab 10       		.sleb128 16
 1503 01ac 06000000 		.4byte	.LCFI23
 1504 01b0 58010000 		.4byte	.LFE7
 1505 01b4 0200     		.2byte	0x2
 1506 01b6 77       		.byte	0x77
 1507 01b7 10       		.sleb128 16
 1508 01b8 00000000 		.4byte	0
 1509 01bc 00000000 		.4byte	0
 1510              		.section	.debug_aranges,"",%progbits
 1511 0000 54000000 		.4byte	0x54
 1512 0004 0200     		.2byte	0x2
 1513 0006 00000000 		.4byte	.Ldebug_info0
 1514 000a 04       		.byte	0x4
 1515 000b 00       		.byte	0
 1516 000c 0000     		.2byte	0
 1517 000e 0000     		.2byte	0
 1518 0010 00000000 		.4byte	.LFB0
 1519 0014 1E000000 		.4byte	.LFE0-.LFB0
 1520 0018 00000000 		.4byte	.LFB1
 1521 001c 1E000000 		.4byte	.LFE1-.LFB1
 1522 0020 00000000 		.4byte	.LFB2
 1523 0024 1E000000 		.4byte	.LFE2-.LFB2
 1524 0028 00000000 		.4byte	.LFB3
 1525 002c 0C000000 		.4byte	.LFE3-.LFB3
 1526 0030 00000000 		.4byte	.LFB4
 1527 0034 16010000 		.4byte	.LFE4-.LFB4
 1528 0038 00000000 		.4byte	.LFB5
 1529 003c 6A000000 		.4byte	.LFE5-.LFB5
 1530 0040 00000000 		.4byte	.LFB6
 1531 0044 44000000 		.4byte	.LFE6-.LFB6
 1532 0048 00000000 		.4byte	.LFB7
 1533 004c 58010000 		.4byte	.LFE7-.LFB7
 1534 0050 00000000 		.4byte	0
 1535 0054 00000000 		.4byte	0
 1536              		.section	.debug_ranges,"",%progbits
 1537              	.Ldebug_ranges0:
 1538 0000 00000000 		.4byte	.LFB0
 1539 0004 1E000000 		.4byte	.LFE0
 1540 0008 00000000 		.4byte	.LFB1
 1541 000c 1E000000 		.4byte	.LFE1
 1542 0010 00000000 		.4byte	.LFB2
 1543 0014 1E000000 		.4byte	.LFE2
 1544 0018 00000000 		.4byte	.LFB3
 1545 001c 0C000000 		.4byte	.LFE3
ARM GAS  C:\Users\shbh\AppData\Local\Temp\ccuaHhwb.s 			page 34


 1546 0020 00000000 		.4byte	.LFB4
 1547 0024 16010000 		.4byte	.LFE4
 1548 0028 00000000 		.4byte	.LFB5
 1549 002c 6A000000 		.4byte	.LFE5
 1550 0030 00000000 		.4byte	.LFB6
 1551 0034 44000000 		.4byte	.LFE6
 1552 0038 00000000 		.4byte	.LFB7
 1553 003c 58010000 		.4byte	.LFE7
 1554 0040 00000000 		.4byte	0
 1555 0044 00000000 		.4byte	0
 1556              		.section	.debug_line,"",%progbits
 1557              	.Ldebug_line0:
 1558 0000 C6010000 		.section	.debug_str,"MS",%progbits,1
 1558      0200D700 
 1558      00000201 
 1558      FB0E0D00 
 1558      01010101 
 1559              	.LASF18:
 1560 0000 72656731 		.ascii	"reg16\000"
 1560      3600
 1561              	.LASF11:
 1562 0006 73697A65 		.ascii	"size_t\000"
 1562      5F7400
 1563              	.LASF28:
 1564 000d 416E616C 		.ascii	"AnalogSetDefault\000"
 1564      6F675365 
 1564      74446566 
 1564      61756C74 
 1564      00
 1565              	.LASF35:
 1566 001e 6366675F 		.ascii	"cfg_memset_list\000"
 1566      6D656D73 
 1566      65745F6C 
 1566      69737400 
 1567              	.LASF22:
 1568 002e 4359434F 		.ascii	"CYCONFIGCPYCODE\000"
 1568      4E464947 
 1568      43505943 
 1568      4F444500 
 1569              	.LASF25:
 1570 003e 436C6F63 		.ascii	"ClockSetup\000"
 1570      6B536574 
 1570      757000
 1571              	.LASF3:
 1572 0049 73686F72 		.ascii	"short unsigned int\000"
 1572      7420756E 
 1572      7369676E 
 1572      65642069 
 1572      6E7400
 1573              	.LASF27:
 1574 005c 706C6C4C 		.ascii	"pllLock\000"
 1574      6F636B00 
 1575              	.LASF15:
 1576 0064 666C6F61 		.ascii	"float\000"
 1576      7400
 1577              	.LASF23:
 1578 006a 4379436C 		.ascii	"CyClockStartupError\000"
ARM GAS  C:\Users\shbh\AppData\Local\Temp\ccuaHhwb.s 			page 35


 1578      6F636B53 
 1578      74617274 
 1578      75704572 
 1578      726F7200 
 1579              	.LASF21:
 1580 007e 64657374 		.ascii	"dest\000"
 1580      00
 1581              	.LASF33:
 1582 0083 73697A65 		.ascii	"size\000"
 1582      00
 1583              	.LASF17:
 1584 0088 72656738 		.ascii	"reg8\000"
 1584      00
 1585              	.LASF9:
 1586 008d 6C6F6E67 		.ascii	"long unsigned int\000"
 1586      20756E73 
 1586      69676E65 
 1586      6420696E 
 1586      7400
 1587              	.LASF12:
 1588 009f 75696E74 		.ascii	"uint8\000"
 1588      3800
 1589              	.LASF19:
 1590 00a5 43594D45 		.ascii	"CYMEMZERO\000"
 1590      4D5A4552 
 1590      4F00
 1591              	.LASF39:
 1592 00af 53657441 		.ascii	"SetAnalogRoutingPumps\000"
 1592      6E616C6F 
 1592      67526F75 
 1592      74696E67 
 1592      50756D70 
 1593              	.LASF1:
 1594 00c5 756E7369 		.ascii	"unsigned char\000"
 1594      676E6564 
 1594      20636861 
 1594      7200
 1595              	.LASF16:
 1596 00d3 646F7562 		.ascii	"double\000"
 1596      6C6500
 1597              	.LASF38:
 1598 00da 433A5C55 		.ascii	"C:\\Users\\shbh\\Documents\\PSoC Creator\\WaveGener"
 1598      73657273 
 1598      5C736862 
 1598      685C446F 
 1598      63756D65 
 1599 0108 61746F72 		.ascii	"ator1\\WaveGenerator1.cydsn\000"
 1599      315C5761 
 1599      76654765 
 1599      6E657261 
 1599      746F7231 
 1600              	.LASF40:
 1601 0123 63796669 		.ascii	"cyfitter_cfg\000"
 1601      74746572 
 1601      5F636667 
 1601      00
 1602              	.LASF13:
ARM GAS  C:\Users\shbh\AppData\Local\Temp\ccuaHhwb.s 			page 36


 1603 0130 75696E74 		.ascii	"uint16\000"
 1603      313600
 1604              	.LASF24:
 1605 0137 6572726F 		.ascii	"errorCode\000"
 1605      72436F64 
 1605      6500
 1606              	.LASF14:
 1607 0141 75696E74 		.ascii	"uint32\000"
 1607      333200
 1608              	.LASF4:
 1609 0148 756E7369 		.ascii	"unsigned int\000"
 1609      676E6564 
 1609      20696E74 
 1609      00
 1610              	.LASF32:
 1611 0155 61646472 		.ascii	"address\000"
 1611      65737300 
 1612              	.LASF6:
 1613 015d 6C6F6E67 		.ascii	"long long unsigned int\000"
 1613      206C6F6E 
 1613      6720756E 
 1613      7369676E 
 1613      65642069 
 1614              	.LASF34:
 1615 0174 6366675F 		.ascii	"cfg_memset_t\000"
 1615      6D656D73 
 1615      65745F74 
 1615      00
 1616              	.LASF8:
 1617 0181 73697A65 		.ascii	"sizetype\000"
 1617      74797065 
 1617      00
 1618              	.LASF5:
 1619 018a 6C6F6E67 		.ascii	"long long int\000"
 1619      206C6F6E 
 1619      6720696E 
 1619      7400
 1620              	.LASF26:
 1621 0198 74696D65 		.ascii	"timeout\000"
 1621      6F757400 
 1622              	.LASF2:
 1623 01a0 73686F72 		.ascii	"short int\000"
 1623      7420696E 
 1623      7400
 1624              	.LASF36:
 1625 01aa 474E5520 		.ascii	"GNU C 4.7.3 20130312 (release) [ARM/embedded-4_7-br"
 1625      4320342E 
 1625      372E3320 
 1625      32303133 
 1625      30333132 
 1626 01dd 616E6368 		.ascii	"anch revision 196615]\000"
 1626      20726576 
 1626      6973696F 
 1626      6E203139 
 1626      36363135 
 1627              	.LASF37:
 1628 01f3 2E5C4765 		.ascii	".\\Generated_Source\\PSoC5\\cyfitter_cfg.c\000"
ARM GAS  C:\Users\shbh\AppData\Local\Temp\ccuaHhwb.s 			page 37


 1628      6E657261 
 1628      7465645F 
 1628      536F7572 
 1628      63655C50 
 1629              	.LASF30:
 1630 021b 656E6162 		.ascii	"enabled\000"
 1630      6C656400 
 1631              	.LASF7:
 1632 0223 6C6F6E67 		.ascii	"long int\000"
 1632      20696E74 
 1632      00
 1633              	.LASF10:
 1634 022c 63686172 		.ascii	"char\000"
 1634      00
 1635              	.LASF29:
 1636 0231 62675F78 		.ascii	"bg_xover_inl_trim\000"
 1636      6F766572 
 1636      5F696E6C 
 1636      5F747269 
 1636      6D00
 1637              	.LASF0:
 1638 0243 7369676E 		.ascii	"signed char\000"
 1638      65642063 
 1638      68617200 
 1639              	.LASF31:
 1640 024f 72656756 		.ascii	"regValue\000"
 1640      616C7565 
 1640      00
 1641              	.LASF20:
 1642 0258 4359434F 		.ascii	"CYCONFIGCPY\000"
 1642      4E464947 
 1642      43505900 
 1643              		.ident	"GCC: (GNU Tools for ARM Embedded Processors) 4.7.3 20130312 (release) [ARM/embedded-4_7-br
